#
# There is insufficient memory for the Java Runtime Environment to continue.
# Native memory allocation (mmap) failed to map 65011712 bytes. Error detail: G1 virtual space
# Possible reasons:
#   The system is out of physical RAM or swap space
#   This process is running with CompressedOops enabled, and the Java Heap may be blocking the growth of the native heap
# Possible solutions:
#   Reduce memory load on the system
#   Increase physical memory or swap space
#   Check if swap backing store is full
#   Decrease Java heap size (-Xmx/-Xms)
#   Decrease number of Java threads
#   Decrease Java thread stack sizes (-Xss)
#   Set larger code cache with -XX:ReservedCodeCacheSize=
#   JVM is running with Unscaled Compressed Oops mode in which the Java heap is
#     placed in the first 4GB address space. The Java Heap base address is the
#     maximum limit for the native heap growth. Please use -XX:HeapBaseMinAddress
#     to set the Java Heap base and to place the Java Heap above 4GB virtual address.
# This output file may be truncated or incomplete.
#
#  Out of Memory Error (os_windows.cpp:3616), pid=4564, tid=9564
#
# JRE version:  (21.0.5+11) (build )
# Java VM: OpenJDK 64-Bit Server VM (21.0.5+11-LTS, mixed mode, sharing, tiered, compressed oops, compressed class ptrs, g1 gc, windows-amd64)
# No core dump will be written. Minidumps are not enabled by default on client versions of Windows
#

---------------  S U M M A R Y ------------

Command Line: -Dcom.sun.management.jmxremote -Dcom.sun.management.jmxremote.port=52954 -Dcom.sun.management.jmxremote.authenticate=false -Dcom.sun.management.jmxremote.ssl=false -Dspring.jmx.enabled=true -Djava.rmi.server.hostname=localhost -Dspring.application.admin.enabled=true -Dspring.boot.project.name=server_gad_palenque -XX:+ShowCodeDetailsInExceptionMessages com.gadpalenque.server_gad_palenque.ServerGadPalenqueApplication

Host: Intel(R) Celeron(R) N4120 CPU @ 1.10GHz, 4 cores, 3G,  Windows 11 , 64 bit Build 22621 (10.0.22621.4391)
Time: Thu Feb  6 10:11:17 2025 Hora est. Pacífico, Sudamérica elapsed time: 0.028022 seconds (0d 0h 0m 0s)

---------------  T H R E A D  ---------------

Current thread (0x0000029238ba64f0):  JavaThread "Unknown thread" [_thread_in_vm, id=9564, stack(0x000000abc5d00000,0x000000abc5e00000) (1024K)]

Stack: [0x000000abc5d00000,0x000000abc5e00000]
Native frames: (J=compiled Java code, j=interpreted, Vv=VM code, C=native code)
V  [jvm.dll+0x6cd4e9]
V  [jvm.dll+0x8a7941]
V  [jvm.dll+0x8a9e6e]
V  [jvm.dll+0x8aa543]
V  [jvm.dll+0x27f6d6]
V  [jvm.dll+0x6c9c25]
V  [jvm.dll+0x6be84a]
V  [jvm.dll+0x355c6a]
V  [jvm.dll+0x35d836]
V  [jvm.dll+0x3af40e]
V  [jvm.dll+0x3af6b8]
V  [jvm.dll+0x329dfc]
V  [jvm.dll+0x32a95b]
V  [jvm.dll+0x870ba9]
V  [jvm.dll+0x3bc1e1]
V  [jvm.dll+0x859cd3]
V  [jvm.dll+0x4504ee]
V  [jvm.dll+0x452131]
C  [jli.dll+0x5278]
C  [ucrtbase.dll+0x29333]
C  [KERNEL32.DLL+0x1259d]
C  [ntdll.dll+0x5af38]


---------------  P R O C E S S  ---------------

Threads class SMR info:
_java_thread_list=0x00007ffb735790c8, length=0, elements={
}

Java Threads: ( => current thread )
Total: 0

Other Threads:
  0x0000029238d92830 WorkerThread "GC Thread#0"                     [id=8940, stack(0x000000abc5e00000,0x000000abc5f00000) (1024K)]
  0x0000029238d9b090 ConcurrentGCThread "G1 Main Marker"            [id=19652, stack(0x000000abc5f00000,0x000000abc6000000) (1024K)]
  0x0000029238d9b9a0 WorkerThread "G1 Conc#0"                       [id=6056, stack(0x000000abc6000000,0x000000abc6100000) (1024K)]

[error occurred during error reporting (printing all threads), id 0xc0000005, EXCEPTION_ACCESS_VIOLATION (0xc0000005) at pc=0x00007ffb72c7c727]
VM state: not at safepoint (not fully initialized)

VM Mutex/Monitor currently owned by a thread:  ([mutex/lock_event])
[0x00007ffb735ed480] Heap_lock - owner thread: 0x0000029238ba64f0

Heap address: 0x00000000c3a00000, size: 966 MB, Compressed Oops mode: 32-bit

CDS archive(s) mapped at: [0x0000000000000000-0x0000000000000000-0x0000000000000000), size 0, SharedBaseAddress: 0x0000000800000000, ArchiveRelocationMode: 1.
Narrow klass base: 0x0000000000000000, Narrow klass shift: 0, Narrow klass range: 0x0

GC Precious Log:
 CardTable entry size: 512
 Card Set container configuration: InlinePtr #cards 5 size 8 Array Of Cards #cards 12 size 40 Howl #buckets 4 coarsen threshold 1843 Howl Bitmap #cards 512 size 80 coarsen threshold 460 Card regions per heap region 1 cards per card region 2048

Heap:
 garbage-first heap   total 0K, used 0K [0x00000000c3a00000, 0x0000000100000000)
  region size 1024K, 0 young (0K), 0 survivors (0K)

[error occurred during error reporting (printing heap information), id 0xc0000005, EXCEPTION_ACCESS_VIOLATION (0xc0000005) at pc=0x00007ffb73066f49]
GC Heap History (0 events):
No events

Dll operation events (1 events):
Event: 0.014 Loaded shared library C:\Users\Jared Arias\.vscode\extensions\redhat.java-1.39.0-win32-x64\jre\21.0.5-win32-x86_64\bin\java.dll

Deoptimization events (0 events):
No events

Classes loaded (0 events):
No events

Classes unloaded (0 events):
No events

Classes redefined (0 events):
No events

Internal exceptions (0 events):
No events

ZGC Phase Switch (0 events):
No events

VM Operations (0 events):
No events

Memory protections (0 events):
No events

Nmethod flushes (0 events):
No events

Events (0 events):
No events


Dynamic libraries:
0x00007ff788960000 - 0x00007ff78896e000 	C:\Users\Jared Arias\.vscode\extensions\redhat.java-1.39.0-win32-x64\jre\21.0.5-win32-x86_64\bin\java.exe
0x00007ffbf5b30000 - 0x00007ffbf5d47000 	C:\WINDOWS\SYSTEM32\ntdll.dll
0x00007ffbf44e0000 - 0x00007ffbf45a4000 	C:\WINDOWS\System32\KERNEL32.DLL
0x00007ffbf3130000 - 0x00007ffbf34ea000 	C:\WINDOWS\System32\KERNELBASE.dll
0x00007ffbf34f0000 - 0x00007ffbf3601000 	C:\WINDOWS\System32\ucrtbase.dll
0x00007ffbecb40000 - 0x00007ffbecb58000 	C:\Users\Jared Arias\.vscode\extensions\redhat.java-1.39.0-win32-x64\jre\21.0.5-win32-x86_64\bin\jli.dll
0x00007ffbecb20000 - 0x00007ffbecb3e000 	C:\Users\Jared Arias\.vscode\extensions\redhat.java-1.39.0-win32-x64\jre\21.0.5-win32-x86_64\bin\VCRUNTIME140.dll
0x00007ffbf5220000 - 0x00007ffbf53ce000 	C:\WINDOWS\System32\USER32.dll
0x00007ffbf3750000 - 0x00007ffbf3776000 	C:\WINDOWS\System32\win32u.dll
0x00007ffbf3ee0000 - 0x00007ffbf3f09000 	C:\WINDOWS\System32\GDI32.dll
0x00007ffbf2df0000 - 0x00007ffbf2f0b000 	C:\WINDOWS\System32\gdi32full.dll
0x00007ffbde570000 - 0x00007ffbde802000 	C:\WINDOWS\WinSxS\amd64_microsoft.windows.common-controls_6595b64144ccf1df_6.0.22621.4541_none_2710d1c57384c085\COMCTL32.dll
0x00007ffbf3780000 - 0x00007ffbf381a000 	C:\WINDOWS\System32\msvcp_win.dll
0x00007ffbf5170000 - 0x00007ffbf5217000 	C:\WINDOWS\System32\msvcrt.dll
0x00007ffbf3bd0000 - 0x00007ffbf3c01000 	C:\WINDOWS\System32\IMM32.DLL
0x00007ffbef4e0000 - 0x00007ffbef4ec000 	C:\Users\Jared Arias\.vscode\extensions\redhat.java-1.39.0-win32-x64\jre\21.0.5-win32-x86_64\bin\vcruntime140_1.dll
0x00007ffb864b0000 - 0x00007ffb8653d000 	C:\Users\Jared Arias\.vscode\extensions\redhat.java-1.39.0-win32-x64\jre\21.0.5-win32-x86_64\bin\msvcp140.dll
0x00007ffb72940000 - 0x00007ffb736cf000 	C:\Users\Jared Arias\.vscode\extensions\redhat.java-1.39.0-win32-x64\jre\21.0.5-win32-x86_64\bin\server\jvm.dll
0x00007ffbf3ae0000 - 0x00007ffbf3b92000 	C:\WINDOWS\System32\ADVAPI32.dll
0x00007ffbf3a30000 - 0x00007ffbf3ad7000 	C:\WINDOWS\System32\sechost.dll
0x00007ffbf3080000 - 0x00007ffbf30a8000 	C:\WINDOWS\System32\bcrypt.dll
0x00007ffbf5050000 - 0x00007ffbf5164000 	C:\WINDOWS\System32\RPCRT4.dll
0x00007ffbf5a70000 - 0x00007ffbf5ae1000 	C:\WINDOWS\System32\WS2_32.dll
0x00007ffbf2cc0000 - 0x00007ffbf2d0d000 	C:\WINDOWS\SYSTEM32\POWRPROF.dll
0x00007ffbeec50000 - 0x00007ffbeec84000 	C:\WINDOWS\SYSTEM32\WINMM.dll
0x00007ffbeea50000 - 0x00007ffbeea5a000 	C:\WINDOWS\SYSTEM32\VERSION.dll
0x00007ffbf2ca0000 - 0x00007ffbf2cb3000 	C:\WINDOWS\SYSTEM32\UMPDC.dll
0x00007ffbf1e30000 - 0x00007ffbf1e48000 	C:\WINDOWS\SYSTEM32\kernel.appcore.dll
0x00007ffb86620000 - 0x00007ffb8662a000 	C:\Users\Jared Arias\.vscode\extensions\redhat.java-1.39.0-win32-x64\jre\21.0.5-win32-x86_64\bin\jimage.dll
0x00007ffbf06a0000 - 0x00007ffbf08d2000 	C:\WINDOWS\SYSTEM32\DBGHELP.DLL
0x00007ffbf3fc0000 - 0x00007ffbf4351000 	C:\WINDOWS\System32\combase.dll
0x00007ffbf4620000 - 0x00007ffbf46f7000 	C:\WINDOWS\System32\OLEAUT32.dll
0x00007ffbd1790000 - 0x00007ffbd17c2000 	C:\WINDOWS\SYSTEM32\dbgcore.DLL
0x00007ffbf30b0000 - 0x00007ffbf312b000 	C:\WINDOWS\System32\bcryptPrimitives.dll
0x00007ffb86480000 - 0x00007ffb8649f000 	C:\Users\Jared Arias\.vscode\extensions\redhat.java-1.39.0-win32-x64\jre\21.0.5-win32-x86_64\bin\java.dll

dbghelp: loaded successfully - version: 4.0.5 - missing functions: none
symbol engine: initialized successfully - sym options: 0x614 - pdb path: .;C:\Users\Jared Arias\.vscode\extensions\redhat.java-1.39.0-win32-x64\jre\21.0.5-win32-x86_64\bin;C:\WINDOWS\SYSTEM32;C:\WINDOWS\WinSxS\amd64_microsoft.windows.common-controls_6595b64144ccf1df_6.0.22621.4541_none_2710d1c57384c085;C:\Users\Jared Arias\.vscode\extensions\redhat.java-1.39.0-win32-x64\jre\21.0.5-win32-x86_64\bin\server

VM Arguments:
jvm_args: -Dcom.sun.management.jmxremote -Dcom.sun.management.jmxremote.port=52954 -Dcom.sun.management.jmxremote.authenticate=false -Dcom.sun.management.jmxremote.ssl=false -Dspring.jmx.enabled=true -Djava.rmi.server.hostname=localhost -Dspring.application.admin.enabled=true -Dspring.boot.project.name=server_gad_palenque -XX:+ShowCodeDetailsInExceptionMessages 
java_command: com.gadpalenque.server_gad_palenque.ServerGadPalenqueApplication
java_class_path (initial): C:\Users\Jared Arias\Desktop\emilyApp\backend-spring\server_gad_palenque\target\classes;C:\Users\Jared Arias\.m2\repository\org\springframework\cloud\spring-cloud-starter-netflix-eureka-server\4.2.0\spring-cloud-starter-netflix-eureka-server-4.2.0.jar;C:\Users\Jared Arias\.m2\repository\org\springframework\cloud\spring-cloud-starter\4.2.0\spring-cloud-starter-4.2.0.jar;C:\Users\Jared Arias\.m2\repository\org\springframework\cloud\spring-cloud-context\4.2.0\spring-cloud-context-4.2.0.jar;C:\Users\Jared Arias\.m2\repository\org\springframework\security\spring-security-crypto\6.4.2\spring-security-crypto-6.4.2.jar;C:\Users\Jared Arias\.m2\repository\org\springframework\cloud\spring-cloud-commons\4.2.0\spring-cloud-commons-4.2.0.jar;C:\Users\Jared Arias\.m2\repository\org\bouncycastle\bcprov-jdk18on\1.78.1\bcprov-jdk18on-1.78.1.jar;C:\Users\Jared Arias\.m2\repository\org\springframework\cloud\spring-cloud-netflix-eureka-server\4.2.0\spring-cloud-netflix-eureka-server-4.2.0.jar;C:\Users\Jared Arias\.m2\repository\org\springframework\boot\spring-boot-starter-web\3.4.2\spring-boot-starter-web-3.4.2.jar;C:\Users\Jared Arias\.m2\repository\org\springframework\boot\spring-boot-starter-json\3.4.2\spring-boot-starter-json-3.4.2.jar;C:\Users\Jared Arias\.m2\repository\com\fasterxml\jackson\datatype\jackson-datatype-jdk8\2.18.2\jackson-datatype-jdk8-2.18.2.jar;C:\Users\Jared Arias\.m2\repository\com\fasterxml\jackson\datatype\jackson-datatype-jsr310\2.18.2\jackson-datatype-jsr310-2.18.2.jar;C:\Users\Jared Arias\.m2\repository\com\fasterxml\jackson\module\jackson-module-parameter-names\2.18.2\jackson-module-parameter-names-2.18.2.jar;C:\Users\Jared Arias\.m2\repository\org\springframework\boot\spring-boot-starter-tomcat\3.4.2\spring-boot-starter-tomcat-3.4.2.jar;C:\Users\Jared Arias\.m2\repository\org\apache\tomcat\embed\tomcat-embed-core\10.1.34\tomcat-embed-core-10.1.34.jar;C:\Users\Jared Arias\.m2\repository\org\apache\tomcat\embed\tomcat-embed-el\10.1.34\tomcat-embed-el-10.1.34.jar;C:\Users\Jared Arias\.m2\repository\org\apache\tomcat\embed\tomcat-embed-websocket\10.1.34\tomcat-embed-websocket-10.1.34.jar;C:\Users\Jared Arias\.m2\repository\org\springframework\spring-web\6.2.2\spring-web-6.2.2.jar;C:\Users\Jared Arias\.m2\repository\org\springframework\spring-beans\6.2.2\spring-beans-6.2.2.jar;C:\Users\Jared Arias\.m2\repository\org\springframework\spring-webmvc\6.2.2\spring-webmvc-6.2.2.jar;C:\Users\Jared Arias\.m2\repository\org\springframework\spring-aop\6.2.2\spring-aop-6.2.2.jar;C:\Users\Jared Arias\.m2\repository\org\springframework\spring-expression\6.2.2\spring-expression-6.2.2.jar;C:\Users\Jared Arias\.m2\repository\org\springframework\boot\spring-boot-starter-actuator\3.4.2\spring-boot-starter-actuator-3.4.2.jar;C:\Users\Jared Arias\.m2\repository\org\springframework\boot\spring-boot-actuator-autoconfigure\3.4.2\spring-boot-actuator-autoconfigure-3.4.2.jar;C:\Users\Jared Arias\.m2\repository\org\springframework\boot\spring-boot-actuator\3.4.2\spring-boot-actuator-3.4.2.jar;C:\Users\Jared Arias\.m2\repository\io\micrometer\micrometer-observation\1.14.3\micrometer-observation-1.14.3.jar;C:\Users\Jared Arias\.m2\repository\io\micrometer\micrometer-commons\1.14.3\micrometer-commons-1.14.3.jar;C:\Users\Jared Arias\.m2\repository\io\micrometer\micrometer-jakarta9\1.14.3\micrometer-jakarta9-1.14.3.jar;C:\Users\Jared Arias\.m2\repository\io\micrometer\micrometer-core\1.14.3\micrometer-core-1.14.3.jar;C:\Users\Jared Arias\.m2\repository\org\hdrhistogram\HdrHistogram\2.2.2\HdrHistogram-2.2.2.jar;C:\Users\Jared Arias\.m2\repository\org\latencyutils\LatencyUtils\2.0.3\LatencyUtils-2.0.3.jar;C:\Users\Jared Arias\.m2\repository\org\springframework\boot\spring-boot-starter-freemarker\3.4.2\spring-boot-starter-freemarker-3.4.2.jar;C:\Users\Jared Arias\.m2\repository\org\freemarker\freemarker\2.3.34\freemarker-2.3.34.jar;C:\Users\Jared Arias\.m2\repository\org\springframework\spring-context-support\6.2.2\spring-context-support-6.2.2.jar;C:\Users\Jared Arias\.m2\repository\org\springframework\cloud\spring-cloud-netflix-eureka-client\4.2.0\spring-cloud-netflix-eureka-client-4.2.0.jar;C:\Users\Jared Arias\.m2\repository\com\netflix\eureka\eureka-client\2.0.4\eureka-client-2.0.4.jar;C:\Users\Jared Arias\.m2\repository\com\thoughtworks\xstream\xstream\1.4.20\xstream-1.4.20.jar;C:\Users\Jared Arias\.m2\repository\io\github\x-stream\mxparser\1.2.2\mxparser-1.2.2.jar;C:\Users\Jared Arias\.m2\repository\xmlpull\xmlpull\1.1.3.1\xmlpull-1.1.3.1.jar;C:\Users\Jared Arias\.m2\repository\com\netflix\spectator\spectator-api\1.7.3\spectator-api-1.7.3.jar;C:\Users\Jared Arias\.m2\repository\org\apache\httpcomponents\httpclient\4.5.3\httpclient-4.5.3.jar;C:\Users\Jared Arias\.m2\repository\org\apache\httpcomponents\httpcore\4.4.16\httpcore-4.4.16.jar;C:\Users\Jared Arias\.m2\repository\commons-configuration\commons-configuration\1.10\commons-configuration-1.10.jar;C:\Users\Jared Arias\.m2\repository\commons-lang\commons-lang\2.6\commons-lang-2.6.jar;C:\Users\Jared Arias\.m2\repository\com\netflix\netflix-commons\netflix-eventbus\0.3.0\netflix-eventbus-0.3.0.jar;C:\Users\Jared Arias\.m2\repository\com\netflix\netflix-commons\netflix-infix\0.3.0\netflix-infix-0.3.0.jar;C:\Users\Jared Arias\.m2\repository\commons-jxpath\commons-jxpath\1.3\commons-jxpath-1.3.jar;C:\Users\Jared Arias\.m2\repository\joda-time\joda-time\2.3\joda-time-2.3.jar;C:\Users\Jared Arias\.m2\repository\org\antlr\antlr-runtime\3.4\antlr-runtime-3.4.jar;C:\Users\Jared Arias\.m2\repository\org\antlr\stringtemplate\3.2.1\stringtemplate-3.2.1.jar;C:\Users\Jared Arias\.m2\repository\antlr\antlr\2.7.7\antlr-2.7.7.jar;C:\Users\Jared Arias\.m2\repository\com\google\code\gson\gson\2.11.0\gson-2.11.0.jar;C:\Users\Jared Arias\.m2\repository\com\netflix\servo\servo-core\0.5.3\servo-core-0.5.3.jar;C:\Users\Jared Arias\.m2\repository\org\apache\commons\commons-math\2.2\commons-math-2.2.jar;C:\Users\Jared Arias\.m2\repository\javax\annotation\javax.annotation-api\1.2\javax.annotation-api-1.2.jar;C:\Users\Jared Arias\.m2\repository\org\codehaus\jettison\jettison\1.5.4\jettison-1.5.4.jar;C:\Users\Jared Arias\.m2\repository\org\apache\httpcomponents\client5\httpclient5\5.4.1\httpclient5-5.4.1.jar;C:\Users\Jared Arias\.m2\repository\org\apache\httpcomponents\core5\httpcore5\5.3.2\httpcore5-5.3.2.jar;C:\Users\Jared Arias\.m2\repository\org\apache\httpcomponents\core5\httpcore5-h2\5.3.2\httpcore5-h2-5.3.2.jar;C:\Users\Jared Arias\.m2\repository\com\netflix\eureka\eureka-client-jersey3\2.0.4\eureka-client-jersey3-2.0.4.jar;C:\Users\Jared Arias\.m2\repository\org\glassfish\jersey\connectors\jersey-apache-connector\3.1.10\jersey-apache-connector-3.1.10.jar;C:\Users\Jared Arias\.m2\repository\commons-codec\commons-codec\1.17.2\commons-codec-1.17.2.jar;C:\Users\Jared Arias\.m2\repository\commons-logging\commons-logging\1.3.4\commons-logging-1.3.4.jar;C:\Users\Jared Arias\.m2\repository\com\netflix\eureka\eureka-core-jersey3\2.0.4\eureka-core-jersey3-2.0.4.jar;C:\Users\Jared Arias\.m2\repository\com\netflix\eureka\eureka-core\2.0.4\eureka-core-2.0.4.jar;C:\Users\Jared Arias\.m2\repository\com\google\guava\guava\33.3.1-jre\guava-33.3.1-jre.jar;C:\Users\Jared Arias\.m2\repository\com\google\guava\failureaccess\1.0.2\failureaccess-1.0.2.jar;C:\Users\Jared Arias\.m2\repository\com\google\guava\listenablefuture\9999.0-empty-to-avoid-conflict-with-guava\listenablefuture-9999.0-empty-to-avoid-conflict-with-guava.jar;C:\Users\Jared Arias\.m2\repository\org\checkerframework\checker-qual\3.43.0\checker-qual-3.43.0.jar;C:\Users\Jared Arias\.m2\repository\com\google\errorprone\error_prone_annotations\2.28.0\error_prone_annotations-2.28.0.jar;C:\Users\Jared Arias\.m2\repository\com\google\j2objc\j2objc-annotations\3.0.0\j2objc-annotations-3.0.0.jar;C:\Users\Jared Arias\.m2\repository\org\glassfish\jersey\containers\jersey-container-servlet\3.1.10\jersey-container-servlet-3.1.10.jar;C:\Users\Jared Arias\.m2\repository\org\glassfish\jersey\containers\jersey-container-servlet-core\3.1.10\jersey-container-servlet-core-3.1.10.jar;C:\Users\Jared Arias\.m2\repository\org\glassfish\jersey\core\jersey-common\3.1.10\jersey-common-3.1.10.jar;C:\Users\Jared Arias\.m2\repository\org\glassfish\hk2\osgi-resource-locator\1.0.3\osgi-resource-locator-1.0.3.jar;C:\Users\Jared Arias\.m2\repository\jakarta\ws\rs\jakarta.ws.rs-api\3.1.0\jakarta.ws.rs-api-3.1.0.jar;C:\Users\Jared Arias\.m2\repository\org\glassfish\jersey\core\jersey-server\3.1.10\jersey-server-3.1.10.jar;C:\Users\Jared Arias\.m2\repository\jakarta\inject\jakarta.inject-api\2.0.1\jakarta.inject-api-2.0.1.jar;C:\Users\Jared Arias\.m2\repository\jakarta\validation\jakarta.validation-api\3.0.2\jakarta.validation-api-3.0.2.jar;C:\Users\Jared Arias\.m2\repository\org\glassfish\jersey\core\jersey-client\3.1.10\jersey-client-3.1.10.jar;C:\Users\Jared Arias\.m2\repository\org\glassfish\jersey\inject\jersey-hk2\3.1.10\jersey-hk2-3.1.10.jar;C:\Users\Jared Arias\.m2\repository\org\glassfish\hk2\hk2-locator\3.0.6\hk2-locator-3.0.6.jar;C:\Users\Jared Arias\.m2\repository\org\glassfish\hk2\external\aopalliance-repackaged\3.0.6\aopalliance-repackaged-3.0.6.jar;C:\Users\Jared Arias\.m2\repository\org\glassfish\hk2\hk2-utils\3.0.6\hk2-utils-3.0.6.jar;C:\Users\Jared Arias\.m2\repository\org\javassist\javassist\3.30.2-GA\javassist-3.30.2-GA.jar;C:\Users\Jared Arias\.m2\repository\org\glassfish\hk2\spring-bridge\3.1.1\spring-bridge-3.1.1.jar;C:\Users\Jared Arias\.m2\repository\org\glassfish\hk2\hk2-api\3.1.1\hk2-api-3.1.1.jar;C:\Users\Jared Arias\.m2\repository\org\springframework\spring-context\6.2.2\spring-context-6.2.2.jar;C:\Users\Jared Arias\.m2\repository\com\fasterxml\jackson\dataformat\jackson-dataformat-xml\2.18.2\jackson-dataformat-xml-2.18.2.jar;C:\Users\Jared Arias\.m2\repository\com\fasterxml\jackson\core\jackson-core\2.18.2\jackson-core-2.18.2.jar;C:\Users\Jared Arias\.m2\repository\com\fasterxml\jackson\core\jackson-annotations\2.18.2\jackson-annotations-2.18.2.jar;C:\Users\Jared Arias\.m2\repository\com\fasterxml\jackson\core\jackson-databind\2.18.2\jackson-databind-2.18.2.jar;C:\Users\Jared Arias\.m2\repository\org\codehaus\woodstox\stax2-api\4.2.2\stax2-api-4.2.2.jar;C:\Users\Jared Arias\.m2\repository\com\fasterxml\woodstox\woodstox-core\7.0.0\woodstox-core-7.0.0.jar;C:\Users\Jared Arias\.m2\repository\org\springframework\cloud\spring-cloud-starter-loadbalancer\4.2.0\spring-cloud-starter-loadbalancer-4.2.0.jar;C:\Users\Jared Arias\.m2\repository\org\springframework\cloud\spring-cloud-loadbalancer\4.2.0\spring-cloud-loadbalancer-4.2.0.jar;C:\Users\Jared Arias\.m2\repository\io\projectreactor\reactor-core\3.7.2\reactor-core-3.7.2.jar;C:\Users\Jared Arias\.m2\repository\org\reactivestreams\reactive-streams\1.0.4\reactive-streams-1.0.4.jar;C:\Users\Jared Arias\.m2\repository\io\projectreactor\addons\reactor-extra\3.5.2\reactor-extra-3.5.2.jar;C:\Users\Jared Arias\.m2\repository\org\springframework\boot\spring-boot-starter-cache\3.4.2\spring-boot-starter-cache-3.4.2.jar;C:\Users\Jared Arias\.m2\repository\com\stoyanr\evictor\1.0.0\evictor-1.0.0.jar;C:\Users\Jared Arias\.m2\repository\org\glassfish\jaxb\jaxb-runtime\4.0.5\jaxb-runtime-4.0.5.jar;C:\Users\Jared Arias\.m2\repository\org\glassfish\jaxb\jaxb-core\4.0.5\jaxb-core-4.0.5.jar;C:\Users\Jared Arias\.m2\repository\org\eclipse\angus\angus-activation\2.0.2\angus-activation-2.0.2.jar;C:\Users\Jared Arias\.m2\repository\org\glassfish\jaxb\txw2\4.0.5\txw2-4.0.5.jar;C:\Users\Jared Arias\.m2\repository\com\sun\istack\istack-commons-runtime\4.1.2\istack-commons-runtime-4.1.2.jar;C:\Users\Jared Arias\.m2\repository\org\springframework\boot\spring-boot-starter\3.4.2\spring-boot-starter-3.4.2.jar;C:\Users\Jared Arias\.m2\repository\org\springframework\boot\spring-boot\3.4.2\spring-boot-3.4.2.jar;C:\Users\Jared Arias\.m2\repository\org\springframework\boot\spring-boot-autoconfigure\3.4.2\spring-boot-autoconfigure-3.4.2.jar;C:\Users\Jared Arias\.m2\repository\org\springframework\boot\spring-boot-starter-logging\3.4.2\spring-boot-starter-logging-3.4.2.jar;C:\Users\Jared Arias\.m2\repository\ch\qos\logback\logback-classic\1.5.16\logback-classic-1.5.16.jar;C:\Users\Jared Arias\.m2\repository\ch\qos\logback\logback-core\1.5.16\logback-core-1.5.16.jar;C:\Users\Jared Arias\.m2\repository\org\apache\logging\log4j\log4j-to-slf4j\2.24.3\log4j-to-slf4j-2.24.3.jar;C:\Users\Jared Arias\.m2\repository\org\apache\logging\log4j\log4j-api\2.24.3\log4j-api-2.24.3.jar;C:\Users\Jared Arias\.m2\repository\org\slf4j\jul-to-slf4j\2.0.16\jul-to-slf4j-2.0.16.jar;C:\Users\Jared Arias\.m2\repository\jakarta\annotation\jakarta.annotation-api\2.1.1\jakarta.annotation-api-2.1.1.jar;C:\Users\Jared Arias\.m2\repository\org\yaml\snakeyaml\2.3\snakeyaml-2.3.jar;C:\Users\Jared Arias\.m2\repository\org\slf4j\slf4j-api\2.0.16\slf4j-api-2.0.16.jar;C:\Users\Jared Arias\.m2\repository\jakarta\xml\bind\jakarta.xml.bind-api\4.0.2\jakarta.xml.bind-api-4.0.2.jar;C:\Users\Jared Arias\.m2\repository\jakarta\activation\jakarta.activation-api\2.1.3\jakarta.activation-api-2.1.3.jar;C:\Users\Jared Arias\.m2\repository\org\springframework\spring-core\6.2.2\spring-core-6.2.2.jar;C:\Users\Jared Arias\.m2\repository\org\springframework\spring-jcl\6.2.2\spring-jcl-6.2.2.jar
Launcher Type: SUN_STANDARD

[Global flags]
     intx CICompilerCount                          = 3                                         {product} {ergonomic}
     uint ConcGCThreads                            = 1                                         {product} {ergonomic}
     uint G1ConcRefinementThreads                  = 4                                         {product} {ergonomic}
   size_t G1HeapRegionSize                         = 1048576                                   {product} {ergonomic}
    uintx GCDrainStackTargetSize                   = 64                                        {product} {ergonomic}
   size_t InitialHeapSize                          = 65011712                                  {product} {ergonomic}
     bool ManagementServer                         = true                                      {product} {command line}
   size_t MarkStackSize                            = 4194304                                   {product} {ergonomic}
   size_t MaxHeapSize                              = 1012924416                                {product} {ergonomic}
   size_t MinHeapDeltaBytes                        = 1048576                                   {product} {ergonomic}
   size_t MinHeapSize                              = 8388608                                   {product} {ergonomic}
    uintx NonNMethodCodeHeapSize                   = 5832780                                {pd product} {ergonomic}
    uintx NonProfiledCodeHeapSize                  = 122912730                              {pd product} {ergonomic}
    uintx ProfiledCodeHeapSize                     = 122912730                              {pd product} {ergonomic}
    uintx ReservedCodeCacheSize                    = 251658240                              {pd product} {ergonomic}
     bool SegmentedCodeCache                       = true                                      {product} {ergonomic}
     bool ShowCodeDetailsInExceptionMessages       = true                                   {manageable} {command line}
   size_t SoftMaxHeapSize                          = 1012924416                             {manageable} {ergonomic}
     bool UseCompressedOops                        = true                           {product lp64_product} {ergonomic}
     bool UseG1GC                                  = true                                      {product} {ergonomic}
     bool UseLargePagesIndividualAllocation        = false                                  {pd product} {ergonomic}

Logging:
Log output configuration:
 #0: stdout all=warning uptime,level,tags foldmultilines=false
 #1: stderr all=off uptime,level,tags foldmultilines=false

Environment Variables:
JAVA_HOME="C:\dev\jdk-11.0.23_windows-x64_bin.exe"
PATH=C:\Program Files\Common Files\Oracle\Java\javapath;C:\WINDOWS\system32;C:\WINDOWS;C:\WINDOWS\System32\Wbem;C:\WINDOWS\System32\WindowsPowerShell\v1.0\;C:\WINDOWS\System32\OpenSSH\;C:\dev\flutter\bin;C:\dart-sdk\bin;C:\Program Files\Git\cmd;C:\dev\java-1.8.0-openjdk-1.8.0.422-1.b05.redhat.windows.x86_64\bin;C:\Program Files\nodejs\;C:\Program Files (x86)\Windows Kits\10\Windows Performance Toolkit\;C:\ProgramData\chocolatey\bin;C:\Program Files\MongoDB\Server\8.0\bin;C:\Program Files\MongoDB\mongosh-2.3.7-win32-x64\bin;C:\Users\Jared Arias\AppData\Local\Microsoft\WindowsApps;C:\Users\Jared Arias\AppData\Local\Programs\Microsoft VS Code\bin;C:\dev\flutter\bin;C:\dart-sdk\bin;C:\dev\java-1.8.0-openjdk-1.8.0.422-1.b05.redhat.windows.x86_64\bin;C:\Users\Jared Arias\AppData\Roaming\npm;C:\Users\Jared Arias\AppData\Local\Microsoft\WinGet\Packages\Schniz.fnm_Microsoft.Winget.Source_8wekyb3d8bbwe;C:\Program Files (x86)\MongoDB Atlas CLI\
USERNAME=Jared Arias
LANG=es_ES.UTF-8
OS=Windows_NT
PROCESSOR_IDENTIFIER=Intel64 Family 6 Model 122 Stepping 8, GenuineIntel
TMP=C:\Users\JAREDA~1\AppData\Local\Temp
TEMP=C:\Users\JAREDA~1\AppData\Local\Temp




Periodic native trim disabled

---------------  S Y S T E M  ---------------

OS:
 Windows 11 , 64 bit Build 22621 (10.0.22621.4391)
OS uptime: 0 days 8:09 hours

CPU: total 4 (initial active 4) (4 cores per cpu, 1 threads per core) family 6 model 122 stepping 8 microcode 0x20, cx8, cmov, fxsr, mmx, 3dnowpref, sse, sse2, sse3, ssse3, sse4.1, sse4.2, popcnt, tsc, tscinvbit, aes, erms, clmul, sha, clflush, clflushopt, rdtscp, rdpid
Processor Information for all 4 processors :
  Max Mhz: 1101, Current Mhz: 1101, Mhz Limit: 1101

Memory: 4k page, system-wide physical 3858M (357M free)
TotalPageFile size 15634M (AvailPageFile size 27M)
current process WorkingSet (physical memory assigned to process): 11M, peak: 11M
current process commit charge ("private bytes"): 51M, peak: 113M

vm_info: OpenJDK 64-Bit Server VM (21.0.5+11-LTS) for windows-amd64 JRE (21.0.5+11-LTS), built on 2024-10-15T00:00:00Z by "admin" with MS VC++ 17.7 (VS2022)

END.
