#
# There is insufficient memory for the Java Runtime Environment to continue.
# Native memory allocation (malloc) failed to allocate 2129792 bytes. Error detail: Chunk::new
# Possible reasons:
#   The system is out of physical RAM or swap space
#   This process is running with CompressedOops enabled, and the Java Heap may be blocking the growth of the native heap
# Possible solutions:
#   Reduce memory load on the system
#   Increase physical memory or swap space
#   Check if swap backing store is full
#   Decrease Java heap size (-Xmx/-Xms)
#   Decrease number of Java threads
#   Decrease Java thread stack sizes (-Xss)
#   Set larger code cache with -XX:ReservedCodeCacheSize=
#   JVM is running with Unscaled Compressed Oops mode in which the Java heap is
#     placed in the first 4GB address space. The Java Heap base address is the
#     maximum limit for the native heap growth. Please use -XX:HeapBaseMinAddress
#     to set the Java Heap base and to place the Java Heap above 4GB virtual address.
# This output file may be truncated or incomplete.
#
#  Out of Memory Error (arena.cpp:168), pid=14304, tid=17316
#
# JRE version: OpenJDK Runtime Environment Temurin-21.0.5+11 (21.0.5+11) (build 21.0.5+11-LTS)
# Java VM: OpenJDK 64-Bit Server VM Temurin-21.0.5+11 (21.0.5+11-LTS, mixed mode, sharing, tiered, compressed oops, compressed class ptrs, parallel gc, windows-amd64)
# No core dump will be written. Minidumps are not enabled by default on client versions of Windows
#

---------------  S U M M A R Y ------------

Command Line: --add-modules=ALL-SYSTEM --add-opens=java.base/java.util=ALL-UNNAMED --add-opens=java.base/java.lang=ALL-UNNAMED --add-opens=java.base/sun.nio.fs=ALL-UNNAMED -Declipse.application=org.eclipse.jdt.ls.core.id1 -Dosgi.bundles.defaultStartLevel=4 -Declipse.product=org.eclipse.jdt.ls.core.product -Djava.import.generatesMetadataFilesAtProjectRoot=false -DDetectVMInstallationsJob.disabled=true -Dfile.encoding=utf8 -XX:+UseParallelGC -XX:GCTimeRatio=4 -XX:AdaptiveSizePolicyWeight=90 -Dsun.zip.disableMemoryMapping=true -Xmx1G -Xms100m -Xlog:disable -javaagent:c:\Users\Jared Arias\.vscode\extensions\redhat.java-1.39.0-win32-x64\lombok\lombok-1.18.34.jar -XX:+HeapDumpOnOutOfMemoryError -XX:HeapDumpPath=c:\Users\Jared Arias\AppData\Roaming\Code\User\workspaceStorage\4c65120b4480031d53d7a77dba535181\redhat.java -Daether.dependencyCollector.impl=bf c:\Users\Jared Arias\.vscode\extensions\redhat.java-1.39.0-win32-x64\server\plugins\org.eclipse.equinox.launcher_1.6.900.v20240613-2009.jar -configuration c:\Users\Jared Arias\AppData\Roaming\Code\User\globalStorage\redhat.java\1.39.0\config_win -data c:\Users\Jared Arias\AppData\Roaming\Code\User\workspaceStorage\4c65120b4480031d53d7a77dba535181\redhat.java\jdt_ws --pipe=\\.\pipe\lsp-bb1e8027a04854f3a630d3e36b89f74a-sock

Host: Intel(R) Celeron(R) N4120 CPU @ 1.10GHz, 4 cores, 3G,  Windows 11 , 64 bit Build 22621 (10.0.22621.4391)
Time: Thu Feb  6 10:13:21 2025 Hora est. Pacífico, Sudamérica elapsed time: 66.387582 seconds (0d 0h 1m 6s)

---------------  T H R E A D  ---------------

Current thread (0x00000220811492a0):  JavaThread "C2 CompilerThread0" daemon [_thread_in_native, id=17316, stack(0x0000005685300000,0x0000005685400000) (1024K)]


Current CompileTask:
C2:66388 13151   !   4       org.eclipse.osgi.internal.loader.BundleLoader::findRequiredSource (283 bytes)

Stack: [0x0000005685300000,0x0000005685400000]
Native frames: (J=compiled Java code, j=interpreted, Vv=VM code, C=native code)
V  [jvm.dll+0x6cd4e9]
V  [jvm.dll+0x8a7941]
V  [jvm.dll+0x8a9e6e]
V  [jvm.dll+0x8aa543]
V  [jvm.dll+0x27f6d6]
V  [jvm.dll+0xc500d]
V  [jvm.dll+0xc5543]
V  [jvm.dll+0x3b660c]
V  [jvm.dll+0x382835]
V  [jvm.dll+0x381c9a]
V  [jvm.dll+0x2479d0]
V  [jvm.dll+0x246faf]
V  [jvm.dll+0x1c75ce]
V  [jvm.dll+0x25682a]
V  [jvm.dll+0x254dca]
V  [jvm.dll+0x3f00d6]
V  [jvm.dll+0x8514fb]
V  [jvm.dll+0x6cbbed]
C  [ucrtbase.dll+0x29333]
C  [KERNEL32.DLL+0x1259d]
C  [ntdll.dll+0x5af38]


---------------  P R O C E S S  ---------------

Threads class SMR info:
_java_thread_list=0x00000220890c4a80, length=47, elements={
0x000002202bbc5600, 0x000002202bc7c300, 0x000002202bc7dd60, 0x0000022081142760,
0x0000022081142dc0, 0x0000022081143810, 0x0000022081147fc0, 0x00000220811492a0,
0x0000022081170ae0, 0x000002208603a250, 0x00000220861c0250, 0x00000220867c9190,
0x0000022086e0f580, 0x0000022086797ca0, 0x0000022086798300, 0x0000022086aed590,
0x000002208659e250, 0x0000022086085d30, 0x0000022086087770, 0x0000022086084980,
0x00000220860842f0, 0x0000022086085010, 0x00000220860870e0, 0x00000220860856a0,
0x00000220860863c0, 0x0000022086086a50, 0x00000220873b6f00, 0x00000220873b82b0,
0x00000220873b8fd0, 0x00000220873b7590, 0x00000220873b8940, 0x00000220873b7c20,
0x00000220873b5b50, 0x00000220873b61e0, 0x0000022089d6f200, 0x0000022089d6ff20,
0x0000022089d71960, 0x0000022089d705b0, 0x0000022089d6b6f0, 0x0000022089d70c40,
0x0000022089d6d7c0, 0x0000022089d6f890, 0x0000022089d712d0, 0x0000022089d6de50,
0x0000022089d72d10, 0x0000022089d6bd80, 0x0000022089d6eb70
}

Java Threads: ( => current thread )
  0x000002202bbc5600 JavaThread "main"                              [_thread_blocked, id=9524, stack(0x0000005684900000,0x0000005684a00000) (1024K)]
  0x000002202bc7c300 JavaThread "Reference Handler"          daemon [_thread_blocked, id=8492, stack(0x0000005684d00000,0x0000005684e00000) (1024K)]
  0x000002202bc7dd60 JavaThread "Finalizer"                  daemon [_thread_blocked, id=18252, stack(0x0000005684e00000,0x0000005684f00000) (1024K)]
  0x0000022081142760 JavaThread "Signal Dispatcher"          daemon [_thread_blocked, id=11920, stack(0x0000005684f00000,0x0000005685000000) (1024K)]
  0x0000022081142dc0 JavaThread "Attach Listener"            daemon [_thread_blocked, id=2836, stack(0x0000005685000000,0x0000005685100000) (1024K)]
  0x0000022081143810 JavaThread "Service Thread"             daemon [_thread_blocked, id=6224, stack(0x0000005685100000,0x0000005685200000) (1024K)]
  0x0000022081147fc0 JavaThread "Monitor Deflation Thread"   daemon [_thread_blocked, id=13264, stack(0x0000005685200000,0x0000005685300000) (1024K)]
=>0x00000220811492a0 JavaThread "C2 CompilerThread0"         daemon [_thread_in_native, id=17316, stack(0x0000005685300000,0x0000005685400000) (1024K)]
  0x0000022081170ae0 JavaThread "C1 CompilerThread0"         daemon [_thread_blocked, id=20476, stack(0x0000005685400000,0x0000005685500000) (1024K)]
  0x000002208603a250 JavaThread "Common-Cleaner"             daemon [_thread_blocked, id=18772, stack(0x0000005685500000,0x0000005685600000) (1024K)]
  0x00000220861c0250 JavaThread "Notification Thread"        daemon [_thread_blocked, id=11180, stack(0x0000005685600000,0x0000005685700000) (1024K)]
  0x00000220867c9190 JavaThread "Active Thread: Equinox Container: 70a075ea-8667-461a-b76a-994240603c18"        [_thread_blocked, id=9456, stack(0x0000005685a00000,0x0000005685b00000) (1024K)]
  0x0000022086e0f580 JavaThread "Refresh Thread: Equinox Container: 70a075ea-8667-461a-b76a-994240603c18" daemon [_thread_blocked, id=13196, stack(0x0000005685b00000,0x0000005685c00000) (1024K)]
  0x0000022086797ca0 JavaThread "Framework Event Dispatcher: Equinox Container: 70a075ea-8667-461a-b76a-994240603c18" daemon [_thread_blocked, id=10112, stack(0x0000005685c00000,0x0000005685d00000) (1024K)]
  0x0000022086798300 JavaThread "Start Level: Equinox Container: 70a075ea-8667-461a-b76a-994240603c18" daemon [_thread_blocked, id=16600, stack(0x0000005685d00000,0x0000005685e00000) (1024K)]
  0x0000022086aed590 JavaThread "Bundle File Closer"         daemon [_thread_blocked, id=18096, stack(0x0000005685e00000,0x0000005685f00000) (1024K)]
  0x000002208659e250 JavaThread "SCR Component Actor"        daemon [_thread_blocked, id=7404, stack(0x0000005685f00000,0x0000005686000000) (1024K)]
  0x0000022086085d30 JavaThread "Worker-JM"                         [_thread_blocked, id=14316, stack(0x0000005686100000,0x0000005686200000) (1024K)]
  0x0000022086087770 JavaThread "JNA Cleaner"                daemon [_thread_blocked, id=19624, stack(0x0000005686200000,0x0000005686300000) (1024K)]
  0x0000022086084980 JavaThread "Worker-0"                          [_thread_blocked, id=16632, stack(0x0000005686300000,0x0000005686400000) (1024K)]
  0x00000220860842f0 JavaThread "Worker-1"                          [_thread_blocked, id=17400, stack(0x0000005686400000,0x0000005686500000) (1024K)]
  0x0000022086085010 JavaThread "Worker-2"                          [_thread_blocked, id=4612, stack(0x0000005686500000,0x0000005686600000) (1024K)]
  0x00000220860870e0 JavaThread "Java indexing"              daemon [_thread_in_Java, id=2156, stack(0x0000005686600000,0x0000005686700000) (1024K)]
  0x00000220860856a0 JavaThread "Worker-3: Java indexing... "        [_thread_blocked, id=18152, stack(0x0000005686900000,0x0000005686a00000) (1024K)]
  0x00000220860863c0 JavaThread "Worker-4"                          [_thread_blocked, id=13440, stack(0x0000005686a00000,0x0000005686b00000) (1024K)]
  0x0000022086086a50 JavaThread "Thread-2"                   daemon [_thread_in_native, id=2488, stack(0x0000005686b00000,0x0000005686c00000) (1024K)]
  0x00000220873b6f00 JavaThread "Thread-3"                   daemon [_thread_in_native, id=14300, stack(0x0000005686c00000,0x0000005686d00000) (1024K)]
  0x00000220873b82b0 JavaThread "Thread-4"                   daemon [_thread_in_native, id=12524, stack(0x0000005686d00000,0x0000005686e00000) (1024K)]
  0x00000220873b8fd0 JavaThread "Thread-5"                   daemon [_thread_in_native, id=17096, stack(0x0000005686e00000,0x0000005686f00000) (1024K)]
  0x00000220873b7590 JavaThread "Thread-6"                   daemon [_thread_in_native, id=7844, stack(0x0000005686f00000,0x0000005687000000) (1024K)]
  0x00000220873b8940 JavaThread "pool-2-thread-1"                   [_thread_blocked, id=9312, stack(0x0000005687000000,0x0000005687100000) (1024K)]
  0x00000220873b7c20 JavaThread "WorkspaceEventsHandler"            [_thread_blocked, id=17684, stack(0x0000005687100000,0x0000005687200000) (1024K)]
  0x00000220873b5b50 JavaThread "pool-1-thread-1"                   [_thread_blocked, id=12984, stack(0x0000005687200000,0x0000005687300000) (1024K)]
  0x00000220873b61e0 JavaThread "Worker-5: Check JDK Index"         [_thread_blocked, id=15824, stack(0x0000005687300000,0x0000005687400000) (1024K)]
  0x0000022089d6f200 JavaThread "LocalFile Deleter"          daemon [_thread_blocked, id=1916, stack(0x0000005686000000,0x0000005686100000) (1024K)]
  0x0000022089d6ff20 JavaThread "LocalFile Deleter"          daemon [_thread_blocked, id=112, stack(0x0000005687400000,0x0000005687500000) (1024K)]
  0x0000022089d71960 JavaThread "LocalFile Deleter"          daemon [_thread_blocked, id=14076, stack(0x0000005687500000,0x0000005687600000) (1024K)]
  0x0000022089d705b0 JavaThread "Compiler Source File Reader" daemon [_thread_blocked, id=13240, stack(0x0000005687600000,0x0000005687700000) (1024K)]
  0x0000022089d6b6f0 JavaThread "Compiler Processing Task"   daemon [_thread_blocked, id=5272, stack(0x0000005687700000,0x0000005687800000) (1024K)]
  0x0000022089d70c40 JavaThread "Compiler Class File Writer" daemon [_thread_blocked, id=8300, stack(0x0000005687800000,0x0000005687900000) (1024K)]
  0x0000022089d6d7c0 JavaThread "LocalFile Deleter"          daemon [_thread_blocked, id=19156, stack(0x0000005687900000,0x0000005687a00000) (1024K)]
  0x0000022089d6f890 JavaThread "Compiler Source File Reader" daemon [_thread_blocked, id=17604, stack(0x0000005687a00000,0x0000005687b00000) (1024K)]
  0x0000022089d712d0 JavaThread "Compiler Class File Writer" daemon [_thread_blocked, id=4544, stack(0x0000005687b00000,0x0000005687c00000) (1024K)]
  0x0000022089d6de50 JavaThread "ForkJoinPool.commonPool-worker-1" daemon [_thread_blocked, id=10552, stack(0x0000005687c00000,0x0000005687d00000) (1024K)]
  0x0000022089d72d10 JavaThread "ForkJoinPool.commonPool-worker-2" daemon [_thread_blocked, id=12848, stack(0x0000005687e00000,0x0000005687f00000) (1024K)]
  0x0000022089d6bd80 JavaThread "ForkJoinPool.commonPool-worker-3" daemon [_thread_blocked, id=6516, stack(0x0000005687f00000,0x0000005688000000) (1024K)]
  0x0000022089d6eb70 JavaThread "Keep-Alive-Timer"           daemon [_thread_blocked, id=19516, stack(0x0000005688200000,0x0000005688300000) (1024K)]
Total: 47

Other Threads:
  0x000002202bc61da0 VMThread "VM Thread"                           [id=9200, stack(0x0000005684c00000,0x0000005684d00000) (1024K)]
  0x00000220810dcb00 WatcherThread "VM Periodic Task Thread"        [id=17140, stack(0x0000005684b00000,0x0000005684c00000) (1024K)]
  0x000002202bbe3290 WorkerThread "GC Thread#0"                     [id=14200, stack(0x0000005684a00000,0x0000005684b00000) (1024K)]
  0x00000220864077d0 WorkerThread "GC Thread#1"                     [id=20236, stack(0x0000005685700000,0x0000005685800000) (1024K)]
  0x00000220863b76a0 WorkerThread "GC Thread#2"                     [id=19612, stack(0x0000005685800000,0x0000005685900000) (1024K)]
  0x00000220863b7a40 WorkerThread "GC Thread#3"                     [id=18164, stack(0x0000005685900000,0x0000005685a00000) (1024K)]
Total: 6

Threads with active compile tasks:
C2 CompilerThread0  66442 13151   !   4       org.eclipse.osgi.internal.loader.BundleLoader::findRequiredSource (283 bytes)
Total: 1

VM state: not at safepoint (normal execution)

VM Mutex/Monitor currently owned by a thread: None

Heap address: 0x00000000c0000000, size: 1024 MB, Compressed Oops mode: 32-bit

CDS archive(s) mapped at: [0x0000022040000000-0x0000022040ba0000-0x0000022040ba0000), size 12189696, SharedBaseAddress: 0x0000022040000000, ArchiveRelocationMode: 1.
Compressed class space mapped at: 0x0000022041000000-0x0000022081000000, reserved size: 1073741824
Narrow klass base: 0x0000022040000000, Narrow klass shift: 0, Narrow klass range: 0x100000000

GC Precious Log:
 CardTable entry size: 512
 CPUs: 4 total, 4 available
 Memory: 3858M
 Large Page Support: Disabled
 NUMA Support: Disabled
 Compressed Oops: Enabled (32-bit)
 Alignments: Space 512K, Generation 512K, Heap 2M
 Heap Min Capacity: 100M
 Heap Initial Capacity: 100M
 Heap Max Capacity: 1G
 Pre-touch: Disabled
 Parallel Workers: 4

Heap:
 PSYoungGen      total 2560K, used 745K [0x00000000eab00000, 0x00000000eae00000, 0x0000000100000000)
  eden space 2048K, 27% used [0x00000000eab00000,0x00000000eab8a5b8,0x00000000ead00000)
  from space 512K, 37% used [0x00000000ead80000,0x00000000eadb0000,0x00000000eae00000)
  to   space 512K, 0% used [0x00000000ead00000,0x00000000ead00000,0x00000000ead80000)
 ParOldGen       total 442368K, used 441985K [0x00000000c0000000, 0x00000000db000000, 0x00000000eab00000)
  object space 442368K, 99% used [0x00000000c0000000,0x00000000dafa0550,0x00000000db000000)
 Metaspace       used 66599K, committed 68160K, reserved 1114112K
  class space    used 6919K, committed 7616K, reserved 1048576K

Card table byte_map: [0x000002202b560000,0x000002202b770000] _byte_map_base: 0x000002202af60000

Marking Bits: (ParMarkBitMap*) 0x00007ffb735f2250
 Begin Bits: [0x000002203df10000, 0x000002203ef10000)
 End Bits:   [0x000002203ef10000, 0x000002203ff10000)

Polling page: 0x0000022029b60000

Metaspace:

Usage:
  Non-class:     58.28 MB used.
      Class:      6.76 MB used.
       Both:     65.04 MB used.

Virtual space:
  Non-class space:       64.00 MB reserved,      59.12 MB ( 92%) committed,  1 nodes.
      Class space:        1.00 GB reserved,       7.44 MB ( <1%) committed,  1 nodes.
             Both:        1.06 GB reserved,      66.56 MB (  6%) committed. 

Chunk freelists:
   Non-Class:  4.23 MB
       Class:  8.61 MB
        Both:  12.85 MB

MaxMetaspaceSize: unlimited
CompressedClassSpaceSize: 1.00 GB
Initial GC threshold: 21.00 MB
Current GC threshold: 97.31 MB
CDS: on
 - commit_granule_bytes: 65536.
 - commit_granule_words: 8192.
 - virtual_space_node_default_size: 8388608.
 - enlarge_chunks_in_place: 1.
 - use_allocation_guard: 0.


Internal statistics:

num_allocs_failed_limit: 9.
num_arena_births: 1200.
num_arena_deaths: 14.
num_vsnodes_births: 2.
num_vsnodes_deaths: 0.
num_space_committed: 1065.
num_space_uncommitted: 0.
num_chunks_returned_to_freelist: 23.
num_chunks_taken_from_freelist: 4169.
num_chunk_merges: 15.
num_chunk_splits: 2578.
num_chunks_enlarged: 1457.
num_inconsistent_stats: 0.

CodeHeap 'non-profiled nmethods': size=120000Kb used=7049Kb max_used=7049Kb free=112950Kb
 bounds [0x00000220369e0000, 0x00000220370d0000, 0x000002203df10000]
CodeHeap 'profiled nmethods': size=120000Kb used=26503Kb max_used=26503Kb free=93496Kb
 bounds [0x000002202ef10000, 0x0000022030900000, 0x0000022036440000]
CodeHeap 'non-nmethods': size=5760Kb used=1470Kb max_used=1515Kb free=4289Kb
 bounds [0x0000022036440000, 0x00000220366b0000, 0x00000220369e0000]
 total_blobs=13194 nmethods=12402 adapters=699
 compilation: enabled
              stopped_count=0, restarted_count=0
 full_count=0

Compilation events (20 events):
Event: 66.075 Thread 0x0000022081170ae0 13200       2       org.eclipse.core.runtime.NullProgressMonitor::done (1 bytes)
Event: 66.075 Thread 0x0000022081170ae0 nmethod 13200 0x00000220308ec310 code [0x00000220308ec4a0, 0x00000220308ec5a8]
Event: 66.110 Thread 0x0000022081170ae0 13202  s    2       jdk.internal.ref.Cleaner::remove (89 bytes)
Event: 66.111 Thread 0x0000022081170ae0 nmethod 13202 0x00000220308ec610 code [0x00000220308ec7c0, 0x00000220308ecaf0]
Event: 66.131 Thread 0x0000022081170ae0 13203       3       java.lang.invoke.LambdaForm$MH/0x0000022041122800::invoke (110 bytes)
Event: 66.132 Thread 0x0000022081170ae0 nmethod 13203 0x00000220308ecc10 code [0x00000220308ece60, 0x00000220308edb20]
Event: 66.132 Thread 0x0000022081170ae0 13204       3       java.lang.invoke.LambdaForm$MH/0x0000022041122000::invoke (46 bytes)
Event: 66.132 Thread 0x0000022081170ae0 nmethod 13204 0x00000220308ede90 code [0x00000220308ee080, 0x00000220308ee618]
Event: 66.142 Thread 0x0000022081170ae0 13205   !   2       org.eclipse.jdt.internal.compiler.util.Util::getZipEntryByteContent (84 bytes)
Event: 66.142 Thread 0x0000022081170ae0 nmethod 13205 0x00000220308ee790 code [0x00000220308ee9c0, 0x00000220308eedc8]
Event: 66.201 Thread 0x0000022081170ae0 13206       2       org.eclipse.jdt.internal.core.search.JavaSearchDocument::<init> (21 bytes)
Event: 66.202 Thread 0x0000022081170ae0 nmethod 13206 0x00000220308ef190 code [0x00000220308ef3e0, 0x00000220308ef928]
Event: 66.255 Thread 0x0000022081170ae0 13207       2       org.eclipse.jdt.internal.compiler.parser.Scanner::areRestrictedModuleKeywordsActive (21 bytes)
Event: 66.255 Thread 0x0000022081170ae0 nmethod 13207 0x00000220308efe90 code [0x00000220308f0040, 0x00000220308f0198]
Event: 66.314 Thread 0x0000022081170ae0 13210       2       org.eclipse.jdt.ls.core.internal.CancellableProgressMonitor::<init> (10 bytes)
Event: 66.316 Thread 0x0000022081170ae0 nmethod 13210 0x00000220308f0210 code [0x00000220308f03a0, 0x00000220308f04d0]
Event: 66.323 Thread 0x0000022081170ae0 13211   !   3       org.eclipse.jdt.internal.compiler.parser.Scanner::getNextChar (71 bytes)
Event: 66.323 Thread 0x0000022081170ae0 nmethod 13211 0x00000220308f0590 code [0x00000220308f0760, 0x00000220308f0b48]
Event: 66.351 Thread 0x0000022081170ae0 13212       3       com.google.gson.stream.JsonWriter::closeScope (95 bytes)
Event: 66.352 Thread 0x0000022081170ae0 nmethod 13212 0x00000220308f0d10 code [0x00000220308f0fa0, 0x00000220308f19d8]

GC Heap History (20 events):
Event: 66.055 GC heap before
{Heap before GC invocations=596 (full 3):
 PSYoungGen      total 2048K, used 1728K [0x00000000eab00000, 0x00000000ead80000, 0x0000000100000000)
  eden space 1536K, 100% used [0x00000000eab00000,0x00000000eac80000,0x00000000eac80000)
  from space 512K, 37% used [0x00000000ead00000,0x00000000ead30000,0x00000000ead80000)
  to   space 512K, 0% used [0x00000000eac80000,0x00000000eac80000,0x00000000ead00000)
 ParOldGen       total 438784K, used 438311K [0x00000000c0000000, 0x00000000dac80000, 0x00000000eab00000)
  object space 438784K, 99% used [0x00000000c0000000,0x00000000dac09d48,0x00000000dac80000)
 Metaspace       used 66598K, committed 68096K, reserved 1114112K
  class space    used 6919K, committed 7616K, reserved 1048576K
}
Event: 66.059 GC heap after
{Heap after GC invocations=596 (full 3):
 PSYoungGen      total 2048K, used 288K [0x00000000eab00000, 0x00000000eae00000, 0x0000000100000000)
  eden space 1536K, 0% used [0x00000000eab00000,0x00000000eab00000,0x00000000eac80000)
  from space 512K, 56% used [0x00000000eac80000,0x00000000eacc8000,0x00000000ead00000)
  to   space 512K, 0% used [0x00000000ead80000,0x00000000ead80000,0x00000000eae00000)
 ParOldGen       total 438784K, used 438406K [0x00000000c0000000, 0x00000000dac80000, 0x00000000eab00000)
  object space 438784K, 99% used [0x00000000c0000000,0x00000000dac219b8,0x00000000dac80000)
 Metaspace       used 66598K, committed 68096K, reserved 1114112K
  class space    used 6919K, committed 7616K, reserved 1048576K
}
Event: 66.086 GC heap before
{Heap before GC invocations=597 (full 3):
 PSYoungGen      total 2048K, used 1824K [0x00000000eab00000, 0x00000000eae00000, 0x0000000100000000)
  eden space 1536K, 100% used [0x00000000eab00000,0x00000000eac80000,0x00000000eac80000)
  from space 512K, 56% used [0x00000000eac80000,0x00000000eacc8000,0x00000000ead00000)
  to   space 512K, 0% used [0x00000000ead80000,0x00000000ead80000,0x00000000eae00000)
 ParOldGen       total 438784K, used 438406K [0x00000000c0000000, 0x00000000dac80000, 0x00000000eab00000)
  object space 438784K, 99% used [0x00000000c0000000,0x00000000dac219b8,0x00000000dac80000)
 Metaspace       used 66598K, committed 68160K, reserved 1114112K
  class space    used 6919K, committed 7616K, reserved 1048576K
}
Event: 66.091 GC heap after
{Heap after GC invocations=597 (full 3):
 PSYoungGen      total 2560K, used 255K [0x00000000eab00000, 0x00000000eae00000, 0x0000000100000000)
  eden space 2048K, 0% used [0x00000000eab00000,0x00000000eab00000,0x00000000ead00000)
  from space 512K, 49% used [0x00000000ead80000,0x00000000eadbff80,0x00000000eae00000)
  to   space 512K, 0% used [0x00000000ead00000,0x00000000ead00000,0x00000000ead80000)
 ParOldGen       total 438784K, used 438611K [0x00000000c0000000, 0x00000000dac80000, 0x00000000eab00000)
  object space 438784K, 99% used [0x00000000c0000000,0x00000000dac54fc0,0x00000000dac80000)
 Metaspace       used 66598K, committed 68160K, reserved 1114112K
  class space    used 6919K, committed 7616K, reserved 1048576K
}
Event: 66.170 GC heap before
{Heap before GC invocations=598 (full 3):
 PSYoungGen      total 2560K, used 2303K [0x00000000eab00000, 0x00000000eae00000, 0x0000000100000000)
  eden space 2048K, 100% used [0x00000000eab00000,0x00000000ead00000,0x00000000ead00000)
  from space 512K, 49% used [0x00000000ead80000,0x00000000eadbff80,0x00000000eae00000)
  to   space 512K, 0% used [0x00000000ead00000,0x00000000ead00000,0x00000000ead80000)
 ParOldGen       total 438784K, used 438611K [0x00000000c0000000, 0x00000000dac80000, 0x00000000eab00000)
  object space 438784K, 99% used [0x00000000c0000000,0x00000000dac54fc0,0x00000000dac80000)
 Metaspace       used 66598K, committed 68160K, reserved 1114112K
  class space    used 6919K, committed 7616K, reserved 1048576K
}
Event: 66.174 GC heap after
{Heap after GC invocations=598 (full 3):
 PSYoungGen      total 2560K, used 352K [0x00000000eab00000, 0x00000000eae00000, 0x0000000100000000)
  eden space 2048K, 0% used [0x00000000eab00000,0x00000000eab00000,0x00000000ead00000)
  from space 512K, 68% used [0x00000000ead00000,0x00000000ead58000,0x00000000ead80000)
  to   space 512K, 0% used [0x00000000ead80000,0x00000000ead80000,0x00000000eae00000)
 ParOldGen       total 439296K, used 438819K [0x00000000c0000000, 0x00000000dad00000, 0x00000000eab00000)
  object space 439296K, 99% used [0x00000000c0000000,0x00000000dac88f40,0x00000000dad00000)
 Metaspace       used 66598K, committed 68160K, reserved 1114112K
  class space    used 6919K, committed 7616K, reserved 1048576K
}
Event: 66.248 GC heap before
{Heap before GC invocations=599 (full 3):
 PSYoungGen      total 2560K, used 2400K [0x00000000eab00000, 0x00000000eae00000, 0x0000000100000000)
  eden space 2048K, 100% used [0x00000000eab00000,0x00000000ead00000,0x00000000ead00000)
  from space 512K, 68% used [0x00000000ead00000,0x00000000ead58000,0x00000000ead80000)
  to   space 512K, 0% used [0x00000000ead80000,0x00000000ead80000,0x00000000eae00000)
 ParOldGen       total 439296K, used 438819K [0x00000000c0000000, 0x00000000dad00000, 0x00000000eab00000)
  object space 439296K, 99% used [0x00000000c0000000,0x00000000dac88f40,0x00000000dad00000)
 Metaspace       used 66599K, committed 68160K, reserved 1114112K
  class space    used 6919K, committed 7616K, reserved 1048576K
}
Event: 66.250 GC heap after
{Heap after GC invocations=599 (full 3):
 PSYoungGen      total 2560K, used 352K [0x00000000eab00000, 0x00000000eae00000, 0x0000000100000000)
  eden space 2048K, 0% used [0x00000000eab00000,0x00000000eab00000,0x00000000ead00000)
  from space 512K, 68% used [0x00000000ead80000,0x00000000eadd8000,0x00000000eae00000)
  to   space 512K, 0% used [0x00000000ead00000,0x00000000ead00000,0x00000000ead80000)
 ParOldGen       total 439296K, used 439067K [0x00000000c0000000, 0x00000000dad00000, 0x00000000eab00000)
  object space 439296K, 99% used [0x00000000c0000000,0x00000000dacc6f40,0x00000000dad00000)
 Metaspace       used 66599K, committed 68160K, reserved 1114112K
  class space    used 6919K, committed 7616K, reserved 1048576K
}
Event: 66.264 GC heap before
{Heap before GC invocations=600 (full 3):
 PSYoungGen      total 2560K, used 2400K [0x00000000eab00000, 0x00000000eae00000, 0x0000000100000000)
  eden space 2048K, 100% used [0x00000000eab00000,0x00000000ead00000,0x00000000ead00000)
  from space 512K, 68% used [0x00000000ead80000,0x00000000eadd8000,0x00000000eae00000)
  to   space 512K, 0% used [0x00000000ead00000,0x00000000ead00000,0x00000000ead80000)
 ParOldGen       total 439296K, used 439067K [0x00000000c0000000, 0x00000000dad00000, 0x00000000eab00000)
  object space 439296K, 99% used [0x00000000c0000000,0x00000000dacc6f40,0x00000000dad00000)
 Metaspace       used 66599K, committed 68160K, reserved 1114112K
  class space    used 6919K, committed 7616K, reserved 1048576K
}
Event: 66.266 GC heap after
{Heap after GC invocations=600 (full 3):
 PSYoungGen      total 2560K, used 320K [0x00000000eab00000, 0x00000000eae00000, 0x0000000100000000)
  eden space 2048K, 0% used [0x00000000eab00000,0x00000000eab00000,0x00000000ead00000)
  from space 512K, 62% used [0x00000000ead00000,0x00000000ead50000,0x00000000ead80000)
  to   space 512K, 0% used [0x00000000ead80000,0x00000000ead80000,0x00000000eae00000)
 ParOldGen       total 439808K, used 439358K [0x00000000c0000000, 0x00000000dad80000, 0x00000000eab00000)
  object space 439808K, 99% used [0x00000000c0000000,0x00000000dad0fb48,0x00000000dad80000)
 Metaspace       used 66599K, committed 68160K, reserved 1114112K
  class space    used 6919K, committed 7616K, reserved 1048576K
}
Event: 66.278 GC heap before
{Heap before GC invocations=601 (full 3):
 PSYoungGen      total 2560K, used 2368K [0x00000000eab00000, 0x00000000eae00000, 0x0000000100000000)
  eden space 2048K, 100% used [0x00000000eab00000,0x00000000ead00000,0x00000000ead00000)
  from space 512K, 62% used [0x00000000ead00000,0x00000000ead50000,0x00000000ead80000)
  to   space 512K, 0% used [0x00000000ead80000,0x00000000ead80000,0x00000000eae00000)
 ParOldGen       total 439808K, used 439358K [0x00000000c0000000, 0x00000000dad80000, 0x00000000eab00000)
  object space 439808K, 99% used [0x00000000c0000000,0x00000000dad0fb48,0x00000000dad80000)
 Metaspace       used 66599K, committed 68160K, reserved 1114112K
  class space    used 6919K, committed 7616K, reserved 1048576K
}
Event: 66.281 GC heap after
{Heap after GC invocations=601 (full 3):
 PSYoungGen      total 2560K, used 288K [0x00000000eab00000, 0x00000000eae00000, 0x0000000100000000)
  eden space 2048K, 0% used [0x00000000eab00000,0x00000000eab00000,0x00000000ead00000)
  from space 512K, 56% used [0x00000000ead80000,0x00000000eadc8000,0x00000000eae00000)
  to   space 512K, 0% used [0x00000000ead00000,0x00000000ead00000,0x00000000ead80000)
 ParOldGen       total 439808K, used 439622K [0x00000000c0000000, 0x00000000dad80000, 0x00000000eab00000)
  object space 439808K, 99% used [0x00000000c0000000,0x00000000dad51b48,0x00000000dad80000)
 Metaspace       used 66599K, committed 68160K, reserved 1114112K
  class space    used 6919K, committed 7616K, reserved 1048576K
}
Event: 66.317 GC heap before
{Heap before GC invocations=602 (full 3):
 PSYoungGen      total 2560K, used 1819K [0x00000000eab00000, 0x00000000eae00000, 0x0000000100000000)
  eden space 2048K, 74% used [0x00000000eab00000,0x00000000eac7eee8,0x00000000ead00000)
  from space 512K, 56% used [0x00000000ead80000,0x00000000eadc8000,0x00000000eae00000)
  to   space 512K, 0% used [0x00000000ead00000,0x00000000ead00000,0x00000000ead80000)
 ParOldGen       total 439808K, used 439622K [0x00000000c0000000, 0x00000000dad80000, 0x00000000eab00000)
  object space 439808K, 99% used [0x00000000c0000000,0x00000000dad51b48,0x00000000dad80000)
 Metaspace       used 66599K, committed 68160K, reserved 1114112K
  class space    used 6919K, committed 7616K, reserved 1048576K
}
Event: 66.319 GC heap after
{Heap after GC invocations=602 (full 3):
 PSYoungGen      total 2560K, used 160K [0x00000000eab00000, 0x00000000eae00000, 0x0000000100000000)
  eden space 2048K, 0% used [0x00000000eab00000,0x00000000eab00000,0x00000000ead00000)
  from space 512K, 31% used [0x00000000ead00000,0x00000000ead28000,0x00000000ead80000)
  to   space 512K, 0% used [0x00000000ead80000,0x00000000ead80000,0x00000000eae00000)
 ParOldGen       total 440320K, used 439894K [0x00000000c0000000, 0x00000000dae00000, 0x00000000eab00000)
  object space 440320K, 99% used [0x00000000c0000000,0x00000000dad95b48,0x00000000dae00000)
 Metaspace       used 66599K, committed 68160K, reserved 1114112K
  class space    used 6919K, committed 7616K, reserved 1048576K
}
Event: 66.329 GC heap before
{Heap before GC invocations=603 (full 3):
 PSYoungGen      total 2560K, used 2207K [0x00000000eab00000, 0x00000000eae00000, 0x0000000100000000)
  eden space 2048K, 99% used [0x00000000eab00000,0x00000000eacffdd0,0x00000000ead00000)
  from space 512K, 31% used [0x00000000ead00000,0x00000000ead28000,0x00000000ead80000)
  to   space 512K, 0% used [0x00000000ead80000,0x00000000ead80000,0x00000000eae00000)
 ParOldGen       total 440320K, used 439894K [0x00000000c0000000, 0x00000000dae00000, 0x00000000eab00000)
  object space 440320K, 99% used [0x00000000c0000000,0x00000000dad95b48,0x00000000dae00000)
 Metaspace       used 66599K, committed 68160K, reserved 1114112K
  class space    used 6919K, committed 7616K, reserved 1048576K
}
Event: 66.332 GC heap after
{Heap after GC invocations=603 (full 3):
 PSYoungGen      total 2560K, used 258K [0x00000000eab00000, 0x00000000eae00000, 0x0000000100000000)
  eden space 2048K, 0% used [0x00000000eab00000,0x00000000eab00000,0x00000000ead00000)
  from space 512K, 50% used [0x00000000ead80000,0x00000000eadc0b28,0x00000000eae00000)
  to   space 512K, 0% used [0x00000000ead00000,0x00000000ead00000,0x00000000ead80000)
 ParOldGen       total 441344K, used 440628K [0x00000000c0000000, 0x00000000daf00000, 0x00000000eab00000)
  object space 441344K, 99% used [0x00000000c0000000,0x00000000dae4d378,0x00000000daf00000)
 Metaspace       used 66599K, committed 68160K, reserved 1114112K
  class space    used 6919K, committed 7616K, reserved 1048576K
}
Event: 66.345 GC heap before
{Heap before GC invocations=604 (full 3):
 PSYoungGen      total 2560K, used 2306K [0x00000000eab00000, 0x00000000eae00000, 0x0000000100000000)
  eden space 2048K, 100% used [0x00000000eab00000,0x00000000ead00000,0x00000000ead00000)
  from space 512K, 50% used [0x00000000ead80000,0x00000000eadc0b28,0x00000000eae00000)
  to   space 512K, 0% used [0x00000000ead00000,0x00000000ead00000,0x00000000ead80000)
 ParOldGen       total 441344K, used 440628K [0x00000000c0000000, 0x00000000daf00000, 0x00000000eab00000)
  object space 441344K, 99% used [0x00000000c0000000,0x00000000dae4d378,0x00000000daf00000)
 Metaspace       used 66599K, committed 68160K, reserved 1114112K
  class space    used 6919K, committed 7616K, reserved 1048576K
}
Event: 66.349 GC heap after
{Heap after GC invocations=604 (full 3):
 PSYoungGen      total 2560K, used 288K [0x00000000eab00000, 0x00000000eae00000, 0x0000000100000000)
  eden space 2048K, 0% used [0x00000000eab00000,0x00000000eab00000,0x00000000ead00000)
  from space 512K, 56% used [0x00000000ead00000,0x00000000ead48000,0x00000000ead80000)
  to   space 512K, 0% used [0x00000000ead80000,0x00000000ead80000,0x00000000eae00000)
 ParOldGen       total 441344K, used 440802K [0x00000000c0000000, 0x00000000daf00000, 0x00000000eab00000)
  object space 441344K, 99% used [0x00000000c0000000,0x00000000dae78b38,0x00000000daf00000)
 Metaspace       used 66599K, committed 68160K, reserved 1114112K
  class space    used 6919K, committed 7616K, reserved 1048576K
}
Event: 66.363 GC heap before
{Heap before GC invocations=605 (full 3):
 PSYoungGen      total 2560K, used 2336K [0x00000000eab00000, 0x00000000eae00000, 0x0000000100000000)
  eden space 2048K, 100% used [0x00000000eab00000,0x00000000ead00000,0x00000000ead00000)
  from space 512K, 56% used [0x00000000ead00000,0x00000000ead48000,0x00000000ead80000)
  to   space 512K, 0% used [0x00000000ead80000,0x00000000ead80000,0x00000000eae00000)
 ParOldGen       total 441344K, used 440802K [0x00000000c0000000, 0x00000000daf00000, 0x00000000eab00000)
  object space 441344K, 99% used [0x00000000c0000000,0x00000000dae78b38,0x00000000daf00000)
 Metaspace       used 66599K, committed 68160K, reserved 1114112K
  class space    used 6919K, committed 7616K, reserved 1048576K
}
Event: 66.365 GC heap after
{Heap after GC invocations=605 (full 3):
 PSYoungGen      total 2560K, used 288K [0x00000000eab00000, 0x00000000eae00000, 0x0000000100000000)
  eden space 2048K, 0% used [0x00000000eab00000,0x00000000eab00000,0x00000000ead00000)
  from space 512K, 56% used [0x00000000ead80000,0x00000000eadc8000,0x00000000eae00000)
  to   space 512K, 0% used [0x00000000ead00000,0x00000000ead00000,0x00000000ead80000)
 ParOldGen       total 441344K, used 441040K [0x00000000c0000000, 0x00000000daf00000, 0x00000000eab00000)
  object space 441344K, 99% used [0x00000000c0000000,0x00000000daeb4140,0x00000000daf00000)
 Metaspace       used 66599K, committed 68160K, reserved 1114112K
  class space    used 6919K, committed 7616K, reserved 1048576K
}

Dll operation events (12 events):
Event: 0.017 Loaded shared library c:\Users\Jared Arias\.vscode\extensions\redhat.java-1.39.0-win32-x64\jre\21.0.5-win32-x86_64\bin\java.dll
Event: 0.202 Loaded shared library c:\Users\Jared Arias\.vscode\extensions\redhat.java-1.39.0-win32-x64\jre\21.0.5-win32-x86_64\bin\zip.dll
Event: 0.262 Loaded shared library C:\Users\Jared Arias\.vscode\extensions\redhat.java-1.39.0-win32-x64\jre\21.0.5-win32-x86_64\bin\instrument.dll
Event: 0.273 Loaded shared library C:\Users\Jared Arias\.vscode\extensions\redhat.java-1.39.0-win32-x64\jre\21.0.5-win32-x86_64\bin\net.dll
Event: 0.279 Loaded shared library C:\Users\Jared Arias\.vscode\extensions\redhat.java-1.39.0-win32-x64\jre\21.0.5-win32-x86_64\bin\nio.dll
Event: 0.301 Loaded shared library C:\Users\Jared Arias\.vscode\extensions\redhat.java-1.39.0-win32-x64\jre\21.0.5-win32-x86_64\bin\zip.dll
Event: 0.375 Loaded shared library C:\Users\Jared Arias\.vscode\extensions\redhat.java-1.39.0-win32-x64\jre\21.0.5-win32-x86_64\bin\jimage.dll
Event: 0.568 Loaded shared library c:\Users\Jared Arias\.vscode\extensions\redhat.java-1.39.0-win32-x64\jre\21.0.5-win32-x86_64\bin\verify.dll
Event: 4.598 Loaded shared library C:\Users\Jared Arias\AppData\Roaming\Code\User\globalStorage\redhat.java\1.39.0\config_win\org.eclipse.equinox.launcher\org.eclipse.equinox.launcher.win32.win32.x86_64_1.2.1100.v20240722-2106\eclipse_11904.dll
Event: 10.058 Loaded shared library C:\Users\Jared Arias\AppData\Local\Temp\jna--2137832284\jna3257021560289288237.dll
Event: 53.700 Loaded shared library C:\Users\Jared Arias\.vscode\extensions\redhat.java-1.39.0-win32-x64\jre\21.0.5-win32-x86_64\bin\sunmscapi.dll
Event: 54.925 Loaded shared library C:\Users\Jared Arias\.vscode\extensions\redhat.java-1.39.0-win32-x64\jre\21.0.5-win32-x86_64\bin\extnet.dll

Deoptimization events (20 events):
Event: 66.353 Thread 0x00000220860870e0 DEOPT PACKING pc=0x000002202fbd181c sp=0x00000056866feda0
Event: 66.353 Thread 0x00000220860870e0 DEOPT UNPACKING pc=0x0000022036494223 sp=0x00000056866fe208 mode 0
Event: 66.355 Thread 0x00000220860870e0 Uncommon trap: trap_request=0xffffffe4 fr.pc=0x0000022036e71560 relative=0x0000000000006320
Event: 66.355 Thread 0x00000220860870e0 Uncommon trap: reason=range_check action=make_not_entrant pc=0x0000022036e71560 method=org.eclipse.jdt.internal.compiler.classfmt.ClassFileStruct.u2At(I)I @ 28 c2
Event: 66.355 Thread 0x00000220860870e0 DEOPT PACKING pc=0x0000022036e71560 sp=0x00000056866feec0
Event: 66.355 Thread 0x00000220860870e0 DEOPT UNPACKING pc=0x0000022036493a9c sp=0x00000056866fee08 mode 2
Event: 66.357 Thread 0x00000220860870e0 DEOPT PACKING pc=0x000002202fbb63dd sp=0x00000056866fec60
Event: 66.357 Thread 0x00000220860870e0 DEOPT UNPACKING pc=0x0000022036494223 sp=0x00000056866fe0d8 mode 0
Event: 66.360 Thread 0x00000220860870e0 DEOPT PACKING pc=0x000002202fbd181c sp=0x00000056866fede0
Event: 66.360 Thread 0x00000220860870e0 DEOPT UNPACKING pc=0x0000022036494223 sp=0x00000056866fe248 mode 0
Event: 66.363 Thread 0x00000220860870e0 DEOPT PACKING pc=0x000002202fbb63dd sp=0x00000056866fec60
Event: 66.363 Thread 0x00000220860870e0 DEOPT UNPACKING pc=0x0000022036494223 sp=0x00000056866fe0d8 mode 0
Event: 66.370 Thread 0x00000220860870e0 DEOPT PACKING pc=0x000002202fbd181c sp=0x00000056866fede0
Event: 66.370 Thread 0x00000220860870e0 DEOPT UNPACKING pc=0x0000022036494223 sp=0x00000056866fe248 mode 0
Event: 66.371 Thread 0x00000220860870e0 DEOPT PACKING pc=0x000002202fbb63dd sp=0x00000056866fec60
Event: 66.371 Thread 0x00000220860870e0 DEOPT UNPACKING pc=0x0000022036494223 sp=0x00000056866fe0d8 mode 0
Event: 66.374 Thread 0x00000220860870e0 DEOPT PACKING pc=0x000002202fbd181c sp=0x00000056866fecc0
Event: 66.374 Thread 0x00000220860870e0 DEOPT UNPACKING pc=0x0000022036494223 sp=0x00000056866fe128 mode 0
Event: 66.375 Thread 0x00000220860870e0 DEOPT PACKING pc=0x000002202fbb63dd sp=0x00000056866feac0
Event: 66.375 Thread 0x00000220860870e0 DEOPT UNPACKING pc=0x0000022036494223 sp=0x00000056866fdf38 mode 0

Classes loaded (20 events):
Event: 56.812 Loading class sun/security/ssl/PreSharedKeyExtension$PartialClientHelloMessage
Event: 56.812 Loading class sun/security/ssl/PreSharedKeyExtension$PartialClientHelloMessage done
Event: 56.812 Loading class sun/security/ssl/SSLEngineOutputRecord
Event: 56.813 Loading class sun/security/ssl/SSLEngineOutputRecord done
Event: 56.813 Loading class sun/security/ssl/SSLEngineOutputRecord$HandshakeFragment
Event: 56.814 Loading class sun/security/ssl/SSLEngineOutputRecord$HandshakeFragment done
Event: 56.814 Loading class sun/security/ssl/SSLEngineOutputRecord$HandshakeMemo
Event: 56.814 Loading class sun/security/ssl/SSLEngineOutputRecord$RecordMemo
Event: 56.814 Loading class sun/security/ssl/SSLEngineOutputRecord$RecordMemo done
Event: 56.814 Loading class sun/security/ssl/SSLEngineOutputRecord$HandshakeMemo done
Event: 56.952 Loading class sun/security/ssl/PreSharedKeyExtension$SHPreSharedKeySpec
Event: 56.952 Loading class sun/security/ssl/PreSharedKeyExtension$SHPreSharedKeySpec done
Event: 57.006 Loading class sun/net/www/http/KeepAliveCleanerEntry
Event: 57.006 Loading class sun/net/www/http/KeepAliveCleanerEntry done
Event: 57.006 Loading class sun/net/www/http/KeepAliveStream$1
Event: 57.006 Loading class sun/net/www/http/KeepAliveStream$1 done
Event: 57.009 Loading class sun/net/www/http/ChunkedInputStream
Event: 57.011 Loading class sun/net/www/http/ChunkedInputStream done
Event: 65.892 Loading class sun/nio/fs/WindowsFileCopy
Event: 65.893 Loading class sun/nio/fs/WindowsFileCopy done

Classes unloaded (7 events):
Event: 12.222 Thread 0x000002202bc61da0 Unloading class 0x000002204119d400 'java/lang/invoke/LambdaForm$MH+0x000002204119d400'
Event: 12.222 Thread 0x000002202bc61da0 Unloading class 0x000002204119d000 'java/lang/invoke/LambdaForm$MH+0x000002204119d000'
Event: 12.222 Thread 0x000002202bc61da0 Unloading class 0x000002204119cc00 'java/lang/invoke/LambdaForm$MH+0x000002204119cc00'
Event: 12.222 Thread 0x000002202bc61da0 Unloading class 0x000002204119c800 'java/lang/invoke/LambdaForm$MH+0x000002204119c800'
Event: 12.222 Thread 0x000002202bc61da0 Unloading class 0x000002204119c400 'java/lang/invoke/LambdaForm$BMH+0x000002204119c400'
Event: 12.222 Thread 0x000002202bc61da0 Unloading class 0x000002204119c000 'java/lang/invoke/LambdaForm$DMH+0x000002204119c000'
Event: 12.222 Thread 0x000002202bc61da0 Unloading class 0x000002204119ac00 'java/lang/invoke/LambdaForm$DMH+0x000002204119ac00'

Classes redefined (0 events):
No events

Internal exceptions (20 events):
Event: 57.961 Thread 0x0000022089d6de50 Exception <a 'sun/nio/fs/WindowsException'{0x00000000eac3b5b0}> (0x00000000eac3b5b0) 
thrown [s\src\hotspot\share\prims\jni.cpp, line 520]
Event: 57.962 Thread 0x0000022089d6de50 Exception <a 'sun/nio/fs/WindowsException'{0x00000000eac3c100}> (0x00000000eac3c100) 
thrown [s\src\hotspot\share\prims\jni.cpp, line 520]
Event: 58.236 Thread 0x0000022089d6de50 Exception <a 'sun/nio/fs/WindowsException'{0x00000000eadcd2a8}> (0x00000000eadcd2a8) 
thrown [s\src\hotspot\share\prims\jni.cpp, line 520]
Event: 58.236 Thread 0x0000022089d6de50 Exception <a 'sun/nio/fs/WindowsException'{0x00000000eadcddf8}> (0x00000000eadcddf8) 
thrown [s\src\hotspot\share\prims\jni.cpp, line 520]
Event: 58.670 Thread 0x0000022089d6de50 Exception <a 'sun/nio/fs/WindowsException'{0x00000000eab0d760}> (0x00000000eab0d760) 
thrown [s\src\hotspot\share\prims\jni.cpp, line 520]
Event: 58.670 Thread 0x0000022089d6de50 Exception <a 'sun/nio/fs/WindowsException'{0x00000000eab0e2b0}> (0x00000000eab0e2b0) 
thrown [s\src\hotspot\share\prims\jni.cpp, line 520]
Event: 58.779 Thread 0x0000022089d6de50 Exception <a 'sun/nio/fs/WindowsException'{0x00000000eaba1118}> (0x00000000eaba1118) 
thrown [s\src\hotspot\share\prims\jni.cpp, line 520]
Event: 58.779 Thread 0x0000022089d6de50 Exception <a 'sun/nio/fs/WindowsException'{0x00000000eaba1c68}> (0x00000000eaba1c68) 
thrown [s\src\hotspot\share\prims\jni.cpp, line 520]
Event: 58.899 Thread 0x0000022089d6de50 Exception <a 'sun/nio/fs/WindowsException'{0x00000000ead65d38}> (0x00000000ead65d38) 
thrown [s\src\hotspot\share\prims\jni.cpp, line 520]
Event: 58.899 Thread 0x0000022089d6de50 Exception <a 'sun/nio/fs/WindowsException'{0x00000000ead84dd8}> (0x00000000ead84dd8) 
thrown [s\src\hotspot\share\prims\jni.cpp, line 520]
Event: 58.972 Thread 0x0000022089d6de50 Exception <a 'sun/nio/fs/WindowsException'{0x00000000eab00e70}> (0x00000000eab00e70) 
thrown [s\src\hotspot\share\prims\jni.cpp, line 520]
Event: 58.972 Thread 0x0000022089d6de50 Exception <a 'sun/nio/fs/WindowsException'{0x00000000eab019c0}> (0x00000000eab019c0) 
thrown [s\src\hotspot\share\prims\jni.cpp, line 520]
Event: 59.142 Thread 0x0000022089d6de50 Exception <a 'sun/nio/fs/WindowsException'{0x00000000ead85808}> (0x00000000ead85808) 
thrown [s\src\hotspot\share\prims\jni.cpp, line 520]
Event: 59.145 Thread 0x0000022089d6de50 Exception <a 'sun/nio/fs/WindowsException'{0x00000000ead86358}> (0x00000000ead86358) 
thrown [s\src\hotspot\share\prims\jni.cpp, line 520]
Event: 65.894 Thread 0x00000220860870e0 Exception <a 'sun/nio/fs/WindowsException'{0x00000000eab87500}> (0x00000000eab87500) 
thrown [s\src\hotspot\share\prims\jni.cpp, line 520]
Event: 65.914 Thread 0x00000220860870e0 Exception <a 'sun/nio/fs/WindowsException'{0x00000000eabab540}> (0x00000000eabab540) 
thrown [s\src\hotspot\share\prims\jni.cpp, line 520]
Event: 65.921 Thread 0x00000220860870e0 Exception <a 'sun/nio/fs/WindowsException'{0x00000000eabbc2f8}> (0x00000000eabbc2f8) 
thrown [s\src\hotspot\share\prims\jni.cpp, line 520]
Event: 66.026 Thread 0x00000220860870e0 Exception <a 'sun/nio/fs/WindowsException'{0x00000000eab47e30}> (0x00000000eab47e30) 
thrown [s\src\hotspot\share\prims\jni.cpp, line 520]
Event: 66.071 Thread 0x00000220860870e0 Exception <a 'sun/nio/fs/WindowsException'{0x00000000eab99e38}> (0x00000000eab99e38) 
thrown [s\src\hotspot\share\prims\jni.cpp, line 520]
Event: 66.313 Thread 0x00000220860870e0 Exception <a 'sun/nio/fs/WindowsException'{0x00000000eac73578}> (0x00000000eac73578) 
thrown [s\src\hotspot\share\prims\jni.cpp, line 520]

ZGC Phase Switch (0 events):
No events

VM Operations (20 events):
Event: 66.055 Executing VM operation: ParallelGCFailedAllocation (Allocation Failure)
Event: 66.059 Executing VM operation: ParallelGCFailedAllocation (Allocation Failure) done
Event: 66.086 Executing VM operation: ParallelGCFailedAllocation (Allocation Failure)
Event: 66.091 Executing VM operation: ParallelGCFailedAllocation (Allocation Failure) done
Event: 66.170 Executing VM operation: ParallelGCFailedAllocation (Allocation Failure)
Event: 66.174 Executing VM operation: ParallelGCFailedAllocation (Allocation Failure) done
Event: 66.248 Executing VM operation: ParallelGCFailedAllocation (Allocation Failure)
Event: 66.250 Executing VM operation: ParallelGCFailedAllocation (Allocation Failure) done
Event: 66.264 Executing VM operation: ParallelGCFailedAllocation (Allocation Failure)
Event: 66.266 Executing VM operation: ParallelGCFailedAllocation (Allocation Failure) done
Event: 66.278 Executing VM operation: ParallelGCFailedAllocation (Allocation Failure)
Event: 66.281 Executing VM operation: ParallelGCFailedAllocation (Allocation Failure) done
Event: 66.317 Executing VM operation: ParallelGCFailedAllocation (Allocation Failure)
Event: 66.319 Executing VM operation: ParallelGCFailedAllocation (Allocation Failure) done
Event: 66.329 Executing VM operation: ParallelGCFailedAllocation (Allocation Failure)
Event: 66.333 Executing VM operation: ParallelGCFailedAllocation (Allocation Failure) done
Event: 66.345 Executing VM operation: ParallelGCFailedAllocation (Allocation Failure)
Event: 66.349 Executing VM operation: ParallelGCFailedAllocation (Allocation Failure) done
Event: 66.363 Executing VM operation: ParallelGCFailedAllocation (Allocation Failure)
Event: 66.366 Executing VM operation: ParallelGCFailedAllocation (Allocation Failure) done

Memory protections (0 events):
No events

Nmethod flushes (20 events):
Event: 40.081 Thread 0x000002202bc61da0 flushing  nmethod 0x000002202f87a090
Event: 40.081 Thread 0x000002202bc61da0 flushing  nmethod 0x000002202f87b090
Event: 40.081 Thread 0x000002202bc61da0 flushing  nmethod 0x000002202f87b610
Event: 40.081 Thread 0x000002202bc61da0 flushing  nmethod 0x000002202f87bb90
Event: 40.081 Thread 0x000002202bc61da0 flushing  nmethod 0x000002202f87c010
Event: 40.081 Thread 0x000002202bc61da0 flushing  nmethod 0x000002202f87c410
Event: 40.081 Thread 0x000002202bc61da0 flushing  nmethod 0x000002202f87d590
Event: 40.081 Thread 0x000002202bc61da0 flushing  nmethod 0x000002202f87dd90
Event: 40.081 Thread 0x000002202bc61da0 flushing  nmethod 0x000002202f87e310
Event: 40.081 Thread 0x000002202bc61da0 flushing  nmethod 0x000002202f87e710
Event: 40.081 Thread 0x000002202bc61da0 flushing  nmethod 0x000002202f87f210
Event: 40.081 Thread 0x000002202bc61da0 flushing  nmethod 0x000002202f87fc90
Event: 40.081 Thread 0x000002202bc61da0 flushing  nmethod 0x000002202f883990
Event: 40.081 Thread 0x000002202bc61da0 flushing  nmethod 0x000002202f889e90
Event: 40.081 Thread 0x000002202bc61da0 flushing  nmethod 0x000002202f88ae10
Event: 40.081 Thread 0x000002202bc61da0 flushing  nmethod 0x000002202f88b410
Event: 40.081 Thread 0x000002202bc61da0 flushing  nmethod 0x000002202f88b810
Event: 40.081 Thread 0x000002202bc61da0 flushing  nmethod 0x000002202f88be10
Event: 40.081 Thread 0x000002202bc61da0 flushing  nmethod 0x000002202f88d390
Event: 40.081 Thread 0x000002202bc61da0 flushing  nmethod 0x000002202f88d710

Events (20 events):
Event: 53.709 Thread 0x0000022089d6de50 Thread added: 0x0000022089d6c410
Event: 56.215 Thread 0x0000022089d6d130 Thread added: 0x0000022089d6eb70
Event: 56.246 Thread 0x0000022089d6c410 Thread added: 0x000002208da13140
Event: 56.262 Thread 0x0000022089d6eb70 Thread exited: 0x0000022089d6eb70
Event: 56.315 Thread 0x000002208da13140 Thread exited: 0x000002208da13140
Event: 56.571 Thread 0x0000022089d6c410 Thread added: 0x0000022089d6eb70
Event: 56.651 Thread 0x0000022089d6c410 Thread exited: 0x0000022089d6c410
Event: 56.963 Thread 0x0000022089d6d130 Thread added: 0x000002208da12420
Event: 56.975 Thread 0x000002208da12420 Thread exited: 0x000002208da12420
Event: 57.006 Thread 0x0000022089d6d130 Thread added: 0x000002208a270410
Event: 57.007 Thread 0x0000022089d6d130 Thread exited: 0x0000022089d6d130
Event: 58.265 Thread 0x0000022089d6de50 Thread added: 0x000002208a2752d0
Event: 58.332 Thread 0x000002208a2752d0 Thread exited: 0x000002208a2752d0
Event: 58.700 Thread 0x0000022089d6de50 Thread added: 0x000002208a273890
Event: 58.774 Thread 0x000002208a273890 Thread exited: 0x000002208a273890
Event: 58.799 Thread 0x0000022089d6de50 Thread added: 0x000002208a273200
Event: 58.863 Thread 0x000002208a273200 Thread exited: 0x000002208a273200
Event: 59.070 Thread 0x0000022089d6de50 Thread added: 0x000002208a273f20
Event: 59.118 Thread 0x000002208a273f20 Thread exited: 0x000002208a273f20
Event: 62.042 Thread 0x000002208a270410 Thread exited: 0x000002208a270410


Dynamic libraries:
0x00007ff788960000 - 0x00007ff78896e000 	c:\Users\Jared Arias\.vscode\extensions\redhat.java-1.39.0-win32-x64\jre\21.0.5-win32-x86_64\bin\java.exe
0x00007ffbf5b30000 - 0x00007ffbf5d47000 	C:\WINDOWS\SYSTEM32\ntdll.dll
0x00007ffbf44e0000 - 0x00007ffbf45a4000 	C:\WINDOWS\System32\KERNEL32.DLL
0x00007ffbf3130000 - 0x00007ffbf34ea000 	C:\WINDOWS\System32\KERNELBASE.dll
0x00007ffbf34f0000 - 0x00007ffbf3601000 	C:\WINDOWS\System32\ucrtbase.dll
0x00007ffbecb40000 - 0x00007ffbecb58000 	c:\Users\Jared Arias\.vscode\extensions\redhat.java-1.39.0-win32-x64\jre\21.0.5-win32-x86_64\bin\jli.dll
0x00007ffbf5220000 - 0x00007ffbf53ce000 	C:\WINDOWS\System32\USER32.dll
0x00007ffbf3750000 - 0x00007ffbf3776000 	C:\WINDOWS\System32\win32u.dll
0x00007ffbf3ee0000 - 0x00007ffbf3f09000 	C:\WINDOWS\System32\GDI32.dll
0x00007ffbf2df0000 - 0x00007ffbf2f0b000 	C:\WINDOWS\System32\gdi32full.dll
0x00007ffbf3780000 - 0x00007ffbf381a000 	C:\WINDOWS\System32\msvcp_win.dll
0x00007ffbecb20000 - 0x00007ffbecb3e000 	c:\Users\Jared Arias\.vscode\extensions\redhat.java-1.39.0-win32-x64\jre\21.0.5-win32-x86_64\bin\VCRUNTIME140.dll
0x00007ffbde570000 - 0x00007ffbde802000 	C:\WINDOWS\WinSxS\amd64_microsoft.windows.common-controls_6595b64144ccf1df_6.0.22621.4541_none_2710d1c57384c085\COMCTL32.dll
0x00007ffbf5170000 - 0x00007ffbf5217000 	C:\WINDOWS\System32\msvcrt.dll
0x00007ffbf3bd0000 - 0x00007ffbf3c01000 	C:\WINDOWS\System32\IMM32.DLL
0x00007ffbef4e0000 - 0x00007ffbef4ec000 	c:\Users\Jared Arias\.vscode\extensions\redhat.java-1.39.0-win32-x64\jre\21.0.5-win32-x86_64\bin\vcruntime140_1.dll
0x00007ffb864b0000 - 0x00007ffb8653d000 	c:\Users\Jared Arias\.vscode\extensions\redhat.java-1.39.0-win32-x64\jre\21.0.5-win32-x86_64\bin\msvcp140.dll
0x00007ffb72940000 - 0x00007ffb736cf000 	c:\Users\Jared Arias\.vscode\extensions\redhat.java-1.39.0-win32-x64\jre\21.0.5-win32-x86_64\bin\server\jvm.dll
0x00007ffbf3ae0000 - 0x00007ffbf3b92000 	C:\WINDOWS\System32\ADVAPI32.dll
0x00007ffbf3a30000 - 0x00007ffbf3ad7000 	C:\WINDOWS\System32\sechost.dll
0x00007ffbf3080000 - 0x00007ffbf30a8000 	C:\WINDOWS\System32\bcrypt.dll
0x00007ffbf5050000 - 0x00007ffbf5164000 	C:\WINDOWS\System32\RPCRT4.dll
0x00007ffbf5a70000 - 0x00007ffbf5ae1000 	C:\WINDOWS\System32\WS2_32.dll
0x00007ffbf2cc0000 - 0x00007ffbf2d0d000 	C:\WINDOWS\SYSTEM32\POWRPROF.dll
0x00007ffbeec50000 - 0x00007ffbeec84000 	C:\WINDOWS\SYSTEM32\WINMM.dll
0x00007ffbeea50000 - 0x00007ffbeea5a000 	C:\WINDOWS\SYSTEM32\VERSION.dll
0x00007ffbf2ca0000 - 0x00007ffbf2cb3000 	C:\WINDOWS\SYSTEM32\UMPDC.dll
0x00007ffbf1e30000 - 0x00007ffbf1e48000 	C:\WINDOWS\SYSTEM32\kernel.appcore.dll
0x00007ffb86620000 - 0x00007ffb8662a000 	c:\Users\Jared Arias\.vscode\extensions\redhat.java-1.39.0-win32-x64\jre\21.0.5-win32-x86_64\bin\jimage.dll
0x00007ffbf06a0000 - 0x00007ffbf08d2000 	C:\WINDOWS\SYSTEM32\DBGHELP.DLL
0x00007ffbf3fc0000 - 0x00007ffbf4351000 	C:\WINDOWS\System32\combase.dll
0x00007ffbf4620000 - 0x00007ffbf46f7000 	C:\WINDOWS\System32\OLEAUT32.dll
0x00007ffbd1790000 - 0x00007ffbd17c2000 	C:\WINDOWS\SYSTEM32\dbgcore.DLL
0x00007ffbf30b0000 - 0x00007ffbf312b000 	C:\WINDOWS\System32\bcryptPrimitives.dll
0x00007ffbd87f0000 - 0x00007ffbd87ff000 	c:\Users\Jared Arias\.vscode\extensions\redhat.java-1.39.0-win32-x64\jre\21.0.5-win32-x86_64\bin\instrument.dll
0x00007ffb86480000 - 0x00007ffb8649f000 	c:\Users\Jared Arias\.vscode\extensions\redhat.java-1.39.0-win32-x64\jre\21.0.5-win32-x86_64\bin\java.dll
0x00007ffbf4780000 - 0x00007ffbf4ff9000 	C:\WINDOWS\System32\SHELL32.dll
0x00007ffbf0d30000 - 0x00007ffbf1639000 	C:\WINDOWS\SYSTEM32\windows.storage.dll
0x00007ffbf0bf0000 - 0x00007ffbf0d2f000 	C:\WINDOWS\SYSTEM32\wintypes.dll
0x00007ffbf3930000 - 0x00007ffbf3a2a000 	C:\WINDOWS\System32\SHCORE.dll
0x00007ffbf5850000 - 0x00007ffbf58ae000 	C:\WINDOWS\System32\shlwapi.dll
0x00007ffbf2d20000 - 0x00007ffbf2d4b000 	C:\WINDOWS\SYSTEM32\profapi.dll
0x00007ffb86460000 - 0x00007ffb86478000 	c:\Users\Jared Arias\.vscode\extensions\redhat.java-1.39.0-win32-x64\jre\21.0.5-win32-x86_64\bin\zip.dll
0x00007ffb86450000 - 0x00007ffb86460000 	C:\Users\Jared Arias\.vscode\extensions\redhat.java-1.39.0-win32-x64\jre\21.0.5-win32-x86_64\bin\net.dll
0x00007ffbec720000 - 0x00007ffbec856000 	C:\WINDOWS\SYSTEM32\WINHTTP.dll
0x00007ffbf22b0000 - 0x00007ffbf2319000 	C:\WINDOWS\system32\mswsock.dll
0x00007ffb86430000 - 0x00007ffb86446000 	C:\Users\Jared Arias\.vscode\extensions\redhat.java-1.39.0-win32-x64\jre\21.0.5-win32-x86_64\bin\nio.dll
0x00007ffb86420000 - 0x00007ffb86430000 	c:\Users\Jared Arias\.vscode\extensions\redhat.java-1.39.0-win32-x64\jre\21.0.5-win32-x86_64\bin\verify.dll
0x00007ffbd8800000 - 0x00007ffbd8845000 	C:\Users\Jared Arias\AppData\Roaming\Code\User\globalStorage\redhat.java\1.39.0\config_win\org.eclipse.equinox.launcher\org.eclipse.equinox.launcher.win32.win32.x86_64_1.2.1100.v20240722-2106\eclipse_11904.dll
0x00007ffbf58c0000 - 0x00007ffbf5a65000 	C:\WINDOWS\System32\ole32.dll
0x00007ffbf2500000 - 0x00007ffbf251b000 	C:\WINDOWS\SYSTEM32\CRYPTSP.dll
0x00007ffbf1d90000 - 0x00007ffbf1dc5000 	C:\WINDOWS\system32\rsaenh.dll
0x00007ffbf23a0000 - 0x00007ffbf23c8000 	C:\WINDOWS\SYSTEM32\USERENV.dll
0x00007ffbf2520000 - 0x00007ffbf252c000 	C:\WINDOWS\SYSTEM32\CRYPTBASE.dll
0x00007ffbf18e0000 - 0x00007ffbf190d000 	C:\WINDOWS\SYSTEM32\IPHLPAPI.DLL
0x00007ffbf44d0000 - 0x00007ffbf44d9000 	C:\WINDOWS\System32\NSI.dll
0x00007ffbcde20000 - 0x00007ffbcde69000 	C:\Users\Jared Arias\AppData\Local\Temp\jna--2137832284\jna3257021560289288237.dll
0x00007ffbf58b0000 - 0x00007ffbf58b8000 	C:\WINDOWS\System32\PSAPI.DLL
0x00007ffbec650000 - 0x00007ffbec669000 	C:\WINDOWS\SYSTEM32\dhcpcsvc6.DLL
0x00007ffbec630000 - 0x00007ffbec64f000 	C:\WINDOWS\SYSTEM32\dhcpcsvc.DLL
0x00007ffbecb80000 - 0x00007ffbecb8e000 	C:\Users\Jared Arias\.vscode\extensions\redhat.java-1.39.0-win32-x64\jre\21.0.5-win32-x86_64\bin\sunmscapi.dll
0x00007ffbf2f10000 - 0x00007ffbf3076000 	C:\WINDOWS\System32\CRYPT32.dll
0x00007ffbf26c0000 - 0x00007ffbf26ed000 	C:\WINDOWS\SYSTEM32\ncrypt.dll
0x00007ffbf2680000 - 0x00007ffbf26b7000 	C:\WINDOWS\SYSTEM32\NTASN1.dll
0x00007ffbf1910000 - 0x00007ffbf1a12000 	C:\WINDOWS\SYSTEM32\DNSAPI.dll
0x00007ffbd71d0000 - 0x00007ffbd71da000 	C:\Windows\System32\rasadhlp.dll
0x00007ffbe8be0000 - 0x00007ffbe8c63000 	C:\WINDOWS\System32\fwpuclnt.dll
0x00007ffbe8ab0000 - 0x00007ffbe8ab9000 	C:\Users\Jared Arias\.vscode\extensions\redhat.java-1.39.0-win32-x64\jre\21.0.5-win32-x86_64\bin\extnet.dll

dbghelp: loaded successfully - version: 4.0.5 - missing functions: none
symbol engine: initialized successfully - sym options: 0x614 - pdb path: .;c:\Users\Jared Arias\.vscode\extensions\redhat.java-1.39.0-win32-x64\jre\21.0.5-win32-x86_64\bin;C:\WINDOWS\SYSTEM32;C:\WINDOWS\WinSxS\amd64_microsoft.windows.common-controls_6595b64144ccf1df_6.0.22621.4541_none_2710d1c57384c085;c:\Users\Jared Arias\.vscode\extensions\redhat.java-1.39.0-win32-x64\jre\21.0.5-win32-x86_64\bin\server;C:\Users\Jared Arias\AppData\Roaming\Code\User\globalStorage\redhat.java\1.39.0\config_win\org.eclipse.equinox.launcher\org.eclipse.equinox.launcher.win32.win32.x86_64_1.2.1100.v20240722-2106;C:\Users\Jared Arias\AppData\Local\Temp\jna--2137832284

VM Arguments:
jvm_args: --add-modules=ALL-SYSTEM --add-opens=java.base/java.util=ALL-UNNAMED --add-opens=java.base/java.lang=ALL-UNNAMED --add-opens=java.base/sun.nio.fs=ALL-UNNAMED -Declipse.application=org.eclipse.jdt.ls.core.id1 -Dosgi.bundles.defaultStartLevel=4 -Declipse.product=org.eclipse.jdt.ls.core.product -Djava.import.generatesMetadataFilesAtProjectRoot=false -DDetectVMInstallationsJob.disabled=true -Dfile.encoding=utf8 -XX:+UseParallelGC -XX:GCTimeRatio=4 -XX:AdaptiveSizePolicyWeight=90 -Dsun.zip.disableMemoryMapping=true -Xmx1G -Xms100m -Xlog:disable -javaagent:c:\Users\Jared Arias\.vscode\extensions\redhat.java-1.39.0-win32-x64\lombok\lombok-1.18.34.jar -XX:+HeapDumpOnOutOfMemoryError -XX:HeapDumpPath=c:\Users\Jared Arias\AppData\Roaming\Code\User\workspaceStorage\4c65120b4480031d53d7a77dba535181\redhat.java -Daether.dependencyCollector.impl=bf 
java_command: c:\Users\Jared Arias\.vscode\extensions\redhat.java-1.39.0-win32-x64\server\plugins\org.eclipse.equinox.launcher_1.6.900.v20240613-2009.jar -configuration c:\Users\Jared Arias\AppData\Roaming\Code\User\globalStorage\redhat.java\1.39.0\config_win -data c:\Users\Jared Arias\AppData\Roaming\Code\User\workspaceStorage\4c65120b4480031d53d7a77dba535181\redhat.java\jdt_ws --pipe=\\.\pipe\lsp-bb1e8027a04854f3a630d3e36b89f74a-sock
java_class_path (initial): c:\Users\Jared Arias\.vscode\extensions\redhat.java-1.39.0-win32-x64\server\plugins\org.eclipse.equinox.launcher_1.6.900.v20240613-2009.jar
Launcher Type: SUN_STANDARD

[Global flags]
    uintx AdaptiveSizePolicyWeight                 = 90                                        {product} {command line}
     intx CICompilerCount                          = 3                                         {product} {ergonomic}
    uintx GCTimeRatio                              = 4                                         {product} {command line}
     bool HeapDumpOnOutOfMemoryError               = true                                   {manageable} {command line}
    ccstr HeapDumpPath                             = c:\Users\Jared Arias\AppData\Roaming\Code\User\workspaceStorage\4c65120b4480031d53d7a77dba535181\redhat.java         {manageable} {command line}
   size_t InitialHeapSize                          = 104857600                                 {product} {command line}
   size_t MaxHeapSize                              = 1073741824                                {product} {command line}
   size_t MaxNewSize                               = 357564416                                 {product} {ergonomic}
   size_t MinHeapDeltaBytes                        = 524288                                    {product} {ergonomic}
   size_t MinHeapSize                              = 104857600                                 {product} {command line}
   size_t NewSize                                  = 34603008                                  {product} {ergonomic}
    uintx NonNMethodCodeHeapSize                   = 5832780                                {pd product} {ergonomic}
    uintx NonProfiledCodeHeapSize                  = 122912730                              {pd product} {ergonomic}
   size_t OldSize                                  = 70254592                                  {product} {ergonomic}
    uintx ProfiledCodeHeapSize                     = 122912730                              {pd product} {ergonomic}
    uintx ReservedCodeCacheSize                    = 251658240                              {pd product} {ergonomic}
     bool SegmentedCodeCache                       = true                                      {product} {ergonomic}
   size_t SoftMaxHeapSize                          = 1073741824                             {manageable} {ergonomic}
     bool UseCompressedOops                        = true                           {product lp64_product} {ergonomic}
     bool UseLargePagesIndividualAllocation        = false                                  {pd product} {ergonomic}
     bool UseParallelGC                            = true                                      {product} {command line}

Logging:
Log output configuration:
 #0: stdout all=off uptime,level,tags foldmultilines=false
 #1: stderr all=off uptime,level,tags foldmultilines=false

Environment Variables:
JAVA_HOME="C:\dev\jdk-11.0.23_windows-x64_bin.exe"
PATH=C:\Program Files\Common Files\Oracle\Java\javapath;C:\WINDOWS\system32;C:\WINDOWS;C:\WINDOWS\System32\Wbem;C:\WINDOWS\System32\WindowsPowerShell\v1.0\;C:\WINDOWS\System32\OpenSSH\;C:\dev\flutter\bin;C:\dart-sdk\bin;C:\Program Files\Git\cmd;C:\dev\java-1.8.0-openjdk-1.8.0.422-1.b05.redhat.windows.x86_64\bin;C:\Program Files\nodejs\;C:\Program Files (x86)\Windows Kits\10\Windows Performance Toolkit\;C:\ProgramData\chocolatey\bin;C:\Program Files\MongoDB\Server\8.0\bin;C:\Program Files\MongoDB\mongosh-2.3.7-win32-x64\bin;C:\Users\Jared Arias\AppData\Local\Microsoft\WindowsApps;C:\Users\Jared Arias\AppData\Local\Programs\Microsoft VS Code\bin;C:\dev\flutter\bin;C:\dart-sdk\bin;C:\dev\java-1.8.0-openjdk-1.8.0.422-1.b05.redhat.windows.x86_64\bin;C:\Users\Jared Arias\AppData\Roaming\npm;C:\Users\Jared Arias\AppData\Local\Microsoft\WinGet\Packages\Schniz.fnm_Microsoft.Winget.Source_8wekyb3d8bbwe;C:\Program Files (x86)\MongoDB Atlas CLI\
USERNAME=Jared Arias
OS=Windows_NT
PROCESSOR_IDENTIFIER=Intel64 Family 6 Model 122 Stepping 8, GenuineIntel
TMP=C:\Users\JAREDA~1\AppData\Local\Temp
TEMP=C:\Users\JAREDA~1\AppData\Local\Temp




Periodic native trim disabled

---------------  S Y S T E M  ---------------

OS:
 Windows 11 , 64 bit Build 22621 (10.0.22621.4391)
OS uptime: 0 days 8:11 hours

CPU: total 4 (initial active 4) (4 cores per cpu, 1 threads per core) family 6 model 122 stepping 8 microcode 0x20, cx8, cmov, fxsr, mmx, 3dnowpref, sse, sse2, sse3, ssse3, sse4.1, sse4.2, popcnt, tsc, tscinvbit, aes, erms, clmul, sha, clflush, clflushopt, rdtscp, rdpid
Processor Information for all 4 processors :
  Max Mhz: 1101, Current Mhz: 1101, Mhz Limit: 1101

Memory: 4k page, system-wide physical 3858M (327M free)
TotalPageFile size 15634M (AvailPageFile size 8M)
current process WorkingSet (physical memory assigned to process): 571M, peak: 571M
current process commit charge ("private bytes"): 675M, peak: 676M

vm_info: OpenJDK 64-Bit Server VM (21.0.5+11-LTS) for windows-amd64 JRE (21.0.5+11-LTS), built on 2024-10-15T00:00:00Z by "admin" with MS VC++ 17.7 (VS2022)

END.
