#
# There is insufficient memory for the Java Runtime Environment to continue.
# Native memory allocation (malloc) failed to allocate 1776976 bytes. Error detail: Chunk::new
# Possible reasons:
#   The system is out of physical RAM or swap space
#   This process is running with CompressedOops enabled, and the Java Heap may be blocking the growth of the native heap
# Possible solutions:
#   Reduce memory load on the system
#   Increase physical memory or swap space
#   Check if swap backing store is full
#   Decrease Java heap size (-Xmx/-Xms)
#   Decrease number of Java threads
#   Decrease Java thread stack sizes (-Xss)
#   Set larger code cache with -XX:ReservedCodeCacheSize=
#   JVM is running with Unscaled Compressed Oops mode in which the Java heap is
#     placed in the first 4GB address space. The Java Heap base address is the
#     maximum limit for the native heap growth. Please use -XX:HeapBaseMinAddress
#     to set the Java Heap base and to place the Java Heap above 4GB virtual address.
# This output file may be truncated or incomplete.
#
#  Out of Memory Error (arena.cpp:168), pid=15080, tid=19528
#
# JRE version: OpenJDK Runtime Environment Temurin-21.0.5+11 (21.0.5+11) (build 21.0.5+11-LTS)
# Java VM: OpenJDK 64-Bit Server VM Temurin-21.0.5+11 (21.0.5+11-LTS, mixed mode, sharing, tiered, compressed oops, compressed class ptrs, parallel gc, windows-amd64)
# No core dump will be written. Minidumps are not enabled by default on client versions of Windows
#

---------------  S U M M A R Y ------------

Command Line: --add-modules=ALL-SYSTEM --add-opens=java.base/java.util=ALL-UNNAMED --add-opens=java.base/java.lang=ALL-UNNAMED --add-opens=java.base/sun.nio.fs=ALL-UNNAMED -Declipse.application=org.eclipse.jdt.ls.core.id1 -Dosgi.bundles.defaultStartLevel=4 -Declipse.product=org.eclipse.jdt.ls.core.product -Djava.import.generatesMetadataFilesAtProjectRoot=false -DDetectVMInstallationsJob.disabled=true -Dfile.encoding=utf8 -XX:+UseParallelGC -XX:GCTimeRatio=4 -XX:AdaptiveSizePolicyWeight=90 -Dsun.zip.disableMemoryMapping=true -Xmx1G -Xms100m -Xlog:disable -javaagent:c:\Users\Jared Arias\.vscode\extensions\redhat.java-1.39.0-win32-x64\lombok\lombok-1.18.34.jar -XX:+HeapDumpOnOutOfMemoryError -XX:HeapDumpPath=c:\Users\Jared Arias\AppData\Roaming\Code\User\workspaceStorage\4c65120b4480031d53d7a77dba535181\redhat.java -Daether.dependencyCollector.impl=bf c:\Users\Jared Arias\.vscode\extensions\redhat.java-1.39.0-win32-x64\server\plugins\org.eclipse.equinox.launcher_1.6.900.v20240613-2009.jar -configuration c:\Users\Jared Arias\AppData\Roaming\Code\User\globalStorage\redhat.java\1.39.0\config_win -data c:\Users\Jared Arias\AppData\Roaming\Code\User\workspaceStorage\4c65120b4480031d53d7a77dba535181\redhat.java\jdt_ws --pipe=\\.\pipe\lsp-fdcc3c204aa3b15c240f532442b6d10b-sock

Host: Intel(R) Celeron(R) N4120 CPU @ 1.10GHz, 4 cores, 3G,  Windows 11 , 64 bit Build 22621 (10.0.22621.4391)
Time: Thu Feb  6 10:20:51 2025 Hora est. Pacífico, Sudamérica elapsed time: 47.182987 seconds (0d 0h 0m 47s)

---------------  T H R E A D  ---------------

Current thread (0x00000139f654bd70):  JavaThread "C2 CompilerThread0" daemon [_thread_in_native, id=19528, stack(0x0000000bf3500000,0x0000000bf3600000) (1024K)]


Current CompileTask:
C2:47183 11668 % !   4       org.eclipse.jdt.internal.compiler.classfmt.ClassFileReader::<init> @ 81 (2135 bytes)

Stack: [0x0000000bf3500000,0x0000000bf3600000]
Native frames: (J=compiled Java code, j=interpreted, Vv=VM code, C=native code)
V  [jvm.dll+0x6cd4e9]
V  [jvm.dll+0x8a7941]
V  [jvm.dll+0x8a9e6e]
V  [jvm.dll+0x8aa543]
V  [jvm.dll+0x27f6d6]
V  [jvm.dll+0xc500d]
V  [jvm.dll+0xc5543]
V  [jvm.dll+0x3b65d2]
V  [jvm.dll+0x1dffe9]
V  [jvm.dll+0x247b22]
V  [jvm.dll+0x246faf]
V  [jvm.dll+0x1c75ce]
V  [jvm.dll+0x25682a]
V  [jvm.dll+0x254dca]
V  [jvm.dll+0x3f00d6]
V  [jvm.dll+0x8514fb]
V  [jvm.dll+0x6cbbed]
C  [ucrtbase.dll+0x29333]
C  [KERNEL32.DLL+0x1259d]
C  [ntdll.dll+0x5af38]


---------------  P R O C E S S  ---------------

Threads class SMR info:
_java_thread_list=0x00000139f793db30, length=47, elements={
0x00000139ef1633e0, 0x00000139ef21d340, 0x00000139f652ffd0, 0x00000139f6536340,
0x00000139f6536f90, 0x00000139f653a840, 0x00000139f653afd0, 0x00000139f654bd70,
0x00000139f654e4d0, 0x00000139f74205a0, 0x00000139f76b52b0, 0x00000139fc2d1260,
0x00000139fc23a180, 0x00000139f7aa1380, 0x00000139fc1e63a0, 0x00000139fc64a870,
0x00000139fc925940, 0x00000139fc9cc560, 0x00000139fc9cecc0, 0x00000139fc9cd910,
0x00000139fc9ce630, 0x00000139fc9cf350, 0x00000139fc9ccbf0, 0x00000139fc9cd280,
0x00000139fc9cdfa0, 0x00000139fc9cf9e0, 0x00000139fe0bae30, 0x00000139fe0bc870,
0x00000139fe0b8040, 0x00000139fe0b86d0, 0x00000139fe0bdc20, 0x00000139fe0bbb50,
0x00000139fe0b8d60, 0x00000139fe0bc1e0, 0x00000139fe0be940, 0x00000139fe0befd0,
0x00000139fe0ba110, 0x00000139fe0b93f0, 0x00000139fe0bb4c0, 0x00000139fe0b9a80,
0x00000139fe0ba7a0, 0x00000139ff45efb0, 0x00000139ff45bb30, 0x00000139ff45d570,
0x00000139ff45dc00, 0x00000139ff45e920, 0x00000139ff45c1c0
}

Java Threads: ( => current thread )
  0x00000139ef1633e0 JavaThread "main"                              [_thread_blocked, id=16416, stack(0x0000000bf2b00000,0x0000000bf2c00000) (1024K)]
  0x00000139ef21d340 JavaThread "Reference Handler"          daemon [_thread_blocked, id=2320, stack(0x0000000bf2f00000,0x0000000bf3000000) (1024K)]
  0x00000139f652ffd0 JavaThread "Finalizer"                  daemon [_thread_blocked, id=16584, stack(0x0000000bf3000000,0x0000000bf3100000) (1024K)]
  0x00000139f6536340 JavaThread "Signal Dispatcher"          daemon [_thread_blocked, id=16648, stack(0x0000000bf3100000,0x0000000bf3200000) (1024K)]
  0x00000139f6536f90 JavaThread "Attach Listener"            daemon [_thread_blocked, id=18456, stack(0x0000000bf3200000,0x0000000bf3300000) (1024K)]
  0x00000139f653a840 JavaThread "Service Thread"             daemon [_thread_blocked, id=16660, stack(0x0000000bf3300000,0x0000000bf3400000) (1024K)]
  0x00000139f653afd0 JavaThread "Monitor Deflation Thread"   daemon [_thread_blocked, id=15788, stack(0x0000000bf3400000,0x0000000bf3500000) (1024K)]
=>0x00000139f654bd70 JavaThread "C2 CompilerThread0"         daemon [_thread_in_native, id=19528, stack(0x0000000bf3500000,0x0000000bf3600000) (1024K)]
  0x00000139f654e4d0 JavaThread "C1 CompilerThread0"         daemon [_thread_blocked, id=14064, stack(0x0000000bf3600000,0x0000000bf3700000) (1024K)]
  0x00000139f74205a0 JavaThread "Common-Cleaner"             daemon [_thread_blocked, id=8952, stack(0x0000000bf3700000,0x0000000bf3800000) (1024K)]
  0x00000139f76b52b0 JavaThread "Notification Thread"        daemon [_thread_blocked, id=19304, stack(0x0000000bf3900000,0x0000000bf3a00000) (1024K)]
  0x00000139fc2d1260 JavaThread "Active Thread: Equinox Container: d574d657-362a-4104-9798-6fecbf3d3f4d"        [_thread_blocked, id=15492, stack(0x0000000bf3d00000,0x0000000bf3e00000) (1024K)]
  0x00000139fc23a180 JavaThread "Refresh Thread: Equinox Container: d574d657-362a-4104-9798-6fecbf3d3f4d" daemon [_thread_blocked, id=20040, stack(0x0000000bf3e00000,0x0000000bf3f00000) (1024K)]
  0x00000139f7aa1380 JavaThread "Framework Event Dispatcher: Equinox Container: d574d657-362a-4104-9798-6fecbf3d3f4d" daemon [_thread_blocked, id=1592, stack(0x0000000bf3f00000,0x0000000bf4000000) (1024K)]
  0x00000139fc1e63a0 JavaThread "Start Level: Equinox Container: d574d657-362a-4104-9798-6fecbf3d3f4d" daemon [_thread_blocked, id=15400, stack(0x0000000bf4000000,0x0000000bf4100000) (1024K)]
  0x00000139fc64a870 JavaThread "Bundle File Closer"         daemon [_thread_blocked, id=16468, stack(0x0000000bf4100000,0x0000000bf4200000) (1024K)]
  0x00000139fc925940 JavaThread "SCR Component Actor"        daemon [_thread_blocked, id=19300, stack(0x0000000bf4200000,0x0000000bf4300000) (1024K)]
  0x00000139fc9cc560 JavaThread "Worker-JM"                         [_thread_blocked, id=18260, stack(0x0000000bf4300000,0x0000000bf4400000) (1024K)]
  0x00000139fc9cecc0 JavaThread "JNA Cleaner"                daemon [_thread_blocked, id=13440, stack(0x0000000bf4400000,0x0000000bf4500000) (1024K)]
  0x00000139fc9cd910 JavaThread "Worker-0"                          [_thread_blocked, id=12192, stack(0x0000000bf4500000,0x0000000bf4600000) (1024K)]
  0x00000139fc9ce630 JavaThread "Worker-1"                          [_thread_blocked, id=4444, stack(0x0000000bf4600000,0x0000000bf4700000) (1024K)]
  0x00000139fc9cf350 JavaThread "Worker-2: Java indexing... "        [_thread_blocked, id=16080, stack(0x0000000bf4800000,0x0000000bf4900000) (1024K)]
  0x00000139fc9ccbf0 JavaThread "Java indexing"              daemon [_thread_in_native, id=17620, stack(0x0000000bf4900000,0x0000000bf4a00000) (1024K)]
  0x00000139fc9cd280 JavaThread "Worker-3: Check JDK Index"         [_thread_blocked, id=19012, stack(0x0000000bf4c00000,0x0000000bf4d00000) (1024K)]
  0x00000139fc9cdfa0 JavaThread "Worker-4"                          [_thread_blocked, id=17100, stack(0x0000000bf4d00000,0x0000000bf4e00000) (1024K)]
  0x00000139fc9cf9e0 JavaThread "Thread-2"                   daemon [_thread_in_native, id=16288, stack(0x0000000bf4e00000,0x0000000bf4f00000) (1024K)]
  0x00000139fe0bae30 JavaThread "Thread-3"                   daemon [_thread_in_native, id=18092, stack(0x0000000bf4f00000,0x0000000bf5000000) (1024K)]
  0x00000139fe0bc870 JavaThread "Thread-4"                   daemon [_thread_in_native, id=12864, stack(0x0000000bf5000000,0x0000000bf5100000) (1024K)]
  0x00000139fe0b8040 JavaThread "Thread-5"                   daemon [_thread_in_native, id=10140, stack(0x0000000bf5100000,0x0000000bf5200000) (1024K)]
  0x00000139fe0b86d0 JavaThread "Thread-6"                   daemon [_thread_in_native, id=15316, stack(0x0000000bf5200000,0x0000000bf5300000) (1024K)]
  0x00000139fe0bdc20 JavaThread "pool-2-thread-1"                   [_thread_blocked, id=19928, stack(0x0000000bf5300000,0x0000000bf5400000) (1024K)]
  0x00000139fe0bbb50 JavaThread "Worker-5"                          [_thread_blocked, id=15148, stack(0x0000000bf5400000,0x0000000bf5500000) (1024K)]
  0x00000139fe0b8d60 JavaThread "WorkspaceEventsHandler"            [_thread_blocked, id=3632, stack(0x0000000bf5500000,0x0000000bf5600000) (1024K)]
  0x00000139fe0bc1e0 JavaThread "pool-1-thread-1"                   [_thread_blocked, id=5828, stack(0x0000000bf5600000,0x0000000bf5700000) (1024K)]
  0x00000139fe0be940 JavaThread "Worker-6"                          [_thread_blocked, id=5200, stack(0x0000000bf5700000,0x0000000bf5800000) (1024K)]
  0x00000139fe0befd0 JavaThread "LocalFile Deleter"          daemon [_thread_blocked, id=11868, stack(0x0000000bf3800000,0x0000000bf3900000) (1024K)]
  0x00000139fe0ba110 JavaThread "LocalFile Deleter"          daemon [_thread_blocked, id=4048, stack(0x0000000bf5800000,0x0000000bf5900000) (1024K)]
  0x00000139fe0b93f0 JavaThread "LocalFile Deleter"          daemon [_thread_blocked, id=1512, stack(0x0000000bf5900000,0x0000000bf5a00000) (1024K)]
  0x00000139fe0bb4c0 JavaThread "LocalFile Deleter"          daemon [_thread_blocked, id=12232, stack(0x0000000bf5a00000,0x0000000bf5b00000) (1024K)]
  0x00000139fe0b9a80 JavaThread "Compiler Source File Reader" daemon [_thread_blocked, id=12412, stack(0x0000000bf5b00000,0x0000000bf5c00000) (1024K)]
  0x00000139fe0ba7a0 JavaThread "Compiler Processing Task"   daemon [_thread_blocked, id=1508, stack(0x0000000bf5c00000,0x0000000bf5d00000) (1024K)]
  0x00000139ff45efb0 JavaThread "Compiler Class File Writer" daemon [_thread_blocked, id=10964, stack(0x0000000bf5d00000,0x0000000bf5e00000) (1024K)]
  0x00000139ff45bb30 JavaThread "Compiler Source File Reader" daemon [_thread_blocked, id=17328, stack(0x0000000bf5e00000,0x0000000bf5f00000) (1024K)]
  0x00000139ff45d570 JavaThread "Compiler Class File Writer" daemon [_thread_blocked, id=15992, stack(0x0000000bf5f00000,0x0000000bf6000000) (1024K)]
  0x00000139ff45dc00 JavaThread "ForkJoinPool.commonPool-worker-1" daemon [_thread_blocked, id=11180, stack(0x0000000bf6000000,0x0000000bf6100000) (1024K)]
  0x00000139ff45e920 JavaThread "ForkJoinPool.commonPool-worker-2" daemon [_thread_blocked, id=8668, stack(0x0000000bf6100000,0x0000000bf6200000) (1024K)]
  0x00000139ff45c1c0 JavaThread "ForkJoinPool.commonPool-worker-3" daemon [_thread_blocked, id=16940, stack(0x0000000bf6200000,0x0000000bf6300000) (1024K)]
Total: 47

Other Threads:
  0x00000139ef0439c0 VMThread "VM Thread"                           [id=11948, stack(0x0000000bf2e00000,0x0000000bf2f00000) (1024K)]
  0x00000139ef1cd800 WatcherThread "VM Periodic Task Thread"        [id=14976, stack(0x0000000bf2d00000,0x0000000bf2e00000) (1024K)]
  0x00000139ef0427a0 WorkerThread "GC Thread#0"                     [id=3932, stack(0x0000000bf2c00000,0x0000000bf2d00000) (1024K)]
  0x00000139ef043d60 WorkerThread "GC Thread#1"                     [id=16888, stack(0x0000000bf3a00000,0x0000000bf3b00000) (1024K)]
  0x00000139ef044100 WorkerThread "GC Thread#2"                     [id=10288, stack(0x0000000bf3b00000,0x0000000bf3c00000) (1024K)]
  0x00000139ef042ee0 WorkerThread "GC Thread#3"                     [id=16404, stack(0x0000000bf3c00000,0x0000000bf3d00000) (1024K)]
Total: 6

Threads with active compile tasks:
C2 CompilerThread0  47241 11668 % !   4       org.eclipse.jdt.internal.compiler.classfmt.ClassFileReader::<init> @ 81 (2135 bytes)
Total: 1

VM state: not at safepoint (normal execution)

VM Mutex/Monitor currently owned by a thread: None

Heap address: 0x00000000c0000000, size: 1024 MB, Compressed Oops mode: 32-bit

CDS archive(s) mapped at: [0x000001398f000000-0x000001398fba0000-0x000001398fba0000), size 12189696, SharedBaseAddress: 0x000001398f000000, ArchiveRelocationMode: 1.
Compressed class space mapped at: 0x0000013990000000-0x00000139d0000000, reserved size: 1073741824
Narrow klass base: 0x000001398f000000, Narrow klass shift: 0, Narrow klass range: 0x100000000

GC Precious Log:
 CardTable entry size: 512
 CPUs: 4 total, 4 available
 Memory: 3858M
 Large Page Support: Disabled
 NUMA Support: Disabled
 Compressed Oops: Enabled (32-bit)
 Alignments: Space 512K, Generation 512K, Heap 2M
 Heap Min Capacity: 100M
 Heap Initial Capacity: 100M
 Heap Max Capacity: 1G
 Pre-touch: Disabled
 Parallel Workers: 4

Heap:
 PSYoungGen      total 3072K, used 2848K [0x00000000eab00000, 0x00000000eae80000, 0x0000000100000000)
  eden space 2560K, 100% used [0x00000000eab00000,0x00000000ead80000,0x00000000ead80000)
  from space 512K, 56% used [0x00000000ead80000,0x00000000eadc8000,0x00000000eae00000)
  to   space 512K, 0% used [0x00000000eae00000,0x00000000eae00000,0x00000000eae80000)
 ParOldGen       total 489984K, used 489841K [0x00000000c0000000, 0x00000000dde80000, 0x00000000eab00000)
  object space 489984K, 99% used [0x00000000c0000000,0x00000000dde5c640,0x00000000dde80000)
 Metaspace       used 59834K, committed 61312K, reserved 1114112K
  class space    used 6166K, committed 6784K, reserved 1048576K

Card table byte_map: [0x00000139f3e80000,0x00000139f4090000] _byte_map_base: 0x00000139f3880000

Marking Bits: (ParMarkBitMap*) 0x00007ffb735f2250
 Begin Bits: [0x00000139f41f0000, 0x00000139f51f0000)
 End Bits:   [0x00000139f51f0000, 0x00000139f61f0000)

Polling page: 0x00000139ef010000

Metaspace:

Usage:
  Non-class:     52.41 MB used.
      Class:      6.02 MB used.
       Both:     58.43 MB used.

Virtual space:
  Non-class space:       64.00 MB reserved,      53.25 MB ( 83%) committed,  1 nodes.
      Class space:        1.00 GB reserved,       6.62 MB ( <1%) committed,  1 nodes.
             Both:        1.06 GB reserved,      59.88 MB (  6%) committed. 

Chunk freelists:
   Non-Class:  9.89 MB
       Class:  9.36 MB
        Both:  19.25 MB

MaxMetaspaceSize: unlimited
CompressedClassSpaceSize: 1.00 GB
Initial GC threshold: 21.00 MB
Current GC threshold: 97.31 MB
CDS: on
 - commit_granule_bytes: 65536.
 - commit_granule_words: 8192.
 - virtual_space_node_default_size: 8388608.
 - enlarge_chunks_in_place: 1.
 - use_allocation_guard: 0.


Internal statistics:

num_allocs_failed_limit: 9.
num_arena_births: 1076.
num_arena_deaths: 16.
num_vsnodes_births: 2.
num_vsnodes_deaths: 0.
num_space_committed: 958.
num_space_uncommitted: 0.
num_chunks_returned_to_freelist: 26.
num_chunks_taken_from_freelist: 3918.
num_chunk_merges: 15.
num_chunk_splits: 2380.
num_chunks_enlarged: 1330.
num_inconsistent_stats: 0.

CodeHeap 'non-profiled nmethods': size=120000Kb used=7424Kb max_used=7424Kb free=112575Kb
 bounds [0x0000013987ad0000, 0x0000013988220000, 0x000001398f000000]
CodeHeap 'profiled nmethods': size=120000Kb used=22954Kb max_used=22954Kb free=97045Kb
 bounds [0x0000013980000000, 0x0000013981670000, 0x0000013987530000]
CodeHeap 'non-nmethods': size=5760Kb used=1419Kb max_used=1496Kb free=4340Kb
 bounds [0x0000013987530000, 0x00000139877a0000, 0x0000013987ad0000]
 total_blobs=11620 nmethods=10889 adapters=638
 compilation: enabled
              stopped_count=0, restarted_count=0
 full_count=0

Compilation events (20 events):
Event: 46.523 Thread 0x00000139f654e4d0 11673       3       java.io.RandomAccessFile::<init> (275 bytes)
Event: 46.525 Thread 0x00000139f654e4d0 nmethod 11673 0x0000013981664a90 code [0x0000013981664e00, 0x00000139816660b8]
Event: 46.525 Thread 0x00000139f654e4d0 11674       2       org.eclipse.core.runtime.jobs.JobChangeAdapter::aboutToRun (1 bytes)
Event: 46.526 Thread 0x00000139f654e4d0 nmethod 11674 0x000001398096be10 code [0x000001398096bfa0, 0x000001398096c0a8]
Event: 46.560 Thread 0x00000139f654e4d0 11675   !   2       org.eclipse.core.internal.jobs.JobManager::findBlockingJob (179 bytes)
Event: 46.565 Thread 0x00000139f654e4d0 nmethod 11675 0x0000013981666810 code [0x0000013981666ac0, 0x0000013981667348]
Event: 46.566 Thread 0x00000139f654e4d0 11676       2       java.lang.Double::compare (54 bytes)
Event: 46.566 Thread 0x00000139f654e4d0 nmethod 11676 0x0000013981667910 code [0x0000013981667ac0, 0x0000013981667da8]
Event: 46.569 Thread 0x00000139f654e4d0 11677       2       org.eclipse.jdt.internal.compiler.ast.Annotation::getTargetElementType (278 bytes)
Event: 46.570 Thread 0x00000139f654e4d0 nmethod 11677 0x0000013981667e90 code [0x0000013981668120, 0x0000013981668780]
Event: 46.583 Thread 0x00000139f654e4d0 11678       2       java.lang.Exception::<init> (5 bytes)
Event: 46.599 Thread 0x00000139f654e4d0 nmethod 11678 0x0000013981668990 code [0x0000013981668b40, 0x0000013981668cc0]
Event: 46.599 Thread 0x00000139f654e4d0 11679       2       org.eclipse.core.runtime.Status::matches (13 bytes)
Event: 46.599 Thread 0x00000139f654e4d0 nmethod 11679 0x0000013981668d90 code [0x0000013981668f40, 0x0000013981669088]
Event: 46.604 Thread 0x00000139f654e4d0 11680   !   2       java.io.BufferedWriter::flushBuffer (63 bytes)
Event: 46.605 Thread 0x00000139f654e4d0 nmethod 11680 0x0000013981669110 code [0x0000013981669380, 0x0000013981669a68]
Event: 47.111 Thread 0x00000139f654e4d0 11682  s    2       org.eclipse.jdt.internal.core.search.processing.JobManager::currentJobForced (28 bytes)
Event: 47.112 Thread 0x00000139f654e4d0 nmethod 11682 0x0000013981669f90 code [0x000001398166a160, 0x000001398166a468]
Event: 47.112 Thread 0x00000139f654e4d0 11683  s    2       org.eclipse.jdt.internal.core.search.processing.JobManager::isEnabled (11 bytes)
Event: 47.112 Thread 0x00000139f654e4d0 nmethod 11683 0x000001398166a590 code [0x000001398166a740, 0x000001398166a980]

GC Heap History (20 events):
Event: 46.996 GC heap before
{Heap before GC invocations=828 (full 3):
 PSYoungGen      total 3072K, used 2944K [0x00000000eab00000, 0x00000000eae80000, 0x0000000100000000)
  eden space 2560K, 100% used [0x00000000eab00000,0x00000000ead80000,0x00000000ead80000)
  from space 512K, 75% used [0x00000000eae00000,0x00000000eae60000,0x00000000eae80000)
  to   space 512K, 0% used [0x00000000ead80000,0x00000000ead80000,0x00000000eae00000)
 ParOldGen       total 486400K, used 486367K [0x00000000c0000000, 0x00000000ddb00000, 0x00000000eab00000)
  object space 486400K, 99% used [0x00000000c0000000,0x00000000ddaf7c18,0x00000000ddb00000)
 Metaspace       used 59833K, committed 61312K, reserved 1114112K
  class space    used 6166K, committed 6784K, reserved 1048576K
}
Event: 46.999 GC heap after
{Heap after GC invocations=828 (full 3):
 PSYoungGen      total 3072K, used 256K [0x00000000eab00000, 0x00000000eae80000, 0x0000000100000000)
  eden space 2560K, 0% used [0x00000000eab00000,0x00000000eab00000,0x00000000ead80000)
  from space 512K, 50% used [0x00000000ead80000,0x00000000eadc0000,0x00000000eae00000)
  to   space 512K, 0% used [0x00000000eae00000,0x00000000eae00000,0x00000000eae80000)
 ParOldGen       total 486912K, used 486698K [0x00000000c0000000, 0x00000000ddb80000, 0x00000000eab00000)
  object space 486912K, 99% used [0x00000000c0000000,0x00000000ddb4a820,0x00000000ddb80000)
 Metaspace       used 59833K, committed 61312K, reserved 1114112K
  class space    used 6166K, committed 6784K, reserved 1048576K
}
Event: 47.014 GC heap before
{Heap before GC invocations=829 (full 3):
 PSYoungGen      total 3072K, used 2816K [0x00000000eab00000, 0x00000000eae80000, 0x0000000100000000)
  eden space 2560K, 100% used [0x00000000eab00000,0x00000000ead80000,0x00000000ead80000)
  from space 512K, 50% used [0x00000000ead80000,0x00000000eadc0000,0x00000000eae00000)
  to   space 512K, 0% used [0x00000000eae00000,0x00000000eae00000,0x00000000eae80000)
 ParOldGen       total 486912K, used 486698K [0x00000000c0000000, 0x00000000ddb80000, 0x00000000eab00000)
  object space 486912K, 99% used [0x00000000c0000000,0x00000000ddb4a820,0x00000000ddb80000)
 Metaspace       used 59833K, committed 61312K, reserved 1114112K
  class space    used 6166K, committed 6784K, reserved 1048576K
}
Event: 47.017 GC heap after
{Heap after GC invocations=829 (full 3):
 PSYoungGen      total 3072K, used 342K [0x00000000eab00000, 0x00000000eae80000, 0x0000000100000000)
  eden space 2560K, 0% used [0x00000000eab00000,0x00000000eab00000,0x00000000ead80000)
  from space 512K, 66% used [0x00000000eae00000,0x00000000eae55808,0x00000000eae80000)
  to   space 512K, 0% used [0x00000000ead80000,0x00000000ead80000,0x00000000eae00000)
 ParOldGen       total 486912K, used 486890K [0x00000000c0000000, 0x00000000ddb80000, 0x00000000eab00000)
  object space 486912K, 99% used [0x00000000c0000000,0x00000000ddb7a820,0x00000000ddb80000)
 Metaspace       used 59833K, committed 61312K, reserved 1114112K
  class space    used 6166K, committed 6784K, reserved 1048576K
}
Event: 47.031 GC heap before
{Heap before GC invocations=830 (full 3):
 PSYoungGen      total 3072K, used 2902K [0x00000000eab00000, 0x00000000eae80000, 0x0000000100000000)
  eden space 2560K, 100% used [0x00000000eab00000,0x00000000ead80000,0x00000000ead80000)
  from space 512K, 66% used [0x00000000eae00000,0x00000000eae55808,0x00000000eae80000)
  to   space 512K, 0% used [0x00000000ead80000,0x00000000ead80000,0x00000000eae00000)
 ParOldGen       total 486912K, used 486890K [0x00000000c0000000, 0x00000000ddb80000, 0x00000000eab00000)
  object space 486912K, 99% used [0x00000000c0000000,0x00000000ddb7a820,0x00000000ddb80000)
 Metaspace       used 59833K, committed 61312K, reserved 1114112K
  class space    used 6166K, committed 6784K, reserved 1048576K
}
Event: 47.035 GC heap after
{Heap after GC invocations=830 (full 3):
 PSYoungGen      total 3072K, used 288K [0x00000000eab00000, 0x00000000eae80000, 0x0000000100000000)
  eden space 2560K, 0% used [0x00000000eab00000,0x00000000eab00000,0x00000000ead80000)
  from space 512K, 56% used [0x00000000ead80000,0x00000000eadc8000,0x00000000eae00000)
  to   space 512K, 0% used [0x00000000eae00000,0x00000000eae00000,0x00000000eae80000)
 ParOldGen       total 487424K, used 487152K [0x00000000c0000000, 0x00000000ddc00000, 0x00000000eab00000)
  object space 487424K, 99% used [0x00000000c0000000,0x00000000ddbbc028,0x00000000ddc00000)
 Metaspace       used 59833K, committed 61312K, reserved 1114112K
  class space    used 6166K, committed 6784K, reserved 1048576K
}
Event: 47.051 GC heap before
{Heap before GC invocations=831 (full 3):
 PSYoungGen      total 3072K, used 2848K [0x00000000eab00000, 0x00000000eae80000, 0x0000000100000000)
  eden space 2560K, 100% used [0x00000000eab00000,0x00000000ead80000,0x00000000ead80000)
  from space 512K, 56% used [0x00000000ead80000,0x00000000eadc8000,0x00000000eae00000)
  to   space 512K, 0% used [0x00000000eae00000,0x00000000eae00000,0x00000000eae80000)
 ParOldGen       total 487424K, used 487152K [0x00000000c0000000, 0x00000000ddc00000, 0x00000000eab00000)
  object space 487424K, 99% used [0x00000000c0000000,0x00000000ddbbc028,0x00000000ddc00000)
 Metaspace       used 59833K, committed 61312K, reserved 1114112K
  class space    used 6166K, committed 6784K, reserved 1048576K
}
Event: 47.053 GC heap after
{Heap after GC invocations=831 (full 3):
 PSYoungGen      total 3072K, used 430K [0x00000000eab00000, 0x00000000eae80000, 0x0000000100000000)
  eden space 2560K, 0% used [0x00000000eab00000,0x00000000eab00000,0x00000000ead80000)
  from space 512K, 84% used [0x00000000eae00000,0x00000000eae6ba80,0x00000000eae80000)
  to   space 512K, 0% used [0x00000000ead80000,0x00000000ead80000,0x00000000eae00000)
 ParOldGen       total 487424K, used 487376K [0x00000000c0000000, 0x00000000ddc00000, 0x00000000eab00000)
  object space 487424K, 99% used [0x00000000c0000000,0x00000000ddbf4028,0x00000000ddc00000)
 Metaspace       used 59833K, committed 61312K, reserved 1114112K
  class space    used 6166K, committed 6784K, reserved 1048576K
}
Event: 47.071 GC heap before
{Heap before GC invocations=832 (full 3):
 PSYoungGen      total 3072K, used 2990K [0x00000000eab00000, 0x00000000eae80000, 0x0000000100000000)
  eden space 2560K, 100% used [0x00000000eab00000,0x00000000ead80000,0x00000000ead80000)
  from space 512K, 84% used [0x00000000eae00000,0x00000000eae6ba80,0x00000000eae80000)
  to   space 512K, 0% used [0x00000000ead80000,0x00000000ead80000,0x00000000eae00000)
 ParOldGen       total 487424K, used 487376K [0x00000000c0000000, 0x00000000ddc00000, 0x00000000eab00000)
  object space 487424K, 99% used [0x00000000c0000000,0x00000000ddbf4028,0x00000000ddc00000)
 Metaspace       used 59833K, committed 61312K, reserved 1114112K
  class space    used 6166K, committed 6784K, reserved 1048576K
}
Event: 47.074 GC heap after
{Heap after GC invocations=832 (full 3):
 PSYoungGen      total 3072K, used 416K [0x00000000eab00000, 0x00000000eae80000, 0x0000000100000000)
  eden space 2560K, 0% used [0x00000000eab00000,0x00000000eab00000,0x00000000ead80000)
  from space 512K, 81% used [0x00000000ead80000,0x00000000eade8000,0x00000000eae00000)
  to   space 512K, 0% used [0x00000000eae00000,0x00000000eae00000,0x00000000eae80000)
 ParOldGen       total 487936K, used 487648K [0x00000000c0000000, 0x00000000ddc80000, 0x00000000eab00000)
  object space 487936K, 99% used [0x00000000c0000000,0x00000000ddc38028,0x00000000ddc80000)
 Metaspace       used 59833K, committed 61312K, reserved 1114112K
  class space    used 6166K, committed 6784K, reserved 1048576K
}
Event: 47.090 GC heap before
{Heap before GC invocations=833 (full 3):
 PSYoungGen      total 3072K, used 2976K [0x00000000eab00000, 0x00000000eae80000, 0x0000000100000000)
  eden space 2560K, 100% used [0x00000000eab00000,0x00000000ead80000,0x00000000ead80000)
  from space 512K, 81% used [0x00000000ead80000,0x00000000eade8000,0x00000000eae00000)
  to   space 512K, 0% used [0x00000000eae00000,0x00000000eae00000,0x00000000eae80000)
 ParOldGen       total 487936K, used 487648K [0x00000000c0000000, 0x00000000ddc80000, 0x00000000eab00000)
  object space 487936K, 99% used [0x00000000c0000000,0x00000000ddc38028,0x00000000ddc80000)
 Metaspace       used 59833K, committed 61312K, reserved 1114112K
  class space    used 6166K, committed 6784K, reserved 1048576K
}
Event: 47.092 GC heap after
{Heap after GC invocations=833 (full 3):
 PSYoungGen      total 3072K, used 288K [0x00000000eab00000, 0x00000000eae80000, 0x0000000100000000)
  eden space 2560K, 0% used [0x00000000eab00000,0x00000000eab00000,0x00000000ead80000)
  from space 512K, 56% used [0x00000000eae00000,0x00000000eae48000,0x00000000eae80000)
  to   space 512K, 0% used [0x00000000ead80000,0x00000000ead80000,0x00000000eae00000)
 ParOldGen       total 488448K, used 487968K [0x00000000c0000000, 0x00000000ddd00000, 0x00000000eab00000)
  object space 488448K, 99% used [0x00000000c0000000,0x00000000ddc88028,0x00000000ddd00000)
 Metaspace       used 59833K, committed 61312K, reserved 1114112K
  class space    used 6166K, committed 6784K, reserved 1048576K
}
Event: 47.108 GC heap before
{Heap before GC invocations=834 (full 3):
 PSYoungGen      total 3072K, used 2848K [0x00000000eab00000, 0x00000000eae80000, 0x0000000100000000)
  eden space 2560K, 100% used [0x00000000eab00000,0x00000000ead80000,0x00000000ead80000)
  from space 512K, 56% used [0x00000000eae00000,0x00000000eae48000,0x00000000eae80000)
  to   space 512K, 0% used [0x00000000ead80000,0x00000000ead80000,0x00000000eae00000)
 ParOldGen       total 488448K, used 487968K [0x00000000c0000000, 0x00000000ddd00000, 0x00000000eab00000)
  object space 488448K, 99% used [0x00000000c0000000,0x00000000ddc88028,0x00000000ddd00000)
 Metaspace       used 59833K, committed 61312K, reserved 1114112K
  class space    used 6166K, committed 6784K, reserved 1048576K
}
Event: 47.110 GC heap after
{Heap after GC invocations=834 (full 3):
 PSYoungGen      total 3072K, used 364K [0x00000000eab00000, 0x00000000eae80000, 0x0000000100000000)
  eden space 2560K, 0% used [0x00000000eab00000,0x00000000eab00000,0x00000000ead80000)
  from space 512K, 71% used [0x00000000ead80000,0x00000000eaddb008,0x00000000eae00000)
  to   space 512K, 0% used [0x00000000eae00000,0x00000000eae00000,0x00000000eae80000)
 ParOldGen       total 488448K, used 488208K [0x00000000c0000000, 0x00000000ddd00000, 0x00000000eab00000)
  object space 488448K, 99% used [0x00000000c0000000,0x00000000ddcc4028,0x00000000ddd00000)
 Metaspace       used 59833K, committed 61312K, reserved 1114112K
  class space    used 6166K, committed 6784K, reserved 1048576K
}
Event: 47.128 GC heap before
{Heap before GC invocations=835 (full 3):
 PSYoungGen      total 3072K, used 2924K [0x00000000eab00000, 0x00000000eae80000, 0x0000000100000000)
  eden space 2560K, 100% used [0x00000000eab00000,0x00000000ead80000,0x00000000ead80000)
  from space 512K, 71% used [0x00000000ead80000,0x00000000eaddb008,0x00000000eae00000)
  to   space 512K, 0% used [0x00000000eae00000,0x00000000eae00000,0x00000000eae80000)
 ParOldGen       total 488448K, used 488208K [0x00000000c0000000, 0x00000000ddd00000, 0x00000000eab00000)
  object space 488448K, 99% used [0x00000000c0000000,0x00000000ddcc4028,0x00000000ddd00000)
 Metaspace       used 59834K, committed 61312K, reserved 1114112K
  class space    used 6166K, committed 6784K, reserved 1048576K
}
Event: 47.131 GC heap after
{Heap after GC invocations=835 (full 3):
 PSYoungGen      total 3072K, used 320K [0x00000000eab00000, 0x00000000eae80000, 0x0000000100000000)
  eden space 2560K, 0% used [0x00000000eab00000,0x00000000eab00000,0x00000000ead80000)
  from space 512K, 62% used [0x00000000eae00000,0x00000000eae50000,0x00000000eae80000)
  to   space 512K, 0% used [0x00000000ead80000,0x00000000ead80000,0x00000000eae00000)
 ParOldGen       total 488960K, used 488548K [0x00000000c0000000, 0x00000000ddd80000, 0x00000000eab00000)
  object space 488960K, 99% used [0x00000000c0000000,0x00000000ddd19030,0x00000000ddd80000)
 Metaspace       used 59834K, committed 61312K, reserved 1114112K
  class space    used 6166K, committed 6784K, reserved 1048576K
}
Event: 47.146 GC heap before
{Heap before GC invocations=836 (full 3):
 PSYoungGen      total 3072K, used 2879K [0x00000000eab00000, 0x00000000eae80000, 0x0000000100000000)
  eden space 2560K, 99% used [0x00000000eab00000,0x00000000ead7fc40,0x00000000ead80000)
  from space 512K, 62% used [0x00000000eae00000,0x00000000eae50000,0x00000000eae80000)
  to   space 512K, 0% used [0x00000000ead80000,0x00000000ead80000,0x00000000eae00000)
 ParOldGen       total 488960K, used 488548K [0x00000000c0000000, 0x00000000ddd80000, 0x00000000eab00000)
  object space 488960K, 99% used [0x00000000c0000000,0x00000000ddd19030,0x00000000ddd80000)
 Metaspace       used 59834K, committed 61312K, reserved 1114112K
  class space    used 6166K, committed 6784K, reserved 1048576K
}
Event: 47.150 GC heap after
{Heap after GC invocations=836 (full 3):
 PSYoungGen      total 3072K, used 320K [0x00000000eab00000, 0x00000000eae80000, 0x0000000100000000)
  eden space 2560K, 0% used [0x00000000eab00000,0x00000000eab00000,0x00000000ead80000)
  from space 512K, 62% used [0x00000000ead80000,0x00000000eadd0000,0x00000000eae00000)
  to   space 512K, 0% used [0x00000000eae00000,0x00000000eae00000,0x00000000eae80000)
 ParOldGen       total 488960K, used 488809K [0x00000000c0000000, 0x00000000ddd80000, 0x00000000eab00000)
  object space 488960K, 99% used [0x00000000c0000000,0x00000000ddd5a640,0x00000000ddd80000)
 Metaspace       used 59834K, committed 61312K, reserved 1114112K
  class space    used 6166K, committed 6784K, reserved 1048576K
}
Event: 47.165 GC heap before
{Heap before GC invocations=837 (full 3):
 PSYoungGen      total 3072K, used 2880K [0x00000000eab00000, 0x00000000eae80000, 0x0000000100000000)
  eden space 2560K, 100% used [0x00000000eab00000,0x00000000ead80000,0x00000000ead80000)
  from space 512K, 62% used [0x00000000ead80000,0x00000000eadd0000,0x00000000eae00000)
  to   space 512K, 0% used [0x00000000eae00000,0x00000000eae00000,0x00000000eae80000)
 ParOldGen       total 488960K, used 488809K [0x00000000c0000000, 0x00000000ddd80000, 0x00000000eab00000)
  object space 488960K, 99% used [0x00000000c0000000,0x00000000ddd5a640,0x00000000ddd80000)
 Metaspace       used 59834K, committed 61312K, reserved 1114112K
  class space    used 6166K, committed 6784K, reserved 1048576K
}
Event: 47.168 GC heap after
{Heap after GC invocations=837 (full 3):
 PSYoungGen      total 3072K, used 288K [0x00000000eab00000, 0x00000000eae80000, 0x0000000100000000)
  eden space 2560K, 0% used [0x00000000eab00000,0x00000000eab00000,0x00000000ead80000)
  from space 512K, 56% used [0x00000000eae00000,0x00000000eae48000,0x00000000eae80000)
  to   space 512K, 0% used [0x00000000ead80000,0x00000000ead80000,0x00000000eae00000)
 ParOldGen       total 489472K, used 489057K [0x00000000c0000000, 0x00000000dde00000, 0x00000000eab00000)
  object space 489472K, 99% used [0x00000000c0000000,0x00000000ddd98640,0x00000000dde00000)
 Metaspace       used 59834K, committed 61312K, reserved 1114112K
  class space    used 6166K, committed 6784K, reserved 1048576K
}

Dll operation events (10 events):
Event: 0.019 Loaded shared library c:\Users\Jared Arias\.vscode\extensions\redhat.java-1.39.0-win32-x64\jre\21.0.5-win32-x86_64\bin\java.dll
Event: 0.121 Loaded shared library c:\Users\Jared Arias\.vscode\extensions\redhat.java-1.39.0-win32-x64\jre\21.0.5-win32-x86_64\bin\zip.dll
Event: 0.155 Loaded shared library C:\Users\Jared Arias\.vscode\extensions\redhat.java-1.39.0-win32-x64\jre\21.0.5-win32-x86_64\bin\instrument.dll
Event: 0.163 Loaded shared library C:\Users\Jared Arias\.vscode\extensions\redhat.java-1.39.0-win32-x64\jre\21.0.5-win32-x86_64\bin\net.dll
Event: 0.165 Loaded shared library C:\Users\Jared Arias\.vscode\extensions\redhat.java-1.39.0-win32-x64\jre\21.0.5-win32-x86_64\bin\nio.dll
Event: 0.170 Loaded shared library C:\Users\Jared Arias\.vscode\extensions\redhat.java-1.39.0-win32-x64\jre\21.0.5-win32-x86_64\bin\zip.dll
Event: 0.196 Loaded shared library C:\Users\Jared Arias\.vscode\extensions\redhat.java-1.39.0-win32-x64\jre\21.0.5-win32-x86_64\bin\jimage.dll
Event: 0.310 Loaded shared library c:\Users\Jared Arias\.vscode\extensions\redhat.java-1.39.0-win32-x64\jre\21.0.5-win32-x86_64\bin\verify.dll
Event: 2.467 Loaded shared library C:\Users\Jared Arias\AppData\Roaming\Code\User\globalStorage\redhat.java\1.39.0\config_win\org.eclipse.equinox.launcher\org.eclipse.equinox.launcher.win32.win32.x86_64_1.2.1100.v20240722-2106\eclipse_11904.dll
Event: 4.874 Loaded shared library C:\Users\Jared Arias\AppData\Local\Temp\jna--2137832284\jna6573411237113364342.dll

Deoptimization events (20 events):
Event: 47.088 Thread 0x00000139fc9ccbf0 DEOPT PACKING pc=0x0000013980ca94e5 sp=0x0000000bf49fec50
Event: 47.088 Thread 0x00000139fc9ccbf0 DEOPT UNPACKING pc=0x0000013987584223 sp=0x0000000bf49fe068 mode 0
Event: 47.088 Thread 0x00000139fc9ccbf0 DEOPT PACKING pc=0x0000013980c9fc5d sp=0x0000000bf49fecf0
Event: 47.088 Thread 0x00000139fc9ccbf0 DEOPT UNPACKING pc=0x0000013987584223 sp=0x0000000bf49fe178 mode 0
Event: 47.101 Thread 0x00000139fc9ccbf0 DEOPT PACKING pc=0x0000013980c9fc5d sp=0x0000000bf49fecf0
Event: 47.101 Thread 0x00000139fc9ccbf0 DEOPT UNPACKING pc=0x0000013987584223 sp=0x0000000bf49fe178 mode 0
Event: 47.114 Thread 0x00000139fc9ccbf0 DEOPT PACKING pc=0x0000013980c9fc5d sp=0x0000000bf49fecf0
Event: 47.114 Thread 0x00000139fc9ccbf0 DEOPT UNPACKING pc=0x0000013987584223 sp=0x0000000bf49fe178 mode 0
Event: 47.126 Thread 0x00000139fc9ccbf0 DEOPT PACKING pc=0x0000013980c9fc5d sp=0x0000000bf49fecf0
Event: 47.126 Thread 0x00000139fc9ccbf0 DEOPT UNPACKING pc=0x0000013987584223 sp=0x0000000bf49fe178 mode 0
Event: 47.136 Thread 0x00000139fc9ccbf0 DEOPT PACKING pc=0x0000013980ca94e5 sp=0x0000000bf49fec50
Event: 47.137 Thread 0x00000139fc9ccbf0 DEOPT UNPACKING pc=0x0000013987584223 sp=0x0000000bf49fe068 mode 0
Event: 47.139 Thread 0x00000139fc9ccbf0 DEOPT PACKING pc=0x0000013980c9fc5d sp=0x0000000bf49fecf0
Event: 47.139 Thread 0x00000139fc9ccbf0 DEOPT UNPACKING pc=0x0000013987584223 sp=0x0000000bf49fe178 mode 0
Event: 47.154 Thread 0x00000139fc9ccbf0 DEOPT PACKING pc=0x0000013980c9fc5d sp=0x0000000bf49fecf0
Event: 47.154 Thread 0x00000139fc9ccbf0 DEOPT UNPACKING pc=0x0000013987584223 sp=0x0000000bf49fe178 mode 0
Event: 47.163 Thread 0x00000139fc9ccbf0 DEOPT PACKING pc=0x0000013980c9fc5d sp=0x0000000bf49febd0
Event: 47.163 Thread 0x00000139fc9ccbf0 DEOPT UNPACKING pc=0x0000013987584223 sp=0x0000000bf49fe058 mode 0
Event: 47.175 Thread 0x00000139fc9ccbf0 DEOPT PACKING pc=0x0000013980c9fc5d sp=0x0000000bf49fecf0
Event: 47.175 Thread 0x00000139fc9ccbf0 DEOPT UNPACKING pc=0x0000013987584223 sp=0x0000000bf49fe178 mode 0

Classes loaded (20 events):
Event: 24.897 Loading class java/lang/invoke/MethodHandleImpl$CountingWrapper$1
Event: 24.897 Loading class java/lang/invoke/MethodHandleImpl$CountingWrapper$1 done
Event: 31.283 Loading class java/util/stream/ReduceOps$5
Event: 31.283 Loading class java/util/stream/ReduceOps$5 done
Event: 31.283 Loading class java/util/stream/ReduceOps$CountingSink$OfRef
Event: 31.283 Loading class java/util/stream/ReduceOps$CountingSink
Event: 31.283 Loading class java/util/stream/ReduceOps$CountingSink done
Event: 31.283 Loading class java/util/stream/ReduceOps$CountingSink$OfRef done
Event: 32.306 Loading class sun/nio/cs/ISO_8859_1$Encoder
Event: 32.307 Loading class sun/nio/cs/ISO_8859_1$Encoder done
Event: 32.307 Loading class sun/nio/cs/Surrogate$Parser
Event: 32.307 Loading class sun/nio/cs/Surrogate$Parser done
Event: 32.307 Loading class sun/nio/cs/Surrogate
Event: 32.307 Loading class sun/nio/cs/Surrogate done
Event: 32.406 Loading class java/util/stream/ReduceOps$1
Event: 32.406 Loading class java/util/stream/ReduceOps$1 done
Event: 32.406 Loading class java/util/stream/ReduceOps$1ReducingSink
Event: 32.407 Loading class java/util/stream/ReduceOps$1ReducingSink done
Event: 41.138 Loading class sun/nio/fs/WindowsFileCopy
Event: 41.139 Loading class sun/nio/fs/WindowsFileCopy done

Classes unloaded (8 events):
Event: 5.989 Thread 0x00000139ef0439c0 Unloading class 0x0000013990193c00 'java/lang/invoke/LambdaForm$MH+0x0000013990193c00'
Event: 5.989 Thread 0x00000139ef0439c0 Unloading class 0x0000013990193800 'java/lang/invoke/LambdaForm$MH+0x0000013990193800'
Event: 5.989 Thread 0x00000139ef0439c0 Unloading class 0x0000013990193400 'java/lang/invoke/LambdaForm$MH+0x0000013990193400'
Event: 5.989 Thread 0x00000139ef0439c0 Unloading class 0x0000013990193000 'java/lang/invoke/LambdaForm$MH+0x0000013990193000'
Event: 5.989 Thread 0x00000139ef0439c0 Unloading class 0x0000013990192c00 'java/lang/invoke/LambdaForm$BMH+0x0000013990192c00'
Event: 5.989 Thread 0x00000139ef0439c0 Unloading class 0x0000013990192800 'java/lang/invoke/LambdaForm$DMH+0x0000013990192800'
Event: 5.989 Thread 0x00000139ef0439c0 Unloading class 0x0000013990191400 'java/lang/invoke/LambdaForm$DMH+0x0000013990191400'
Event: 23.638 Thread 0x00000139ef0439c0 Unloading class 0x0000013990644800 'java/lang/invoke/LambdaForm$DMH+0x0000013990644800'

Classes redefined (0 events):
No events

Internal exceptions (20 events):
Event: 43.197 Thread 0x00000139fc9ccbf0 Exception <a 'sun/nio/fs/WindowsException'{0x00000000eabda1c8}> (0x00000000eabda1c8) 
thrown [s\src\hotspot\share\prims\jni.cpp, line 520]
Event: 43.203 Thread 0x00000139fc9ccbf0 Exception <a 'sun/nio/fs/WindowsException'{0x00000000eabebf78}> (0x00000000eabebf78) 
thrown [s\src\hotspot\share\prims\jni.cpp, line 520]
Event: 44.097 Thread 0x00000139fc9ccbf0 Exception <a 'sun/nio/fs/WindowsException'{0x00000000eac286a0}> (0x00000000eac286a0) 
thrown [s\src\hotspot\share\prims\jni.cpp, line 520]
Event: 44.178 Thread 0x00000139fc9ccbf0 Exception <a 'sun/nio/fs/WindowsException'{0x00000000eabe59a0}> (0x00000000eabe59a0) 
thrown [s\src\hotspot\share\prims\jni.cpp, line 520]
Event: 44.263 Thread 0x00000139fc9ccbf0 Exception <a 'sun/nio/fs/WindowsException'{0x00000000eac935b8}> (0x00000000eac935b8) 
thrown [s\src\hotspot\share\prims\jni.cpp, line 520]
Event: 44.961 Thread 0x00000139fc9ccbf0 Exception <a 'sun/nio/fs/WindowsException'{0x00000000eab34d78}> (0x00000000eab34d78) 
thrown [s\src\hotspot\share\prims\jni.cpp, line 520]
Event: 45.255 Thread 0x00000139fc9ccbf0 Exception <a 'sun/nio/fs/WindowsException'{0x00000000eabcc958}> (0x00000000eabcc958) 
thrown [s\src\hotspot\share\prims\jni.cpp, line 520]
Event: 45.670 Thread 0x00000139fc9ccbf0 Exception <a 'sun/nio/fs/WindowsException'{0x00000000eac46c58}> (0x00000000eac46c58) 
thrown [s\src\hotspot\share\prims\jni.cpp, line 520]
Event: 45.865 Thread 0x00000139fc9ccbf0 Exception <a 'sun/nio/fs/WindowsException'{0x00000000eac15288}> (0x00000000eac15288) 
thrown [s\src\hotspot\share\prims\jni.cpp, line 520]
Event: 45.991 Thread 0x00000139fc9ccbf0 Exception <a 'sun/nio/fs/WindowsException'{0x00000000eab73308}> (0x00000000eab73308) 
thrown [s\src\hotspot\share\prims\jni.cpp, line 520]
Event: 46.000 Thread 0x00000139fc9ccbf0 Exception <a 'sun/nio/fs/WindowsException'{0x00000000eab84d58}> (0x00000000eab84d58) 
thrown [s\src\hotspot\share\prims\jni.cpp, line 520]
Event: 46.302 Thread 0x00000139fc9ccbf0 Exception <a 'sun/nio/fs/WindowsException'{0x00000000eac587f8}> (0x00000000eac587f8) 
thrown [s\src\hotspot\share\prims\jni.cpp, line 520]
Event: 46.524 Thread 0x00000139fc9ccbf0 Exception <a 'sun/nio/fs/WindowsException'{0x00000000eac0f800}> (0x00000000eac0f800) 
thrown [s\src\hotspot\share\prims\jni.cpp, line 520]
Event: 46.559 Thread 0x00000139fc9ccbf0 Exception <a 'sun/nio/fs/WindowsException'{0x00000000eac7c680}> (0x00000000eac7c680) 
thrown [s\src\hotspot\share\prims\jni.cpp, line 520]
Event: 46.584 Thread 0x00000139fc9ccbf0 Exception <a 'sun/nio/fs/WindowsException'{0x00000000eaba4110}> (0x00000000eaba4110) 
thrown [s\src\hotspot\share\prims\jni.cpp, line 520]
Event: 46.602 Thread 0x00000139fc9ccbf0 Exception <a 'sun/nio/fs/WindowsException'{0x00000000eacbfbb0}> (0x00000000eacbfbb0) 
thrown [s\src\hotspot\share\prims\jni.cpp, line 520]
Event: 46.856 Thread 0x00000139fc9ccbf0 Exception <a 'sun/nio/fs/WindowsException'{0x00000000eacf39e0}> (0x00000000eacf39e0) 
thrown [s\src\hotspot\share\prims\jni.cpp, line 520]
Event: 46.906 Thread 0x00000139fc9ccbf0 Exception <a 'sun/nio/fs/WindowsException'{0x00000000ead74db0}> (0x00000000ead74db0) 
thrown [s\src\hotspot\share\prims\jni.cpp, line 520]
Event: 46.924 Thread 0x00000139fc9ccbf0 Exception <a 'sun/nio/fs/WindowsException'{0x00000000eac07ea8}> (0x00000000eac07ea8) 
thrown [s\src\hotspot\share\prims\jni.cpp, line 520]
Event: 46.931 Thread 0x00000139fc9ccbf0 Exception <a 'sun/nio/fs/WindowsException'{0x00000000eac1a808}> (0x00000000eac1a808) 
thrown [s\src\hotspot\share\prims\jni.cpp, line 520]

ZGC Phase Switch (0 events):
No events

VM Operations (20 events):
Event: 46.996 Executing VM operation: ParallelGCFailedAllocation (Allocation Failure)
Event: 46.999 Executing VM operation: ParallelGCFailedAllocation (Allocation Failure) done
Event: 47.014 Executing VM operation: ParallelGCFailedAllocation (Allocation Failure)
Event: 47.017 Executing VM operation: ParallelGCFailedAllocation (Allocation Failure) done
Event: 47.031 Executing VM operation: ParallelGCFailedAllocation (Allocation Failure)
Event: 47.035 Executing VM operation: ParallelGCFailedAllocation (Allocation Failure) done
Event: 47.051 Executing VM operation: ParallelGCFailedAllocation (Allocation Failure)
Event: 47.053 Executing VM operation: ParallelGCFailedAllocation (Allocation Failure) done
Event: 47.071 Executing VM operation: ParallelGCFailedAllocation (Allocation Failure)
Event: 47.074 Executing VM operation: ParallelGCFailedAllocation (Allocation Failure) done
Event: 47.090 Executing VM operation: ParallelGCFailedAllocation (Allocation Failure)
Event: 47.092 Executing VM operation: ParallelGCFailedAllocation (Allocation Failure) done
Event: 47.108 Executing VM operation: ParallelGCFailedAllocation (Allocation Failure)
Event: 47.110 Executing VM operation: ParallelGCFailedAllocation (Allocation Failure) done
Event: 47.128 Executing VM operation: ParallelGCFailedAllocation (Allocation Failure)
Event: 47.131 Executing VM operation: ParallelGCFailedAllocation (Allocation Failure) done
Event: 47.146 Executing VM operation: ParallelGCFailedAllocation (Allocation Failure)
Event: 47.150 Executing VM operation: ParallelGCFailedAllocation (Allocation Failure) done
Event: 47.165 Executing VM operation: ParallelGCFailedAllocation (Allocation Failure)
Event: 47.168 Executing VM operation: ParallelGCFailedAllocation (Allocation Failure) done

Memory protections (0 events):
No events

Nmethod flushes (20 events):
Event: 23.673 Thread 0x00000139ef0439c0 flushing  nmethod 0x00000139808f8b10
Event: 23.673 Thread 0x00000139ef0439c0 flushing  nmethod 0x00000139808fa410
Event: 23.673 Thread 0x00000139ef0439c0 flushing  nmethod 0x00000139808faa10
Event: 23.673 Thread 0x00000139ef0439c0 flushing  nmethod 0x00000139808fb290
Event: 23.673 Thread 0x00000139ef0439c0 flushing  nmethod 0x00000139808fb990
Event: 23.673 Thread 0x00000139ef0439c0 flushing  nmethod 0x00000139808fbd10
Event: 23.673 Thread 0x00000139ef0439c0 flushing  nmethod 0x00000139808fd790
Event: 23.673 Thread 0x00000139ef0439c0 flushing  nmethod 0x0000013980900890
Event: 23.673 Thread 0x00000139ef0439c0 flushing  nmethod 0x0000013980914510
Event: 23.673 Thread 0x00000139ef0439c0 flushing  nmethod 0x000001398091a410
Event: 23.673 Thread 0x00000139ef0439c0 flushing  nmethod 0x0000013980965210
Event: 23.673 Thread 0x00000139ef0439c0 flushing  nmethod 0x0000013980966810
Event: 23.673 Thread 0x00000139ef0439c0 flushing  nmethod 0x0000013980967810
Event: 23.673 Thread 0x00000139ef0439c0 flushing  nmethod 0x0000013980968c90
Event: 23.673 Thread 0x00000139ef0439c0 flushing  nmethod 0x0000013980969290
Event: 23.674 Thread 0x00000139ef0439c0 flushing  nmethod 0x0000013980969690
Event: 23.674 Thread 0x00000139ef0439c0 flushing  nmethod 0x000001398096ac10
Event: 23.674 Thread 0x00000139ef0439c0 flushing  nmethod 0x000001398096be10
Event: 23.674 Thread 0x00000139ef0439c0 flushing  nmethod 0x000001398096c290
Event: 23.674 Thread 0x00000139ef0439c0 flushing  nmethod 0x0000013980972790

Events (20 events):
Event: 21.603 Thread 0x00000139ff45dc00 Thread exited: 0x00000139ff45dc00
Event: 21.603 Thread 0x00000139ff45c1c0 Thread exited: 0x00000139ff45c1c0
Event: 21.603 Thread 0x00000139ff45cee0 Thread exited: 0x00000139ff45cee0
Event: 21.608 Thread 0x00000139ff45e920 Thread exited: 0x00000139ff45e920
Event: 22.504 Thread 0x00000139fe0bbb50 Thread added: 0x00000139ff45cee0
Event: 22.504 Thread 0x00000139fe0bbb50 Thread added: 0x00000139ff45dc00
Event: 22.505 Thread 0x00000139fe0bbb50 Thread added: 0x00000139ff45e920
Event: 22.505 Thread 0x00000139fe0bbb50 Thread added: 0x00000139ff45c1c0
Event: 22.505 Thread 0x00000139fe0bbb50 Thread added: 0x00000139ff45c850
Event: 22.639 Thread 0x00000139ff45e920 Thread exited: 0x00000139ff45e920
Event: 22.640 Thread 0x00000139ff45cee0 Thread exited: 0x00000139ff45cee0
Event: 22.641 Thread 0x00000139ff45c850 Thread exited: 0x00000139ff45c850
Event: 22.641 Thread 0x00000139ff45dc00 Thread exited: 0x00000139ff45dc00
Event: 22.641 Thread 0x00000139ff45c1c0 Thread exited: 0x00000139ff45c1c0
Event: 24.035 Thread 0x00000139fe0bc1e0 Thread added: 0x00000139ff45dc00
Event: 24.061 Thread 0x00000139fe0bc1e0 Thread added: 0x00000139ff45e920
Event: 24.085 Thread 0x00000139fe0bc1e0 Thread added: 0x00000139ff45c1c0
Event: 24.119 Thread 0x00000139fc9ce630 Thread added: 0x00000139ff45c850
Event: 29.126 Thread 0x00000139ff45c850 Thread exited: 0x00000139ff45c850
Event: 30.642 Thread 0x00000139fd9bacf0 Thread exited: 0x00000139fd9bacf0


Dynamic libraries:
0x00007ff788960000 - 0x00007ff78896e000 	c:\Users\Jared Arias\.vscode\extensions\redhat.java-1.39.0-win32-x64\jre\21.0.5-win32-x86_64\bin\java.exe
0x00007ffbf5b30000 - 0x00007ffbf5d47000 	C:\WINDOWS\SYSTEM32\ntdll.dll
0x00007ffbf44e0000 - 0x00007ffbf45a4000 	C:\WINDOWS\System32\KERNEL32.DLL
0x00007ffbf3130000 - 0x00007ffbf34ea000 	C:\WINDOWS\System32\KERNELBASE.dll
0x00007ffbf34f0000 - 0x00007ffbf3601000 	C:\WINDOWS\System32\ucrtbase.dll
0x00007ffbecb20000 - 0x00007ffbecb3e000 	c:\Users\Jared Arias\.vscode\extensions\redhat.java-1.39.0-win32-x64\jre\21.0.5-win32-x86_64\bin\VCRUNTIME140.dll
0x00007ffbecb40000 - 0x00007ffbecb58000 	c:\Users\Jared Arias\.vscode\extensions\redhat.java-1.39.0-win32-x64\jre\21.0.5-win32-x86_64\bin\jli.dll
0x00007ffbf5220000 - 0x00007ffbf53ce000 	C:\WINDOWS\System32\USER32.dll
0x00007ffbf3750000 - 0x00007ffbf3776000 	C:\WINDOWS\System32\win32u.dll
0x00007ffbde570000 - 0x00007ffbde802000 	C:\WINDOWS\WinSxS\amd64_microsoft.windows.common-controls_6595b64144ccf1df_6.0.22621.4541_none_2710d1c57384c085\COMCTL32.dll
0x00007ffbf3ee0000 - 0x00007ffbf3f09000 	C:\WINDOWS\System32\GDI32.dll
0x00007ffbf5170000 - 0x00007ffbf5217000 	C:\WINDOWS\System32\msvcrt.dll
0x00007ffbf2df0000 - 0x00007ffbf2f0b000 	C:\WINDOWS\System32\gdi32full.dll
0x00007ffbf3780000 - 0x00007ffbf381a000 	C:\WINDOWS\System32\msvcp_win.dll
0x00007ffbf3bd0000 - 0x00007ffbf3c01000 	C:\WINDOWS\System32\IMM32.DLL
0x00007ffbef4e0000 - 0x00007ffbef4ec000 	c:\Users\Jared Arias\.vscode\extensions\redhat.java-1.39.0-win32-x64\jre\21.0.5-win32-x86_64\bin\vcruntime140_1.dll
0x00007ffb864b0000 - 0x00007ffb8653d000 	c:\Users\Jared Arias\.vscode\extensions\redhat.java-1.39.0-win32-x64\jre\21.0.5-win32-x86_64\bin\msvcp140.dll
0x00007ffb72940000 - 0x00007ffb736cf000 	c:\Users\Jared Arias\.vscode\extensions\redhat.java-1.39.0-win32-x64\jre\21.0.5-win32-x86_64\bin\server\jvm.dll
0x00007ffbf3ae0000 - 0x00007ffbf3b92000 	C:\WINDOWS\System32\ADVAPI32.dll
0x00007ffbf3a30000 - 0x00007ffbf3ad7000 	C:\WINDOWS\System32\sechost.dll
0x00007ffbf3080000 - 0x00007ffbf30a8000 	C:\WINDOWS\System32\bcrypt.dll
0x00007ffbf5050000 - 0x00007ffbf5164000 	C:\WINDOWS\System32\RPCRT4.dll
0x00007ffbf5a70000 - 0x00007ffbf5ae1000 	C:\WINDOWS\System32\WS2_32.dll
0x00007ffbf2cc0000 - 0x00007ffbf2d0d000 	C:\WINDOWS\SYSTEM32\POWRPROF.dll
0x00007ffbeec50000 - 0x00007ffbeec84000 	C:\WINDOWS\SYSTEM32\WINMM.dll
0x00007ffbeea50000 - 0x00007ffbeea5a000 	C:\WINDOWS\SYSTEM32\VERSION.dll
0x00007ffbf2ca0000 - 0x00007ffbf2cb3000 	C:\WINDOWS\SYSTEM32\UMPDC.dll
0x00007ffbf1e30000 - 0x00007ffbf1e48000 	C:\WINDOWS\SYSTEM32\kernel.appcore.dll
0x00007ffb86620000 - 0x00007ffb8662a000 	c:\Users\Jared Arias\.vscode\extensions\redhat.java-1.39.0-win32-x64\jre\21.0.5-win32-x86_64\bin\jimage.dll
0x00007ffbf06a0000 - 0x00007ffbf08d2000 	C:\WINDOWS\SYSTEM32\DBGHELP.DLL
0x00007ffbf3fc0000 - 0x00007ffbf4351000 	C:\WINDOWS\System32\combase.dll
0x00007ffbf4620000 - 0x00007ffbf46f7000 	C:\WINDOWS\System32\OLEAUT32.dll
0x00007ffbd1790000 - 0x00007ffbd17c2000 	C:\WINDOWS\SYSTEM32\dbgcore.DLL
0x00007ffbf30b0000 - 0x00007ffbf312b000 	C:\WINDOWS\System32\bcryptPrimitives.dll
0x00007ffbef4d0000 - 0x00007ffbef4df000 	c:\Users\Jared Arias\.vscode\extensions\redhat.java-1.39.0-win32-x64\jre\21.0.5-win32-x86_64\bin\instrument.dll
0x00007ffb86480000 - 0x00007ffb8649f000 	c:\Users\Jared Arias\.vscode\extensions\redhat.java-1.39.0-win32-x64\jre\21.0.5-win32-x86_64\bin\java.dll
0x00007ffbf4780000 - 0x00007ffbf4ff9000 	C:\WINDOWS\System32\SHELL32.dll
0x00007ffbf0d30000 - 0x00007ffbf1639000 	C:\WINDOWS\SYSTEM32\windows.storage.dll
0x00007ffbf0bf0000 - 0x00007ffbf0d2f000 	C:\WINDOWS\SYSTEM32\wintypes.dll
0x00007ffbf3930000 - 0x00007ffbf3a2a000 	C:\WINDOWS\System32\SHCORE.dll
0x00007ffbf5850000 - 0x00007ffbf58ae000 	C:\WINDOWS\System32\shlwapi.dll
0x00007ffbf2d20000 - 0x00007ffbf2d4b000 	C:\WINDOWS\SYSTEM32\profapi.dll
0x00007ffb86460000 - 0x00007ffb86478000 	c:\Users\Jared Arias\.vscode\extensions\redhat.java-1.39.0-win32-x64\jre\21.0.5-win32-x86_64\bin\zip.dll
0x00007ffb86450000 - 0x00007ffb86460000 	C:\Users\Jared Arias\.vscode\extensions\redhat.java-1.39.0-win32-x64\jre\21.0.5-win32-x86_64\bin\net.dll
0x00007ffbec720000 - 0x00007ffbec856000 	C:\WINDOWS\SYSTEM32\WINHTTP.dll
0x00007ffbf22b0000 - 0x00007ffbf2319000 	C:\WINDOWS\system32\mswsock.dll
0x00007ffb86430000 - 0x00007ffb86446000 	C:\Users\Jared Arias\.vscode\extensions\redhat.java-1.39.0-win32-x64\jre\21.0.5-win32-x86_64\bin\nio.dll
0x00007ffb86420000 - 0x00007ffb86430000 	c:\Users\Jared Arias\.vscode\extensions\redhat.java-1.39.0-win32-x64\jre\21.0.5-win32-x86_64\bin\verify.dll
0x00007ffbd86b0000 - 0x00007ffbd86f5000 	C:\Users\Jared Arias\AppData\Roaming\Code\User\globalStorage\redhat.java\1.39.0\config_win\org.eclipse.equinox.launcher\org.eclipse.equinox.launcher.win32.win32.x86_64_1.2.1100.v20240722-2106\eclipse_11904.dll
0x00007ffbf58c0000 - 0x00007ffbf5a65000 	C:\WINDOWS\System32\ole32.dll
0x00007ffbf2500000 - 0x00007ffbf251b000 	C:\WINDOWS\SYSTEM32\CRYPTSP.dll
0x00007ffbf1d90000 - 0x00007ffbf1dc5000 	C:\WINDOWS\system32\rsaenh.dll
0x00007ffbf23a0000 - 0x00007ffbf23c8000 	C:\WINDOWS\SYSTEM32\USERENV.dll
0x00007ffbf2520000 - 0x00007ffbf252c000 	C:\WINDOWS\SYSTEM32\CRYPTBASE.dll
0x00007ffbf18e0000 - 0x00007ffbf190d000 	C:\WINDOWS\SYSTEM32\IPHLPAPI.DLL
0x00007ffbf44d0000 - 0x00007ffbf44d9000 	C:\WINDOWS\System32\NSI.dll
0x00007ffbcde40000 - 0x00007ffbcde89000 	C:\Users\Jared Arias\AppData\Local\Temp\jna--2137832284\jna6573411237113364342.dll
0x00007ffbf58b0000 - 0x00007ffbf58b8000 	C:\WINDOWS\System32\PSAPI.DLL
0x00007ffbec650000 - 0x00007ffbec669000 	C:\WINDOWS\SYSTEM32\dhcpcsvc6.DLL
0x00007ffbec630000 - 0x00007ffbec64f000 	C:\WINDOWS\SYSTEM32\dhcpcsvc.DLL

dbghelp: loaded successfully - version: 4.0.5 - missing functions: none
symbol engine: initialized successfully - sym options: 0x614 - pdb path: .;c:\Users\Jared Arias\.vscode\extensions\redhat.java-1.39.0-win32-x64\jre\21.0.5-win32-x86_64\bin;C:\WINDOWS\SYSTEM32;C:\WINDOWS\WinSxS\amd64_microsoft.windows.common-controls_6595b64144ccf1df_6.0.22621.4541_none_2710d1c57384c085;c:\Users\Jared Arias\.vscode\extensions\redhat.java-1.39.0-win32-x64\jre\21.0.5-win32-x86_64\bin\server;C:\Users\Jared Arias\AppData\Roaming\Code\User\globalStorage\redhat.java\1.39.0\config_win\org.eclipse.equinox.launcher\org.eclipse.equinox.launcher.win32.win32.x86_64_1.2.1100.v20240722-2106;C:\Users\Jared Arias\AppData\Local\Temp\jna--2137832284

VM Arguments:
jvm_args: --add-modules=ALL-SYSTEM --add-opens=java.base/java.util=ALL-UNNAMED --add-opens=java.base/java.lang=ALL-UNNAMED --add-opens=java.base/sun.nio.fs=ALL-UNNAMED -Declipse.application=org.eclipse.jdt.ls.core.id1 -Dosgi.bundles.defaultStartLevel=4 -Declipse.product=org.eclipse.jdt.ls.core.product -Djava.import.generatesMetadataFilesAtProjectRoot=false -DDetectVMInstallationsJob.disabled=true -Dfile.encoding=utf8 -XX:+UseParallelGC -XX:GCTimeRatio=4 -XX:AdaptiveSizePolicyWeight=90 -Dsun.zip.disableMemoryMapping=true -Xmx1G -Xms100m -Xlog:disable -javaagent:c:\Users\Jared Arias\.vscode\extensions\redhat.java-1.39.0-win32-x64\lombok\lombok-1.18.34.jar -XX:+HeapDumpOnOutOfMemoryError -XX:HeapDumpPath=c:\Users\Jared Arias\AppData\Roaming\Code\User\workspaceStorage\4c65120b4480031d53d7a77dba535181\redhat.java -Daether.dependencyCollector.impl=bf 
java_command: c:\Users\Jared Arias\.vscode\extensions\redhat.java-1.39.0-win32-x64\server\plugins\org.eclipse.equinox.launcher_1.6.900.v20240613-2009.jar -configuration c:\Users\Jared Arias\AppData\Roaming\Code\User\globalStorage\redhat.java\1.39.0\config_win -data c:\Users\Jared Arias\AppData\Roaming\Code\User\workspaceStorage\4c65120b4480031d53d7a77dba535181\redhat.java\jdt_ws --pipe=\\.\pipe\lsp-fdcc3c204aa3b15c240f532442b6d10b-sock
java_class_path (initial): c:\Users\Jared Arias\.vscode\extensions\redhat.java-1.39.0-win32-x64\server\plugins\org.eclipse.equinox.launcher_1.6.900.v20240613-2009.jar
Launcher Type: SUN_STANDARD

[Global flags]
    uintx AdaptiveSizePolicyWeight                 = 90                                        {product} {command line}
     intx CICompilerCount                          = 3                                         {product} {ergonomic}
    uintx GCTimeRatio                              = 4                                         {product} {command line}
     bool HeapDumpOnOutOfMemoryError               = true                                   {manageable} {command line}
    ccstr HeapDumpPath                             = c:\Users\Jared Arias\AppData\Roaming\Code\User\workspaceStorage\4c65120b4480031d53d7a77dba535181\redhat.java         {manageable} {command line}
   size_t InitialHeapSize                          = 104857600                                 {product} {command line}
   size_t MaxHeapSize                              = 1073741824                                {product} {command line}
   size_t MaxNewSize                               = 357564416                                 {product} {ergonomic}
   size_t MinHeapDeltaBytes                        = 524288                                    {product} {ergonomic}
   size_t MinHeapSize                              = 104857600                                 {product} {command line}
   size_t NewSize                                  = 34603008                                  {product} {ergonomic}
    uintx NonNMethodCodeHeapSize                   = 5832780                                {pd product} {ergonomic}
    uintx NonProfiledCodeHeapSize                  = 122912730                              {pd product} {ergonomic}
   size_t OldSize                                  = 70254592                                  {product} {ergonomic}
    uintx ProfiledCodeHeapSize                     = 122912730                              {pd product} {ergonomic}
    uintx ReservedCodeCacheSize                    = 251658240                              {pd product} {ergonomic}
     bool SegmentedCodeCache                       = true                                      {product} {ergonomic}
   size_t SoftMaxHeapSize                          = 1073741824                             {manageable} {ergonomic}
     bool UseCompressedOops                        = true                           {product lp64_product} {ergonomic}
     bool UseLargePagesIndividualAllocation        = false                                  {pd product} {ergonomic}
     bool UseParallelGC                            = true                                      {product} {command line}

Logging:
Log output configuration:
 #0: stdout all=off uptime,level,tags foldmultilines=false
 #1: stderr all=off uptime,level,tags foldmultilines=false

Environment Variables:
JAVA_HOME="C:\dev\jdk-11.0.23_windows-x64_bin.exe"
PATH=C:\Program Files\Common Files\Oracle\Java\javapath;C:\WINDOWS\system32;C:\WINDOWS;C:\WINDOWS\System32\Wbem;C:\WINDOWS\System32\WindowsPowerShell\v1.0\;C:\WINDOWS\System32\OpenSSH\;C:\dev\flutter\bin;C:\dart-sdk\bin;C:\Program Files\Git\cmd;C:\dev\java-1.8.0-openjdk-1.8.0.422-1.b05.redhat.windows.x86_64\bin;C:\Program Files\nodejs\;C:\Program Files (x86)\Windows Kits\10\Windows Performance Toolkit\;C:\ProgramData\chocolatey\bin;C:\Program Files\MongoDB\Server\8.0\bin;C:\Program Files\MongoDB\mongosh-2.3.7-win32-x64\bin;C:\Users\Jared Arias\AppData\Local\Microsoft\WindowsApps;C:\Users\Jared Arias\AppData\Local\Programs\Microsoft VS Code\bin;C:\dev\flutter\bin;C:\dart-sdk\bin;C:\dev\java-1.8.0-openjdk-1.8.0.422-1.b05.redhat.windows.x86_64\bin;C:\Users\Jared Arias\AppData\Roaming\npm;C:\Users\Jared Arias\AppData\Local\Microsoft\WinGet\Packages\Schniz.fnm_Microsoft.Winget.Source_8wekyb3d8bbwe;C:\Program Files (x86)\MongoDB Atlas CLI\
USERNAME=Jared Arias
OS=Windows_NT
PROCESSOR_IDENTIFIER=Intel64 Family 6 Model 122 Stepping 8, GenuineIntel
TMP=C:\Users\JAREDA~1\AppData\Local\Temp
TEMP=C:\Users\JAREDA~1\AppData\Local\Temp




Periodic native trim disabled

---------------  S Y S T E M  ---------------

OS:
 Windows 11 , 64 bit Build 22621 (10.0.22621.4391)
OS uptime: 0 days 8:18 hours

CPU: total 4 (initial active 4) (4 cores per cpu, 1 threads per core) family 6 model 122 stepping 8 microcode 0x20, cx8, cmov, fxsr, mmx, 3dnowpref, sse, sse2, sse3, ssse3, sse4.1, sse4.2, popcnt, tsc, tscinvbit, aes, erms, clmul, sha, clflush, clflushopt, rdtscp, rdpid
Processor Information for all 4 processors :
  Max Mhz: 1101, Current Mhz: 1101, Mhz Limit: 1101

Memory: 4k page, system-wide physical 3858M (255M free)
TotalPageFile size 15634M (AvailPageFile size 5M)
current process WorkingSet (physical memory assigned to process): 674M, peak: 678M
current process commit charge ("private bytes"): 723M, peak: 725M

vm_info: OpenJDK 64-Bit Server VM (21.0.5+11-LTS) for windows-amd64 JRE (21.0.5+11-LTS), built on 2024-10-15T00:00:00Z by "admin" with MS VC++ 17.7 (VS2022)

END.
