#
# There is insufficient memory for the Java Runtime Environment to continue.
# Native memory allocation (malloc) failed to allocate 825808 bytes. Error detail: Chunk::new
# Possible reasons:
#   The system is out of physical RAM or swap space
#   This process is running with CompressedOops enabled, and the Java Heap may be blocking the growth of the native heap
# Possible solutions:
#   Reduce memory load on the system
#   Increase physical memory or swap space
#   Check if swap backing store is full
#   Decrease Java heap size (-Xmx/-Xms)
#   Decrease number of Java threads
#   Decrease Java thread stack sizes (-Xss)
#   Set larger code cache with -XX:ReservedCodeCacheSize=
#   JVM is running with Unscaled Compressed Oops mode in which the Java heap is
#     placed in the first 4GB address space. The Java Heap base address is the
#     maximum limit for the native heap growth. Please use -XX:HeapBaseMinAddress
#     to set the Java Heap base and to place the Java Heap above 4GB virtual address.
# This output file may be truncated or incomplete.
#
#  Out of Memory Error (arena.cpp:168), pid=11956, tid=9492
#
# JRE version: OpenJDK Runtime Environment Temurin-21.0.5+11 (21.0.5+11) (build 21.0.5+11-LTS)
# Java VM: OpenJDK 64-Bit Server VM Temurin-21.0.5+11 (21.0.5+11-LTS, mixed mode, sharing, tiered, compressed oops, compressed class ptrs, parallel gc, windows-amd64)
# No core dump will be written. Minidumps are not enabled by default on client versions of Windows
#

---------------  S U M M A R Y ------------

Command Line: --add-modules=ALL-SYSTEM --add-opens=java.base/java.util=ALL-UNNAMED --add-opens=java.base/java.lang=ALL-UNNAMED --add-opens=java.base/sun.nio.fs=ALL-UNNAMED -Declipse.application=org.eclipse.jdt.ls.core.id1 -Dosgi.bundles.defaultStartLevel=4 -Declipse.product=org.eclipse.jdt.ls.core.product -Djava.import.generatesMetadataFilesAtProjectRoot=false -DDetectVMInstallationsJob.disabled=true -Dfile.encoding=utf8 -XX:+UseParallelGC -XX:GCTimeRatio=4 -XX:AdaptiveSizePolicyWeight=90 -Dsun.zip.disableMemoryMapping=true -Xmx1G -Xms100m -Xlog:disable -javaagent:c:\Users\Jared Arias\.vscode\extensions\redhat.java-1.39.0-win32-x64\lombok\lombok-1.18.34.jar c:\Users\Jared Arias\.vscode\extensions\redhat.java-1.39.0-win32-x64\server\plugins\org.eclipse.equinox.launcher_1.6.900.v20240613-2009.jar -configuration c:\Users\Jared Arias\AppData\Roaming\Code\User\globalStorage\redhat.java\1.39.0\config_ss_win -data c:\Users\Jared Arias\AppData\Roaming\Code\User\workspaceStorage\96e26c5a8c5fd470c5a188db8a77b4dc\redhat.java\ss_ws --pipe=\\.\pipe\lsp-9824c37f2dd7f06211954479050aa467-sock

Host: Intel(R) Celeron(R) N4120 CPU @ 1.10GHz, 4 cores, 3G,  Windows 11 , 64 bit Build 22621 (10.0.22621.4391)
Time: Thu Feb  6 10:36:02 2025 Hora est. Pacífico, Sudamérica elapsed time: 611.969628 seconds (0d 0h 10m 11s)

---------------  T H R E A D  ---------------

Current thread (0x0000020a1b5eac20):  JavaThread "C2 CompilerThread0" daemon [_thread_in_native, id=9492, stack(0x000000ad85400000,0x000000ad85500000) (1024K)]


Current CompileTask:
C2:611970 11002       4       org.eclipse.jdt.internal.compiler.util.JRTUtil::getClassfile (8 bytes)

Stack: [0x000000ad85400000,0x000000ad85500000]
Native frames: (J=compiled Java code, j=interpreted, Vv=VM code, C=native code)
V  [jvm.dll+0x6cd4e9]
V  [jvm.dll+0x8a7941]
V  [jvm.dll+0x8a9e6e]
V  [jvm.dll+0x8aa543]
V  [jvm.dll+0x27f6d6]
V  [jvm.dll+0xc500d]
V  [jvm.dll+0xc5543]
V  [jvm.dll+0x3b660c]
V  [jvm.dll+0x382835]
V  [jvm.dll+0x381c9a]
V  [jvm.dll+0x2479d0]
V  [jvm.dll+0x246faf]
V  [jvm.dll+0x1c75ce]
V  [jvm.dll+0x25682a]
V  [jvm.dll+0x254dca]
V  [jvm.dll+0x3f00d6]
V  [jvm.dll+0x8514fb]
V  [jvm.dll+0x6cbbed]
C  [ucrtbase.dll+0x29333]
C  [KERNEL32.DLL+0x1259d]
C  [ntdll.dll+0x5af38]


---------------  P R O C E S S  ---------------

Threads class SMR info:
_java_thread_list=0x0000020a63510380, length=30, elements={
0x0000020a04fb7ea0, 0x0000020a0720d3f0, 0x0000020a1b5e0a40, 0x0000020a1b5e41c0,
0x0000020a1b5e4e90, 0x0000020a1b5e9780, 0x0000020a1b5ea1d0, 0x0000020a1b5eac20,
0x0000020a1b658c90, 0x0000020a071c1d10, 0x0000020a5d7db110, 0x0000020a6266db40,
0x0000020a621cb2c0, 0x0000020a621cbf50, 0x0000020a62467ef0, 0x0000020a1b652840,
0x0000020a5d920020, 0x0000020a5d607ad0, 0x0000020a5d7af650, 0x0000020a5d7afce0,
0x0000020a5d7b0a00, 0x0000020a5d7b1090, 0x0000020a5d7b1720, 0x0000020a5d7b1db0,
0x0000020a5d7ae930, 0x0000020a5d7aefc0, 0x0000020a64633e00, 0x0000020a646351b0,
0x0000020a6463b420, 0x0000020a64635840
}

Java Threads: ( => current thread )
  0x0000020a04fb7ea0 JavaThread "main"                              [_thread_blocked, id=12572, stack(0x000000ad84900000,0x000000ad84a00000) (1024K)]
  0x0000020a0720d3f0 JavaThread "Reference Handler"          daemon [_thread_blocked, id=12080, stack(0x000000ad84e00000,0x000000ad84f00000) (1024K)]
  0x0000020a1b5e0a40 JavaThread "Finalizer"                  daemon [_thread_blocked, id=12940, stack(0x000000ad84f00000,0x000000ad85000000) (1024K)]
  0x0000020a1b5e41c0 JavaThread "Signal Dispatcher"          daemon [_thread_blocked, id=10652, stack(0x000000ad85000000,0x000000ad85100000) (1024K)]
  0x0000020a1b5e4e90 JavaThread "Attach Listener"            daemon [_thread_blocked, id=20024, stack(0x000000ad85100000,0x000000ad85200000) (1024K)]
  0x0000020a1b5e9780 JavaThread "Service Thread"             daemon [_thread_blocked, id=7436, stack(0x000000ad85200000,0x000000ad85300000) (1024K)]
  0x0000020a1b5ea1d0 JavaThread "Monitor Deflation Thread"   daemon [_thread_blocked, id=16276, stack(0x000000ad85300000,0x000000ad85400000) (1024K)]
=>0x0000020a1b5eac20 JavaThread "C2 CompilerThread0"         daemon [_thread_in_native, id=9492, stack(0x000000ad85400000,0x000000ad85500000) (1024K)]
  0x0000020a1b658c90 JavaThread "C1 CompilerThread0"         daemon [_thread_blocked, id=19948, stack(0x000000ad85500000,0x000000ad85600000) (1024K)]
  0x0000020a071c1d10 JavaThread "Common-Cleaner"             daemon [_thread_blocked, id=3008, stack(0x000000ad85600000,0x000000ad85700000) (1024K)]
  0x0000020a5d7db110 JavaThread "Notification Thread"        daemon [_thread_blocked, id=15304, stack(0x000000ad85700000,0x000000ad85800000) (1024K)]
  0x0000020a6266db40 JavaThread "Active Thread: Equinox Container: 12f36d94-b2ee-4fbb-b1f7-337d68122030"        [_thread_blocked, id=13436, stack(0x000000ad85b00000,0x000000ad85c00000) (1024K)]
  0x0000020a621cb2c0 JavaThread "Framework Event Dispatcher: Equinox Container: 12f36d94-b2ee-4fbb-b1f7-337d68122030" daemon [_thread_blocked, id=16200, stack(0x000000ad85c00000,0x000000ad85d00000) (1024K)]
  0x0000020a621cbf50 JavaThread "Start Level: Equinox Container: 12f36d94-b2ee-4fbb-b1f7-337d68122030" daemon [_thread_blocked, id=17380, stack(0x000000ad85d00000,0x000000ad85e00000) (1024K)]
  0x0000020a62467ef0 JavaThread "SCR Component Actor"        daemon [_thread_blocked, id=11628, stack(0x000000ad85e00000,0x000000ad85f00000) (1024K)]
  0x0000020a1b652840 JavaThread "Worker-JM"                         [_thread_blocked, id=12136, stack(0x000000ad86000000,0x000000ad86100000) (1024K)]
  0x0000020a5d920020 JavaThread "JNA Cleaner"                daemon [_thread_blocked, id=6608, stack(0x000000ad86100000,0x000000ad86200000) (1024K)]
  0x0000020a5d607ad0 JavaThread "Worker-0"                          [_thread_blocked, id=8508, stack(0x000000ad86200000,0x000000ad86300000) (1024K)]
  0x0000020a5d7af650 JavaThread "Thread-2"                   daemon [_thread_in_native, id=6624, stack(0x000000ad86700000,0x000000ad86800000) (1024K)]
  0x0000020a5d7afce0 JavaThread "Thread-3"                   daemon [_thread_in_native, id=17060, stack(0x000000ad86800000,0x000000ad86900000) (1024K)]
  0x0000020a5d7b0a00 JavaThread "Thread-4"                   daemon [_thread_in_native, id=16036, stack(0x000000ad86900000,0x000000ad86a00000) (1024K)]
  0x0000020a5d7b1090 JavaThread "Thread-5"                   daemon [_thread_in_native, id=18540, stack(0x000000ad86a00000,0x000000ad86b00000) (1024K)]
  0x0000020a5d7b1720 JavaThread "Thread-6"                   daemon [_thread_in_native, id=10572, stack(0x000000ad86b00000,0x000000ad86c00000) (1024K)]
  0x0000020a5d7b1db0 JavaThread "pool-2-thread-1"                   [_thread_blocked, id=2224, stack(0x000000ad86c00000,0x000000ad86d00000) (1024K)]
  0x0000020a5d7ae930 JavaThread "WorkspaceEventsHandler"            [_thread_blocked, id=19016, stack(0x000000ad86500000,0x000000ad86600000) (1024K)]
  0x0000020a5d7aefc0 JavaThread "pool-1-thread-1"                   [_thread_blocked, id=264, stack(0x000000ad86d00000,0x000000ad86e00000) (1024K)]
  0x0000020a64633e00 JavaThread "Worker-2"                          [_thread_blocked, id=16452, stack(0x000000ad86f00000,0x000000ad87000000) (1024K)]
  0x0000020a646351b0 JavaThread "ForkJoinPool.commonPool-worker-4" daemon [_thread_blocked, id=9204, stack(0x000000ad84800000,0x000000ad84900000) (1024K)]
  0x0000020a6463b420 JavaThread "ForkJoinPool.commonPool-worker-5" daemon [_thread_in_Java, id=2800, stack(0x000000ad84a00000,0x000000ad84b00000) (1024K)]
  0x0000020a64635840 JavaThread "ForkJoinPool.commonPool-worker-6" daemon [_thread_blocked, id=20280, stack(0x000000ad85f00000,0x000000ad86000000) (1024K)]
Total: 30

Other Threads:
  0x0000020a0507ebe0 VMThread "VM Thread"                           [id=11012, stack(0x000000ad84d00000,0x000000ad84e00000) (1024K)]
  0x0000020a1b57ca00 WatcherThread "VM Periodic Task Thread"        [id=18304, stack(0x000000ad84c00000,0x000000ad84d00000) (1024K)]
  0x0000020a07173760 WorkerThread "GC Thread#0"                     [id=19236, stack(0x000000ad84b00000,0x000000ad84c00000) (1024K)]
  0x0000020a5d7249e0 WorkerThread "GC Thread#1"                     [id=2104, stack(0x000000ad85800000,0x000000ad85900000) (1024K)]
  0x0000020a5d724d80 WorkerThread "GC Thread#2"                     [id=18652, stack(0x000000ad85900000,0x000000ad85a00000) (1024K)]
  0x0000020a5d725120 WorkerThread "GC Thread#3"                     [id=20312, stack(0x000000ad85a00000,0x000000ad85b00000) (1024K)]
Total: 6

Threads with active compile tasks:
C2 CompilerThread0  612051 11002       4       org.eclipse.jdt.internal.compiler.util.JRTUtil::getClassfile (8 bytes)
C1 CompilerThread0  612051 11590       2       org.eclipse.jdt.internal.compiler.lookup.SourceTypeBinding::getExactConstructor (332 bytes)
Total: 2

VM state: not at safepoint (normal execution)

VM Mutex/Monitor currently owned by a thread: None

Heap address: 0x00000000c0000000, size: 1024 MB, Compressed Oops mode: 32-bit

CDS archive(s) mapped at: [0x0000020a1c000000-0x0000020a1cba0000-0x0000020a1cba0000), size 12189696, SharedBaseAddress: 0x0000020a1c000000, ArchiveRelocationMode: 1.
Compressed class space mapped at: 0x0000020a1d000000-0x0000020a5d000000, reserved size: 1073741824
Narrow klass base: 0x0000020a1c000000, Narrow klass shift: 0, Narrow klass range: 0x100000000

GC Precious Log:
 CardTable entry size: 512
 CPUs: 4 total, 4 available
 Memory: 3858M
 Large Page Support: Disabled
 NUMA Support: Disabled
 Compressed Oops: Enabled (32-bit)
 Alignments: Space 512K, Generation 512K, Heap 2M
 Heap Min Capacity: 100M
 Heap Initial Capacity: 100M
 Heap Max Capacity: 1G
 Pre-touch: Disabled
 Parallel Workers: 4

Heap:
 PSYoungGen      total 9728K, used 5943K [0x00000000eab00000, 0x00000000eb600000, 0x0000000100000000)
  eden space 9216K, 59% used [0x00000000eab00000,0x00000000eb04fd80,0x00000000eb400000)
  from space 512K, 98% used [0x00000000eb580000,0x00000000eb5fe0f8,0x00000000eb600000)
  to   space 1024K, 0% used [0x00000000eb400000,0x00000000eb400000,0x00000000eb500000)
 ParOldGen       total 96256K, used 96208K [0x00000000c0000000, 0x00000000c5e00000, 0x00000000eab00000)
  object space 96256K, 99% used [0x00000000c0000000,0x00000000c5df4358,0x00000000c5e00000)
 Metaspace       used 46860K, committed 47936K, reserved 1114112K
  class space    used 4222K, committed 4736K, reserved 1048576K

Card table byte_map: [0x0000020a06b20000,0x0000020a06d30000] _byte_map_base: 0x0000020a06520000

Marking Bits: (ParMarkBitMap*) 0x00007ffb735f2250
 Begin Bits: [0x0000020a194a0000, 0x0000020a1a4a0000)
 End Bits:   [0x0000020a1a4a0000, 0x0000020a1b4a0000)

Polling page: 0x0000020a06910000

Metaspace:

Usage:
  Non-class:     41.64 MB used.
      Class:      4.12 MB used.
       Both:     45.76 MB used.

Virtual space:
  Non-class space:       64.00 MB reserved,      42.19 MB ( 66%) committed,  1 nodes.
      Class space:        1.00 GB reserved,       4.62 MB ( <1%) committed,  1 nodes.
             Both:        1.06 GB reserved,      46.81 MB (  4%) committed. 

Chunk freelists:
   Non-Class:  5.64 MB
       Class:  11.22 MB
        Both:  16.86 MB

MaxMetaspaceSize: unlimited
CompressedClassSpaceSize: 1.00 GB
Initial GC threshold: 21.00 MB
Current GC threshold: 58.38 MB
CDS: on
 - commit_granule_bytes: 65536.
 - commit_granule_words: 8192.
 - virtual_space_node_default_size: 8388608.
 - enlarge_chunks_in_place: 1.
 - use_allocation_guard: 0.


Internal statistics:

num_allocs_failed_limit: 6.
num_arena_births: 982.
num_arena_deaths: 24.
num_vsnodes_births: 2.
num_vsnodes_deaths: 0.
num_space_committed: 749.
num_space_uncommitted: 0.
num_chunks_returned_to_freelist: 35.
num_chunks_taken_from_freelist: 3100.
num_chunk_merges: 12.
num_chunk_splits: 1922.
num_chunks_enlarged: 1116.
num_inconsistent_stats: 0.

CodeHeap 'non-profiled nmethods': size=120000Kb used=6131Kb max_used=6131Kb free=113868Kb
 bounds [0x0000020a11f70000, 0x0000020a12570000, 0x0000020a194a0000]
CodeHeap 'profiled nmethods': size=120000Kb used=29392Kb max_used=29392Kb free=90607Kb
 bounds [0x0000020a0a4a0000, 0x0000020a0c160000, 0x0000020a119d0000]
CodeHeap 'non-nmethods': size=5760Kb used=1411Kb max_used=1466Kb free=4349Kb
 bounds [0x0000020a119d0000, 0x0000020a11c40000, 0x0000020a11f70000]
 total_blobs=11780 nmethods=11062 adapters=624
 compilation: enabled
              stopped_count=0, restarted_count=0
 full_count=0

Compilation events (20 events):
Event: 611.895 Thread 0x0000020a1b658c90 11573       3       lombok.eclipse.agent.PatchExtensionMethod$PostponedInvalidMethodError::fire (28 bytes)
Event: 611.896 Thread 0x0000020a1b658c90 nmethod 11573 0x0000020a0c132890 code [0x0000020a0c132a40, 0x0000020a0c132d28]
Event: 611.896 Thread 0x0000020a1b658c90 11574       3       lombok.launch.PatchFixesHider$ExtensionMethod::invalidMethod (28 bytes)
Event: 611.903 Thread 0x0000020a1b658c90 nmethod 11574 0x0000020a0c132e10 code [0x0000020a0c1335c0, 0x0000020a0c137780]
Event: 611.903 Thread 0x0000020a1b658c90 11575   !   3       lombok.eclipse.agent.PatchExtensionMethod$PostponedInvalidMethodError::invoke (143 bytes)
Event: 611.904 Thread 0x0000020a1b658c90 nmethod 11575 0x0000020a0c139c10 code [0x0000020a0c139e60, 0x0000020a0c13aaa8]
Event: 611.904 Thread 0x0000020a1b658c90 11570       2       org.eclipse.jdt.internal.compiler.ClassFile::addDefaultAbstractMethods (62 bytes)
Event: 611.904 Thread 0x0000020a1b658c90 nmethod 11570 0x0000020a0c13ae90 code [0x0000020a0c13b060, 0x0000020a0c13b2f0]
Event: 611.904 Thread 0x0000020a1b658c90 11567       2       org.eclipse.jdt.internal.compiler.lookup.MethodVerifier15::verify (222 bytes)
Event: 611.906 Thread 0x0000020a1b658c90 nmethod 11567 0x0000020a0c13b510 code [0x0000020a0c13b7c0, 0x0000020a0c13c070]
Event: 611.906 Thread 0x0000020a1b658c90 11568       2       org.eclipse.jdt.internal.compiler.lookup.MethodVerifier::verify (27 bytes)
Event: 611.907 Thread 0x0000020a1b658c90 nmethod 11568 0x0000020a0c13c690 code [0x0000020a0c13c860, 0x0000020a0c13ca40]
Event: 611.907 Thread 0x0000020a1b658c90 11576   !   2       org.eclipse.jdt.internal.compiler.ast.TypeDeclaration::generateCode (422 bytes)
Event: 611.910 Thread 0x0000020a1b658c90 nmethod 11576 0x0000020a0c13cb90 code [0x0000020a0c13cee0, 0x0000020a0c13dab0]
Event: 611.925 Thread 0x0000020a1b658c90 11577       2       org.eclipse.jdt.internal.compiler.env.NameEnvironmentAnswer::<init> (26 bytes)
Event: 611.925 Thread 0x0000020a1b658c90 nmethod 11577 0x0000020a0c13e990 code [0x0000020a0c13eb20, 0x0000020a0c13ec78]
Event: 611.958 Thread 0x0000020a1b658c90 11578   !   2       org.eclipse.jdt.internal.compiler.parser.Scanner::getNextCharAsDigit (133 bytes)
Event: 611.959 Thread 0x0000020a1b658c90 nmethod 11578 0x0000020a0c13ed10 code [0x0000020a0c13ef00, 0x0000020a0c13f280]
Event: 611.959 Thread 0x0000020a1b658c90 11579       2       org.eclipse.jdt.internal.compiler.parser.ScannerHelper::digit (147 bytes)
Event: 611.959 Thread 0x0000020a1b658c90 nmethod 11579 0x0000020a0c13f510 code [0x0000020a0c13f700, 0x0000020a0c13fa58]

GC Heap History (20 events):
Event: 611.002 GC heap before
{Heap before GC invocations=148 (full 2):
 PSYoungGen      total 9728K, used 9712K [0x00000000eab00000, 0x00000000eb600000, 0x0000000100000000)
  eden space 9216K, 100% used [0x00000000eab00000,0x00000000eb400000,0x00000000eb400000)
  from space 512K, 96% used [0x00000000eb480000,0x00000000eb4fc010,0x00000000eb500000)
  to   space 1024K, 0% used [0x00000000eb500000,0x00000000eb500000,0x00000000eb600000)
 ParOldGen       total 92672K, used 92207K [0x00000000c0000000, 0x00000000c5a80000, 0x00000000eab00000)
  object space 92672K, 99% used [0x00000000c0000000,0x00000000c5a0bfd0,0x00000000c5a80000)
 Metaspace       used 46773K, committed 47872K, reserved 1114112K
  class space    used 4222K, committed 4736K, reserved 1048576K
}
Event: 611.003 GC heap after
{Heap after GC invocations=148 (full 2):
 PSYoungGen      total 10240K, used 608K [0x00000000eab00000, 0x00000000eb600000, 0x0000000100000000)
  eden space 9216K, 0% used [0x00000000eab00000,0x00000000eab00000,0x00000000eb400000)
  from space 1024K, 59% used [0x00000000eb500000,0x00000000eb598000,0x00000000eb600000)
  to   space 1024K, 0% used [0x00000000eb400000,0x00000000eb400000,0x00000000eb500000)
 ParOldGen       total 92672K, used 92223K [0x00000000c0000000, 0x00000000c5a80000, 0x00000000eab00000)
  object space 92672K, 99% used [0x00000000c0000000,0x00000000c5a0ffd0,0x00000000c5a80000)
 Metaspace       used 46773K, committed 47872K, reserved 1114112K
  class space    used 4222K, committed 4736K, reserved 1048576K
}
Event: 611.056 GC heap before
{Heap before GC invocations=149 (full 2):
 PSYoungGen      total 10240K, used 9824K [0x00000000eab00000, 0x00000000eb600000, 0x0000000100000000)
  eden space 9216K, 100% used [0x00000000eab00000,0x00000000eb400000,0x00000000eb400000)
  from space 1024K, 59% used [0x00000000eb500000,0x00000000eb598000,0x00000000eb600000)
  to   space 1024K, 0% used [0x00000000eb400000,0x00000000eb400000,0x00000000eb500000)
 ParOldGen       total 92672K, used 92223K [0x00000000c0000000, 0x00000000c5a80000, 0x00000000eab00000)
  object space 92672K, 99% used [0x00000000c0000000,0x00000000c5a0ffd0,0x00000000c5a80000)
 Metaspace       used 46779K, committed 47872K, reserved 1114112K
  class space    used 4222K, committed 4736K, reserved 1048576K
}
Event: 611.059 GC heap after
{Heap after GC invocations=149 (full 2):
 PSYoungGen      total 10240K, used 1008K [0x00000000eab00000, 0x00000000eb700000, 0x0000000100000000)
  eden space 9216K, 0% used [0x00000000eab00000,0x00000000eab00000,0x00000000eb400000)
  from space 1024K, 98% used [0x00000000eb400000,0x00000000eb4fc010,0x00000000eb500000)
  to   space 1536K, 0% used [0x00000000eb580000,0x00000000eb580000,0x00000000eb700000)
 ParOldGen       total 92672K, used 92575K [0x00000000c0000000, 0x00000000c5a80000, 0x00000000eab00000)
  object space 92672K, 99% used [0x00000000c0000000,0x00000000c5a67fe0,0x00000000c5a80000)
 Metaspace       used 46779K, committed 47872K, reserved 1114112K
  class space    used 4222K, committed 4736K, reserved 1048576K
}
Event: 611.179 GC heap before
{Heap before GC invocations=150 (full 2):
 PSYoungGen      total 10240K, used 10224K [0x00000000eab00000, 0x00000000eb700000, 0x0000000100000000)
  eden space 9216K, 100% used [0x00000000eab00000,0x00000000eb400000,0x00000000eb400000)
  from space 1024K, 98% used [0x00000000eb400000,0x00000000eb4fc010,0x00000000eb500000)
  to   space 1536K, 0% used [0x00000000eb580000,0x00000000eb580000,0x00000000eb700000)
 ParOldGen       total 92672K, used 92575K [0x00000000c0000000, 0x00000000c5a80000, 0x00000000eab00000)
  object space 92672K, 99% used [0x00000000c0000000,0x00000000c5a67fe0,0x00000000c5a80000)
 Metaspace       used 46780K, committed 47872K, reserved 1114112K
  class space    used 4222K, committed 4736K, reserved 1048576K
}
Event: 611.183 GC heap after
{Heap after GC invocations=150 (full 2):
 PSYoungGen      total 10752K, used 992K [0x00000000eab00000, 0x00000000eb700000, 0x0000000100000000)
  eden space 9216K, 0% used [0x00000000eab00000,0x00000000eab00000,0x00000000eb400000)
  from space 1536K, 64% used [0x00000000eb580000,0x00000000eb678020,0x00000000eb700000)
  to   space 1536K, 0% used [0x00000000eb400000,0x00000000eb400000,0x00000000eb580000)
 ParOldGen       total 93696K, used 93271K [0x00000000c0000000, 0x00000000c5b80000, 0x00000000eab00000)
  object space 93696K, 99% used [0x00000000c0000000,0x00000000c5b15ce8,0x00000000c5b80000)
 Metaspace       used 46780K, committed 47872K, reserved 1114112K
  class space    used 4222K, committed 4736K, reserved 1048576K
}
Event: 611.262 GC heap before
{Heap before GC invocations=151 (full 2):
 PSYoungGen      total 10752K, used 10208K [0x00000000eab00000, 0x00000000eb700000, 0x0000000100000000)
  eden space 9216K, 100% used [0x00000000eab00000,0x00000000eb400000,0x00000000eb400000)
  from space 1536K, 64% used [0x00000000eb580000,0x00000000eb678020,0x00000000eb700000)
  to   space 1536K, 0% used [0x00000000eb400000,0x00000000eb400000,0x00000000eb580000)
 ParOldGen       total 93696K, used 93271K [0x00000000c0000000, 0x00000000c5b80000, 0x00000000eab00000)
  object space 93696K, 99% used [0x00000000c0000000,0x00000000c5b15ce8,0x00000000c5b80000)
 Metaspace       used 46784K, committed 47872K, reserved 1114112K
  class space    used 4222K, committed 4736K, reserved 1048576K
}
Event: 611.265 GC heap after
{Heap after GC invocations=151 (full 2):
 PSYoungGen      total 10752K, used 1056K [0x00000000eab00000, 0x00000000eb700000, 0x0000000100000000)
  eden space 9216K, 0% used [0x00000000eab00000,0x00000000eab00000,0x00000000eb400000)
  from space 1536K, 68% used [0x00000000eb400000,0x00000000eb508020,0x00000000eb580000)
  to   space 1536K, 0% used [0x00000000eb580000,0x00000000eb580000,0x00000000eb700000)
 ParOldGen       total 93696K, used 93588K [0x00000000c0000000, 0x00000000c5b80000, 0x00000000eab00000)
  object space 93696K, 99% used [0x00000000c0000000,0x00000000c5b650e0,0x00000000c5b80000)
 Metaspace       used 46784K, committed 47872K, reserved 1114112K
  class space    used 4222K, committed 4736K, reserved 1048576K
}
Event: 611.356 GC heap before
{Heap before GC invocations=152 (full 2):
 PSYoungGen      total 10752K, used 10272K [0x00000000eab00000, 0x00000000eb700000, 0x0000000100000000)
  eden space 9216K, 100% used [0x00000000eab00000,0x00000000eb400000,0x00000000eb400000)
  from space 1536K, 68% used [0x00000000eb400000,0x00000000eb508020,0x00000000eb580000)
  to   space 1536K, 0% used [0x00000000eb580000,0x00000000eb580000,0x00000000eb700000)
 ParOldGen       total 93696K, used 93588K [0x00000000c0000000, 0x00000000c5b80000, 0x00000000eab00000)
  object space 93696K, 99% used [0x00000000c0000000,0x00000000c5b650e0,0x00000000c5b80000)
 Metaspace       used 46789K, committed 47872K, reserved 1114112K
  class space    used 4222K, committed 4736K, reserved 1048576K
}
Event: 611.361 GC heap after
{Heap after GC invocations=152 (full 2):
 PSYoungGen      total 10752K, used 1360K [0x00000000eab00000, 0x00000000eb700000, 0x0000000100000000)
  eden space 9216K, 0% used [0x00000000eab00000,0x00000000eab00000,0x00000000eb400000)
  from space 1536K, 88% used [0x00000000eb580000,0x00000000eb6d4010,0x00000000eb700000)
  to   space 1536K, 0% used [0x00000000eb400000,0x00000000eb400000,0x00000000eb580000)
 ParOldGen       total 93696K, used 93604K [0x00000000c0000000, 0x00000000c5b80000, 0x00000000eab00000)
  object space 93696K, 99% used [0x00000000c0000000,0x00000000c5b690e0,0x00000000c5b80000)
 Metaspace       used 46789K, committed 47872K, reserved 1114112K
  class space    used 4222K, committed 4736K, reserved 1048576K
}
Event: 611.452 GC heap before
{Heap before GC invocations=153 (full 2):
 PSYoungGen      total 10752K, used 10576K [0x00000000eab00000, 0x00000000eb700000, 0x0000000100000000)
  eden space 9216K, 100% used [0x00000000eab00000,0x00000000eb400000,0x00000000eb400000)
  from space 1536K, 88% used [0x00000000eb580000,0x00000000eb6d4010,0x00000000eb700000)
  to   space 1536K, 0% used [0x00000000eb400000,0x00000000eb400000,0x00000000eb580000)
 ParOldGen       total 93696K, used 93604K [0x00000000c0000000, 0x00000000c5b80000, 0x00000000eab00000)
  object space 93696K, 99% used [0x00000000c0000000,0x00000000c5b690e0,0x00000000c5b80000)
 Metaspace       used 46795K, committed 47872K, reserved 1114112K
  class space    used 4222K, committed 4736K, reserved 1048576K
}
Event: 611.455 GC heap after
{Heap after GC invocations=153 (full 2):
 PSYoungGen      total 10752K, used 1532K [0x00000000eab00000, 0x00000000eb900000, 0x0000000100000000)
  eden space 9216K, 0% used [0x00000000eab00000,0x00000000eab00000,0x00000000eb400000)
  from space 1536K, 99% used [0x00000000eb400000,0x00000000eb57f220,0x00000000eb580000)
  to   space 2560K, 0% used [0x00000000eb680000,0x00000000eb680000,0x00000000eb900000)
 ParOldGen       total 94208K, used 94173K [0x00000000c0000000, 0x00000000c5c00000, 0x00000000eab00000)
  object space 94208K, 99% used [0x00000000c0000000,0x00000000c5bf7580,0x00000000c5c00000)
 Metaspace       used 46795K, committed 47872K, reserved 1114112K
  class space    used 4222K, committed 4736K, reserved 1048576K
}
Event: 611.542 GC heap before
{Heap before GC invocations=154 (full 2):
 PSYoungGen      total 10752K, used 10748K [0x00000000eab00000, 0x00000000eb900000, 0x0000000100000000)
  eden space 9216K, 100% used [0x00000000eab00000,0x00000000eb400000,0x00000000eb400000)
  from space 1536K, 99% used [0x00000000eb400000,0x00000000eb57f220,0x00000000eb580000)
  to   space 2560K, 0% used [0x00000000eb680000,0x00000000eb680000,0x00000000eb900000)
 ParOldGen       total 94208K, used 94173K [0x00000000c0000000, 0x00000000c5c00000, 0x00000000eab00000)
  object space 94208K, 99% used [0x00000000c0000000,0x00000000c5bf7580,0x00000000c5c00000)
 Metaspace       used 46798K, committed 47872K, reserved 1114112K
  class space    used 4222K, committed 4736K, reserved 1048576K
}
Event: 611.548 GC heap after
{Heap after GC invocations=154 (full 2):
 PSYoungGen      total 10752K, used 1120K [0x00000000eab00000, 0x00000000eb800000, 0x0000000100000000)
  eden space 9216K, 0% used [0x00000000eab00000,0x00000000eab00000,0x00000000eb400000)
  from space 1536K, 72% used [0x00000000eb680000,0x00000000eb798000,0x00000000eb800000)
  to   space 1536K, 0% used [0x00000000eb400000,0x00000000eb400000,0x00000000eb580000)
 ParOldGen       total 95232K, used 95213K [0x00000000c0000000, 0x00000000c5d00000, 0x00000000eab00000)
  object space 95232K, 99% used [0x00000000c0000000,0x00000000c5cfb7d8,0x00000000c5d00000)
 Metaspace       used 46798K, committed 47872K, reserved 1114112K
  class space    used 4222K, committed 4736K, reserved 1048576K
}
Event: 611.775 GC heap before
{Heap before GC invocations=155 (full 2):
 PSYoungGen      total 10752K, used 10336K [0x00000000eab00000, 0x00000000eb800000, 0x0000000100000000)
  eden space 9216K, 100% used [0x00000000eab00000,0x00000000eb400000,0x00000000eb400000)
  from space 1536K, 72% used [0x00000000eb680000,0x00000000eb798000,0x00000000eb800000)
  to   space 1536K, 0% used [0x00000000eb400000,0x00000000eb400000,0x00000000eb580000)
 ParOldGen       total 95232K, used 95213K [0x00000000c0000000, 0x00000000c5d00000, 0x00000000eab00000)
  object space 95232K, 99% used [0x00000000c0000000,0x00000000c5cfb7d8,0x00000000c5d00000)
 Metaspace       used 46798K, committed 47872K, reserved 1114112K
  class space    used 4222K, committed 4736K, reserved 1048576K
}
Event: 611.782 GC heap after
{Heap after GC invocations=155 (full 2):
 PSYoungGen      total 10752K, used 1456K [0x00000000eab00000, 0x00000000eb700000, 0x0000000100000000)
  eden space 9216K, 0% used [0x00000000eab00000,0x00000000eab00000,0x00000000eb400000)
  from space 1536K, 94% used [0x00000000eb400000,0x00000000eb56c010,0x00000000eb580000)
  to   space 1536K, 0% used [0x00000000eb580000,0x00000000eb580000,0x00000000eb700000)
 ParOldGen       total 96256K, used 95792K [0x00000000c0000000, 0x00000000c5e00000, 0x00000000eab00000)
  object space 96256K, 99% used [0x00000000c0000000,0x00000000c5d8c338,0x00000000c5e00000)
 Metaspace       used 46798K, committed 47872K, reserved 1114112K
  class space    used 4222K, committed 4736K, reserved 1048576K
}
Event: 611.841 GC heap before
{Heap before GC invocations=156 (full 2):
 PSYoungGen      total 10752K, used 10672K [0x00000000eab00000, 0x00000000eb700000, 0x0000000100000000)
  eden space 9216K, 100% used [0x00000000eab00000,0x00000000eb400000,0x00000000eb400000)
  from space 1536K, 94% used [0x00000000eb400000,0x00000000eb56c010,0x00000000eb580000)
  to   space 1536K, 0% used [0x00000000eb580000,0x00000000eb580000,0x00000000eb700000)
 ParOldGen       total 96256K, used 95792K [0x00000000c0000000, 0x00000000c5e00000, 0x00000000eab00000)
  object space 96256K, 99% used [0x00000000c0000000,0x00000000c5d8c338,0x00000000c5e00000)
 Metaspace       used 46801K, committed 47872K, reserved 1114112K
  class space    used 4222K, committed 4736K, reserved 1048576K
}
Event: 611.844 GC heap after
{Heap after GC invocations=156 (full 2):
 PSYoungGen      total 10240K, used 640K [0x00000000eab00000, 0x00000000eb680000, 0x0000000100000000)
  eden space 9216K, 0% used [0x00000000eab00000,0x00000000eab00000,0x00000000eb400000)
  from space 1024K, 62% used [0x00000000eb580000,0x00000000eb620000,0x00000000eb680000)
  to   space 1024K, 0% used [0x00000000eb480000,0x00000000eb480000,0x00000000eb580000)
 ParOldGen       total 96256K, used 95816K [0x00000000c0000000, 0x00000000c5e00000, 0x00000000eab00000)
  object space 96256K, 99% used [0x00000000c0000000,0x00000000c5d92338,0x00000000c5e00000)
 Metaspace       used 46801K, committed 47872K, reserved 1114112K
  class space    used 4222K, committed 4736K, reserved 1048576K
}
Event: 611.917 GC heap before
{Heap before GC invocations=157 (full 2):
 PSYoungGen      total 10240K, used 9856K [0x00000000eab00000, 0x00000000eb680000, 0x0000000100000000)
  eden space 9216K, 100% used [0x00000000eab00000,0x00000000eb400000,0x00000000eb400000)
  from space 1024K, 62% used [0x00000000eb580000,0x00000000eb620000,0x00000000eb680000)
  to   space 1024K, 0% used [0x00000000eb480000,0x00000000eb480000,0x00000000eb580000)
 ParOldGen       total 96256K, used 95816K [0x00000000c0000000, 0x00000000c5e00000, 0x00000000eab00000)
  object space 96256K, 99% used [0x00000000c0000000,0x00000000c5d92338,0x00000000c5e00000)
 Metaspace       used 46848K, committed 47936K, reserved 1114112K
  class space    used 4222K, committed 4736K, reserved 1048576K
}
Event: 611.919 GC heap after
{Heap after GC invocations=157 (full 2):
 PSYoungGen      total 10240K, used 96K [0x00000000eab00000, 0x00000000eb600000, 0x0000000100000000)
  eden space 9216K, 0% used [0x00000000eab00000,0x00000000eab00000,0x00000000eb400000)
  from space 1024K, 9% used [0x00000000eb480000,0x00000000eb498000,0x00000000eb580000)
  to   space 512K, 0% used [0x00000000eb580000,0x00000000eb580000,0x00000000eb600000)
 ParOldGen       total 96256K, used 95832K [0x00000000c0000000, 0x00000000c5e00000, 0x00000000eab00000)
  object space 96256K, 99% used [0x00000000c0000000,0x00000000c5d96338,0x00000000c5e00000)
 Metaspace       used 46848K, committed 47936K, reserved 1114112K
  class space    used 4222K, committed 4736K, reserved 1048576K
}

Dll operation events (10 events):
Event: 0.029 Loaded shared library c:\Users\Jared Arias\.vscode\extensions\redhat.java-1.39.0-win32-x64\jre\21.0.5-win32-x86_64\bin\java.dll
Event: 0.606 Loaded shared library c:\Users\Jared Arias\.vscode\extensions\redhat.java-1.39.0-win32-x64\jre\21.0.5-win32-x86_64\bin\zip.dll
Event: 0.722 Loaded shared library C:\Users\Jared Arias\.vscode\extensions\redhat.java-1.39.0-win32-x64\jre\21.0.5-win32-x86_64\bin\instrument.dll
Event: 0.733 Loaded shared library C:\Users\Jared Arias\.vscode\extensions\redhat.java-1.39.0-win32-x64\jre\21.0.5-win32-x86_64\bin\net.dll
Event: 0.738 Loaded shared library C:\Users\Jared Arias\.vscode\extensions\redhat.java-1.39.0-win32-x64\jre\21.0.5-win32-x86_64\bin\nio.dll
Event: 0.745 Loaded shared library C:\Users\Jared Arias\.vscode\extensions\redhat.java-1.39.0-win32-x64\jre\21.0.5-win32-x86_64\bin\zip.dll
Event: 0.860 Loaded shared library C:\Users\Jared Arias\.vscode\extensions\redhat.java-1.39.0-win32-x64\jre\21.0.5-win32-x86_64\bin\jimage.dll
Event: 1.275 Loaded shared library c:\Users\Jared Arias\.vscode\extensions\redhat.java-1.39.0-win32-x64\jre\21.0.5-win32-x86_64\bin\verify.dll
Event: 7.249 Loaded shared library C:\Users\Jared Arias\AppData\Roaming\Code\User\globalStorage\redhat.java\1.39.0\config_ss_win\org.eclipse.equinox.launcher\org.eclipse.equinox.launcher.win32.win32.x86_64_1.2.1100.v20240722-2106\eclipse_11904.dll
Event: 12.327 Loaded shared library C:\Users\Jared Arias\AppData\Local\Temp\jna--2137832284\jna9984828762284524072.dll

Deoptimization events (20 events):
Event: 611.797 Thread 0x0000020a64635840 Uncommon trap: trap_request=0xffffffd6 fr.pc=0x0000020a125696dc relative=0x00000000000004fc
Event: 611.797 Thread 0x0000020a64635840 Uncommon trap: reason=array_check action=maybe_recompile pc=0x0000020a125696dc method=java.util.TimSort.binarySort([Ljava/lang/Object;IIILjava/util/Comparator;)V @ 193 c2
Event: 611.797 Thread 0x0000020a64635840 DEOPT PACKING pc=0x0000020a125696dc sp=0x000000ad85ffd380
Event: 611.797 Thread 0x0000020a64635840 DEOPT UNPACKING pc=0x0000020a11a23a9c sp=0x000000ad85ffd318 mode 2
Event: 611.797 Thread 0x0000020a64635840 Uncommon trap: trap_request=0xffffffd6 fr.pc=0x0000020a125696dc relative=0x00000000000004fc
Event: 611.797 Thread 0x0000020a64635840 Uncommon trap: reason=array_check action=maybe_recompile pc=0x0000020a125696dc method=java.util.TimSort.binarySort([Ljava/lang/Object;IIILjava/util/Comparator;)V @ 193 c2
Event: 611.797 Thread 0x0000020a64635840 DEOPT PACKING pc=0x0000020a125696dc sp=0x000000ad85ffce00
Event: 611.798 Thread 0x0000020a64635840 DEOPT UNPACKING pc=0x0000020a11a23a9c sp=0x000000ad85ffcd98 mode 2
Event: 611.822 Thread 0x0000020a64635840 DEOPT PACKING pc=0x0000020a0a872dc6 sp=0x000000ad85ffe100
Event: 611.822 Thread 0x0000020a64635840 DEOPT UNPACKING pc=0x0000020a11a24223 sp=0x000000ad85ffd680 mode 0
Event: 611.851 Thread 0x0000020a64635840 Uncommon trap: trap_request=0xffffffd6 fr.pc=0x0000020a1256bd48 relative=0x00000000000006e8
Event: 611.851 Thread 0x0000020a64635840 Uncommon trap: reason=array_check action=maybe_recompile pc=0x0000020a1256bd48 method=java.util.TimSort.binarySort([Ljava/lang/Object;IIILjava/util/Comparator;)V @ 183 c2
Event: 611.851 Thread 0x0000020a64635840 DEOPT PACKING pc=0x0000020a1256bd48 sp=0x000000ad85ffd9a0
Event: 611.851 Thread 0x0000020a64635840 DEOPT UNPACKING pc=0x0000020a11a23a9c sp=0x000000ad85ffd938 mode 2
Event: 611.851 Thread 0x0000020a64635840 Uncommon trap: trap_request=0xffffffd6 fr.pc=0x0000020a1256bd48 relative=0x00000000000006e8
Event: 611.851 Thread 0x0000020a64635840 Uncommon trap: reason=array_check action=maybe_recompile pc=0x0000020a1256bd48 method=java.util.TimSort.binarySort([Ljava/lang/Object;IIILjava/util/Comparator;)V @ 183 c2
Event: 611.851 Thread 0x0000020a64635840 DEOPT PACKING pc=0x0000020a1256bd48 sp=0x000000ad85ffdb40
Event: 611.851 Thread 0x0000020a64635840 DEOPT UNPACKING pc=0x0000020a11a23a9c sp=0x000000ad85ffdad8 mode 2
Event: 611.863 Thread 0x0000020a646351b0 DEOPT PACKING pc=0x0000020a0c0218be sp=0x000000ad848fd400
Event: 611.863 Thread 0x0000020a646351b0 DEOPT UNPACKING pc=0x0000020a11a24223 sp=0x000000ad848fc928 mode 0

Classes loaded (20 events):
Event: 44.271 Loading class java/util/stream/ReduceOps$4ReducingSink
Event: 44.271 Loading class java/util/stream/ReduceOps$4ReducingSink done
Event: 501.349 Loading class java/util/concurrent/CompletionException
Event: 501.366 Loading class java/util/concurrent/CompletionException done
Event: 584.890 Loading class java/io/FileReader
Event: 584.893 Loading class java/io/FileReader done
Event: 584.904 Loading class java/lang/UnsupportedClassVersionError
Event: 584.907 Loading class java/lang/UnsupportedClassVersionError done
Event: 585.444 Loading class java/util/stream/MatchOps$MatchKind
Event: 585.446 Loading class java/util/stream/MatchOps$MatchKind done
Event: 585.448 Loading class java/util/stream/MatchOps
Event: 585.452 Loading class java/util/stream/MatchOps done
Event: 585.452 Loading class java/util/stream/MatchOps$MatchOp
Event: 585.453 Loading class java/util/stream/MatchOps$MatchOp done
Event: 585.454 Loading class java/util/stream/MatchOps$BooleanTerminalSink
Event: 585.456 Loading class java/util/stream/MatchOps$BooleanTerminalSink done
Event: 585.457 Loading class java/util/stream/MatchOps$1MatchSink
Event: 585.458 Loading class java/util/stream/MatchOps$1MatchSink done
Event: 593.318 Loading class java/util/concurrent/locks/ReentrantReadWriteLock$Sync$HoldCounter
Event: 593.319 Loading class java/util/concurrent/locks/ReentrantReadWriteLock$Sync$HoldCounter done

Classes unloaded (12 events):
Event: 13.956 Thread 0x0000020a0507ebe0 Unloading class 0x0000020a1d186c00 'java/lang/invoke/LambdaForm$MH+0x0000020a1d186c00'
Event: 13.956 Thread 0x0000020a0507ebe0 Unloading class 0x0000020a1d186800 'java/lang/invoke/LambdaForm$MH+0x0000020a1d186800'
Event: 13.956 Thread 0x0000020a0507ebe0 Unloading class 0x0000020a1d186400 'java/lang/invoke/LambdaForm$MH+0x0000020a1d186400'
Event: 13.956 Thread 0x0000020a0507ebe0 Unloading class 0x0000020a1d186000 'java/lang/invoke/LambdaForm$MH+0x0000020a1d186000'
Event: 13.956 Thread 0x0000020a0507ebe0 Unloading class 0x0000020a1d185c00 'java/lang/invoke/LambdaForm$BMH+0x0000020a1d185c00'
Event: 13.956 Thread 0x0000020a0507ebe0 Unloading class 0x0000020a1d185800 'java/lang/invoke/LambdaForm$DMH+0x0000020a1d185800'
Event: 13.956 Thread 0x0000020a0507ebe0 Unloading class 0x0000020a1d184400 'java/lang/invoke/LambdaForm$DMH+0x0000020a1d184400'
Event: 31.095 Thread 0x0000020a0507ebe0 Unloading class 0x0000020a1d3b8400 'java/lang/invoke/LambdaForm$MH+0x0000020a1d3b8400'
Event: 31.095 Thread 0x0000020a0507ebe0 Unloading class 0x0000020a1d347800 'java/lang/invoke/LambdaForm$MH+0x0000020a1d347800'
Event: 31.095 Thread 0x0000020a0507ebe0 Unloading class 0x0000020a1d346c00 'java/lang/invoke/LambdaForm$MH+0x0000020a1d346c00'
Event: 31.095 Thread 0x0000020a0507ebe0 Unloading class 0x0000020a1d346400 'java/lang/invoke/LambdaForm$MH+0x0000020a1d346400'
Event: 31.095 Thread 0x0000020a0507ebe0 Unloading class 0x0000020a1d345c00 'java/lang/invoke/LambdaForm$MH+0x0000020a1d345c00'

Classes redefined (0 events):
No events

Internal exceptions (20 events):
Event: 610.615 Thread 0x0000020a6463b420 NullPointerException in IC check 0x0000020a0a55e340
Event: 610.616 Thread 0x0000020a6463b420 Exception <a 'java/lang/NullPointerException'{0x00000000eae5a328}> (0x00000000eae5a328) 
thrown [s\src\hotspot\share\runtime\sharedRuntime.cpp, line 625]
Event: 610.987 Thread 0x0000020a64635840 NullPointerException in IC check 0x0000020a0a55e340
Event: 610.987 Thread 0x0000020a64635840 Exception <a 'java/lang/NullPointerException'{0x00000000eb3a3570}> (0x00000000eb3a3570) 
thrown [s\src\hotspot\share\runtime\sharedRuntime.cpp, line 625]
Event: 611.205 Thread 0x0000020a646351b0 NullPointerException in IC check 0x0000020a0a55e340
Event: 611.205 Thread 0x0000020a646351b0 Exception <a 'java/lang/NullPointerException'{0x00000000eaf23f08}> (0x00000000eaf23f08) 
thrown [s\src\hotspot\share\runtime\sharedRuntime.cpp, line 625]
Event: 611.237 Thread 0x0000020a64635840 NullPointerException in IC check 0x0000020a0a55e340
Event: 611.237 Thread 0x0000020a64635840 Exception <a 'java/lang/NullPointerException'{0x00000000eb1aa5c8}> (0x00000000eb1aa5c8) 
thrown [s\src\hotspot\share\runtime\sharedRuntime.cpp, line 625]
Event: 611.289 Thread 0x0000020a646351b0 NullPointerException in IC check 0x0000020a0a55e340
Event: 611.289 Thread 0x0000020a646351b0 Exception <a 'java/lang/NullPointerException'{0x00000000eadb81a8}> (0x00000000eadb81a8) 
thrown [s\src\hotspot\share\runtime\sharedRuntime.cpp, line 625]
Event: 611.328 Thread 0x0000020a64635840 NullPointerException in IC check 0x0000020a0a55e340
Event: 611.328 Thread 0x0000020a64635840 Exception <a 'java/lang/NullPointerException'{0x00000000eade5720}> (0x00000000eade5720) 
thrown [s\src\hotspot\share\runtime\sharedRuntime.cpp, line 625]
Event: 611.340 Thread 0x0000020a6463b420 NullPointerException in IC check 0x0000020a0a55e340
Event: 611.340 Thread 0x0000020a6463b420 Exception <a 'java/lang/NullPointerException'{0x00000000eb1ac840}> (0x00000000eb1ac840) 
thrown [s\src\hotspot\share\runtime\sharedRuntime.cpp, line 625]
Event: 611.373 Thread 0x0000020a64635840 NullPointerException in IC check 0x0000020a0a55e340
Event: 611.374 Thread 0x0000020a64635840 Exception <a 'java/lang/NullPointerException'{0x00000000ead1cb80}> (0x00000000ead1cb80) 
thrown [s\src\hotspot\share\runtime\sharedRuntime.cpp, line 625]
Event: 611.428 Thread 0x0000020a6463b420 NullPointerException in IC check 0x0000020a0a55e340
Event: 611.428 Thread 0x0000020a6463b420 Exception <a 'java/lang/NullPointerException'{0x00000000eb19a820}> (0x00000000eb19a820) 
thrown [s\src\hotspot\share\runtime\sharedRuntime.cpp, line 625]
Event: 611.501 Thread 0x0000020a64635840 NullPointerException in IC check 0x0000020a0a55e340
Event: 611.501 Thread 0x0000020a64635840 Exception <a 'java/lang/NullPointerException'{0x00000000eafcf5c8}> (0x00000000eafcf5c8) 
thrown [s\src\hotspot\share\runtime\sharedRuntime.cpp, line 625]

ZGC Phase Switch (0 events):
No events

VM Operations (20 events):
Event: 611.002 Executing VM operation: ParallelGCFailedAllocation (Allocation Failure)
Event: 611.003 Executing VM operation: ParallelGCFailedAllocation (Allocation Failure) done
Event: 611.056 Executing VM operation: ParallelGCFailedAllocation (Allocation Failure)
Event: 611.059 Executing VM operation: ParallelGCFailedAllocation (Allocation Failure) done
Event: 611.176 Executing VM operation: ParallelGCFailedAllocation (Allocation Failure)
Event: 611.183 Executing VM operation: ParallelGCFailedAllocation (Allocation Failure) done
Event: 611.262 Executing VM operation: ParallelGCFailedAllocation (Allocation Failure)
Event: 611.265 Executing VM operation: ParallelGCFailedAllocation (Allocation Failure) done
Event: 611.356 Executing VM operation: ParallelGCFailedAllocation (Allocation Failure)
Event: 611.361 Executing VM operation: ParallelGCFailedAllocation (Allocation Failure) done
Event: 611.452 Executing VM operation: ParallelGCFailedAllocation (Allocation Failure)
Event: 611.456 Executing VM operation: ParallelGCFailedAllocation (Allocation Failure) done
Event: 611.542 Executing VM operation: ParallelGCFailedAllocation (Allocation Failure)
Event: 611.548 Executing VM operation: ParallelGCFailedAllocation (Allocation Failure) done
Event: 611.775 Executing VM operation: ParallelGCFailedAllocation (Allocation Failure)
Event: 611.782 Executing VM operation: ParallelGCFailedAllocation (Allocation Failure) done
Event: 611.841 Executing VM operation: ParallelGCFailedAllocation (Allocation Failure)
Event: 611.844 Executing VM operation: ParallelGCFailedAllocation (Allocation Failure) done
Event: 611.917 Executing VM operation: ParallelGCFailedAllocation (Allocation Failure)
Event: 611.919 Executing VM operation: ParallelGCFailedAllocation (Allocation Failure) done

Memory protections (0 events):
No events

Nmethod flushes (20 events):
Event: 31.113 Thread 0x0000020a0507ebe0 flushing  nmethod 0x0000020a0a7a7f90
Event: 31.113 Thread 0x0000020a0507ebe0 flushing  nmethod 0x0000020a0a7aa510
Event: 31.113 Thread 0x0000020a0507ebe0 flushing  nmethod 0x0000020a0a7ade10
Event: 31.113 Thread 0x0000020a0507ebe0 flushing  nmethod 0x0000020a0a7f3010
Event: 31.113 Thread 0x0000020a0507ebe0 flushing  nmethod 0x0000020a0a7f3310
Event: 31.113 Thread 0x0000020a0507ebe0 flushing  nmethod 0x0000020a0a7fbf90
Event: 31.113 Thread 0x0000020a0507ebe0 flushing  nmethod 0x0000020a0a87d290
Event: 31.113 Thread 0x0000020a0507ebe0 flushing  nmethod 0x0000020a0a8c7d10
Event: 31.113 Thread 0x0000020a0507ebe0 flushing  nmethod 0x0000020a0a8c8190
Event: 31.113 Thread 0x0000020a0507ebe0 flushing  nmethod 0x0000020a0a8c8b10
Event: 31.113 Thread 0x0000020a0507ebe0 flushing  nmethod 0x0000020a0a8c8f10
Event: 31.113 Thread 0x0000020a0507ebe0 flushing  nmethod 0x0000020a0a92f990
Event: 31.113 Thread 0x0000020a0507ebe0 flushing  nmethod 0x0000020a0a932d90
Event: 31.113 Thread 0x0000020a0507ebe0 flushing  nmethod 0x0000020a0a933110
Event: 31.113 Thread 0x0000020a0507ebe0 flushing  nmethod 0x0000020a0a961d10
Event: 31.113 Thread 0x0000020a0507ebe0 flushing  nmethod 0x0000020a0a962110
Event: 31.113 Thread 0x0000020a0507ebe0 flushing  nmethod 0x0000020a0a962b10
Event: 31.113 Thread 0x0000020a0507ebe0 flushing  nmethod 0x0000020a0a968290
Event: 31.113 Thread 0x0000020a0507ebe0 flushing  nmethod 0x0000020a0a97b710
Event: 31.113 Thread 0x0000020a0507ebe0 flushing  nmethod 0x0000020a0a994c90

Events (20 events):
Event: 15.839 Thread 0x0000020a04fb7ea0 Thread added: 0x0000020a5d7afce0
Event: 15.840 Thread 0x0000020a04fb7ea0 Thread added: 0x0000020a5d7b0a00
Event: 15.840 Thread 0x0000020a04fb7ea0 Thread added: 0x0000020a5d7b1090
Event: 15.840 Thread 0x0000020a04fb7ea0 Thread added: 0x0000020a5d7b1720
Event: 15.894 Thread 0x0000020a04fb7ea0 Thread added: 0x0000020a5d7b1db0
Event: 15.897 Thread 0x0000020a63365850 Thread exited: 0x0000020a63365850
Event: 16.355 Thread 0x0000020a04fb7ea0 Thread added: 0x0000020a5d7ae930
Event: 16.355 Thread 0x0000020a04fb7ea0 Thread added: 0x0000020a5d7aefc0
Event: 17.740 Thread 0x0000020a624766a0 Thread exited: 0x0000020a624766a0
Event: 23.856 Thread 0x0000020a5d7aefc0 Thread added: 0x0000020a6463ad90
Event: 24.303 Thread 0x0000020a5d7aefc0 Thread added: 0x0000020a646399e0
Event: 44.664 Thread 0x0000020a5d7b0370 Thread added: 0x0000020a64633e00
Event: 104.685 Thread 0x0000020a5d7b0370 Thread exited: 0x0000020a5d7b0370
Event: 133.876 Thread 0x0000020a646399e0 Thread exited: 0x0000020a646399e0
Event: 193.880 Thread 0x0000020a6463ad90 Thread exited: 0x0000020a6463ad90
Event: 501.331 Thread 0x0000020a5d7aefc0 Thread added: 0x0000020a64637910
Event: 561.452 Thread 0x0000020a64637910 Thread exited: 0x0000020a64637910
Event: 573.824 Thread 0x0000020a5d7aefc0 Thread added: 0x0000020a646351b0
Event: 584.057 Thread 0x0000020a5d7aefc0 Thread added: 0x0000020a6463b420
Event: 584.060 Thread 0x0000020a5d7aefc0 Thread added: 0x0000020a64635840


Dynamic libraries:
0x00007ff788960000 - 0x00007ff78896e000 	c:\Users\Jared Arias\.vscode\extensions\redhat.java-1.39.0-win32-x64\jre\21.0.5-win32-x86_64\bin\java.exe
0x00007ffbf5b30000 - 0x00007ffbf5d47000 	C:\WINDOWS\SYSTEM32\ntdll.dll
0x00007ffbf44e0000 - 0x00007ffbf45a4000 	C:\WINDOWS\System32\KERNEL32.DLL
0x00007ffbf3130000 - 0x00007ffbf34ea000 	C:\WINDOWS\System32\KERNELBASE.dll
0x00007ffbf34f0000 - 0x00007ffbf3601000 	C:\WINDOWS\System32\ucrtbase.dll
0x00007ffbecb40000 - 0x00007ffbecb58000 	c:\Users\Jared Arias\.vscode\extensions\redhat.java-1.39.0-win32-x64\jre\21.0.5-win32-x86_64\bin\jli.dll
0x00007ffbf5220000 - 0x00007ffbf53ce000 	C:\WINDOWS\System32\USER32.dll
0x00007ffbf3750000 - 0x00007ffbf3776000 	C:\WINDOWS\System32\win32u.dll
0x00007ffbf3ee0000 - 0x00007ffbf3f09000 	C:\WINDOWS\System32\GDI32.dll
0x00007ffbf2df0000 - 0x00007ffbf2f0b000 	C:\WINDOWS\System32\gdi32full.dll
0x00007ffbf3780000 - 0x00007ffbf381a000 	C:\WINDOWS\System32\msvcp_win.dll
0x00007ffbecb20000 - 0x00007ffbecb3e000 	c:\Users\Jared Arias\.vscode\extensions\redhat.java-1.39.0-win32-x64\jre\21.0.5-win32-x86_64\bin\VCRUNTIME140.dll
0x00007ffbde570000 - 0x00007ffbde802000 	C:\WINDOWS\WinSxS\amd64_microsoft.windows.common-controls_6595b64144ccf1df_6.0.22621.4541_none_2710d1c57384c085\COMCTL32.dll
0x00007ffbf5170000 - 0x00007ffbf5217000 	C:\WINDOWS\System32\msvcrt.dll
0x00007ffbf3bd0000 - 0x00007ffbf3c01000 	C:\WINDOWS\System32\IMM32.DLL
0x00007ffbef4e0000 - 0x00007ffbef4ec000 	c:\Users\Jared Arias\.vscode\extensions\redhat.java-1.39.0-win32-x64\jre\21.0.5-win32-x86_64\bin\vcruntime140_1.dll
0x00007ffb864b0000 - 0x00007ffb8653d000 	c:\Users\Jared Arias\.vscode\extensions\redhat.java-1.39.0-win32-x64\jre\21.0.5-win32-x86_64\bin\msvcp140.dll
0x00007ffb72940000 - 0x00007ffb736cf000 	c:\Users\Jared Arias\.vscode\extensions\redhat.java-1.39.0-win32-x64\jre\21.0.5-win32-x86_64\bin\server\jvm.dll
0x00007ffbf3ae0000 - 0x00007ffbf3b92000 	C:\WINDOWS\System32\ADVAPI32.dll
0x00007ffbf3a30000 - 0x00007ffbf3ad7000 	C:\WINDOWS\System32\sechost.dll
0x00007ffbf3080000 - 0x00007ffbf30a8000 	C:\WINDOWS\System32\bcrypt.dll
0x00007ffbf5050000 - 0x00007ffbf5164000 	C:\WINDOWS\System32\RPCRT4.dll
0x00007ffbf5a70000 - 0x00007ffbf5ae1000 	C:\WINDOWS\System32\WS2_32.dll
0x00007ffbf2cc0000 - 0x00007ffbf2d0d000 	C:\WINDOWS\SYSTEM32\POWRPROF.dll
0x00007ffbeec50000 - 0x00007ffbeec84000 	C:\WINDOWS\SYSTEM32\WINMM.dll
0x00007ffbeea50000 - 0x00007ffbeea5a000 	C:\WINDOWS\SYSTEM32\VERSION.dll
0x00007ffbf2ca0000 - 0x00007ffbf2cb3000 	C:\WINDOWS\SYSTEM32\UMPDC.dll
0x00007ffbf1e30000 - 0x00007ffbf1e48000 	C:\WINDOWS\SYSTEM32\kernel.appcore.dll
0x00007ffb86620000 - 0x00007ffb8662a000 	c:\Users\Jared Arias\.vscode\extensions\redhat.java-1.39.0-win32-x64\jre\21.0.5-win32-x86_64\bin\jimage.dll
0x00007ffbf06a0000 - 0x00007ffbf08d2000 	C:\WINDOWS\SYSTEM32\DBGHELP.DLL
0x00007ffbf3fc0000 - 0x00007ffbf4351000 	C:\WINDOWS\System32\combase.dll
0x00007ffbf4620000 - 0x00007ffbf46f7000 	C:\WINDOWS\System32\OLEAUT32.dll
0x00007ffbd1790000 - 0x00007ffbd17c2000 	C:\WINDOWS\SYSTEM32\dbgcore.DLL
0x00007ffbf30b0000 - 0x00007ffbf312b000 	C:\WINDOWS\System32\bcryptPrimitives.dll
0x00007ffbef4c0000 - 0x00007ffbef4cf000 	c:\Users\Jared Arias\.vscode\extensions\redhat.java-1.39.0-win32-x64\jre\21.0.5-win32-x86_64\bin\instrument.dll
0x00007ffb86480000 - 0x00007ffb8649f000 	c:\Users\Jared Arias\.vscode\extensions\redhat.java-1.39.0-win32-x64\jre\21.0.5-win32-x86_64\bin\java.dll
0x00007ffbf4780000 - 0x00007ffbf4ff9000 	C:\WINDOWS\System32\SHELL32.dll
0x00007ffbf0d30000 - 0x00007ffbf1639000 	C:\WINDOWS\SYSTEM32\windows.storage.dll
0x00007ffbf0bf0000 - 0x00007ffbf0d2f000 	C:\WINDOWS\SYSTEM32\wintypes.dll
0x00007ffbf3930000 - 0x00007ffbf3a2a000 	C:\WINDOWS\System32\SHCORE.dll
0x00007ffbf5850000 - 0x00007ffbf58ae000 	C:\WINDOWS\System32\shlwapi.dll
0x00007ffbf2d20000 - 0x00007ffbf2d4b000 	C:\WINDOWS\SYSTEM32\profapi.dll
0x00007ffb86460000 - 0x00007ffb86478000 	c:\Users\Jared Arias\.vscode\extensions\redhat.java-1.39.0-win32-x64\jre\21.0.5-win32-x86_64\bin\zip.dll
0x00007ffb86450000 - 0x00007ffb86460000 	C:\Users\Jared Arias\.vscode\extensions\redhat.java-1.39.0-win32-x64\jre\21.0.5-win32-x86_64\bin\net.dll
0x00007ffbec720000 - 0x00007ffbec856000 	C:\WINDOWS\SYSTEM32\WINHTTP.dll
0x00007ffbf22b0000 - 0x00007ffbf2319000 	C:\WINDOWS\system32\mswsock.dll
0x00007ffb86430000 - 0x00007ffb86446000 	C:\Users\Jared Arias\.vscode\extensions\redhat.java-1.39.0-win32-x64\jre\21.0.5-win32-x86_64\bin\nio.dll
0x00007ffb86420000 - 0x00007ffb86430000 	c:\Users\Jared Arias\.vscode\extensions\redhat.java-1.39.0-win32-x64\jre\21.0.5-win32-x86_64\bin\verify.dll
0x00007ffbd8800000 - 0x00007ffbd8845000 	C:\Users\Jared Arias\AppData\Roaming\Code\User\globalStorage\redhat.java\1.39.0\config_ss_win\org.eclipse.equinox.launcher\org.eclipse.equinox.launcher.win32.win32.x86_64_1.2.1100.v20240722-2106\eclipse_11904.dll
0x00007ffbf58c0000 - 0x00007ffbf5a65000 	C:\WINDOWS\System32\ole32.dll
0x00007ffbf2500000 - 0x00007ffbf251b000 	C:\WINDOWS\SYSTEM32\CRYPTSP.dll
0x00007ffbf1d90000 - 0x00007ffbf1dc5000 	C:\WINDOWS\system32\rsaenh.dll
0x00007ffbf23a0000 - 0x00007ffbf23c8000 	C:\WINDOWS\SYSTEM32\USERENV.dll
0x00007ffbf2520000 - 0x00007ffbf252c000 	C:\WINDOWS\SYSTEM32\CRYPTBASE.dll
0x00007ffbf18e0000 - 0x00007ffbf190d000 	C:\WINDOWS\SYSTEM32\IPHLPAPI.DLL
0x00007ffbf44d0000 - 0x00007ffbf44d9000 	C:\WINDOWS\System32\NSI.dll
0x00007ffbc56b0000 - 0x00007ffbc56f9000 	C:\Users\Jared Arias\AppData\Local\Temp\jna--2137832284\jna9984828762284524072.dll
0x00007ffbf58b0000 - 0x00007ffbf58b8000 	C:\WINDOWS\System32\PSAPI.DLL
0x00007ffbec650000 - 0x00007ffbec669000 	C:\WINDOWS\SYSTEM32\dhcpcsvc6.DLL
0x00007ffbec630000 - 0x00007ffbec64f000 	C:\WINDOWS\SYSTEM32\dhcpcsvc.DLL

dbghelp: loaded successfully - version: 4.0.5 - missing functions: none
symbol engine: initialized successfully - sym options: 0x614 - pdb path: .;c:\Users\Jared Arias\.vscode\extensions\redhat.java-1.39.0-win32-x64\jre\21.0.5-win32-x86_64\bin;C:\WINDOWS\SYSTEM32;C:\WINDOWS\WinSxS\amd64_microsoft.windows.common-controls_6595b64144ccf1df_6.0.22621.4541_none_2710d1c57384c085;c:\Users\Jared Arias\.vscode\extensions\redhat.java-1.39.0-win32-x64\jre\21.0.5-win32-x86_64\bin\server;C:\Users\Jared Arias\AppData\Roaming\Code\User\globalStorage\redhat.java\1.39.0\config_ss_win\org.eclipse.equinox.launcher\org.eclipse.equinox.launcher.win32.win32.x86_64_1.2.1100.v20240722-2106;C:\Users\Jared Arias\AppData\Local\Temp\jna--2137832284

VM Arguments:
jvm_args: --add-modules=ALL-SYSTEM --add-opens=java.base/java.util=ALL-UNNAMED --add-opens=java.base/java.lang=ALL-UNNAMED --add-opens=java.base/sun.nio.fs=ALL-UNNAMED -Declipse.application=org.eclipse.jdt.ls.core.id1 -Dosgi.bundles.defaultStartLevel=4 -Declipse.product=org.eclipse.jdt.ls.core.product -Djava.import.generatesMetadataFilesAtProjectRoot=false -DDetectVMInstallationsJob.disabled=true -Dfile.encoding=utf8 -XX:+UseParallelGC -XX:GCTimeRatio=4 -XX:AdaptiveSizePolicyWeight=90 -Dsun.zip.disableMemoryMapping=true -Xmx1G -Xms100m -Xlog:disable -javaagent:c:\Users\Jared Arias\.vscode\extensions\redhat.java-1.39.0-win32-x64\lombok\lombok-1.18.34.jar 
java_command: c:\Users\Jared Arias\.vscode\extensions\redhat.java-1.39.0-win32-x64\server\plugins\org.eclipse.equinox.launcher_1.6.900.v20240613-2009.jar -configuration c:\Users\Jared Arias\AppData\Roaming\Code\User\globalStorage\redhat.java\1.39.0\config_ss_win -data c:\Users\Jared Arias\AppData\Roaming\Code\User\workspaceStorage\96e26c5a8c5fd470c5a188db8a77b4dc\redhat.java\ss_ws --pipe=\\.\pipe\lsp-9824c37f2dd7f06211954479050aa467-sock
java_class_path (initial): c:\Users\Jared Arias\.vscode\extensions\redhat.java-1.39.0-win32-x64\server\plugins\org.eclipse.equinox.launcher_1.6.900.v20240613-2009.jar
Launcher Type: SUN_STANDARD

[Global flags]
    uintx AdaptiveSizePolicyWeight                 = 90                                        {product} {command line}
     intx CICompilerCount                          = 3                                         {product} {ergonomic}
    uintx GCTimeRatio                              = 4                                         {product} {command line}
   size_t InitialHeapSize                          = 104857600                                 {product} {command line}
   size_t MaxHeapSize                              = 1073741824                                {product} {command line}
   size_t MaxNewSize                               = 357564416                                 {product} {ergonomic}
   size_t MinHeapDeltaBytes                        = 524288                                    {product} {ergonomic}
   size_t MinHeapSize                              = 104857600                                 {product} {command line}
   size_t NewSize                                  = 34603008                                  {product} {ergonomic}
    uintx NonNMethodCodeHeapSize                   = 5832780                                {pd product} {ergonomic}
    uintx NonProfiledCodeHeapSize                  = 122912730                              {pd product} {ergonomic}
   size_t OldSize                                  = 70254592                                  {product} {ergonomic}
    uintx ProfiledCodeHeapSize                     = 122912730                              {pd product} {ergonomic}
    uintx ReservedCodeCacheSize                    = 251658240                              {pd product} {ergonomic}
     bool SegmentedCodeCache                       = true                                      {product} {ergonomic}
   size_t SoftMaxHeapSize                          = 1073741824                             {manageable} {ergonomic}
     bool UseCompressedOops                        = true                           {product lp64_product} {ergonomic}
     bool UseLargePagesIndividualAllocation        = false                                  {pd product} {ergonomic}
     bool UseParallelGC                            = true                                      {product} {command line}

Logging:
Log output configuration:
 #0: stdout all=off uptime,level,tags foldmultilines=false
 #1: stderr all=off uptime,level,tags foldmultilines=false

Environment Variables:
JAVA_HOME="C:\dev\jdk-11.0.23_windows-x64_bin.exe"
PATH=C:\Program Files\Common Files\Oracle\Java\javapath;C:\WINDOWS\system32;C:\WINDOWS;C:\WINDOWS\System32\Wbem;C:\WINDOWS\System32\WindowsPowerShell\v1.0\;C:\WINDOWS\System32\OpenSSH\;C:\dev\flutter\bin;C:\dart-sdk\bin;C:\Program Files\Git\cmd;C:\dev\java-1.8.0-openjdk-1.8.0.422-1.b05.redhat.windows.x86_64\bin;C:\Program Files\nodejs\;C:\Program Files (x86)\Windows Kits\10\Windows Performance Toolkit\;C:\ProgramData\chocolatey\bin;C:\Program Files\MongoDB\Server\8.0\bin;C:\Program Files\MongoDB\mongosh-2.3.7-win32-x64\bin;C:\Users\Jared Arias\AppData\Local\Microsoft\WindowsApps;C:\Users\Jared Arias\AppData\Local\Programs\Microsoft VS Code\bin;C:\dev\flutter\bin;C:\dart-sdk\bin;C:\dev\java-1.8.0-openjdk-1.8.0.422-1.b05.redhat.windows.x86_64\bin;C:\Users\Jared Arias\AppData\Roaming\npm;C:\Users\Jared Arias\AppData\Local\Microsoft\WinGet\Packages\Schniz.fnm_Microsoft.Winget.Source_8wekyb3d8bbwe;C:\Program Files (x86)\MongoDB Atlas CLI\
USERNAME=Jared Arias
OS=Windows_NT
PROCESSOR_IDENTIFIER=Intel64 Family 6 Model 122 Stepping 8, GenuineIntel
TMP=C:\Users\JAREDA~1\AppData\Local\Temp
TEMP=C:\Users\JAREDA~1\AppData\Local\Temp




Periodic native trim disabled

---------------  S Y S T E M  ---------------

OS:
 Windows 11 , 64 bit Build 22621 (10.0.22621.4391)
OS uptime: 0 days 8:33 hours

CPU: total 4 (initial active 4) (4 cores per cpu, 1 threads per core) family 6 model 122 stepping 8 microcode 0x20, cx8, cmov, fxsr, mmx, 3dnowpref, sse, sse2, sse3, ssse3, sse4.1, sse4.2, popcnt, tsc, tscinvbit, aes, erms, clmul, sha, clflush, clflushopt, rdtscp, rdpid
Processor Information for all 4 processors :
  Max Mhz: 1101, Current Mhz: 1101, Mhz Limit: 1101

Memory: 4k page, system-wide physical 3858M (287M free)
TotalPageFile size 15634M (AvailPageFile size 12M)
current process WorkingSet (physical memory assigned to process): 244M, peak: 244M
current process commit charge ("private bytes"): 318M, peak: 320M

vm_info: OpenJDK 64-Bit Server VM (21.0.5+11-LTS) for windows-amd64 JRE (21.0.5+11-LTS), built on 2024-10-15T00:00:00Z by "admin" with MS VC++ 17.7 (VS2022)

END.
