#
# There is insufficient memory for the Java Runtime Environment to continue.
# Native memory allocation (malloc) failed to allocate 924976 bytes. Error detail: Chunk::new
# Possible reasons:
#   The system is out of physical RAM or swap space
#   This process is running with CompressedOops enabled, and the Java Heap may be blocking the growth of the native heap
# Possible solutions:
#   Reduce memory load on the system
#   Increase physical memory or swap space
#   Check if swap backing store is full
#   Decrease Java heap size (-Xmx/-Xms)
#   Decrease number of Java threads
#   Decrease Java thread stack sizes (-Xss)
#   Set larger code cache with -XX:ReservedCodeCacheSize=
#   JVM is running with Unscaled Compressed Oops mode in which the Java heap is
#     placed in the first 4GB address space. The Java Heap base address is the
#     maximum limit for the native heap growth. Please use -XX:HeapBaseMinAddress
#     to set the Java Heap base and to place the Java Heap above 4GB virtual address.
# This output file may be truncated or incomplete.
#
#  Out of Memory Error (arena.cpp:168), pid=19428, tid=13448
#
# JRE version: OpenJDK Runtime Environment Temurin-21.0.5+11 (21.0.5+11) (build 21.0.5+11-LTS)
# Java VM: OpenJDK 64-Bit Server VM Temurin-21.0.5+11 (21.0.5+11-LTS, mixed mode, sharing, tiered, compressed oops, compressed class ptrs, parallel gc, windows-amd64)
# No core dump will be written. Minidumps are not enabled by default on client versions of Windows
#

---------------  S U M M A R Y ------------

Command Line: --add-modules=ALL-SYSTEM --add-opens=java.base/java.util=ALL-UNNAMED --add-opens=java.base/java.lang=ALL-UNNAMED --add-opens=java.base/sun.nio.fs=ALL-UNNAMED -Declipse.application=org.eclipse.jdt.ls.core.id1 -Dosgi.bundles.defaultStartLevel=4 -Declipse.product=org.eclipse.jdt.ls.core.product -Djava.import.generatesMetadataFilesAtProjectRoot=false -DDetectVMInstallationsJob.disabled=true -Dfile.encoding=utf8 -XX:+UseParallelGC -XX:GCTimeRatio=4 -XX:AdaptiveSizePolicyWeight=90 -Dsun.zip.disableMemoryMapping=true -Xmx1G -Xms100m -Xlog:disable -javaagent:c:\Users\Jared Arias\.vscode\extensions\redhat.java-1.39.0-win32-x64\lombok\lombok-1.18.34.jar c:\Users\Jared Arias\.vscode\extensions\redhat.java-1.39.0-win32-x64\server\plugins\org.eclipse.equinox.launcher_1.6.900.v20240613-2009.jar -configuration c:\Users\Jared Arias\AppData\Roaming\Code\User\globalStorage\redhat.java\1.39.0\config_ss_win -data c:\Users\Jared Arias\AppData\Roaming\Code\User\workspaceStorage\96e26c5a8c5fd470c5a188db8a77b4dc\redhat.java\ss_ws --pipe=\\.\pipe\lsp-6fd6dde765d2dc3ce9b7bad1e5d6ca77-sock

Host: Intel(R) Celeron(R) N4120 CPU @ 1.10GHz, 4 cores, 3G,  Windows 11 , 64 bit Build 22621 (10.0.22621.4391)
Time: Thu Feb  6 10:36:15 2025 Hora est. Pacífico, Sudamérica elapsed time: 11.749807 seconds (0d 0h 0m 11s)

---------------  T H R E A D  ---------------

Current thread (0x000001e9eaa86750):  JavaThread "C2 CompilerThread1" daemon [_thread_in_native, id=13448, stack(0x0000007f3b400000,0x0000007f3b500000) (1024K)]


Current CompileTask:
C2:11749 4137       4       java.lang.invoke.MemberName::getMethodOrFieldType (72 bytes)

Stack: [0x0000007f3b400000,0x0000007f3b500000]
Native frames: (J=compiled Java code, j=interpreted, Vv=VM code, C=native code)
V  [jvm.dll+0x6cd4e9]
V  [jvm.dll+0x8a7941]
V  [jvm.dll+0x8a9e6e]
V  [jvm.dll+0x8aa543]
V  [jvm.dll+0x27f6d6]
V  [jvm.dll+0xc500d]
V  [jvm.dll+0xc5543]
V  [jvm.dll+0x2f2a9d]
V  [jvm.dll+0x5f67ea]
V  [jvm.dll+0x250b82]
V  [jvm.dll+0x250f3f]
V  [jvm.dll+0x249814]
V  [jvm.dll+0x246ea4]
V  [jvm.dll+0x1c75ce]
V  [jvm.dll+0x25682a]
V  [jvm.dll+0x254dca]
V  [jvm.dll+0x3f00d6]
V  [jvm.dll+0x8514fb]
V  [jvm.dll+0x6cbbed]
C  [ucrtbase.dll+0x29333]
C  [KERNEL32.DLL+0x1259d]
C  [ntdll.dll+0x5af38]


---------------  P R O C E S S  ---------------

Threads class SMR info:
_java_thread_list=0x000001e9eac7cc50, length=29, elements={
0x000001e98d087890, 0x000001e98f36b7f0, 0x000001e98f36e240, 0x000001e9a37431f0,
0x000001e9a3745cf0, 0x000001e9a3749f80, 0x000001e9a374b9c0, 0x000001e9a375a510,
0x000001e9a375b050, 0x000001e9a374b330, 0x000001e9a37498f0, 0x000001e9a374a610,
0x000001e9a374aca0, 0x000001e9a374c050, 0x000001e9a374c6e0, 0x000001e9a3749260,
0x000001e9ea910ce0, 0x000001e9ea911a00, 0x000001e9ea912090, 0x000001e9ea912720,
0x000001e9ea912db0, 0x000001e9ea9147f0, 0x000001e9ea910650, 0x000001e9ea914160,
0x000001e9ea913440, 0x000001e9ea913ad0, 0x000001e9ea90f2a0, 0x000001e9ea914e80,
0x000001e9eaa86750
}

Java Threads: ( => current thread )
  0x000001e98d087890 JavaThread "main"                              [_thread_blocked, id=4444, stack(0x0000007f38f00000,0x0000007f39000000) (1024K)]
  0x000001e98f36b7f0 JavaThread "Reference Handler"          daemon [_thread_blocked, id=9084, stack(0x0000007f39400000,0x0000007f39500000) (1024K)]
  0x000001e98f36e240 JavaThread "Finalizer"                  daemon [_thread_blocked, id=16824, stack(0x0000007f39500000,0x0000007f39600000) (1024K)]
  0x000001e9a37431f0 JavaThread "Signal Dispatcher"          daemon [_thread_blocked, id=14092, stack(0x0000007f39600000,0x0000007f39700000) (1024K)]
  0x000001e9a3745cf0 JavaThread "Attach Listener"            daemon [_thread_blocked, id=19048, stack(0x0000007f39700000,0x0000007f39800000) (1024K)]
  0x000001e9a3749f80 JavaThread "Service Thread"             daemon [_thread_blocked, id=19748, stack(0x0000007f39800000,0x0000007f39900000) (1024K)]
  0x000001e9a374b9c0 JavaThread "Monitor Deflation Thread"   daemon [_thread_blocked, id=19612, stack(0x0000007f39900000,0x0000007f39a00000) (1024K)]
  0x000001e9a375a510 JavaThread "C2 CompilerThread0"         daemon [_thread_blocked, id=8864, stack(0x0000007f39a00000,0x0000007f39b00000) (1024K)]
  0x000001e9a375b050 JavaThread "C1 CompilerThread0"         daemon [_thread_blocked, id=16372, stack(0x0000007f39b00000,0x0000007f39c00000) (1024K)]
  0x000001e9a374b330 JavaThread "Common-Cleaner"             daemon [_thread_blocked, id=5456, stack(0x0000007f39c00000,0x0000007f39d00000) (1024K)]
  0x000001e9a37498f0 JavaThread "Notification Thread"        daemon [_thread_blocked, id=17480, stack(0x0000007f39d00000,0x0000007f39e00000) (1024K)]
  0x000001e9a374a610 JavaThread "Active Thread: Equinox Container: c5c408b5-f75d-40a0-9157-695bfd5f66e7"        [_thread_blocked, id=14064, stack(0x0000007f3a100000,0x0000007f3a200000) (1024K)]
  0x000001e9a374aca0 JavaThread "Framework Event Dispatcher: Equinox Container: c5c408b5-f75d-40a0-9157-695bfd5f66e7" daemon [_thread_blocked, id=10580, stack(0x0000007f3a200000,0x0000007f3a300000) (1024K)]
  0x000001e9a374c050 JavaThread "Start Level: Equinox Container: c5c408b5-f75d-40a0-9157-695bfd5f66e7" daemon [_thread_blocked, id=16364, stack(0x0000007f3a300000,0x0000007f3a400000) (1024K)]
  0x000001e9a374c6e0 JavaThread "SCR Component Actor"        daemon [_thread_blocked, id=19180, stack(0x0000007f3a400000,0x0000007f3a500000) (1024K)]
  0x000001e9a3749260 JavaThread "SCR Component Registry"     daemon [_thread_blocked, id=11508, stack(0x0000007f3a500000,0x0000007f3a600000) (1024K)]
  0x000001e9ea910ce0 JavaThread "Worker-JM"                         [_thread_blocked, id=15624, stack(0x0000007f3a600000,0x0000007f3a700000) (1024K)]
  0x000001e9ea911a00 JavaThread "JNA Cleaner"                daemon [_thread_blocked, id=14960, stack(0x0000007f3a700000,0x0000007f3a800000) (1024K)]
  0x000001e9ea912090 JavaThread "Worker-0"                          [_thread_blocked, id=13336, stack(0x0000007f3a800000,0x0000007f3a900000) (1024K)]
  0x000001e9ea912720 JavaThread "Worker-1"                          [_thread_blocked, id=18736, stack(0x0000007f3a900000,0x0000007f3aa00000) (1024K)]
  0x000001e9ea912db0 JavaThread "Thread-2"                   daemon [_thread_in_native, id=16972, stack(0x0000007f3ac00000,0x0000007f3ad00000) (1024K)]
  0x000001e9ea9147f0 JavaThread "Thread-3"                   daemon [_thread_in_native, id=19876, stack(0x0000007f3ad00000,0x0000007f3ae00000) (1024K)]
  0x000001e9ea910650 JavaThread "Thread-4"                   daemon [_thread_in_native, id=19720, stack(0x0000007f3ae00000,0x0000007f3af00000) (1024K)]
  0x000001e9ea914160 JavaThread "Thread-5"                   daemon [_thread_in_native, id=16248, stack(0x0000007f3af00000,0x0000007f3b000000) (1024K)]
  0x000001e9ea913440 JavaThread "Thread-6"                   daemon [_thread_in_native, id=5496, stack(0x0000007f3b000000,0x0000007f3b100000) (1024K)]
  0x000001e9ea913ad0 JavaThread "pool-2-thread-1"                   [_thread_blocked, id=18128, stack(0x0000007f3b100000,0x0000007f3b200000) (1024K)]
  0x000001e9ea90f2a0 JavaThread "WorkspaceEventsHandler"            [_thread_blocked, id=15392, stack(0x0000007f3b200000,0x0000007f3b300000) (1024K)]
  0x000001e9ea914e80 JavaThread "pool-1-thread-1"                   [_thread_blocked, id=3176, stack(0x0000007f3b300000,0x0000007f3b400000) (1024K)]
=>0x000001e9eaa86750 JavaThread "C2 CompilerThread1"         daemon [_thread_in_native, id=13448, stack(0x0000007f3b400000,0x0000007f3b500000) (1024K)]
Total: 29

Other Threads:
  0x000001e98f34f880 VMThread "VM Thread"                           [id=7684, stack(0x0000007f39200000,0x0000007f39300000) (1024K)]
  0x000001e9a36dcb00 WatcherThread "VM Periodic Task Thread"        [id=10552, stack(0x0000007f39100000,0x0000007f39200000) (1024K)]
  0x000001e98f2cde40 WorkerThread "GC Thread#0"                     [id=15596, stack(0x0000007f39000000,0x0000007f39100000) (1024K)]
  0x000001e9e597bb20 WorkerThread "GC Thread#1"                     [id=7336, stack(0x0000007f39e00000,0x0000007f39f00000) (1024K)]
  0x000001e9e597bec0 WorkerThread "GC Thread#2"                     [id=20432, stack(0x0000007f39f00000,0x0000007f3a000000) (1024K)]
  0x000001e9e597c260 WorkerThread "GC Thread#3"                     [id=20292, stack(0x0000007f3a000000,0x0000007f3a100000) (1024K)]
Total: 6

Threads with active compile tasks:
C2 CompilerThread0  11801 4213       4       java.util.ArrayList::equalsRange (85 bytes)
C2 CompilerThread1  11802 4137       4       java.lang.invoke.MemberName::getMethodOrFieldType (72 bytes)
Total: 2

VM state: at safepoint (normal execution)

VM Mutex/Monitor currently owned by a thread:  ([mutex/lock_event])
[0x00007ffb735ed380] Threads_lock - owner thread: 0x000001e98f34f880
[0x00007ffb735ed480] Heap_lock - owner thread: 0x000001e9ea914e80

Heap address: 0x00000000c0000000, size: 1024 MB, Compressed Oops mode: 32-bit

CDS archive(s) mapped at: [0x000001e9a4000000-0x000001e9a4ba0000-0x000001e9a4ba0000), size 12189696, SharedBaseAddress: 0x000001e9a4000000, ArchiveRelocationMode: 1.
Compressed class space mapped at: 0x000001e9a5000000-0x000001e9e5000000, reserved size: 1073741824
Narrow klass base: 0x000001e9a4000000, Narrow klass shift: 0, Narrow klass range: 0x100000000

GC Precious Log:
 CardTable entry size: 512
 CPUs: 4 total, 4 available
 Memory: 3858M
 Large Page Support: Disabled
 NUMA Support: Disabled
 Compressed Oops: Enabled (32-bit)
 Alignments: Space 512K, Generation 512K, Heap 2M
 Heap Min Capacity: 100M
 Heap Initial Capacity: 100M
 Heap Max Capacity: 1G
 Pre-touch: Disabled
 Parallel Workers: 4

Heap:
 PSYoungGen      total 28160K, used 28135K [0x00000000eab00000, 0x00000000ecc80000, 0x0000000100000000)
  eden space 23040K, 100% used [0x00000000eab00000,0x00000000ec180000,0x00000000ec180000)
  from space 5120K, 99% used [0x00000000ec200000,0x00000000ec6f9c80,0x00000000ec700000)
  to   space 5632K, 65% used [0x00000000ec700000,0x00000000eca94b88,0x00000000ecc80000)
 ParOldGen       total 68608K, used 12994K [0x00000000c0000000, 0x00000000c4300000, 0x00000000eab00000)
  object space 68608K, 18% used [0x00000000c0000000,0x00000000c0cb08b8,0x00000000c4300000)
 Metaspace       used 31307K, committed 32192K, reserved 1114112K
  class space    used 3058K, committed 3456K, reserved 1048576K

Card table byte_map: [0x000001e98ec50000,0x000001e98ee60000] _byte_map_base: 0x000001e98e650000

Marking Bits: (ParMarkBitMap*) 0x00007ffb735f2250
 Begin Bits: [0x000001e9a1600000, 0x000001e9a2600000)
 End Bits:   [0x000001e9a2600000, 0x000001e9a3600000)

Polling page: 0x000001e98d250000

Metaspace:

Usage:
  Non-class:     27.59 MB used.
      Class:      2.99 MB used.
       Both:     30.57 MB used.

Virtual space:
  Non-class space:       64.00 MB reserved,      28.06 MB ( 44%) committed,  1 nodes.
      Class space:        1.00 GB reserved,       3.38 MB ( <1%) committed,  1 nodes.
             Both:        1.06 GB reserved,      31.44 MB (  3%) committed. 

Chunk freelists:
   Non-Class:  3.67 MB
       Class:  12.66 MB
        Both:  16.33 MB

MaxMetaspaceSize: unlimited
CompressedClassSpaceSize: 1.00 GB
Initial GC threshold: 21.00 MB
Current GC threshold: 35.00 MB
CDS: on
 - commit_granule_bytes: 65536.
 - commit_granule_words: 8192.
 - virtual_space_node_default_size: 8388608.
 - enlarge_chunks_in_place: 1.
 - use_allocation_guard: 0.


Internal statistics:

num_allocs_failed_limit: 3.
num_arena_births: 638.
num_arena_deaths: 14.
num_vsnodes_births: 2.
num_vsnodes_deaths: 0.
num_space_committed: 503.
num_space_uncommitted: 0.
num_chunks_returned_to_freelist: 17.
num_chunks_taken_from_freelist: 1846.
num_chunk_merges: 9.
num_chunk_splits: 1209.
num_chunks_enlarged: 779.
num_inconsistent_stats: 0.

CodeHeap 'non-profiled nmethods': size=120000Kb used=1763Kb max_used=1763Kb free=118237Kb
 bounds [0x000001e99a0d0000, 0x000001e99a340000, 0x000001e9a1600000]
CodeHeap 'profiled nmethods': size=120000Kb used=8321Kb max_used=8321Kb free=111678Kb
 bounds [0x000001e992600000, 0x000001e992e30000, 0x000001e999b30000]
CodeHeap 'non-nmethods': size=5760Kb used=1348Kb max_used=1397Kb free=4411Kb
 bounds [0x000001e999b30000, 0x000001e999da0000, 0x000001e99a0d0000]
 total_blobs=4867 nmethods=4219 adapters=554
 compilation: enabled
              stopped_count=0, restarted_count=0
 full_count=0

Compilation events (20 events):
Event: 11.676 Thread 0x000001e9a375b050 4203       3       org.eclipse.jdt.internal.compiler.util.JrtFileSystem$2::preVisitDirectory (10 bytes)
Event: 11.676 Thread 0x000001e9a375b050 nmethod 4203 0x000001e992e16190 code [0x000001e992e16340, 0x000001e992e165a0]
Event: 11.677 Thread 0x000001e9a375b050 4204       3       java.util.ArrayList::equals (62 bytes)
Event: 11.678 Thread 0x000001e9a375b050 nmethod 4204 0x000001e992e16690 code [0x000001e992e168a0, 0x000001e992e17018]
Event: 11.678 Thread 0x000001e9a375b050 4205       3       org.eclipse.jdt.internal.compiler.util.JrtFileSystem$2::visitFile (10 bytes)
Event: 11.678 Thread 0x000001e9a375b050 nmethod 4205 0x000001e992e17210 code [0x000001e992e173c0, 0x000001e992e17620]
Event: 11.678 Thread 0x000001e9a375b050 4206       3       org.eclipse.jdt.internal.compiler.util.JrtFileSystem$2::visitFile (72 bytes)
Event: 11.679 Thread 0x000001e9a375b050 nmethod 4206 0x000001e992e17710 code [0x000001e992e17940, 0x000001e992e180c0]
Event: 11.679 Thread 0x000001e9a375b050 4207       3       org.eclipse.jdt.internal.core.JrtPackageFragmentRoot$1::visitFile (14 bytes)
Event: 11.679 Thread 0x000001e9a375b050 nmethod 4207 0x000001e992e18310 code [0x000001e992e184e0, 0x000001e992e18850]
Event: 11.680 Thread 0x000001e9a375b050 4208       3       org.eclipse.jdt.internal.compiler.util.Util::isClassFileName (82 bytes)
Event: 11.681 Thread 0x000001e9a375b050 nmethod 4208 0x000001e992e18910 code [0x000001e992e18b60, 0x000001e992e19428]
Event: 11.692 Thread 0x000001e9a375b050 4210       3       org.eclipse.jdt.internal.core.JrtPackageFragmentRoot$1::visitFile (26 bytes)
Event: 11.693 Thread 0x000001e9a375b050 nmethod 4210 0x000001e992e19810 code [0x000001e992e199e0, 0x000001e992e19c28]
Event: 11.708 Thread 0x000001e9a375b050 4212       3       jdk.internal.jimage.ImageReader$SharedImageReader::visitLocation (73 bytes)
Event: 11.709 Thread 0x000001e9a375a510 nmethod 4201 0x000001e99a283910 code [0x000001e99a283b80, 0x000001e99a2847e8]
Event: 11.709 Thread 0x000001e9a375a510 4209       4       jdk.internal.jrtfs.JrtPath::initOffsets (146 bytes)
Event: 11.710 Thread 0x000001e9a375b050 nmethod 4212 0x000001e992e19d10 code [0x000001e992e19fc0, 0x000001e992e1ad20]
Event: 11.731 Thread 0x000001e9a375a510 nmethod 4209 0x000001e99a285210 code [0x000001e99a285420, 0x000001e99a285c60]
Event: 11.731 Thread 0x000001e9a375a510 4211       4       org.eclipse.jdt.internal.core.util.Util::splitOn (134 bytes)

GC Heap History (20 events):
Event: 2.190 GC heap before
{Heap before GC invocations=1 (full 0):
 PSYoungGen      total 29696K, used 25600K [0x00000000eab00000, 0x00000000ecc00000, 0x0000000100000000)
  eden space 25600K, 100% used [0x00000000eab00000,0x00000000ec400000,0x00000000ec400000)
  from space 4096K, 0% used [0x00000000ec800000,0x00000000ec800000,0x00000000ecc00000)
  to   space 4096K, 0% used [0x00000000ec400000,0x00000000ec400000,0x00000000ec800000)
 ParOldGen       total 68608K, used 0K [0x00000000c0000000, 0x00000000c4300000, 0x00000000eab00000)
  object space 68608K, 0% used [0x00000000c0000000,0x00000000c0000000,0x00000000c4300000)
 Metaspace       used 4355K, committed 4544K, reserved 1114112K
  class space    used 435K, committed 512K, reserved 1048576K
}
Event: 2.205 GC heap after
{Heap after GC invocations=1 (full 0):
 PSYoungGen      total 29696K, used 3262K [0x00000000eab00000, 0x00000000ecc00000, 0x0000000100000000)
  eden space 25600K, 0% used [0x00000000eab00000,0x00000000eab00000,0x00000000ec400000)
  from space 4096K, 79% used [0x00000000ec400000,0x00000000ec72fb10,0x00000000ec800000)
  to   space 4096K, 0% used [0x00000000ec800000,0x00000000ec800000,0x00000000ecc00000)
 ParOldGen       total 68608K, used 8K [0x00000000c0000000, 0x00000000c4300000, 0x00000000eab00000)
  object space 68608K, 0% used [0x00000000c0000000,0x00000000c0002000,0x00000000c4300000)
 Metaspace       used 4355K, committed 4544K, reserved 1114112K
  class space    used 435K, committed 512K, reserved 1048576K
}
Event: 4.487 GC heap before
{Heap before GC invocations=2 (full 0):
 PSYoungGen      total 29696K, used 28862K [0x00000000eab00000, 0x00000000ecc00000, 0x0000000100000000)
  eden space 25600K, 100% used [0x00000000eab00000,0x00000000ec400000,0x00000000ec400000)
  from space 4096K, 79% used [0x00000000ec400000,0x00000000ec72fb10,0x00000000ec800000)
  to   space 4096K, 0% used [0x00000000ec800000,0x00000000ec800000,0x00000000ecc00000)
 ParOldGen       total 68608K, used 8K [0x00000000c0000000, 0x00000000c4300000, 0x00000000eab00000)
  object space 68608K, 0% used [0x00000000c0000000,0x00000000c0002000,0x00000000c4300000)
 Metaspace       used 8239K, committed 8576K, reserved 1114112K
  class space    used 812K, committed 960K, reserved 1048576K
}
Event: 4.498 GC heap after
{Heap after GC invocations=2 (full 0):
 PSYoungGen      total 29696K, used 4084K [0x00000000eab00000, 0x00000000ecc00000, 0x0000000100000000)
  eden space 25600K, 0% used [0x00000000eab00000,0x00000000eab00000,0x00000000ec400000)
  from space 4096K, 99% used [0x00000000ec800000,0x00000000ecbfd1c8,0x00000000ecc00000)
  to   space 4096K, 0% used [0x00000000ec400000,0x00000000ec400000,0x00000000ec800000)
 ParOldGen       total 68608K, used 923K [0x00000000c0000000, 0x00000000c4300000, 0x00000000eab00000)
  object space 68608K, 1% used [0x00000000c0000000,0x00000000c00e6ea8,0x00000000c4300000)
 Metaspace       used 8239K, committed 8576K, reserved 1114112K
  class space    used 812K, committed 960K, reserved 1048576K
}
Event: 5.442 GC heap before
{Heap before GC invocations=3 (full 0):
 PSYoungGen      total 29696K, used 29684K [0x00000000eab00000, 0x00000000ecc00000, 0x0000000100000000)
  eden space 25600K, 100% used [0x00000000eab00000,0x00000000ec400000,0x00000000ec400000)
  from space 4096K, 99% used [0x00000000ec800000,0x00000000ecbfd1c8,0x00000000ecc00000)
  to   space 4096K, 0% used [0x00000000ec400000,0x00000000ec400000,0x00000000ec800000)
 ParOldGen       total 68608K, used 923K [0x00000000c0000000, 0x00000000c4300000, 0x00000000eab00000)
  object space 68608K, 1% used [0x00000000c0000000,0x00000000c00e6ea8,0x00000000c4300000)
 Metaspace       used 13040K, committed 13568K, reserved 1114112K
  class space    used 1311K, committed 1536K, reserved 1048576K
}
Event: 5.451 GC heap after
{Heap after GC invocations=3 (full 0):
 PSYoungGen      total 29696K, used 4067K [0x00000000eab00000, 0x00000000ecc00000, 0x0000000100000000)
  eden space 25600K, 0% used [0x00000000eab00000,0x00000000eab00000,0x00000000ec400000)
  from space 4096K, 99% used [0x00000000ec400000,0x00000000ec7f8c60,0x00000000ec800000)
  to   space 4096K, 0% used [0x00000000ec800000,0x00000000ec800000,0x00000000ecc00000)
 ParOldGen       total 68608K, used 2825K [0x00000000c0000000, 0x00000000c4300000, 0x00000000eab00000)
  object space 68608K, 4% used [0x00000000c0000000,0x00000000c02c26f8,0x00000000c4300000)
 Metaspace       used 13040K, committed 13568K, reserved 1114112K
  class space    used 1311K, committed 1536K, reserved 1048576K
}
Event: 6.984 GC heap before
{Heap before GC invocations=4 (full 0):
 PSYoungGen      total 29696K, used 29591K [0x00000000eab00000, 0x00000000ecc00000, 0x0000000100000000)
  eden space 25600K, 99% used [0x00000000eab00000,0x00000000ec3ed290,0x00000000ec400000)
  from space 4096K, 99% used [0x00000000ec400000,0x00000000ec7f8c60,0x00000000ec800000)
  to   space 4096K, 0% used [0x00000000ec800000,0x00000000ec800000,0x00000000ecc00000)
 ParOldGen       total 68608K, used 2825K [0x00000000c0000000, 0x00000000c4300000, 0x00000000eab00000)
  object space 68608K, 4% used [0x00000000c0000000,0x00000000c02c26f8,0x00000000c4300000)
 Metaspace       used 16948K, committed 17600K, reserved 1114112K
  class space    used 1699K, committed 1984K, reserved 1048576K
}
Event: 6.992 GC heap after
{Heap after GC invocations=4 (full 0):
 PSYoungGen      total 29696K, used 4088K [0x00000000eab00000, 0x00000000ecc00000, 0x0000000100000000)
  eden space 25600K, 0% used [0x00000000eab00000,0x00000000eab00000,0x00000000ec400000)
  from space 4096K, 99% used [0x00000000ec800000,0x00000000ecbfe3a0,0x00000000ecc00000)
  to   space 4096K, 0% used [0x00000000ec400000,0x00000000ec400000,0x00000000ec800000)
 ParOldGen       total 68608K, used 5202K [0x00000000c0000000, 0x00000000c4300000, 0x00000000eab00000)
  object space 68608K, 7% used [0x00000000c0000000,0x00000000c0514ab8,0x00000000c4300000)
 Metaspace       used 16948K, committed 17600K, reserved 1114112K
  class space    used 1699K, committed 1984K, reserved 1048576K
}
Event: 7.429 GC heap before
{Heap before GC invocations=5 (full 0):
 PSYoungGen      total 29696K, used 29688K [0x00000000eab00000, 0x00000000ecc00000, 0x0000000100000000)
  eden space 25600K, 100% used [0x00000000eab00000,0x00000000ec400000,0x00000000ec400000)
  from space 4096K, 99% used [0x00000000ec800000,0x00000000ecbfe3a0,0x00000000ecc00000)
  to   space 4096K, 0% used [0x00000000ec400000,0x00000000ec400000,0x00000000ec800000)
 ParOldGen       total 68608K, used 5202K [0x00000000c0000000, 0x00000000c4300000, 0x00000000eab00000)
  object space 68608K, 7% used [0x00000000c0000000,0x00000000c0514ab8,0x00000000c4300000)
 Metaspace       used 20258K, committed 20992K, reserved 1114112K
  class space    used 1937K, committed 2240K, reserved 1048576K
}
Event: 7.443 GC heap after
{Heap after GC invocations=5 (full 0):
 PSYoungGen      total 29184K, used 4066K [0x00000000eab00000, 0x00000000ed080000, 0x0000000100000000)
  eden space 25088K, 0% used [0x00000000eab00000,0x00000000eab00000,0x00000000ec380000)
  from space 4096K, 99% used [0x00000000ec400000,0x00000000ec7f8a18,0x00000000ec800000)
  to   space 6656K, 0% used [0x00000000eca00000,0x00000000eca00000,0x00000000ed080000)
 ParOldGen       total 68608K, used 7654K [0x00000000c0000000, 0x00000000c4300000, 0x00000000eab00000)
  object space 68608K, 11% used [0x00000000c0000000,0x00000000c0779be8,0x00000000c4300000)
 Metaspace       used 20258K, committed 20992K, reserved 1114112K
  class space    used 1937K, committed 2240K, reserved 1048576K
}
Event: 7.505 GC heap before
{Heap before GC invocations=6 (full 0):
 PSYoungGen      total 29184K, used 8108K [0x00000000eab00000, 0x00000000ed080000, 0x0000000100000000)
  eden space 25088K, 16% used [0x00000000eab00000,0x00000000eaef2760,0x00000000ec380000)
  from space 4096K, 99% used [0x00000000ec400000,0x00000000ec7f8a18,0x00000000ec800000)
  to   space 6656K, 0% used [0x00000000eca00000,0x00000000eca00000,0x00000000ed080000)
 ParOldGen       total 68608K, used 7654K [0x00000000c0000000, 0x00000000c4300000, 0x00000000eab00000)
  object space 68608K, 11% used [0x00000000c0000000,0x00000000c0779be8,0x00000000c4300000)
 Metaspace       used 20864K, committed 21504K, reserved 1114112K
  class space    used 1977K, committed 2240K, reserved 1048576K
}
Event: 7.518 GC heap after
{Heap after GC invocations=6 (full 0):
 PSYoungGen      total 29184K, used 3994K [0x00000000eab00000, 0x00000000ece00000, 0x0000000100000000)
  eden space 25088K, 0% used [0x00000000eab00000,0x00000000eab00000,0x00000000ec380000)
  from space 4096K, 97% used [0x00000000eca00000,0x00000000ecde69b8,0x00000000ece00000)
  to   space 5120K, 0% used [0x00000000ec400000,0x00000000ec400000,0x00000000ec900000)
 ParOldGen       total 68608K, used 7654K [0x00000000c0000000, 0x00000000c4300000, 0x00000000eab00000)
  object space 68608K, 11% used [0x00000000c0000000,0x00000000c0779be8,0x00000000c4300000)
 Metaspace       used 20864K, committed 21504K, reserved 1114112K
  class space    used 1977K, committed 2240K, reserved 1048576K
}
Event: 7.518 GC heap before
{Heap before GC invocations=7 (full 1):
 PSYoungGen      total 29184K, used 3994K [0x00000000eab00000, 0x00000000ece00000, 0x0000000100000000)
  eden space 25088K, 0% used [0x00000000eab00000,0x00000000eab00000,0x00000000ec380000)
  from space 4096K, 97% used [0x00000000eca00000,0x00000000ecde69b8,0x00000000ece00000)
  to   space 5120K, 0% used [0x00000000ec400000,0x00000000ec400000,0x00000000ec900000)
 ParOldGen       total 68608K, used 7654K [0x00000000c0000000, 0x00000000c4300000, 0x00000000eab00000)
  object space 68608K, 11% used [0x00000000c0000000,0x00000000c0779be8,0x00000000c4300000)
 Metaspace       used 20864K, committed 21504K, reserved 1114112K
  class space    used 1977K, committed 2240K, reserved 1048576K
}
Event: 7.570 GC heap after
{Heap after GC invocations=7 (full 1):
 PSYoungGen      total 29184K, used 0K [0x00000000eab00000, 0x00000000ece00000, 0x0000000100000000)
  eden space 25088K, 0% used [0x00000000eab00000,0x00000000eab00000,0x00000000ec380000)
  from space 4096K, 0% used [0x00000000eca00000,0x00000000eca00000,0x00000000ece00000)
  to   space 5120K, 0% used [0x00000000ec400000,0x00000000ec400000,0x00000000ec900000)
 ParOldGen       total 68608K, used 8456K [0x00000000c0000000, 0x00000000c4300000, 0x00000000eab00000)
  object space 68608K, 12% used [0x00000000c0000000,0x00000000c0842090,0x00000000c4300000)
 Metaspace       used 20851K, committed 21504K, reserved 1114112K
  class space    used 1974K, committed 2240K, reserved 1048576K
}
Event: 8.119 GC heap before
{Heap before GC invocations=8 (full 1):
 PSYoungGen      total 29184K, used 25088K [0x00000000eab00000, 0x00000000ece00000, 0x0000000100000000)
  eden space 25088K, 100% used [0x00000000eab00000,0x00000000ec380000,0x00000000ec380000)
  from space 4096K, 0% used [0x00000000eca00000,0x00000000eca00000,0x00000000ece00000)
  to   space 5120K, 0% used [0x00000000ec400000,0x00000000ec400000,0x00000000ec900000)
 ParOldGen       total 68608K, used 8456K [0x00000000c0000000, 0x00000000c4300000, 0x00000000eab00000)
  object space 68608K, 12% used [0x00000000c0000000,0x00000000c0842090,0x00000000c4300000)
 Metaspace       used 22747K, committed 23488K, reserved 1114112K
  class space    used 2118K, committed 2432K, reserved 1048576K
}
Event: 8.125 GC heap after
{Heap after GC invocations=8 (full 1):
 PSYoungGen      total 27648K, used 2803K [0x00000000eab00000, 0x00000000eca80000, 0x0000000100000000)
  eden space 24576K, 0% used [0x00000000eab00000,0x00000000eab00000,0x00000000ec300000)
  from space 3072K, 91% used [0x00000000ec400000,0x00000000ec6bcdf8,0x00000000ec700000)
  to   space 3584K, 0% used [0x00000000ec700000,0x00000000ec700000,0x00000000eca80000)
 ParOldGen       total 68608K, used 8464K [0x00000000c0000000, 0x00000000c4300000, 0x00000000eab00000)
  object space 68608K, 12% used [0x00000000c0000000,0x00000000c0844090,0x00000000c4300000)
 Metaspace       used 22747K, committed 23488K, reserved 1114112K
  class space    used 2118K, committed 2432K, reserved 1048576K
}
Event: 9.376 GC heap before
{Heap before GC invocations=9 (full 1):
 PSYoungGen      total 27648K, used 27379K [0x00000000eab00000, 0x00000000eca80000, 0x0000000100000000)
  eden space 24576K, 100% used [0x00000000eab00000,0x00000000ec300000,0x00000000ec300000)
  from space 3072K, 91% used [0x00000000ec400000,0x00000000ec6bcdf8,0x00000000ec700000)
  to   space 3584K, 0% used [0x00000000ec700000,0x00000000ec700000,0x00000000eca80000)
 ParOldGen       total 68608K, used 8464K [0x00000000c0000000, 0x00000000c4300000, 0x00000000eab00000)
  object space 68608K, 12% used [0x00000000c0000000,0x00000000c0844090,0x00000000c4300000)
 Metaspace       used 26780K, committed 27584K, reserved 1114112K
  class space    used 2574K, committed 2944K, reserved 1048576K
}
Event: 9.384 GC heap after
{Heap after GC invocations=9 (full 1):
 PSYoungGen      total 27136K, used 3562K [0x00000000eab00000, 0x00000000ecc80000, 0x0000000100000000)
  eden space 23552K, 0% used [0x00000000eab00000,0x00000000eab00000,0x00000000ec200000)
  from space 3584K, 99% used [0x00000000ec700000,0x00000000eca7a900,0x00000000eca80000)
  to   space 5120K, 0% used [0x00000000ec200000,0x00000000ec200000,0x00000000ec700000)
 ParOldGen       total 68608K, used 9280K [0x00000000c0000000, 0x00000000c4300000, 0x00000000eab00000)
  object space 68608K, 13% used [0x00000000c0000000,0x00000000c09100e0,0x00000000c4300000)
 Metaspace       used 26780K, committed 27584K, reserved 1114112K
  class space    used 2574K, committed 2944K, reserved 1048576K
}
Event: 11.170 GC heap before
{Heap before GC invocations=10 (full 1):
 PSYoungGen      total 27136K, used 27114K [0x00000000eab00000, 0x00000000ecc80000, 0x0000000100000000)
  eden space 23552K, 100% used [0x00000000eab00000,0x00000000ec200000,0x00000000ec200000)
  from space 3584K, 99% used [0x00000000ec700000,0x00000000eca7a900,0x00000000eca80000)
  to   space 5120K, 0% used [0x00000000ec200000,0x00000000ec200000,0x00000000ec700000)
 ParOldGen       total 68608K, used 9280K [0x00000000c0000000, 0x00000000c4300000, 0x00000000eab00000)
  object space 68608K, 13% used [0x00000000c0000000,0x00000000c09100e0,0x00000000c4300000)
 Metaspace       used 30393K, committed 31232K, reserved 1114112K
  class space    used 2944K, committed 3328K, reserved 1048576K
}
Event: 11.176 GC heap after
{Heap after GC invocations=10 (full 1):
 PSYoungGen      total 28160K, used 5095K [0x00000000eab00000, 0x00000000ecc80000, 0x0000000100000000)
  eden space 23040K, 0% used [0x00000000eab00000,0x00000000eab00000,0x00000000ec180000)
  from space 5120K, 99% used [0x00000000ec200000,0x00000000ec6f9c80,0x00000000ec700000)
  to   space 5632K, 0% used [0x00000000ec700000,0x00000000ec700000,0x00000000ecc80000)
 ParOldGen       total 68608K, used 9496K [0x00000000c0000000, 0x00000000c4300000, 0x00000000eab00000)
  object space 68608K, 13% used [0x00000000c0000000,0x00000000c09460f0,0x00000000c4300000)
 Metaspace       used 30393K, committed 31232K, reserved 1114112K
  class space    used 2944K, committed 3328K, reserved 1048576K
}

Dll operation events (10 events):
Event: 0.056 Loaded shared library c:\Users\Jared Arias\.vscode\extensions\redhat.java-1.39.0-win32-x64\jre\21.0.5-win32-x86_64\bin\java.dll
Event: 0.321 Loaded shared library c:\Users\Jared Arias\.vscode\extensions\redhat.java-1.39.0-win32-x64\jre\21.0.5-win32-x86_64\bin\zip.dll
Event: 0.383 Loaded shared library C:\Users\Jared Arias\.vscode\extensions\redhat.java-1.39.0-win32-x64\jre\21.0.5-win32-x86_64\bin\instrument.dll
Event: 0.396 Loaded shared library C:\Users\Jared Arias\.vscode\extensions\redhat.java-1.39.0-win32-x64\jre\21.0.5-win32-x86_64\bin\net.dll
Event: 0.403 Loaded shared library C:\Users\Jared Arias\.vscode\extensions\redhat.java-1.39.0-win32-x64\jre\21.0.5-win32-x86_64\bin\nio.dll
Event: 0.411 Loaded shared library C:\Users\Jared Arias\.vscode\extensions\redhat.java-1.39.0-win32-x64\jre\21.0.5-win32-x86_64\bin\zip.dll
Event: 0.454 Loaded shared library C:\Users\Jared Arias\.vscode\extensions\redhat.java-1.39.0-win32-x64\jre\21.0.5-win32-x86_64\bin\jimage.dll
Event: 0.624 Loaded shared library c:\Users\Jared Arias\.vscode\extensions\redhat.java-1.39.0-win32-x64\jre\21.0.5-win32-x86_64\bin\verify.dll
Event: 4.320 Loaded shared library C:\Users\Jared Arias\AppData\Roaming\Code\User\globalStorage\redhat.java\1.39.0\config_ss_win\org.eclipse.equinox.launcher\org.eclipse.equinox.launcher.win32.win32.x86_64_1.2.1100.v20240722-2106\eclipse_11904.dll
Event: 6.548 Loaded shared library C:\Users\Jared Arias\AppData\Local\Temp\jna--2137832284\jna1877741883056546427.dll

Deoptimization events (20 events):
Event: 11.427 Thread 0x000001e9ea914e80 Uncommon trap: trap_request=0xffffffbe fr.pc=0x000001e99a2718b4 relative=0x0000000000000a94
Event: 11.427 Thread 0x000001e9ea914e80 Uncommon trap: reason=profile_predicate action=maybe_recompile pc=0x000001e99a2718b4 method=jdk.internal.jimage.ImageStringsReader.charsFromByteBuffer([CLjava/nio/ByteBuffer;)V @ 6 c2
Event: 11.427 Thread 0x000001e9ea914e80 DEOPT PACKING pc=0x000001e99a2718b4 sp=0x0000007f3b3fd030
Event: 11.427 Thread 0x000001e9ea914e80 DEOPT UNPACKING pc=0x000001e999b83a9c sp=0x0000007f3b3fcf18 mode 2
Event: 11.427 Thread 0x000001e9ea914e80 Uncommon trap: trap_request=0xffffffbe fr.pc=0x000001e99a26f8c4 relative=0x00000000000008c4
Event: 11.427 Thread 0x000001e9ea914e80 Uncommon trap: reason=profile_predicate action=maybe_recompile pc=0x000001e99a26f8c4 method=jdk.internal.jimage.ImageStringsReader.charsFromByteBuffer([CLjava/nio/ByteBuffer;)V @ 6 c2
Event: 11.427 Thread 0x000001e9ea914e80 DEOPT PACKING pc=0x000001e99a26f8c4 sp=0x0000007f3b3fcfc0
Event: 11.427 Thread 0x000001e9ea914e80 DEOPT UNPACKING pc=0x000001e999b83a9c sp=0x0000007f3b3fcf10 mode 2
Event: 11.430 Thread 0x000001e9ea914e80 Uncommon trap: trap_request=0xffffff45 fr.pc=0x000001e99a27488c relative=0x000000000000056c
Event: 11.430 Thread 0x000001e9ea914e80 Uncommon trap: reason=unstable_if action=reinterpret pc=0x000001e99a27488c method=jdk.internal.jimage.ImageReader$SharedImageReader.findNode(Ljava/lang/String;)Ljdk/internal/jimage/ImageReader$Node; @ 25 c2
Event: 11.430 Thread 0x000001e9ea914e80 DEOPT PACKING pc=0x000001e99a27488c sp=0x0000007f3b3fd450
Event: 11.430 Thread 0x000001e9ea914e80 DEOPT UNPACKING pc=0x000001e999b83a9c sp=0x0000007f3b3fd418 mode 2
Event: 11.455 Thread 0x000001e9ea914e80 Uncommon trap: trap_request=0xffffff45 fr.pc=0x000001e99a257e9c relative=0x000000000000007c
Event: 11.455 Thread 0x000001e9ea914e80 Uncommon trap: reason=unstable_if action=reinterpret pc=0x000001e99a257e9c method=java.lang.invoke.LambdaForm$BasicType.basicType(C)Ljava/lang/invoke/LambdaForm$BasicType; @ 1 c2
Event: 11.455 Thread 0x000001e9ea914e80 DEOPT PACKING pc=0x000001e99a257e9c sp=0x0000007f3b3fb460
Event: 11.455 Thread 0x000001e9ea914e80 DEOPT UNPACKING pc=0x000001e999b83a9c sp=0x0000007f3b3fb3f8 mode 2
Event: 11.497 Thread 0x000001e9ea914e80 Uncommon trap: trap_request=0xffffff45 fr.pc=0x000001e99a272c60 relative=0x00000000000001a0
Event: 11.497 Thread 0x000001e9ea914e80 Uncommon trap: reason=unstable_if action=reinterpret pc=0x000001e99a272c60 method=jdk.internal.jrtfs.JrtPath.normalize(Ljava/lang/String;)Ljava/lang/String; @ 78 c2
Event: 11.497 Thread 0x000001e9ea914e80 DEOPT PACKING pc=0x000001e99a272c60 sp=0x0000007f3b3fce10
Event: 11.497 Thread 0x000001e9ea914e80 DEOPT UNPACKING pc=0x000001e999b83a9c sp=0x0000007f3b3fcd90 mode 2

Classes loaded (20 events):
Event: 11.344 Loading class java/nio/file/FileVisitResult
Event: 11.345 Loading class java/nio/file/FileVisitResult done
Event: 11.435 Loading class java/lang/runtime/ObjectMethods
Event: 11.437 Loading class java/lang/runtime/ObjectMethods done
Event: 11.439 Loading class java/lang/invoke/MethodHandleImpl$Makers
Event: 11.440 Loading class java/lang/invoke/MethodHandleImpl$Makers done
Event: 11.440 Loading class java/lang/invoke/MethodHandleImpl$Makers$1
Event: 11.440 Loading class java/lang/invoke/MethodHandleImpl$Makers$1 done
Event: 11.440 Loading class java/lang/invoke/MethodHandleImpl$Makers$2
Event: 11.440 Loading class java/lang/invoke/MethodHandleImpl$Makers$2 done
Event: 11.441 Loading class java/lang/invoke/MethodHandleImpl$Makers$3
Event: 11.441 Loading class java/lang/invoke/MethodHandleImpl$Makers$3 done
Event: 11.447 Loading class java/lang/runtime/ObjectMethods$1
Event: 11.447 Loading class java/lang/runtime/ObjectMethods$1 done
Event: 11.581 Loading class java/util/AbstractList$ListItr
Event: 11.582 Loading class java/util/AbstractList$ListItr done
Event: 11.621 Loading class java/nio/channels/Channels$ReadableByteChannelImpl
Event: 11.621 Loading class java/nio/channels/Channels$ReadableByteChannelImpl done
Event: 11.622 Loading class java/nio/channels/NonWritableChannelException
Event: 11.622 Loading class java/nio/channels/NonWritableChannelException done

Classes unloaded (7 events):
Event: 7.529 Thread 0x000001e98f34f880 Unloading class 0x000001e9a5184c00 'java/lang/invoke/LambdaForm$MH+0x000001e9a5184c00'
Event: 7.529 Thread 0x000001e98f34f880 Unloading class 0x000001e9a5184800 'java/lang/invoke/LambdaForm$MH+0x000001e9a5184800'
Event: 7.529 Thread 0x000001e98f34f880 Unloading class 0x000001e9a5184400 'java/lang/invoke/LambdaForm$MH+0x000001e9a5184400'
Event: 7.529 Thread 0x000001e98f34f880 Unloading class 0x000001e9a5184000 'java/lang/invoke/LambdaForm$MH+0x000001e9a5184000'
Event: 7.529 Thread 0x000001e98f34f880 Unloading class 0x000001e9a5183c00 'java/lang/invoke/LambdaForm$BMH+0x000001e9a5183c00'
Event: 7.529 Thread 0x000001e98f34f880 Unloading class 0x000001e9a5183800 'java/lang/invoke/LambdaForm$DMH+0x000001e9a5183800'
Event: 7.529 Thread 0x000001e98f34f880 Unloading class 0x000001e9a5182400 'java/lang/invoke/LambdaForm$DMH+0x000001e9a5182400'

Classes redefined (0 events):
No events

Internal exceptions (20 events):
Event: 11.087 Thread 0x000001e9ea912720 Exception <a 'sun/nio/fs/WindowsException'{0x00000000ebf9ace0}> (0x00000000ebf9ace0) 
thrown [s\src\hotspot\share\prims\jni.cpp, line 520]
Event: 11.088 Thread 0x000001e9ea912720 Exception <a 'sun/nio/fs/WindowsException'{0x00000000ebf9b5c0}> (0x00000000ebf9b5c0) 
thrown [s\src\hotspot\share\prims\jni.cpp, line 520]
Event: 11.088 Thread 0x000001e9ea912720 Exception <a 'sun/nio/fs/WindowsException'{0x00000000ebf9c190}> (0x00000000ebf9c190) 
thrown [s\src\hotspot\share\prims\jni.cpp, line 520]
Event: 11.089 Thread 0x000001e9ea912720 Exception <a 'sun/nio/fs/WindowsException'{0x00000000ebf9ca70}> (0x00000000ebf9ca70) 
thrown [s\src\hotspot\share\prims\jni.cpp, line 520]
Event: 11.089 Thread 0x000001e9ea912720 Exception <a 'sun/nio/fs/WindowsException'{0x00000000ebf9d6a0}> (0x00000000ebf9d6a0) 
thrown [s\src\hotspot\share\prims\jni.cpp, line 520]
Event: 11.089 Thread 0x000001e9ea912720 Exception <a 'sun/nio/fs/WindowsException'{0x00000000ebf9df80}> (0x00000000ebf9df80) 
thrown [s\src\hotspot\share\prims\jni.cpp, line 520]
Event: 11.090 Thread 0x000001e9ea912720 Exception <a 'sun/nio/fs/WindowsException'{0x00000000ebf9f9a0}> (0x00000000ebf9f9a0) 
thrown [s\src\hotspot\share\prims\jni.cpp, line 520]
Event: 11.091 Thread 0x000001e9ea912720 Exception <a 'sun/nio/fs/WindowsException'{0x00000000ebfa0280}> (0x00000000ebfa0280) 
thrown [s\src\hotspot\share\prims\jni.cpp, line 520]
Event: 11.095 Thread 0x000001e9ea912720 Exception <a 'java/lang/NoSuchMethodError'{0x00000000ebfb3268}: 'void java.lang.invoke.DirectMethodHandle$Holder.invokeVirtual(java.lang.Object, java.lang.Object, java.lang.Object, java.lang.Object)'> (0x00000000ebfb3268) 
thrown [s\src\hotspot\share\interpreter\linkResolver.cpp, line 773]
Event: 11.190 Thread 0x000001e9ea914e80 Implicit null exception at 0x000001e99a232bf7 to 0x000001e99a232e68
Event: 11.191 Thread 0x000001e9ea914e80 Exception <a 'java/lang/NoSuchMethodError'{0x00000000eab38370}: 'java.lang.Object java.lang.invoke.DelegatingMethodHandle$Holder.reinvoke_L(java.lang.Object, int, long, java.lang.Object, java.lang.Object, int, java.lang.Object)'> (0x00000000eab38370) 
thrown [s\src\hotspot\share\interpreter\linkResolver.cpp, line 773]
Event: 11.437 Thread 0x000001e9ea914e80 Exception <a 'java/lang/NoSuchMethodError'{0x00000000eb2201b0}: 'java.lang.Object java.lang.invoke.DirectMethodHandle$Holder.invokeStaticInit(java.lang.Object, java.lang.Object, java.lang.Object, java.lang.Object, java.lang.Object, java.lang.Object, java.lang.Object)'> (0x00000000eb2201b0) 
thrown [s\src\hotspot\share\interpreter\linkResolver.cpp, line 773]
Event: 11.438 Thread 0x000001e9ea914e80 Exception <a 'java/lang/NoSuchMethodError'{0x00000000eb225168}: 'java.lang.Object java.lang.invoke.Invokers$Holder.invoke_MT(java.lang.Object, java.lang.Object, java.lang.Object, java.lang.Object, java.lang.Object, java.lang.Object, java.lang.Object, java.lang.Object, java.lang.Object, java.lang.Object)'> (0x00000000eb225168) 
thrown [s\src\hotspot\share\interpreter\linkResolver.cpp, line 773]
Event: 11.448 Thread 0x000001e9ea914e80 Exception <a 'java/lang/NoSuchMethodError'{0x00000000eb264700}: 'int java.lang.invoke.DirectMethodHandle$Holder.invokeVirtual(java.lang.Object, java.lang.Object, java.lang.Object)'> (0x00000000eb264700) 
thrown [s\src\hotspot\share\interpreter\linkResolver.cpp, line 773]
Event: 11.448 Thread 0x000001e9ea914e80 Exception <a 'java/lang/NoSuchMethodError'{0x00000000eb268aa8}: 'int java.lang.invoke.DirectMethodHandle$Holder.invokeStaticInit(java.lang.Object, int, int)'> (0x00000000eb268aa8) 
thrown [s\src\hotspot\share\interpreter\linkResolver.cpp, line 773]
Event: 11.452 Thread 0x000001e9ea914e80 Exception <a 'java/lang/NoSuchMethodError'{0x00000000eb270250}: 'int java.lang.invoke.DirectMethodHandle$Holder.invokeStaticInit(java.lang.Object, long, long)'> (0x00000000eb270250) 
thrown [s\src\hotspot\share\interpreter\linkResolver.cpp, line 773]
Event: 11.458 Thread 0x000001e9ea914e80 Exception <a 'java/lang/NoSuchMethodError'{0x00000000eb276f98}: 'int java.lang.invoke.DirectMethodHandle$Holder.invokeStaticInit(java.lang.Object, float, float)'> (0x00000000eb276f98) 
thrown [s\src\hotspot\share\interpreter\linkResolver.cpp, line 773]
Event: 11.473 Thread 0x000001e9ea914e80 Exception <a 'java/lang/NoSuchMethodError'{0x00000000eb27dcd8}: 'int java.lang.invoke.DirectMethodHandle$Holder.invokeStaticInit(java.lang.Object, double, double)'> (0x00000000eb27dcd8) 
thrown [s\src\hotspot\share\interpreter\linkResolver.cpp, line 773]
Event: 11.479 Thread 0x000001e9ea914e80 Exception <a 'java/lang/NoSuchMethodError'{0x00000000eb282528}: 'int java.lang.invoke.DirectMethodHandle$Holder.invokeStatic(java.lang.Object, long)'> (0x00000000eb282528) 
thrown [s\src\hotspot\share\interpreter\linkResolver.cpp, line 773]
Event: 11.492 Thread 0x000001e9ea914e80 Exception <a 'java/lang/NoSuchMethodError'{0x00000000eb2a1608}: 'int java.lang.invoke.Invokers$Holder.linkToTargetMethod(java.lang.Object, java.lang.Object)'> (0x00000000eb2a1608) 
thrown [s\src\hotspot\share\interpreter\linkResolver.cpp, line 773]

ZGC Phase Switch (0 events):
No events

VM Operations (20 events):
Event: 8.268 Executing VM operation: HandshakeAllThreads (Deoptimize)
Event: 8.268 Executing VM operation: HandshakeAllThreads (Deoptimize) done
Event: 8.376 Executing VM operation: HandshakeAllThreads (Deoptimize)
Event: 8.376 Executing VM operation: HandshakeAllThreads (Deoptimize) done
Event: 8.494 Executing VM operation: HandshakeAllThreads (Deoptimize)
Event: 8.494 Executing VM operation: HandshakeAllThreads (Deoptimize) done
Event: 9.376 Executing VM operation: ParallelGCFailedAllocation (Allocation Failure)
Event: 9.384 Executing VM operation: ParallelGCFailedAllocation (Allocation Failure) done
Event: 10.238 Executing VM operation: HandshakeAllThreads (Deoptimize)
Event: 10.238 Executing VM operation: HandshakeAllThreads (Deoptimize) done
Event: 11.082 Executing VM operation: ICBufferFull
Event: 11.082 Executing VM operation: ICBufferFull done
Event: 11.136 Executing VM operation: HandshakeAllThreads (Deoptimize)
Event: 11.136 Executing VM operation: HandshakeAllThreads (Deoptimize) done
Event: 11.151 Executing VM operation: HandshakeAllThreads (Deoptimize)
Event: 11.151 Executing VM operation: HandshakeAllThreads (Deoptimize) done
Event: 11.170 Executing VM operation: ParallelGCFailedAllocation (Allocation Failure)
Event: 11.176 Executing VM operation: ParallelGCFailedAllocation (Allocation Failure) done
Event: 11.234 Executing VM operation: HandshakeAllThreads (Deoptimize)
Event: 11.234 Executing VM operation: HandshakeAllThreads (Deoptimize) done

Memory protections (0 events):
No events

Nmethod flushes (0 events):
No events

Events (20 events):
Event: 4.300 Thread 0x000001e98d087890 Thread added: 0x000001e9a374c050
Event: 4.406 Thread 0x000001e9a374c050 Thread added: 0x000001e9a374c6e0
Event: 4.697 Thread 0x000001e9a374c050 Thread added: 0x000001e9a3749260
Event: 5.165 Thread 0x000001e9a374c050 Thread added: 0x000001e9ea910ce0
Event: 6.599 Thread 0x000001e9a374c050 Thread added: 0x000001e9ea911a00
Event: 6.664 Thread 0x000001e9a374c050 Thread added: 0x000001e9ea912090
Event: 6.751 Thread 0x000001e9a374c050 Thread added: 0x000001e9ea912720
Event: 8.032 Thread 0x000001e9a374c050 Thread added: 0x000001e9ea911370
Event: 8.220 Thread 0x000001e9ea911370 Thread exited: 0x000001e9ea911370
Event: 8.793 Thread 0x000001e98d087890 Thread added: 0x000001e9ea912db0
Event: 8.794 Thread 0x000001e98d087890 Thread added: 0x000001e9ea9147f0
Event: 8.794 Thread 0x000001e98d087890 Thread added: 0x000001e9ea910650
Event: 8.794 Thread 0x000001e98d087890 Thread added: 0x000001e9ea914160
Event: 8.795 Thread 0x000001e98d087890 Thread added: 0x000001e9ea913440
Event: 8.833 Thread 0x000001e98d087890 Thread added: 0x000001e9ea913ad0
Event: 9.591 Thread 0x000001e98d087890 Thread added: 0x000001e9ea90f2a0
Event: 9.591 Thread 0x000001e98d087890 Thread added: 0x000001e9ea914e80
Event: 10.495 Thread 0x000001e9a375b050 Thread added: 0x000001e9eb6fc700
Event: 11.121 Thread 0x000001e9eb6fc700 Thread exited: 0x000001e9eb6fc700
Event: 11.310 Thread 0x000001e9a375b050 Thread added: 0x000001e9eaa86750


Dynamic libraries:
0x00007ff788960000 - 0x00007ff78896e000 	c:\Users\Jared Arias\.vscode\extensions\redhat.java-1.39.0-win32-x64\jre\21.0.5-win32-x86_64\bin\java.exe
0x00007ffbf5b30000 - 0x00007ffbf5d47000 	C:\WINDOWS\SYSTEM32\ntdll.dll
0x00007ffbf44e0000 - 0x00007ffbf45a4000 	C:\WINDOWS\System32\KERNEL32.DLL
0x00007ffbf3130000 - 0x00007ffbf34ea000 	C:\WINDOWS\System32\KERNELBASE.dll
0x00007ffbf34f0000 - 0x00007ffbf3601000 	C:\WINDOWS\System32\ucrtbase.dll
0x00007ffbecb40000 - 0x00007ffbecb58000 	c:\Users\Jared Arias\.vscode\extensions\redhat.java-1.39.0-win32-x64\jre\21.0.5-win32-x86_64\bin\jli.dll
0x00007ffbf5220000 - 0x00007ffbf53ce000 	C:\WINDOWS\System32\USER32.dll
0x00007ffbf3750000 - 0x00007ffbf3776000 	C:\WINDOWS\System32\win32u.dll
0x00007ffbf3ee0000 - 0x00007ffbf3f09000 	C:\WINDOWS\System32\GDI32.dll
0x00007ffbf2df0000 - 0x00007ffbf2f0b000 	C:\WINDOWS\System32\gdi32full.dll
0x00007ffbf3780000 - 0x00007ffbf381a000 	C:\WINDOWS\System32\msvcp_win.dll
0x00007ffbecb20000 - 0x00007ffbecb3e000 	c:\Users\Jared Arias\.vscode\extensions\redhat.java-1.39.0-win32-x64\jre\21.0.5-win32-x86_64\bin\VCRUNTIME140.dll
0x00007ffbde570000 - 0x00007ffbde802000 	C:\WINDOWS\WinSxS\amd64_microsoft.windows.common-controls_6595b64144ccf1df_6.0.22621.4541_none_2710d1c57384c085\COMCTL32.dll
0x00007ffbf5170000 - 0x00007ffbf5217000 	C:\WINDOWS\System32\msvcrt.dll
0x00007ffbf3bd0000 - 0x00007ffbf3c01000 	C:\WINDOWS\System32\IMM32.DLL
0x00007ffbef4e0000 - 0x00007ffbef4ec000 	c:\Users\Jared Arias\.vscode\extensions\redhat.java-1.39.0-win32-x64\jre\21.0.5-win32-x86_64\bin\vcruntime140_1.dll
0x00007ffb864b0000 - 0x00007ffb8653d000 	c:\Users\Jared Arias\.vscode\extensions\redhat.java-1.39.0-win32-x64\jre\21.0.5-win32-x86_64\bin\msvcp140.dll
0x00007ffb72940000 - 0x00007ffb736cf000 	c:\Users\Jared Arias\.vscode\extensions\redhat.java-1.39.0-win32-x64\jre\21.0.5-win32-x86_64\bin\server\jvm.dll
0x00007ffbf3ae0000 - 0x00007ffbf3b92000 	C:\WINDOWS\System32\ADVAPI32.dll
0x00007ffbf3a30000 - 0x00007ffbf3ad7000 	C:\WINDOWS\System32\sechost.dll
0x00007ffbf3080000 - 0x00007ffbf30a8000 	C:\WINDOWS\System32\bcrypt.dll
0x00007ffbf5050000 - 0x00007ffbf5164000 	C:\WINDOWS\System32\RPCRT4.dll
0x00007ffbf5a70000 - 0x00007ffbf5ae1000 	C:\WINDOWS\System32\WS2_32.dll
0x00007ffbeec50000 - 0x00007ffbeec84000 	C:\WINDOWS\SYSTEM32\WINMM.dll
0x00007ffbf2cc0000 - 0x00007ffbf2d0d000 	C:\WINDOWS\SYSTEM32\POWRPROF.dll
0x00007ffbeea50000 - 0x00007ffbeea5a000 	C:\WINDOWS\SYSTEM32\VERSION.dll
0x00007ffbf2ca0000 - 0x00007ffbf2cb3000 	C:\WINDOWS\SYSTEM32\UMPDC.dll
0x00007ffbf1e30000 - 0x00007ffbf1e48000 	C:\WINDOWS\SYSTEM32\kernel.appcore.dll
0x00007ffb86620000 - 0x00007ffb8662a000 	c:\Users\Jared Arias\.vscode\extensions\redhat.java-1.39.0-win32-x64\jre\21.0.5-win32-x86_64\bin\jimage.dll
0x00007ffbf06a0000 - 0x00007ffbf08d2000 	C:\WINDOWS\SYSTEM32\DBGHELP.DLL
0x00007ffbf3fc0000 - 0x00007ffbf4351000 	C:\WINDOWS\System32\combase.dll
0x00007ffbf4620000 - 0x00007ffbf46f7000 	C:\WINDOWS\System32\OLEAUT32.dll
0x00007ffbd1790000 - 0x00007ffbd17c2000 	C:\WINDOWS\SYSTEM32\dbgcore.DLL
0x00007ffbf30b0000 - 0x00007ffbf312b000 	C:\WINDOWS\System32\bcryptPrimitives.dll
0x00007ffbef4c0000 - 0x00007ffbef4cf000 	c:\Users\Jared Arias\.vscode\extensions\redhat.java-1.39.0-win32-x64\jre\21.0.5-win32-x86_64\bin\instrument.dll
0x00007ffb86480000 - 0x00007ffb8649f000 	c:\Users\Jared Arias\.vscode\extensions\redhat.java-1.39.0-win32-x64\jre\21.0.5-win32-x86_64\bin\java.dll
0x00007ffbf4780000 - 0x00007ffbf4ff9000 	C:\WINDOWS\System32\SHELL32.dll
0x00007ffbf0d30000 - 0x00007ffbf1639000 	C:\WINDOWS\SYSTEM32\windows.storage.dll
0x00007ffbf0bf0000 - 0x00007ffbf0d2f000 	C:\WINDOWS\SYSTEM32\wintypes.dll
0x00007ffbf3930000 - 0x00007ffbf3a2a000 	C:\WINDOWS\System32\SHCORE.dll
0x00007ffbf5850000 - 0x00007ffbf58ae000 	C:\WINDOWS\System32\shlwapi.dll
0x00007ffbf2d20000 - 0x00007ffbf2d4b000 	C:\WINDOWS\SYSTEM32\profapi.dll
0x00007ffb86460000 - 0x00007ffb86478000 	c:\Users\Jared Arias\.vscode\extensions\redhat.java-1.39.0-win32-x64\jre\21.0.5-win32-x86_64\bin\zip.dll
0x00007ffb86450000 - 0x00007ffb86460000 	C:\Users\Jared Arias\.vscode\extensions\redhat.java-1.39.0-win32-x64\jre\21.0.5-win32-x86_64\bin\net.dll
0x00007ffbec720000 - 0x00007ffbec856000 	C:\WINDOWS\SYSTEM32\WINHTTP.dll
0x00007ffbf22b0000 - 0x00007ffbf2319000 	C:\WINDOWS\system32\mswsock.dll
0x00007ffb86430000 - 0x00007ffb86446000 	C:\Users\Jared Arias\.vscode\extensions\redhat.java-1.39.0-win32-x64\jre\21.0.5-win32-x86_64\bin\nio.dll
0x00007ffb86420000 - 0x00007ffb86430000 	c:\Users\Jared Arias\.vscode\extensions\redhat.java-1.39.0-win32-x64\jre\21.0.5-win32-x86_64\bin\verify.dll
0x00007ffbd8800000 - 0x00007ffbd8845000 	C:\Users\Jared Arias\AppData\Roaming\Code\User\globalStorage\redhat.java\1.39.0\config_ss_win\org.eclipse.equinox.launcher\org.eclipse.equinox.launcher.win32.win32.x86_64_1.2.1100.v20240722-2106\eclipse_11904.dll
0x00007ffbf58c0000 - 0x00007ffbf5a65000 	C:\WINDOWS\System32\ole32.dll
0x00007ffbf2500000 - 0x00007ffbf251b000 	C:\WINDOWS\SYSTEM32\CRYPTSP.dll
0x00007ffbf1d90000 - 0x00007ffbf1dc5000 	C:\WINDOWS\system32\rsaenh.dll
0x00007ffbf23a0000 - 0x00007ffbf23c8000 	C:\WINDOWS\SYSTEM32\USERENV.dll
0x00007ffbf2520000 - 0x00007ffbf252c000 	C:\WINDOWS\SYSTEM32\CRYPTBASE.dll
0x00007ffbf18e0000 - 0x00007ffbf190d000 	C:\WINDOWS\SYSTEM32\IPHLPAPI.DLL
0x00007ffbf44d0000 - 0x00007ffbf44d9000 	C:\WINDOWS\System32\NSI.dll
0x00007ffbc5940000 - 0x00007ffbc5989000 	C:\Users\Jared Arias\AppData\Local\Temp\jna--2137832284\jna1877741883056546427.dll
0x00007ffbf58b0000 - 0x00007ffbf58b8000 	C:\WINDOWS\System32\PSAPI.DLL
0x00007ffbec650000 - 0x00007ffbec669000 	C:\WINDOWS\SYSTEM32\dhcpcsvc6.DLL
0x00007ffbec630000 - 0x00007ffbec64f000 	C:\WINDOWS\SYSTEM32\dhcpcsvc.DLL

dbghelp: loaded successfully - version: 4.0.5 - missing functions: none
symbol engine: initialized successfully - sym options: 0x614 - pdb path: .;c:\Users\Jared Arias\.vscode\extensions\redhat.java-1.39.0-win32-x64\jre\21.0.5-win32-x86_64\bin;C:\WINDOWS\SYSTEM32;C:\WINDOWS\WinSxS\amd64_microsoft.windows.common-controls_6595b64144ccf1df_6.0.22621.4541_none_2710d1c57384c085;c:\Users\Jared Arias\.vscode\extensions\redhat.java-1.39.0-win32-x64\jre\21.0.5-win32-x86_64\bin\server;C:\Users\Jared Arias\AppData\Roaming\Code\User\globalStorage\redhat.java\1.39.0\config_ss_win\org.eclipse.equinox.launcher\org.eclipse.equinox.launcher.win32.win32.x86_64_1.2.1100.v20240722-2106;C:\Users\Jared Arias\AppData\Local\Temp\jna--2137832284

VM Arguments:
jvm_args: --add-modules=ALL-SYSTEM --add-opens=java.base/java.util=ALL-UNNAMED --add-opens=java.base/java.lang=ALL-UNNAMED --add-opens=java.base/sun.nio.fs=ALL-UNNAMED -Declipse.application=org.eclipse.jdt.ls.core.id1 -Dosgi.bundles.defaultStartLevel=4 -Declipse.product=org.eclipse.jdt.ls.core.product -Djava.import.generatesMetadataFilesAtProjectRoot=false -DDetectVMInstallationsJob.disabled=true -Dfile.encoding=utf8 -XX:+UseParallelGC -XX:GCTimeRatio=4 -XX:AdaptiveSizePolicyWeight=90 -Dsun.zip.disableMemoryMapping=true -Xmx1G -Xms100m -Xlog:disable -javaagent:c:\Users\Jared Arias\.vscode\extensions\redhat.java-1.39.0-win32-x64\lombok\lombok-1.18.34.jar 
java_command: c:\Users\Jared Arias\.vscode\extensions\redhat.java-1.39.0-win32-x64\server\plugins\org.eclipse.equinox.launcher_1.6.900.v20240613-2009.jar -configuration c:\Users\Jared Arias\AppData\Roaming\Code\User\globalStorage\redhat.java\1.39.0\config_ss_win -data c:\Users\Jared Arias\AppData\Roaming\Code\User\workspaceStorage\96e26c5a8c5fd470c5a188db8a77b4dc\redhat.java\ss_ws --pipe=\\.\pipe\lsp-6fd6dde765d2dc3ce9b7bad1e5d6ca77-sock
java_class_path (initial): c:\Users\Jared Arias\.vscode\extensions\redhat.java-1.39.0-win32-x64\server\plugins\org.eclipse.equinox.launcher_1.6.900.v20240613-2009.jar
Launcher Type: SUN_STANDARD

[Global flags]
    uintx AdaptiveSizePolicyWeight                 = 90                                        {product} {command line}
     intx CICompilerCount                          = 3                                         {product} {ergonomic}
    uintx GCTimeRatio                              = 4                                         {product} {command line}
   size_t InitialHeapSize                          = 104857600                                 {product} {command line}
   size_t MaxHeapSize                              = 1073741824                                {product} {command line}
   size_t MaxNewSize                               = 357564416                                 {product} {ergonomic}
   size_t MinHeapDeltaBytes                        = 524288                                    {product} {ergonomic}
   size_t MinHeapSize                              = 104857600                                 {product} {command line}
   size_t NewSize                                  = 34603008                                  {product} {ergonomic}
    uintx NonNMethodCodeHeapSize                   = 5832780                                {pd product} {ergonomic}
    uintx NonProfiledCodeHeapSize                  = 122912730                              {pd product} {ergonomic}
   size_t OldSize                                  = 70254592                                  {product} {ergonomic}
    uintx ProfiledCodeHeapSize                     = 122912730                              {pd product} {ergonomic}
    uintx ReservedCodeCacheSize                    = 251658240                              {pd product} {ergonomic}
     bool SegmentedCodeCache                       = true                                      {product} {ergonomic}
   size_t SoftMaxHeapSize                          = 1073741824                             {manageable} {ergonomic}
     bool UseCompressedOops                        = true                           {product lp64_product} {ergonomic}
     bool UseLargePagesIndividualAllocation        = false                                  {pd product} {ergonomic}
     bool UseParallelGC                            = true                                      {product} {command line}

Logging:
Log output configuration:
 #0: stdout all=off uptime,level,tags foldmultilines=false
 #1: stderr all=off uptime,level,tags foldmultilines=false

Environment Variables:
JAVA_HOME="C:\dev\jdk-11.0.23_windows-x64_bin.exe"
PATH=C:\Program Files\Common Files\Oracle\Java\javapath;C:\WINDOWS\system32;C:\WINDOWS;C:\WINDOWS\System32\Wbem;C:\WINDOWS\System32\WindowsPowerShell\v1.0\;C:\WINDOWS\System32\OpenSSH\;C:\dev\flutter\bin;C:\dart-sdk\bin;C:\Program Files\Git\cmd;C:\dev\java-1.8.0-openjdk-1.8.0.422-1.b05.redhat.windows.x86_64\bin;C:\Program Files\nodejs\;C:\Program Files (x86)\Windows Kits\10\Windows Performance Toolkit\;C:\ProgramData\chocolatey\bin;C:\Program Files\MongoDB\Server\8.0\bin;C:\Program Files\MongoDB\mongosh-2.3.7-win32-x64\bin;C:\Users\Jared Arias\AppData\Local\Microsoft\WindowsApps;C:\Users\Jared Arias\AppData\Local\Programs\Microsoft VS Code\bin;C:\dev\flutter\bin;C:\dart-sdk\bin;C:\dev\java-1.8.0-openjdk-1.8.0.422-1.b05.redhat.windows.x86_64\bin;C:\Users\Jared Arias\AppData\Roaming\npm;C:\Users\Jared Arias\AppData\Local\Microsoft\WinGet\Packages\Schniz.fnm_Microsoft.Winget.Source_8wekyb3d8bbwe;C:\Program Files (x86)\MongoDB Atlas CLI\
USERNAME=Jared Arias
OS=Windows_NT
PROCESSOR_IDENTIFIER=Intel64 Family 6 Model 122 Stepping 8, GenuineIntel
TMP=C:\Users\JAREDA~1\AppData\Local\Temp
TEMP=C:\Users\JAREDA~1\AppData\Local\Temp




Periodic native trim disabled

---------------  S Y S T E M  ---------------

OS:
 Windows 11 , 64 bit Build 22621 (10.0.22621.4391)
OS uptime: 0 days 8:34 hours

CPU: total 4 (initial active 4) (4 cores per cpu, 1 threads per core) family 6 model 122 stepping 8 microcode 0x20, cx8, cmov, fxsr, mmx, 3dnowpref, sse, sse2, sse3, ssse3, sse4.1, sse4.2, popcnt, tsc, tscinvbit, aes, erms, clmul, sha, clflush, clflushopt, rdtscp, rdpid
Processor Information for all 4 processors :
  Max Mhz: 1101, Current Mhz: 1101, Mhz Limit: 1101

Memory: 4k page, system-wide physical 3858M (365M free)
TotalPageFile size 15634M (AvailPageFile size 4M)
current process WorkingSet (physical memory assigned to process): 161M, peak: 165M
current process commit charge ("private bytes"): 244M, peak: 255M

vm_info: OpenJDK 64-Bit Server VM (21.0.5+11-LTS) for windows-amd64 JRE (21.0.5+11-LTS), built on 2024-10-15T00:00:00Z by "admin" with MS VC++ 17.7 (VS2022)

END.
