#
# There is insufficient memory for the Java Runtime Environment to continue.
# Native memory allocation (malloc) failed to allocate 1636288 bytes. Error detail: Chunk::new
# Possible reasons:
#   The system is out of physical RAM or swap space
#   This process is running with CompressedOops enabled, and the Java Heap may be blocking the growth of the native heap
# Possible solutions:
#   Reduce memory load on the system
#   Increase physical memory or swap space
#   Check if swap backing store is full
#   Decrease Java heap size (-Xmx/-Xms)
#   Decrease number of Java threads
#   Decrease Java thread stack sizes (-Xss)
#   Set larger code cache with -XX:ReservedCodeCacheSize=
#   JVM is running with Unscaled Compressed Oops mode in which the Java heap is
#     placed in the first 4GB address space. The Java Heap base address is the
#     maximum limit for the native heap growth. Please use -XX:HeapBaseMinAddress
#     to set the Java Heap base and to place the Java Heap above 4GB virtual address.
# This output file may be truncated or incomplete.
#
#  Out of Memory Error (arena.cpp:168), pid=19520, tid=14152
#
# JRE version: OpenJDK Runtime Environment Temurin-21.0.5+11 (21.0.5+11) (build 21.0.5+11-LTS)
# Java VM: OpenJDK 64-Bit Server VM Temurin-21.0.5+11 (21.0.5+11-LTS, mixed mode, sharing, tiered, compressed oops, compressed class ptrs, parallel gc, windows-amd64)
# No core dump will be written. Minidumps are not enabled by default on client versions of Windows
#

---------------  S U M M A R Y ------------

Command Line: --add-modules=ALL-SYSTEM --add-opens=java.base/java.util=ALL-UNNAMED --add-opens=java.base/java.lang=ALL-UNNAMED --add-opens=java.base/sun.nio.fs=ALL-UNNAMED -Declipse.application=org.eclipse.jdt.ls.core.id1 -Dosgi.bundles.defaultStartLevel=4 -Declipse.product=org.eclipse.jdt.ls.core.product -Djava.import.generatesMetadataFilesAtProjectRoot=false -DDetectVMInstallationsJob.disabled=true -Dfile.encoding=utf8 -XX:+UseParallelGC -XX:GCTimeRatio=4 -XX:AdaptiveSizePolicyWeight=90 -Dsun.zip.disableMemoryMapping=true -Xmx1G -Xms100m -Xlog:disable -javaagent:c:\Users\Jared Arias\.vscode\extensions\redhat.java-1.39.0-win32-x64\lombok\lombok-1.18.34.jar c:\Users\Jared Arias\.vscode\extensions\redhat.java-1.39.0-win32-x64\server\plugins\org.eclipse.equinox.launcher_1.6.900.v20240613-2009.jar -configuration c:\Users\Jared Arias\AppData\Roaming\Code\User\globalStorage\redhat.java\1.39.0\config_ss_win -data c:\Users\Jared Arias\AppData\Roaming\Code\User\workspaceStorage\96e26c5a8c5fd470c5a188db8a77b4dc\redhat.java\ss_ws --pipe=\\.\pipe\lsp-b476058ac4bbaf19d722ab71db5223ab-sock

Host: Intel(R) Celeron(R) N4120 CPU @ 1.10GHz, 4 cores, 3G,  Windows 11 , 64 bit Build 22621 (10.0.22621.4391)
Time: Thu Feb  6 10:38:19 2025 Hora est. Pacífico, Sudamérica elapsed time: 12.363299 seconds (0d 0h 0m 12s)

---------------  T H R E A D  ---------------

Current thread (0x000002a2fd508530):  JavaThread "C2 CompilerThread0" daemon [_thread_in_native, id=14152, stack(0x000000c404b00000,0x000000c404c00000) (1024K)]


Current CompileTask:
C2:12363 2720       4       org.lombokweb.asm.ClassReader::readMethod (1066 bytes)

Stack: [0x000000c404b00000,0x000000c404c00000]
Native frames: (J=compiled Java code, j=interpreted, Vv=VM code, C=native code)
V  [jvm.dll+0x6cd4e9]
V  [jvm.dll+0x8a7941]
V  [jvm.dll+0x8a9e6e]
V  [jvm.dll+0x8aa543]
V  [jvm.dll+0x27f6d6]
V  [jvm.dll+0xc500d]
V  [jvm.dll+0xc5543]
V  [jvm.dll+0x3b660c]
V  [jvm.dll+0x382835]
V  [jvm.dll+0x381c9a]
V  [jvm.dll+0x2479d0]
V  [jvm.dll+0x246faf]
V  [jvm.dll+0x1c75ce]
V  [jvm.dll+0x25682a]
V  [jvm.dll+0x254dca]
V  [jvm.dll+0x3f00d6]
V  [jvm.dll+0x8514fb]
V  [jvm.dll+0x6cbbed]
C  [ucrtbase.dll+0x29333]
C  [KERNEL32.DLL+0x1259d]
C  [ntdll.dll+0x5af38]


---------------  P R O C E S S  ---------------

Threads class SMR info:
_java_thread_list=0x000002a2c5271ac0, length=21, elements={
0x000002a2e6fe7720, 0x000002a2e71dc580, 0x000002a2fd4fff80, 0x000002a2fd5055c0,
0x000002a2fd502d10, 0x000002a2fd503760, 0x000002a2fd5041b0, 0x000002a2fd508530,
0x000002a2fd578e00, 0x000002a2fd5a0860, 0x000002a2fe64ac90, 0x000002a2feb9cb30,
0x000002a2feac1930, 0x000002a2feb23110, 0x000002a2feb1fb40, 0x000002a2fea72d50,
0x000002a2febfaed0, 0x000002a2fe7b9000, 0x000002a2fe947d20, 0x000002a2c516ec90,
0x000002a2c516f9b0
}

Java Threads: ( => current thread )
  0x000002a2e6fe7720 JavaThread "main"                              [_thread_blocked, id=3836, stack(0x000000c404100000,0x000000c404200000) (1024K)]
  0x000002a2e71dc580 JavaThread "Reference Handler"          daemon [_thread_blocked, id=2900, stack(0x000000c404500000,0x000000c404600000) (1024K)]
  0x000002a2fd4fff80 JavaThread "Finalizer"                  daemon [_thread_blocked, id=18976, stack(0x000000c404600000,0x000000c404700000) (1024K)]
  0x000002a2fd5055c0 JavaThread "Signal Dispatcher"          daemon [_thread_blocked, id=5808, stack(0x000000c404700000,0x000000c404800000) (1024K)]
  0x000002a2fd502d10 JavaThread "Attach Listener"            daemon [_thread_blocked, id=16312, stack(0x000000c404800000,0x000000c404900000) (1024K)]
  0x000002a2fd503760 JavaThread "Service Thread"             daemon [_thread_blocked, id=14536, stack(0x000000c404900000,0x000000c404a00000) (1024K)]
  0x000002a2fd5041b0 JavaThread "Monitor Deflation Thread"   daemon [_thread_blocked, id=12112, stack(0x000000c404a00000,0x000000c404b00000) (1024K)]
=>0x000002a2fd508530 JavaThread "C2 CompilerThread0"         daemon [_thread_in_native, id=14152, stack(0x000000c404b00000,0x000000c404c00000) (1024K)]
  0x000002a2fd578e00 JavaThread "C1 CompilerThread0"         daemon [_thread_blocked, id=19984, stack(0x000000c404c00000,0x000000c404d00000) (1024K)]
  0x000002a2fd5a0860 JavaThread "Common-Cleaner"             daemon [_thread_blocked, id=16284, stack(0x000000c404d00000,0x000000c404e00000) (1024K)]
  0x000002a2fe64ac90 JavaThread "Notification Thread"        daemon [_thread_blocked, id=10372, stack(0x000000c404e00000,0x000000c404f00000) (1024K)]
  0x000002a2feb9cb30 JavaThread "Active Thread: Equinox Container: 0b0f5b02-22cb-4bb4-99f9-b1b771bac9ef"        [_thread_blocked, id=14940, stack(0x000000c405200000,0x000000c405300000) (1024K)]
  0x000002a2feac1930 JavaThread "Framework Event Dispatcher: Equinox Container: 0b0f5b02-22cb-4bb4-99f9-b1b771bac9ef" daemon [_thread_blocked, id=8904, stack(0x000000c405300000,0x000000c405400000) (1024K)]
  0x000002a2feb23110 JavaThread "Start Level: Equinox Container: 0b0f5b02-22cb-4bb4-99f9-b1b771bac9ef" daemon [_thread_in_vm, id=16388, stack(0x000000c405400000,0x000000c405500000) (1024K)]
  0x000002a2feb1fb40 JavaThread "SCR Component Actor"        daemon [_thread_blocked, id=10560, stack(0x000000c405500000,0x000000c405600000) (1024K)]
  0x000002a2fea72d50 JavaThread "SCR Component Registry"     daemon [_thread_blocked, id=11840, stack(0x000000c405600000,0x000000c405700000) (1024K)]
  0x000002a2febfaed0 JavaThread "Worker-JM"                         [_thread_blocked, id=12468, stack(0x000000c405700000,0x000000c405800000) (1024K)]
  0x000002a2fe7b9000 JavaThread "JNA Cleaner"                daemon [_thread_blocked, id=11372, stack(0x000000c405800000,0x000000c405900000) (1024K)]
  0x000002a2fe947d20 JavaThread "Worker-0"                          [_thread_blocked, id=916, stack(0x000000c405900000,0x000000c405a00000) (1024K)]
  0x000002a2c516ec90 JavaThread "Worker-1"                          [_thread_blocked, id=5468, stack(0x000000c405a00000,0x000000c405b00000) (1024K)]
  0x000002a2c516f9b0 JavaThread "Worker-2"                          [_thread_blocked, id=12048, stack(0x000000c405b00000,0x000000c405c00000) (1024K)]
Total: 21

Other Threads:
  0x000002a2fd4ff900 VMThread "VM Thread"                           [id=1936, stack(0x000000c404400000,0x000000c404500000) (1024K)]
  0x000002a2fd49cb00 WatcherThread "VM Periodic Task Thread"        [id=6636, stack(0x000000c404300000,0x000000c404400000) (1024K)]
  0x000002a2e713eb70 WorkerThread "GC Thread#0"                     [id=19404, stack(0x000000c404200000,0x000000c404300000) (1024K)]
  0x000002a2fe799ff0 WorkerThread "GC Thread#1"                     [id=14856, stack(0x000000c404f00000,0x000000c405000000) (1024K)]
  0x000002a2fec1b020 WorkerThread "GC Thread#2"                     [id=4476, stack(0x000000c405000000,0x000000c405100000) (1024K)]
  0x000002a2fe79a390 WorkerThread "GC Thread#3"                     [id=17140, stack(0x000000c405100000,0x000000c405200000) (1024K)]
Total: 6

Threads with active compile tasks:
C2 CompilerThread0  12417 2720       4       org.lombokweb.asm.ClassReader::readMethod (1066 bytes)
Total: 1

VM state: not at safepoint (normal execution)

VM Mutex/Monitor currently owned by a thread: None

Heap address: 0x00000000c0000000, size: 1024 MB, Compressed Oops mode: 32-bit

CDS archive(s) mapped at: [0x000002a280000000-0x000002a280ba0000-0x000002a280ba0000), size 12189696, SharedBaseAddress: 0x000002a280000000, ArchiveRelocationMode: 1.
Compressed class space mapped at: 0x000002a281000000-0x000002a2c1000000, reserved size: 1073741824
Narrow klass base: 0x000002a280000000, Narrow klass shift: 0, Narrow klass range: 0x100000000

GC Precious Log:
 CardTable entry size: 512
 CPUs: 4 total, 4 available
 Memory: 3858M
 Large Page Support: Disabled
 NUMA Support: Disabled
 Compressed Oops: Enabled (32-bit)
 Alignments: Space 512K, Generation 512K, Heap 2M
 Heap Min Capacity: 100M
 Heap Initial Capacity: 100M
 Heap Max Capacity: 1G
 Pre-touch: Disabled
 Parallel Workers: 4

Heap:
 PSYoungGen      total 29696K, used 3403K [0x00000000eab00000, 0x00000000ece80000, 0x0000000100000000)
  eden space 25088K, 13% used [0x00000000eab00000,0x00000000eae52c38,0x00000000ec380000)
  from space 4608K, 0% used [0x00000000eca00000,0x00000000eca00000,0x00000000ece80000)
  to   space 5120K, 0% used [0x00000000ec480000,0x00000000ec480000,0x00000000ec980000)
 ParOldGen       total 68608K, used 8544K [0x00000000c0000000, 0x00000000c4300000, 0x00000000eab00000)
  object space 68608K, 12% used [0x00000000c0000000,0x00000000c08583e0,0x00000000c4300000)
 Metaspace       used 21319K, committed 21952K, reserved 1114112K
  class space    used 1996K, committed 2240K, reserved 1048576K

Card table byte_map: [0x000002a2fae50000,0x000002a2fb060000] _byte_map_base: 0x000002a2fa850000

Marking Bits: (ParMarkBitMap*) 0x00007ffb735f2250
 Begin Bits: [0x000002a2fb1c0000, 0x000002a2fc1c0000)
 End Bits:   [0x000002a2fc1c0000, 0x000002a2fd1c0000)

Polling page: 0x000002a2e71e0000

Metaspace:

Usage:
  Non-class:     18.87 MB used.
      Class:      1.95 MB used.
       Both:     20.82 MB used.

Virtual space:
  Non-class space:       64.00 MB reserved,      19.25 MB ( 30%) committed,  1 nodes.
      Class space:        1.00 GB reserved,       2.19 MB ( <1%) committed,  1 nodes.
             Both:        1.06 GB reserved,      21.44 MB (  2%) committed. 

Chunk freelists:
   Non-Class:  12.66 MB
       Class:  13.85 MB
        Both:  26.51 MB

MaxMetaspaceSize: unlimited
CompressedClassSpaceSize: 1.00 GB
Initial GC threshold: 21.00 MB
Current GC threshold: 35.00 MB
CDS: on
 - commit_granule_bytes: 65536.
 - commit_granule_words: 8192.
 - virtual_space_node_default_size: 8388608.
 - enlarge_chunks_in_place: 1.
 - use_allocation_guard: 0.


Internal statistics:

num_allocs_failed_limit: 3.
num_arena_births: 494.
num_arena_deaths: 14.
num_vsnodes_births: 2.
num_vsnodes_deaths: 0.
num_space_committed: 343.
num_space_uncommitted: 0.
num_chunks_returned_to_freelist: 17.
num_chunks_taken_from_freelist: 1281.
num_chunk_merges: 8.
num_chunk_splits: 854.
num_chunks_enlarged: 561.
num_inconsistent_stats: 0.

CodeHeap 'non-profiled nmethods': size=120000Kb used=1114Kb max_used=1114Kb free=118885Kb
 bounds [0x000002a2f3740000, 0x000002a2f39b0000, 0x000002a2fac70000]
CodeHeap 'profiled nmethods': size=120000Kb used=5294Kb max_used=5294Kb free=114705Kb
 bounds [0x000002a2ebc70000, 0x000002a2ec1a0000, 0x000002a2f31a0000]
CodeHeap 'non-nmethods': size=5760Kb used=1305Kb max_used=1306Kb free=4454Kb
 bounds [0x000002a2f31a0000, 0x000002a2f3410000, 0x000002a2f3740000]
 total_blobs=3323 nmethods=2734 adapters=496
 compilation: enabled
              stopped_count=0, restarted_count=0
 full_count=0

Compilation events (20 events):
Event: 12.055 Thread 0x000002a2fd578e00 2731       3       org.lombokweb.asm.Label::addForwardReference (102 bytes)
Event: 12.056 Thread 0x000002a2fd578e00 nmethod 2731 0x000002a2ec195410 code [0x000002a2ec1955e0, 0x000002a2ec195a40]
Event: 12.056 Thread 0x000002a2fd578e00 2732       3       org.lombokweb.asm.MethodVisitor::visitJumpInsn (17 bytes)
Event: 12.064 Thread 0x000002a2fd578e00 nmethod 2732 0x000002a2ec195c10 code [0x000002a2ec195dc0, 0x000002a2ec195fc8]
Event: 12.068 Thread 0x000002a2fd578e00 2734       3       java.nio.ByteBuffer::allocate (20 bytes)
Event: 12.069 Thread 0x000002a2fd578e00 nmethod 2734 0x000002a2ec196090 code [0x000002a2ec196260, 0x000002a2ec196478]
Event: 12.070 Thread 0x000002a2fd578e00 2735       3       org.lombokweb.asm.ByteVector::putByteArray (49 bytes)
Event: 12.070 Thread 0x000002a2fd578e00 nmethod 2735 0x000002a2ec196590 code [0x000002a2ec196760, 0x000002a2ec196a28]
Event: 12.073 Thread 0x000002a2fd578e00 2736   !   3       java.util.regex.Pattern::matcher (44 bytes)
Event: 12.074 Thread 0x000002a2fd578e00 nmethod 2736 0x000002a2ec196b90 code [0x000002a2ec196d60, 0x000002a2ec1970c8]
Event: 12.074 Thread 0x000002a2fd578e00 2737       3       java.util.regex.Matcher::<init> (95 bytes)
Event: 12.075 Thread 0x000002a2fd578e00 nmethod 2737 0x000002a2ec197210 code [0x000002a2ec1973e0, 0x000002a2ec197890]
Event: 12.167 Thread 0x000002a2fd578e00 2739       3       java.nio.CharBuffer::allocate (20 bytes)
Event: 12.168 Thread 0x000002a2fd578e00 nmethod 2739 0x000002a2ec197a10 code [0x000002a2ec197be0, 0x000002a2ec197df8]
Event: 12.168 Thread 0x000002a2fd578e00 2740       3       java.nio.charset.CharsetDecoder::flush (49 bytes)
Event: 12.168 Thread 0x000002a2fd578e00 nmethod 2740 0x000002a2ec197f10 code [0x000002a2ec1980e0, 0x000002a2ec1984a8]
Event: 12.268 Thread 0x000002a2fd578e00 2741       3       org.eclipse.core.internal.preferences.EclipsePreferences::internalNode (153 bytes)
Event: 12.272 Thread 0x000002a2fd578e00 nmethod 2741 0x000002a2ec198610 code [0x000002a2ec198a20, 0x000002a2ec19aab8]
Event: 12.272 Thread 0x000002a2fd578e00 2742       3       org.eclipse.core.internal.registry.Handle::<init> (15 bytes)
Event: 12.272 Thread 0x000002a2fd578e00 nmethod 2742 0x000002a2ec19b610 code [0x000002a2ec19b7c0, 0x000002a2ec19b948]

GC Heap History (14 events):
Event: 3.499 GC heap before
{Heap before GC invocations=1 (full 0):
 PSYoungGen      total 29696K, used 25600K [0x00000000eab00000, 0x00000000ecc00000, 0x0000000100000000)
  eden space 25600K, 100% used [0x00000000eab00000,0x00000000ec400000,0x00000000ec400000)
  from space 4096K, 0% used [0x00000000ec800000,0x00000000ec800000,0x00000000ecc00000)
  to   space 4096K, 0% used [0x00000000ec400000,0x00000000ec400000,0x00000000ec800000)
 ParOldGen       total 68608K, used 0K [0x00000000c0000000, 0x00000000c4300000, 0x00000000eab00000)
  object space 68608K, 0% used [0x00000000c0000000,0x00000000c0000000,0x00000000c4300000)
 Metaspace       used 4355K, committed 4544K, reserved 1114112K
  class space    used 434K, committed 512K, reserved 1048576K
}
Event: 3.548 GC heap after
{Heap after GC invocations=1 (full 0):
 PSYoungGen      total 29696K, used 3230K [0x00000000eab00000, 0x00000000ecc00000, 0x0000000100000000)
  eden space 25600K, 0% used [0x00000000eab00000,0x00000000eab00000,0x00000000ec400000)
  from space 4096K, 78% used [0x00000000ec400000,0x00000000ec727b10,0x00000000ec800000)
  to   space 4096K, 0% used [0x00000000ec800000,0x00000000ec800000,0x00000000ecc00000)
 ParOldGen       total 68608K, used 0K [0x00000000c0000000, 0x00000000c4300000, 0x00000000eab00000)
  object space 68608K, 0% used [0x00000000c0000000,0x00000000c0000000,0x00000000c4300000)
 Metaspace       used 4355K, committed 4544K, reserved 1114112K
  class space    used 434K, committed 512K, reserved 1048576K
}
Event: 6.605 GC heap before
{Heap before GC invocations=2 (full 0):
 PSYoungGen      total 29696K, used 28830K [0x00000000eab00000, 0x00000000ecc00000, 0x0000000100000000)
  eden space 25600K, 100% used [0x00000000eab00000,0x00000000ec400000,0x00000000ec400000)
  from space 4096K, 78% used [0x00000000ec400000,0x00000000ec727b10,0x00000000ec800000)
  to   space 4096K, 0% used [0x00000000ec800000,0x00000000ec800000,0x00000000ecc00000)
 ParOldGen       total 68608K, used 0K [0x00000000c0000000, 0x00000000c4300000, 0x00000000eab00000)
  object space 68608K, 0% used [0x00000000c0000000,0x00000000c0000000,0x00000000c4300000)
 Metaspace       used 8213K, committed 8576K, reserved 1114112K
  class space    used 807K, committed 960K, reserved 1048576K
}
Event: 6.615 GC heap after
{Heap after GC invocations=2 (full 0):
 PSYoungGen      total 29696K, used 4068K [0x00000000eab00000, 0x00000000ecc00000, 0x0000000100000000)
  eden space 25600K, 0% used [0x00000000eab00000,0x00000000eab00000,0x00000000ec400000)
  from space 4096K, 99% used [0x00000000ec800000,0x00000000ecbf91d8,0x00000000ecc00000)
  to   space 4096K, 0% used [0x00000000ec400000,0x00000000ec400000,0x00000000ec800000)
 ParOldGen       total 68608K, used 915K [0x00000000c0000000, 0x00000000c4300000, 0x00000000eab00000)
  object space 68608K, 1% used [0x00000000c0000000,0x00000000c00e4ea8,0x00000000c4300000)
 Metaspace       used 8213K, committed 8576K, reserved 1114112K
  class space    used 807K, committed 960K, reserved 1048576K
}
Event: 8.701 GC heap before
{Heap before GC invocations=3 (full 0):
 PSYoungGen      total 29696K, used 29668K [0x00000000eab00000, 0x00000000ecc00000, 0x0000000100000000)
  eden space 25600K, 100% used [0x00000000eab00000,0x00000000ec400000,0x00000000ec400000)
  from space 4096K, 99% used [0x00000000ec800000,0x00000000ecbf91d8,0x00000000ecc00000)
  to   space 4096K, 0% used [0x00000000ec400000,0x00000000ec400000,0x00000000ec800000)
 ParOldGen       total 68608K, used 915K [0x00000000c0000000, 0x00000000c4300000, 0x00000000eab00000)
  object space 68608K, 1% used [0x00000000c0000000,0x00000000c00e4ea8,0x00000000c4300000)
 Metaspace       used 13043K, committed 13632K, reserved 1114112K
  class space    used 1310K, committed 1536K, reserved 1048576K
}
Event: 8.712 GC heap after
{Heap after GC invocations=3 (full 0):
 PSYoungGen      total 29696K, used 4093K [0x00000000eab00000, 0x00000000ecc00000, 0x0000000100000000)
  eden space 25600K, 0% used [0x00000000eab00000,0x00000000eab00000,0x00000000ec400000)
  from space 4096K, 99% used [0x00000000ec400000,0x00000000ec7ff470,0x00000000ec800000)
  to   space 4096K, 0% used [0x00000000ec800000,0x00000000ec800000,0x00000000ecc00000)
 ParOldGen       total 68608K, used 2826K [0x00000000c0000000, 0x00000000c4300000, 0x00000000eab00000)
  object space 68608K, 4% used [0x00000000c0000000,0x00000000c02c2a10,0x00000000c4300000)
 Metaspace       used 13043K, committed 13632K, reserved 1114112K
  class space    used 1310K, committed 1536K, reserved 1048576K
}
Event: 11.173 GC heap before
{Heap before GC invocations=4 (full 0):
 PSYoungGen      total 29696K, used 29693K [0x00000000eab00000, 0x00000000ecc00000, 0x0000000100000000)
  eden space 25600K, 100% used [0x00000000eab00000,0x00000000ec400000,0x00000000ec400000)
  from space 4096K, 99% used [0x00000000ec400000,0x00000000ec7ff470,0x00000000ec800000)
  to   space 4096K, 0% used [0x00000000ec800000,0x00000000ec800000,0x00000000ecc00000)
 ParOldGen       total 68608K, used 2826K [0x00000000c0000000, 0x00000000c4300000, 0x00000000eab00000)
  object space 68608K, 4% used [0x00000000c0000000,0x00000000c02c2a10,0x00000000c4300000)
 Metaspace       used 16948K, committed 17536K, reserved 1114112K
  class space    used 1696K, committed 1920K, reserved 1048576K
}
Event: 11.183 GC heap after
{Heap after GC invocations=4 (full 0):
 PSYoungGen      total 29696K, used 4065K [0x00000000eab00000, 0x00000000ecc00000, 0x0000000100000000)
  eden space 25600K, 0% used [0x00000000eab00000,0x00000000eab00000,0x00000000ec400000)
  from space 4096K, 99% used [0x00000000ec800000,0x00000000ecbf8758,0x00000000ecc00000)
  to   space 4096K, 0% used [0x00000000ec400000,0x00000000ec400000,0x00000000ec800000)
 ParOldGen       total 68608K, used 5494K [0x00000000c0000000, 0x00000000c4300000, 0x00000000eab00000)
  object space 68608K, 8% used [0x00000000c0000000,0x00000000c055da48,0x00000000c4300000)
 Metaspace       used 16948K, committed 17536K, reserved 1114112K
  class space    used 1696K, committed 1920K, reserved 1048576K
}
Event: 12.056 GC heap before
{Heap before GC invocations=5 (full 0):
 PSYoungGen      total 29696K, used 29665K [0x00000000eab00000, 0x00000000ecc00000, 0x0000000100000000)
  eden space 25600K, 100% used [0x00000000eab00000,0x00000000ec400000,0x00000000ec400000)
  from space 4096K, 99% used [0x00000000ec800000,0x00000000ecbf8758,0x00000000ecc00000)
  to   space 4096K, 0% used [0x00000000ec400000,0x00000000ec400000,0x00000000ec800000)
 ParOldGen       total 68608K, used 5494K [0x00000000c0000000, 0x00000000c4300000, 0x00000000eab00000)
  object space 68608K, 8% used [0x00000000c0000000,0x00000000c055da48,0x00000000c4300000)
 Metaspace       used 20259K, committed 20864K, reserved 1114112K
  class space    used 1935K, committed 2176K, reserved 1048576K
}
Event: 12.064 GC heap after
{Heap after GC invocations=5 (full 0):
 PSYoungGen      total 29184K, used 4094K [0x00000000eab00000, 0x00000000ed080000, 0x0000000100000000)
  eden space 25088K, 0% used [0x00000000eab00000,0x00000000eab00000,0x00000000ec380000)
  from space 4096K, 99% used [0x00000000ec400000,0x00000000ec7ffb40,0x00000000ec800000)
  to   space 6656K, 0% used [0x00000000eca00000,0x00000000eca00000,0x00000000ed080000)
 ParOldGen       total 68608K, used 7491K [0x00000000c0000000, 0x00000000c4300000, 0x00000000eab00000)
  object space 68608K, 10% used [0x00000000c0000000,0x00000000c0750de8,0x00000000c4300000)
 Metaspace       used 20259K, committed 20864K, reserved 1114112K
  class space    used 1935K, committed 2176K, reserved 1048576K
}
Event: 12.178 GC heap before
{Heap before GC invocations=6 (full 0):
 PSYoungGen      total 29184K, used 8098K [0x00000000eab00000, 0x00000000ed080000, 0x0000000100000000)
  eden space 25088K, 15% used [0x00000000eab00000,0x00000000eaee9018,0x00000000ec380000)
  from space 4096K, 99% used [0x00000000ec400000,0x00000000ec7ffb40,0x00000000ec800000)
  to   space 6656K, 0% used [0x00000000eca00000,0x00000000eca00000,0x00000000ed080000)
 ParOldGen       total 68608K, used 7491K [0x00000000c0000000, 0x00000000c4300000, 0x00000000eab00000)
  object space 68608K, 10% used [0x00000000c0000000,0x00000000c0750de8,0x00000000c4300000)
 Metaspace       used 20885K, committed 21504K, reserved 1114112K
  class space    used 1979K, committed 2240K, reserved 1048576K
}
Event: 12.187 GC heap after
{Heap after GC invocations=6 (full 0):
 PSYoungGen      total 29696K, used 4238K [0x00000000eab00000, 0x00000000ece80000, 0x0000000100000000)
  eden space 25088K, 0% used [0x00000000eab00000,0x00000000eab00000,0x00000000ec380000)
  from space 4608K, 91% used [0x00000000eca00000,0x00000000ece23b50,0x00000000ece80000)
  to   space 5120K, 0% used [0x00000000ec480000,0x00000000ec480000,0x00000000ec980000)
 ParOldGen       total 68608K, used 7491K [0x00000000c0000000, 0x00000000c4300000, 0x00000000eab00000)
  object space 68608K, 10% used [0x00000000c0000000,0x00000000c0750de8,0x00000000c4300000)
 Metaspace       used 20885K, committed 21504K, reserved 1114112K
  class space    used 1979K, committed 2240K, reserved 1048576K
}
Event: 12.187 GC heap before
{Heap before GC invocations=7 (full 1):
 PSYoungGen      total 29696K, used 4238K [0x00000000eab00000, 0x00000000ece80000, 0x0000000100000000)
  eden space 25088K, 0% used [0x00000000eab00000,0x00000000eab00000,0x00000000ec380000)
  from space 4608K, 91% used [0x00000000eca00000,0x00000000ece23b50,0x00000000ece80000)
  to   space 5120K, 0% used [0x00000000ec480000,0x00000000ec480000,0x00000000ec980000)
 ParOldGen       total 68608K, used 7491K [0x00000000c0000000, 0x00000000c4300000, 0x00000000eab00000)
  object space 68608K, 10% used [0x00000000c0000000,0x00000000c0750de8,0x00000000c4300000)
 Metaspace       used 20885K, committed 21504K, reserved 1114112K
  class space    used 1979K, committed 2240K, reserved 1048576K
}
Event: 12.241 GC heap after
{Heap after GC invocations=7 (full 1):
 PSYoungGen      total 29696K, used 0K [0x00000000eab00000, 0x00000000ece80000, 0x0000000100000000)
  eden space 25088K, 0% used [0x00000000eab00000,0x00000000eab00000,0x00000000ec380000)
  from space 4608K, 0% used [0x00000000eca00000,0x00000000eca00000,0x00000000ece80000)
  to   space 5120K, 0% used [0x00000000ec480000,0x00000000ec480000,0x00000000ec980000)
 ParOldGen       total 68608K, used 8544K [0x00000000c0000000, 0x00000000c4300000, 0x00000000eab00000)
  object space 68608K, 12% used [0x00000000c0000000,0x00000000c08583e0,0x00000000c4300000)
 Metaspace       used 20872K, committed 21504K, reserved 1114112K
  class space    used 1976K, committed 2240K, reserved 1048576K
}

Dll operation events (10 events):
Event: 0.040 Loaded shared library c:\Users\Jared Arias\.vscode\extensions\redhat.java-1.39.0-win32-x64\jre\21.0.5-win32-x86_64\bin\java.dll
Event: 0.497 Loaded shared library c:\Users\Jared Arias\.vscode\extensions\redhat.java-1.39.0-win32-x64\jre\21.0.5-win32-x86_64\bin\zip.dll
Event: 0.595 Loaded shared library C:\Users\Jared Arias\.vscode\extensions\redhat.java-1.39.0-win32-x64\jre\21.0.5-win32-x86_64\bin\instrument.dll
Event: 0.610 Loaded shared library C:\Users\Jared Arias\.vscode\extensions\redhat.java-1.39.0-win32-x64\jre\21.0.5-win32-x86_64\bin\net.dll
Event: 0.615 Loaded shared library C:\Users\Jared Arias\.vscode\extensions\redhat.java-1.39.0-win32-x64\jre\21.0.5-win32-x86_64\bin\nio.dll
Event: 0.623 Loaded shared library C:\Users\Jared Arias\.vscode\extensions\redhat.java-1.39.0-win32-x64\jre\21.0.5-win32-x86_64\bin\zip.dll
Event: 0.767 Loaded shared library C:\Users\Jared Arias\.vscode\extensions\redhat.java-1.39.0-win32-x64\jre\21.0.5-win32-x86_64\bin\jimage.dll
Event: 1.098 Loaded shared library c:\Users\Jared Arias\.vscode\extensions\redhat.java-1.39.0-win32-x64\jre\21.0.5-win32-x86_64\bin\verify.dll
Event: 6.395 Loaded shared library C:\Users\Jared Arias\AppData\Roaming\Code\User\globalStorage\redhat.java\1.39.0\config_ss_win\org.eclipse.equinox.launcher\org.eclipse.equinox.launcher.win32.win32.x86_64_1.2.1100.v20240722-2106\eclipse_11904.dll
Event: 9.916 Loaded shared library C:\Users\Jared Arias\AppData\Local\Temp\jna--2137832284\jna2971466223055452774.dll

Deoptimization events (20 events):
Event: 10.944 Thread 0x000002a2feb23110 Uncommon trap: trap_request=0xffffffde fr.pc=0x000002a2f3842114 relative=0x00000000000003b4
Event: 10.944 Thread 0x000002a2feb23110 Uncommon trap: reason=class_check action=maybe_recompile pc=0x000002a2f3842114 method=java.util.regex.Pattern$BmpCharPropertyGreedy.match(Ljava/util/regex/Matcher;ILjava/lang/CharSequence;)Z @ 70 c2
Event: 10.944 Thread 0x000002a2feb23110 DEOPT PACKING pc=0x000002a2f3842114 sp=0x000000c4054ef0d0
Event: 10.944 Thread 0x000002a2feb23110 DEOPT UNPACKING pc=0x000002a2f31f3a9c sp=0x000000c4054ef078 mode 2
Event: 10.944 Thread 0x000002a2feb23110 Uncommon trap: trap_request=0xffffff45 fr.pc=0x000002a2f3842ebc relative=0x000000000000067c
Event: 10.944 Thread 0x000002a2feb23110 Uncommon trap: reason=unstable_if action=reinterpret pc=0x000002a2f3842ebc method=java.util.regex.Matcher.search(I)Z @ 30 c2
Event: 10.944 Thread 0x000002a2feb23110 DEOPT PACKING pc=0x000002a2f3842ebc sp=0x000000c4054ef5f0
Event: 10.944 Thread 0x000002a2feb23110 DEOPT UNPACKING pc=0x000002a2f31f3a9c sp=0x000000c4054ef5c0 mode 2
Event: 10.944 Thread 0x000002a2feb23110 Uncommon trap: trap_request=0xffffffde fr.pc=0x000002a2f3842114 relative=0x00000000000003b4
Event: 10.944 Thread 0x000002a2feb23110 Uncommon trap: reason=class_check action=maybe_recompile pc=0x000002a2f3842114 method=java.util.regex.Pattern$BmpCharPropertyGreedy.match(Ljava/util/regex/Matcher;ILjava/lang/CharSequence;)Z @ 70 c2
Event: 10.944 Thread 0x000002a2feb23110 DEOPT PACKING pc=0x000002a2f3842114 sp=0x000000c4054ef260
Event: 10.944 Thread 0x000002a2feb23110 DEOPT UNPACKING pc=0x000002a2f31f3a9c sp=0x000000c4054ef208 mode 2
Event: 10.944 Thread 0x000002a2feb23110 Uncommon trap: trap_request=0xffffffde fr.pc=0x000002a2f3842114 relative=0x00000000000003b4
Event: 10.944 Thread 0x000002a2feb23110 Uncommon trap: reason=class_check action=maybe_recompile pc=0x000002a2f3842114 method=java.util.regex.Pattern$BmpCharPropertyGreedy.match(Ljava/util/regex/Matcher;ILjava/lang/CharSequence;)Z @ 70 c2
Event: 10.944 Thread 0x000002a2feb23110 DEOPT PACKING pc=0x000002a2f3842114 sp=0x000000c4054ef0e0
Event: 10.944 Thread 0x000002a2feb23110 DEOPT UNPACKING pc=0x000002a2f31f3a9c sp=0x000000c4054ef088 mode 2
Event: 11.967 Thread 0x000002a2feb23110 Uncommon trap: trap_request=0xffffff45 fr.pc=0x000002a2f38558e0 relative=0x0000000000000140
Event: 11.967 Thread 0x000002a2feb23110 Uncommon trap: reason=unstable_if action=reinterpret pc=0x000002a2f38558e0 method=org.lombokweb.asm.ByteVector.putByteArray([BII)Lorg/lombokweb/asm/ByteVector; @ 20 c2
Event: 11.967 Thread 0x000002a2feb23110 DEOPT PACKING pc=0x000002a2f38558e0 sp=0x000000c4054f2380
Event: 11.967 Thread 0x000002a2feb23110 DEOPT UNPACKING pc=0x000002a2f31f3a9c sp=0x000000c4054f2350 mode 2

Classes loaded (20 events):
Event: 11.000 Loading class java/io/StringReader
Event: 11.000 Loading class java/io/StringReader done
Event: 11.011 Loading class java/util/zip/GZIPOutputStream
Event: 11.011 Loading class java/util/zip/GZIPOutputStream done
Event: 11.018 Loading class java/net/SocketTimeoutException
Event: 11.018 Loading class java/io/InterruptedIOException
Event: 11.018 Loading class java/io/InterruptedIOException done
Event: 11.018 Loading class java/net/SocketTimeoutException done
Event: 11.018 Loading class java/net/SocketException
Event: 11.019 Loading class java/net/SocketException done
Event: 11.019 Loading class java/net/UnknownHostException
Event: 11.020 Loading class java/net/UnknownHostException done
Event: 11.020 Loading class java/net/ProtocolException
Event: 11.020 Loading class java/net/ProtocolException done
Event: 11.074 Loading class java/lang/ThreadLocal$SuppliedThreadLocal
Event: 11.075 Loading class java/lang/ThreadLocal$SuppliedThreadLocal done
Event: 11.090 Loading class java/io/FileWriter
Event: 11.090 Loading class java/io/FileWriter done
Event: 11.373 Loading class java/lang/NegativeArraySizeException
Event: 11.373 Loading class java/lang/NegativeArraySizeException done

Classes unloaded (7 events):
Event: 12.200 Thread 0x000002a2fd4ff900 Unloading class 0x000002a28117c800 'java/lang/invoke/LambdaForm$MH+0x000002a28117c800'
Event: 12.200 Thread 0x000002a2fd4ff900 Unloading class 0x000002a28117c400 'java/lang/invoke/LambdaForm$MH+0x000002a28117c400'
Event: 12.200 Thread 0x000002a2fd4ff900 Unloading class 0x000002a28117c000 'java/lang/invoke/LambdaForm$MH+0x000002a28117c000'
Event: 12.200 Thread 0x000002a2fd4ff900 Unloading class 0x000002a28117bc00 'java/lang/invoke/LambdaForm$MH+0x000002a28117bc00'
Event: 12.200 Thread 0x000002a2fd4ff900 Unloading class 0x000002a28117b800 'java/lang/invoke/LambdaForm$BMH+0x000002a28117b800'
Event: 12.200 Thread 0x000002a2fd4ff900 Unloading class 0x000002a28117b400 'java/lang/invoke/LambdaForm$DMH+0x000002a28117b400'
Event: 12.200 Thread 0x000002a2fd4ff900 Unloading class 0x000002a28117a000 'java/lang/invoke/LambdaForm$DMH+0x000002a28117a000'

Classes redefined (0 events):
No events

Internal exceptions (20 events):
Event: 9.289 Thread 0x000002a2feb23110 Exception <a 'java/lang/NoSuchMethodError'{0x00000000eb330e78}: 'java.lang.Object java.lang.invoke.DirectMethodHandle$Holder.invokeStaticInit(java.lang.Object, int, int, int, int)'> (0x00000000eb330e78) 
thrown [s\src\hotspot\share\interpreter\linkResolver.cpp, line 773]
Event: 9.553 Thread 0x000002a2feb23110 Exception <a 'java/lang/NoSuchMethodError'{0x00000000eb45a4d8}: 'java.lang.Object java.lang.invoke.DirectMethodHandle$Holder.invokeStaticInit(java.lang.Object, java.lang.Object, int, int, int, int)'> (0x00000000eb45a4d8) 
thrown [s\src\hotspot\share\interpreter\linkResolver.cpp, line 773]
Event: 10.033 Thread 0x000002a2feb23110 Exception <a 'java/lang/NoSuchMethodError'{0x00000000eb5522a0}: 'void java.lang.invoke.DirectMethodHandle$Holder.invokeSpecial(java.lang.Object, java.lang.Object, java.lang.Object, int)'> (0x00000000eb5522a0) 
thrown [s\src\hotspot\share\interpreter\linkResolver.cpp, line 773]
Event: 10.034 Thread 0x000002a2feb23110 Exception <a 'java/lang/NoSuchMethodError'{0x00000000eb555c30}: 'void java.lang.invoke.DelegatingMethodHandle$Holder.reinvoke_L(java.lang.Object, java.lang.Object, int)'> (0x00000000eb555c30) 
thrown [s\src\hotspot\share\interpreter\linkResolver.cpp, line 773]
Event: 10.036 Thread 0x000002a2feb23110 Exception <a 'java/lang/NoSuchMethodError'{0x00000000eb55c968}: 'int java.lang.invoke.Invokers$Holder.invokeExact_MT(java.lang.Object, java.lang.Object, java.lang.Object)'> (0x00000000eb55c968) 
thrown [s\src\hotspot\share\interpreter\linkResolver.cpp, line 773]
Event: 10.141 Thread 0x000002a2feb23110 Exception <a 'java/lang/NoSuchMethodError'{0x00000000eb65e678}: 'void java.lang.invoke.Invokers$Holder.invokeExact_MT(java.lang.Object, java.lang.Object, int, java.lang.Object)'> (0x00000000eb65e678) 
thrown [s\src\hotspot\share\interpreter\linkResolver.cpp, line 773]
Event: 10.227 Thread 0x000002a2feb23110 Exception <a 'java/lang/NoSuchMethodError'{0x00000000eb7405a8}: 'java.lang.Object java.lang.invoke.DirectMethodHandle$Holder.invokeSpecial(java.lang.Object, java.lang.Object, java.lang.Object, long, java.lang.Object)'> (0x00000000eb7405a8) 
thrown [s\src\hotspot\share\interpreter\linkResolver.cpp, line 773]
Event: 10.228 Thread 0x000002a2feb23110 Exception <a 'java/lang/NoSuchMethodError'{0x00000000eb747d38}: 'java.lang.Object java.lang.invoke.DirectMethodHandle$Holder.newInvokeSpecial(java.lang.Object, java.lang.Object, java.lang.Object, long)'> (0x00000000eb747d38) 
thrown [s\src\hotspot\share\interpreter\linkResolver.cpp, line 773]
Event: 10.229 Thread 0x000002a2feb23110 Exception <a 'java/lang/NoSuchMethodError'{0x00000000eb74b9b8}: 'java.lang.Object java.lang.invoke.Invokers$Holder.linkToTargetMethod(java.lang.Object, java.lang.Object, long, java.lang.Object)'> (0x00000000eb74b9b8) 
thrown [s\src\hotspot\share\interpreter\linkResolver.cpp, line 773]
Event: 10.367 Thread 0x000002a2feb23110 Exception <a 'java/lang/NoSuchMethodError'{0x00000000eb7bc398}: 'int java.lang.invoke.DirectMethodHandle$Holder.invokeStaticInit(java.lang.Object, java.lang.Object, java.lang.Object)'> (0x00000000eb7bc398) 
thrown [s\src\hotspot\share\interpreter\linkResolver.cpp, line 773]
Event: 10.643 Thread 0x000002a2feb23110 Exception <a 'java/lang/IncompatibleClassChangeError'{0x00000000eb9d01c0}: Found class java.lang.Object, but interface was expected> (0x00000000eb9d01c0) 
thrown [s\src\hotspot\share\interpreter\linkResolver.cpp, line 840]
Event: 10.661 Thread 0x000002a2feb23110 Exception <a 'java/lang/NoSuchMethodError'{0x00000000eb9e8348}: 'java.lang.Object java.lang.invoke.DirectMethodHandle$Holder.invokeSpecial(java.lang.Object, java.lang.Object, java.lang.Object, int, java.lang.Object, java.lang.Object)'> (0x00000000eb9e8348) 
thrown [s\src\hotspot\share\interpreter\linkResolver.cpp, line 773]
Event: 10.664 Thread 0x000002a2feb23110 Exception <a 'java/lang/NoSuchMethodError'{0x00000000eb9efbe0}: 'java.lang.Object java.lang.invoke.DirectMethodHandle$Holder.newInvokeSpecial(java.lang.Object, java.lang.Object, java.lang.Object, int, java.lang.Object)'> (0x00000000eb9efbe0) 
thrown [s\src\hotspot\share\interpreter\linkResolver.cpp, line 773]
Event: 10.665 Thread 0x000002a2feb23110 Exception <a 'java/lang/NoSuchMethodError'{0x00000000eb9f36d0}: 'java.lang.Object java.lang.invoke.Invokers$Holder.linkToTargetMethod(java.lang.Object, java.lang.Object, int, java.lang.Object, java.lang.Object)'> (0x00000000eb9f36d0) 
thrown [s\src\hotspot\share\interpreter\linkResolver.cpp, line 773]
Event: 10.666 Thread 0x000002a2fe947d20 Exception <a 'java/lang/NoSuchMethodError'{0x00000000eb776a70}: 'java.lang.Object java.lang.invoke.DirectMethodHandle$Holder.invokeSpecial(java.lang.Object, java.lang.Object, int, java.lang.Object, java.lang.Object)'> (0x00000000eb776a70) 
thrown [s\src\hotspot\share\interpreter\linkResolver.cpp, line 773]
Event: 10.668 Thread 0x000002a2fe947d20 Exception <a 'java/lang/NoSuchMethodError'{0x00000000eb77d7a8}: 'java.lang.Object java.lang.invoke.DirectMethodHandle$Holder.newInvokeSpecial(java.lang.Object, java.lang.Object, int, java.lang.Object)'> (0x00000000eb77d7a8) 
thrown [s\src\hotspot\share\interpreter\linkResolver.cpp, line 773]
Event: 10.713 Thread 0x000002a2feb23110 Exception <a 'java/lang/NoSuchMethodError'{0x00000000ebaf4020}: 'void java.lang.invoke.DirectMethodHandle$Holder.invokeSpecial(java.lang.Object, java.lang.Object, java.lang.Object, java.lang.Object, java.lang.Object)'> (0x00000000ebaf4020) 
thrown [s\src\hotspot\share\interpreter\linkResolver.cpp, line 773]
Event: 10.879 Thread 0x000002a2feb23110 Exception <a 'java/lang/NoSuchMethodError'{0x00000000ebcf9ca8}: 'double java.lang.invoke.DirectMethodHandle$Holder.invokeStatic(java.lang.Object, java.lang.Object)'> (0x00000000ebcf9ca8) 
thrown [s\src\hotspot\share\interpreter\linkResolver.cpp, line 773]
Event: 10.880 Thread 0x000002a2feb23110 Exception <a 'java/lang/NoSuchMethodError'{0x00000000ebcfd368}: 'double java.lang.invoke.DirectMethodHandle$Holder.invokeStaticInit(java.lang.Object, java.lang.Object)'> (0x00000000ebcfd368) 
thrown [s\src\hotspot\share\interpreter\linkResolver.cpp, line 773]
Event: 11.967 Thread 0x000002a2feb23110 Implicit null exception at 0x000002a2f38557f6 to 0x000002a2f38558c8

ZGC Phase Switch (0 events):
No events

VM Operations (20 events):
Event: 7.948 Executing VM operation: HandshakeAllThreads (Deoptimize)
Event: 7.948 Executing VM operation: HandshakeAllThreads (Deoptimize) done
Event: 7.948 Executing VM operation: Cleanup
Event: 7.948 Executing VM operation: Cleanup done
Event: 8.701 Executing VM operation: ParallelGCFailedAllocation (Allocation Failure)
Event: 8.712 Executing VM operation: ParallelGCFailedAllocation (Allocation Failure) done
Event: 9.936 Executing VM operation: HandshakeAllThreads (Deoptimize)
Event: 9.936 Executing VM operation: HandshakeAllThreads (Deoptimize) done
Event: 9.936 Executing VM operation: Cleanup
Event: 9.936 Executing VM operation: Cleanup done
Event: 10.396 Executing VM operation: HandshakeAllThreads (Deoptimize)
Event: 10.396 Executing VM operation: HandshakeAllThreads (Deoptimize) done
Event: 10.611 Executing VM operation: HandshakeAllThreads (Deoptimize)
Event: 10.611 Executing VM operation: HandshakeAllThreads (Deoptimize) done
Event: 11.173 Executing VM operation: ParallelGCFailedAllocation (Allocation Failure)
Event: 11.183 Executing VM operation: ParallelGCFailedAllocation (Allocation Failure) done
Event: 12.056 Executing VM operation: ParallelGCFailedAllocation (Allocation Failure)
Event: 12.064 Executing VM operation: ParallelGCFailedAllocation (Allocation Failure) done
Event: 12.178 Executing VM operation: CollectForMetadataAllocation (Metadata GC Threshold)
Event: 12.241 Executing VM operation: CollectForMetadataAllocation (Metadata GC Threshold) done

Memory protections (0 events):
No events

Nmethod flushes (0 events):
No events

Events (20 events):
Event: 0.161 Thread 0x000002a2e6fe7720 Thread added: 0x000002a2e71dc580
Event: 0.161 Thread 0x000002a2e6fe7720 Thread added: 0x000002a2fd4fff80
Event: 0.161 Thread 0x000002a2e6fe7720 Thread added: 0x000002a2fd5055c0
Event: 0.162 Thread 0x000002a2e6fe7720 Thread added: 0x000002a2fd502d10
Event: 0.162 Thread 0x000002a2e6fe7720 Thread added: 0x000002a2fd503760
Event: 0.162 Thread 0x000002a2e6fe7720 Thread added: 0x000002a2fd5041b0
Event: 0.162 Thread 0x000002a2e6fe7720 Thread added: 0x000002a2fd508530
Event: 0.182 Thread 0x000002a2e6fe7720 Thread added: 0x000002a2fd578e00
Event: 0.314 Thread 0x000002a2e6fe7720 Thread added: 0x000002a2fd5a0860
Event: 1.470 Thread 0x000002a2e6fe7720 Thread added: 0x000002a2fe64ac90
Event: 5.360 Thread 0x000002a2e6fe7720 Thread added: 0x000002a2feb9cb30
Event: 6.333 Thread 0x000002a2e6fe7720 Thread added: 0x000002a2feac1930
Event: 6.383 Thread 0x000002a2e6fe7720 Thread added: 0x000002a2feb23110
Event: 6.513 Thread 0x000002a2feb23110 Thread added: 0x000002a2feb1fb40
Event: 7.003 Thread 0x000002a2feb23110 Thread added: 0x000002a2fea72d50
Event: 8.078 Thread 0x000002a2feb23110 Thread added: 0x000002a2febfaed0
Event: 10.053 Thread 0x000002a2feb23110 Thread added: 0x000002a2fe7b9000
Event: 10.240 Thread 0x000002a2feb23110 Thread added: 0x000002a2fe947d20
Event: 10.668 Thread 0x000002a2feb23110 Thread added: 0x000002a2c516ec90
Event: 11.067 Thread 0x000002a2c516ec90 Thread added: 0x000002a2c516f9b0


Dynamic libraries:
0x00007ff788960000 - 0x00007ff78896e000 	c:\Users\Jared Arias\.vscode\extensions\redhat.java-1.39.0-win32-x64\jre\21.0.5-win32-x86_64\bin\java.exe
0x00007ffbf5b30000 - 0x00007ffbf5d47000 	C:\WINDOWS\SYSTEM32\ntdll.dll
0x00007ffbf44e0000 - 0x00007ffbf45a4000 	C:\WINDOWS\System32\KERNEL32.DLL
0x00007ffbf3130000 - 0x00007ffbf34ea000 	C:\WINDOWS\System32\KERNELBASE.dll
0x00007ffbf34f0000 - 0x00007ffbf3601000 	C:\WINDOWS\System32\ucrtbase.dll
0x00007ffbecb40000 - 0x00007ffbecb58000 	c:\Users\Jared Arias\.vscode\extensions\redhat.java-1.39.0-win32-x64\jre\21.0.5-win32-x86_64\bin\jli.dll
0x00007ffbf5220000 - 0x00007ffbf53ce000 	C:\WINDOWS\System32\USER32.dll
0x00007ffbf3750000 - 0x00007ffbf3776000 	C:\WINDOWS\System32\win32u.dll
0x00007ffbf3ee0000 - 0x00007ffbf3f09000 	C:\WINDOWS\System32\GDI32.dll
0x00007ffbf2df0000 - 0x00007ffbf2f0b000 	C:\WINDOWS\System32\gdi32full.dll
0x00007ffbf3780000 - 0x00007ffbf381a000 	C:\WINDOWS\System32\msvcp_win.dll
0x00007ffbecb20000 - 0x00007ffbecb3e000 	c:\Users\Jared Arias\.vscode\extensions\redhat.java-1.39.0-win32-x64\jre\21.0.5-win32-x86_64\bin\VCRUNTIME140.dll
0x00007ffbde570000 - 0x00007ffbde802000 	C:\WINDOWS\WinSxS\amd64_microsoft.windows.common-controls_6595b64144ccf1df_6.0.22621.4541_none_2710d1c57384c085\COMCTL32.dll
0x00007ffbf5170000 - 0x00007ffbf5217000 	C:\WINDOWS\System32\msvcrt.dll
0x00007ffbf3bd0000 - 0x00007ffbf3c01000 	C:\WINDOWS\System32\IMM32.DLL
0x00007ffbef4e0000 - 0x00007ffbef4ec000 	c:\Users\Jared Arias\.vscode\extensions\redhat.java-1.39.0-win32-x64\jre\21.0.5-win32-x86_64\bin\vcruntime140_1.dll
0x00007ffb864b0000 - 0x00007ffb8653d000 	c:\Users\Jared Arias\.vscode\extensions\redhat.java-1.39.0-win32-x64\jre\21.0.5-win32-x86_64\bin\msvcp140.dll
0x00007ffb72940000 - 0x00007ffb736cf000 	c:\Users\Jared Arias\.vscode\extensions\redhat.java-1.39.0-win32-x64\jre\21.0.5-win32-x86_64\bin\server\jvm.dll
0x00007ffbf3ae0000 - 0x00007ffbf3b92000 	C:\WINDOWS\System32\ADVAPI32.dll
0x00007ffbf3a30000 - 0x00007ffbf3ad7000 	C:\WINDOWS\System32\sechost.dll
0x00007ffbf3080000 - 0x00007ffbf30a8000 	C:\WINDOWS\System32\bcrypt.dll
0x00007ffbf5050000 - 0x00007ffbf5164000 	C:\WINDOWS\System32\RPCRT4.dll
0x00007ffbf5a70000 - 0x00007ffbf5ae1000 	C:\WINDOWS\System32\WS2_32.dll
0x00007ffbf2cc0000 - 0x00007ffbf2d0d000 	C:\WINDOWS\SYSTEM32\POWRPROF.dll
0x00007ffbeec50000 - 0x00007ffbeec84000 	C:\WINDOWS\SYSTEM32\WINMM.dll
0x00007ffbeea50000 - 0x00007ffbeea5a000 	C:\WINDOWS\SYSTEM32\VERSION.dll
0x00007ffbf2ca0000 - 0x00007ffbf2cb3000 	C:\WINDOWS\SYSTEM32\UMPDC.dll
0x00007ffbf1e30000 - 0x00007ffbf1e48000 	C:\WINDOWS\SYSTEM32\kernel.appcore.dll
0x00007ffb86620000 - 0x00007ffb8662a000 	c:\Users\Jared Arias\.vscode\extensions\redhat.java-1.39.0-win32-x64\jre\21.0.5-win32-x86_64\bin\jimage.dll
0x00007ffbf06a0000 - 0x00007ffbf08d2000 	C:\WINDOWS\SYSTEM32\DBGHELP.DLL
0x00007ffbf3fc0000 - 0x00007ffbf4351000 	C:\WINDOWS\System32\combase.dll
0x00007ffbf4620000 - 0x00007ffbf46f7000 	C:\WINDOWS\System32\OLEAUT32.dll
0x00007ffbd1790000 - 0x00007ffbd17c2000 	C:\WINDOWS\SYSTEM32\dbgcore.DLL
0x00007ffbf30b0000 - 0x00007ffbf312b000 	C:\WINDOWS\System32\bcryptPrimitives.dll
0x00007ffbef4c0000 - 0x00007ffbef4cf000 	c:\Users\Jared Arias\.vscode\extensions\redhat.java-1.39.0-win32-x64\jre\21.0.5-win32-x86_64\bin\instrument.dll
0x00007ffb86480000 - 0x00007ffb8649f000 	c:\Users\Jared Arias\.vscode\extensions\redhat.java-1.39.0-win32-x64\jre\21.0.5-win32-x86_64\bin\java.dll
0x00007ffbf4780000 - 0x00007ffbf4ff9000 	C:\WINDOWS\System32\SHELL32.dll
0x00007ffbf0d30000 - 0x00007ffbf1639000 	C:\WINDOWS\SYSTEM32\windows.storage.dll
0x00007ffbf0bf0000 - 0x00007ffbf0d2f000 	C:\WINDOWS\SYSTEM32\wintypes.dll
0x00007ffbf3930000 - 0x00007ffbf3a2a000 	C:\WINDOWS\System32\SHCORE.dll
0x00007ffbf5850000 - 0x00007ffbf58ae000 	C:\WINDOWS\System32\shlwapi.dll
0x00007ffbf2d20000 - 0x00007ffbf2d4b000 	C:\WINDOWS\SYSTEM32\profapi.dll
0x00007ffb86460000 - 0x00007ffb86478000 	c:\Users\Jared Arias\.vscode\extensions\redhat.java-1.39.0-win32-x64\jre\21.0.5-win32-x86_64\bin\zip.dll
0x00007ffb86450000 - 0x00007ffb86460000 	C:\Users\Jared Arias\.vscode\extensions\redhat.java-1.39.0-win32-x64\jre\21.0.5-win32-x86_64\bin\net.dll
0x00007ffbec720000 - 0x00007ffbec856000 	C:\WINDOWS\SYSTEM32\WINHTTP.dll
0x00007ffbf22b0000 - 0x00007ffbf2319000 	C:\WINDOWS\system32\mswsock.dll
0x00007ffb86430000 - 0x00007ffb86446000 	C:\Users\Jared Arias\.vscode\extensions\redhat.java-1.39.0-win32-x64\jre\21.0.5-win32-x86_64\bin\nio.dll
0x00007ffb86420000 - 0x00007ffb86430000 	c:\Users\Jared Arias\.vscode\extensions\redhat.java-1.39.0-win32-x64\jre\21.0.5-win32-x86_64\bin\verify.dll
0x00007ffbbbd40000 - 0x00007ffbbbd85000 	C:\Users\Jared Arias\AppData\Roaming\Code\User\globalStorage\redhat.java\1.39.0\config_ss_win\org.eclipse.equinox.launcher\org.eclipse.equinox.launcher.win32.win32.x86_64_1.2.1100.v20240722-2106\eclipse_11904.dll
0x00007ffbf58c0000 - 0x00007ffbf5a65000 	C:\WINDOWS\System32\ole32.dll
0x00007ffbf2500000 - 0x00007ffbf251b000 	C:\WINDOWS\SYSTEM32\CRYPTSP.dll
0x00007ffbf1d90000 - 0x00007ffbf1dc5000 	C:\WINDOWS\system32\rsaenh.dll
0x00007ffbf23a0000 - 0x00007ffbf23c8000 	C:\WINDOWS\SYSTEM32\USERENV.dll
0x00007ffbf2520000 - 0x00007ffbf252c000 	C:\WINDOWS\SYSTEM32\CRYPTBASE.dll
0x00007ffbf18e0000 - 0x00007ffbf190d000 	C:\WINDOWS\SYSTEM32\IPHLPAPI.DLL
0x00007ffbf44d0000 - 0x00007ffbf44d9000 	C:\WINDOWS\System32\NSI.dll
0x00007ffbd8800000 - 0x00007ffbd8849000 	C:\Users\Jared Arias\AppData\Local\Temp\jna--2137832284\jna2971466223055452774.dll
0x00007ffbf58b0000 - 0x00007ffbf58b8000 	C:\WINDOWS\System32\PSAPI.DLL

dbghelp: loaded successfully - version: 4.0.5 - missing functions: none
symbol engine: initialized successfully - sym options: 0x614 - pdb path: .;c:\Users\Jared Arias\.vscode\extensions\redhat.java-1.39.0-win32-x64\jre\21.0.5-win32-x86_64\bin;C:\WINDOWS\SYSTEM32;C:\WINDOWS\WinSxS\amd64_microsoft.windows.common-controls_6595b64144ccf1df_6.0.22621.4541_none_2710d1c57384c085;c:\Users\Jared Arias\.vscode\extensions\redhat.java-1.39.0-win32-x64\jre\21.0.5-win32-x86_64\bin\server;C:\Users\Jared Arias\AppData\Roaming\Code\User\globalStorage\redhat.java\1.39.0\config_ss_win\org.eclipse.equinox.launcher\org.eclipse.equinox.launcher.win32.win32.x86_64_1.2.1100.v20240722-2106;C:\Users\Jared Arias\AppData\Local\Temp\jna--2137832284

VM Arguments:
jvm_args: --add-modules=ALL-SYSTEM --add-opens=java.base/java.util=ALL-UNNAMED --add-opens=java.base/java.lang=ALL-UNNAMED --add-opens=java.base/sun.nio.fs=ALL-UNNAMED -Declipse.application=org.eclipse.jdt.ls.core.id1 -Dosgi.bundles.defaultStartLevel=4 -Declipse.product=org.eclipse.jdt.ls.core.product -Djava.import.generatesMetadataFilesAtProjectRoot=false -DDetectVMInstallationsJob.disabled=true -Dfile.encoding=utf8 -XX:+UseParallelGC -XX:GCTimeRatio=4 -XX:AdaptiveSizePolicyWeight=90 -Dsun.zip.disableMemoryMapping=true -Xmx1G -Xms100m -Xlog:disable -javaagent:c:\Users\Jared Arias\.vscode\extensions\redhat.java-1.39.0-win32-x64\lombok\lombok-1.18.34.jar 
java_command: c:\Users\Jared Arias\.vscode\extensions\redhat.java-1.39.0-win32-x64\server\plugins\org.eclipse.equinox.launcher_1.6.900.v20240613-2009.jar -configuration c:\Users\Jared Arias\AppData\Roaming\Code\User\globalStorage\redhat.java\1.39.0\config_ss_win -data c:\Users\Jared Arias\AppData\Roaming\Code\User\workspaceStorage\96e26c5a8c5fd470c5a188db8a77b4dc\redhat.java\ss_ws --pipe=\\.\pipe\lsp-b476058ac4bbaf19d722ab71db5223ab-sock
java_class_path (initial): c:\Users\Jared Arias\.vscode\extensions\redhat.java-1.39.0-win32-x64\server\plugins\org.eclipse.equinox.launcher_1.6.900.v20240613-2009.jar
Launcher Type: SUN_STANDARD

[Global flags]
    uintx AdaptiveSizePolicyWeight                 = 90                                        {product} {command line}
     intx CICompilerCount                          = 3                                         {product} {ergonomic}
    uintx GCTimeRatio                              = 4                                         {product} {command line}
   size_t InitialHeapSize                          = 104857600                                 {product} {command line}
   size_t MaxHeapSize                              = 1073741824                                {product} {command line}
   size_t MaxNewSize                               = 357564416                                 {product} {ergonomic}
   size_t MinHeapDeltaBytes                        = 524288                                    {product} {ergonomic}
   size_t MinHeapSize                              = 104857600                                 {product} {command line}
   size_t NewSize                                  = 34603008                                  {product} {ergonomic}
    uintx NonNMethodCodeHeapSize                   = 5832780                                {pd product} {ergonomic}
    uintx NonProfiledCodeHeapSize                  = 122912730                              {pd product} {ergonomic}
   size_t OldSize                                  = 70254592                                  {product} {ergonomic}
    uintx ProfiledCodeHeapSize                     = 122912730                              {pd product} {ergonomic}
    uintx ReservedCodeCacheSize                    = 251658240                              {pd product} {ergonomic}
     bool SegmentedCodeCache                       = true                                      {product} {ergonomic}
   size_t SoftMaxHeapSize                          = 1073741824                             {manageable} {ergonomic}
     bool UseCompressedOops                        = true                           {product lp64_product} {ergonomic}
     bool UseLargePagesIndividualAllocation        = false                                  {pd product} {ergonomic}
     bool UseParallelGC                            = true                                      {product} {command line}

Logging:
Log output configuration:
 #0: stdout all=off uptime,level,tags foldmultilines=false
 #1: stderr all=off uptime,level,tags foldmultilines=false

Environment Variables:
JAVA_HOME="C:\dev\jdk-11.0.23_windows-x64_bin.exe"
PATH=C:\Program Files\Common Files\Oracle\Java\javapath;C:\WINDOWS\system32;C:\WINDOWS;C:\WINDOWS\System32\Wbem;C:\WINDOWS\System32\WindowsPowerShell\v1.0\;C:\WINDOWS\System32\OpenSSH\;C:\dev\flutter\bin;C:\dart-sdk\bin;C:\Program Files\Git\cmd;C:\dev\java-1.8.0-openjdk-1.8.0.422-1.b05.redhat.windows.x86_64\bin;C:\Program Files\nodejs\;C:\Program Files (x86)\Windows Kits\10\Windows Performance Toolkit\;C:\ProgramData\chocolatey\bin;C:\Program Files\MongoDB\Server\8.0\bin;C:\Program Files\MongoDB\mongosh-2.3.7-win32-x64\bin;C:\Users\Jared Arias\AppData\Local\Microsoft\WindowsApps;C:\Users\Jared Arias\AppData\Local\Programs\Microsoft VS Code\bin;C:\dev\flutter\bin;C:\dart-sdk\bin;C:\dev\java-1.8.0-openjdk-1.8.0.422-1.b05.redhat.windows.x86_64\bin;C:\Users\Jared Arias\AppData\Roaming\npm;C:\Users\Jared Arias\AppData\Local\Microsoft\WinGet\Packages\Schniz.fnm_Microsoft.Winget.Source_8wekyb3d8bbwe;C:\Program Files (x86)\MongoDB Atlas CLI\
USERNAME=Jared Arias
OS=Windows_NT
PROCESSOR_IDENTIFIER=Intel64 Family 6 Model 122 Stepping 8, GenuineIntel
TMP=C:\Users\JAREDA~1\AppData\Local\Temp
TEMP=C:\Users\JAREDA~1\AppData\Local\Temp




Periodic native trim disabled

---------------  S Y S T E M  ---------------

OS:
 Windows 11 , 64 bit Build 22621 (10.0.22621.4391)
OS uptime: 0 days 8:36 hours

CPU: total 4 (initial active 4) (4 cores per cpu, 1 threads per core) family 6 model 122 stepping 8 microcode 0x20, cx8, cmov, fxsr, mmx, 3dnowpref, sse, sse2, sse3, ssse3, sse4.1, sse4.2, popcnt, tsc, tscinvbit, aes, erms, clmul, sha, clflush, clflushopt, rdtscp, rdpid
Processor Information for all 4 processors :
  Max Mhz: 1101, Current Mhz: 1101, Mhz Limit: 1101

Memory: 4k page, system-wide physical 3858M (316M free)
TotalPageFile size 15634M (AvailPageFile size 6M)
current process WorkingSet (physical memory assigned to process): 138M, peak: 138M
current process commit charge ("private bytes"): 231M, peak: 233M

vm_info: OpenJDK 64-Bit Server VM (21.0.5+11-LTS) for windows-amd64 JRE (21.0.5+11-LTS), built on 2024-10-15T00:00:00Z by "admin" with MS VC++ 17.7 (VS2022)

END.
