#
# There is insufficient memory for the Java Runtime Environment to continue.
# Native memory allocation (malloc) failed to allocate 32784 bytes. Error detail: Chunk::new
# Possible reasons:
#   The system is out of physical RAM or swap space
#   This process is running with CompressedOops enabled, and the Java Heap may be blocking the growth of the native heap
# Possible solutions:
#   Reduce memory load on the system
#   Increase physical memory or swap space
#   Check if swap backing store is full
#   Decrease Java heap size (-Xmx/-Xms)
#   Decrease number of Java threads
#   Decrease Java thread stack sizes (-Xss)
#   Set larger code cache with -XX:ReservedCodeCacheSize=
#   JVM is running with Unscaled Compressed Oops mode in which the Java heap is
#     placed in the first 4GB address space. The Java Heap base address is the
#     maximum limit for the native heap growth. Please use -XX:HeapBaseMinAddress
#     to set the Java Heap base and to place the Java Heap above 4GB virtual address.
# This output file may be truncated or incomplete.
#
#  Out of Memory Error (arena.cpp:168), pid=18124, tid=12608
#
# JRE version: OpenJDK Runtime Environment Temurin-21.0.5+11 (21.0.5+11) (build 21.0.5+11-LTS)
# Java VM: OpenJDK 64-Bit Server VM Temurin-21.0.5+11 (21.0.5+11-LTS, mixed mode, sharing, tiered, compressed oops, compressed class ptrs, parallel gc, windows-amd64)
# No core dump will be written. Minidumps are not enabled by default on client versions of Windows
#

---------------  S U M M A R Y ------------

Command Line: --add-modules=ALL-SYSTEM --add-opens=java.base/java.util=ALL-UNNAMED --add-opens=java.base/java.lang=ALL-UNNAMED --add-opens=java.base/sun.nio.fs=ALL-UNNAMED -Declipse.application=org.eclipse.jdt.ls.core.id1 -Dosgi.bundles.defaultStartLevel=4 -Declipse.product=org.eclipse.jdt.ls.core.product -Djava.import.generatesMetadataFilesAtProjectRoot=false -DDetectVMInstallationsJob.disabled=true -Dfile.encoding=utf8 -XX:+UseParallelGC -XX:GCTimeRatio=4 -XX:AdaptiveSizePolicyWeight=90 -Dsun.zip.disableMemoryMapping=true -Xmx1G -Xms100m -Xlog:disable -javaagent:c:\Users\Jared Arias\.vscode\extensions\redhat.java-1.39.0-win32-x64\lombok\lombok-1.18.34.jar -XX:+HeapDumpOnOutOfMemoryError -XX:HeapDumpPath=c:\Users\Jared Arias\AppData\Roaming\Code\User\workspaceStorage\96e26c5a8c5fd470c5a188db8a77b4dc\redhat.java -Daether.dependencyCollector.impl=bf c:\Users\Jared Arias\.vscode\extensions\redhat.java-1.39.0-win32-x64\server\plugins\org.eclipse.equinox.launcher_1.6.900.v20240613-2009.jar -configuration c:\Users\Jared Arias\AppData\Roaming\Code\User\globalStorage\redhat.java\1.39.0\config_win -data c:\Users\Jared Arias\AppData\Roaming\Code\User\workspaceStorage\96e26c5a8c5fd470c5a188db8a77b4dc\redhat.java\jdt_ws --pipe=\\.\pipe\lsp-800c3f0634c51cd992e84e6b6152f456-sock

Host: Intel(R) Celeron(R) N4120 CPU @ 1.10GHz, 4 cores, 3G,  Windows 11 , 64 bit Build 22621 (10.0.22621.4391)
Time: Thu Feb  6 11:15:18 2025 Hora est. Pacífico, Sudamérica elapsed time: 3.563478 seconds (0d 0h 0m 3s)

---------------  T H R E A D  ---------------

Current thread (0x00000289751e8440):  JavaThread "C2 CompilerThread0" daemon [_thread_in_native, id=12608, stack(0x000000e54ea00000,0x000000e54eb00000) (1024K)]


Current CompileTask:
C2:3563  745       4       lombok.patcher.PatchScript::classMatches (41 bytes)

Stack: [0x000000e54ea00000,0x000000e54eb00000]
Native frames: (J=compiled Java code, j=interpreted, Vv=VM code, C=native code)
V  [jvm.dll+0x6cd4e9]
V  [jvm.dll+0x8a7941]
V  [jvm.dll+0x8a9e6e]
V  [jvm.dll+0x8aa543]
V  [jvm.dll+0x27f6d6]
V  [jvm.dll+0xc500d]
V  [jvm.dll+0xc5543]
V  [jvm.dll+0xc5135]
V  [jvm.dll+0x6a935c]
V  [jvm.dll+0x608a77]
V  [jvm.dll+0x604e6b]
V  [jvm.dll+0x5edbe9]
V  [jvm.dll+0x5f01c5]
V  [jvm.dll+0x5efc5d]
V  [jvm.dll+0x5efb40]
V  [jvm.dll+0x5f6fc4]
V  [jvm.dll+0x250b82]
V  [jvm.dll+0x24963f]
V  [jvm.dll+0x246ea4]
V  [jvm.dll+0x1c75ce]
V  [jvm.dll+0x25682a]
V  [jvm.dll+0x254dca]
V  [jvm.dll+0x3f00d6]
V  [jvm.dll+0x8514fb]
V  [jvm.dll+0x6cbbed]
C  [ucrtbase.dll+0x29333]
C  [KERNEL32.DLL+0x1259d]
C  [ntdll.dll+0x5af38]


---------------  P R O C E S S  ---------------

Threads class SMR info:
_java_thread_list=0x000002897a3a5c40, length=11, elements={
0x0000028960d55030, 0x0000028960e0d040, 0x0000028960e0e870, 0x00000289751e3410,
0x00000289751e4060, 0x00000289751e6bc0, 0x00000289751e7610, 0x00000289751e8440,
0x0000028975258c00, 0x000002897a13c2a0, 0x000002897a3a3640
}

Java Threads: ( => current thread )
  0x0000028960d55030 JavaThread "main"                              [_thread_in_native, id=3600, stack(0x000000e54e000000,0x000000e54e100000) (1024K)]
  0x0000028960e0d040 JavaThread "Reference Handler"          daemon [_thread_blocked, id=13584, stack(0x000000e54e400000,0x000000e54e500000) (1024K)]
  0x0000028960e0e870 JavaThread "Finalizer"                  daemon [_thread_blocked, id=10076, stack(0x000000e54e500000,0x000000e54e600000) (1024K)]
  0x00000289751e3410 JavaThread "Signal Dispatcher"          daemon [_thread_blocked, id=17980, stack(0x000000e54e600000,0x000000e54e700000) (1024K)]
  0x00000289751e4060 JavaThread "Attach Listener"            daemon [_thread_blocked, id=14680, stack(0x000000e54e700000,0x000000e54e800000) (1024K)]
  0x00000289751e6bc0 JavaThread "Service Thread"             daemon [_thread_blocked, id=6572, stack(0x000000e54e800000,0x000000e54e900000) (1024K)]
  0x00000289751e7610 JavaThread "Monitor Deflation Thread"   daemon [_thread_blocked, id=16780, stack(0x000000e54e900000,0x000000e54ea00000) (1024K)]
=>0x00000289751e8440 JavaThread "C2 CompilerThread0"         daemon [_thread_in_native, id=12608, stack(0x000000e54ea00000,0x000000e54eb00000) (1024K)]
  0x0000028975258c00 JavaThread "C1 CompilerThread0"         daemon [_thread_blocked, id=3012, stack(0x000000e54eb00000,0x000000e54ec00000) (1024K)]
  0x000002897a13c2a0 JavaThread "Common-Cleaner"             daemon [_thread_blocked, id=15532, stack(0x000000e54ec00000,0x000000e54ed00000) (1024K)]
  0x000002897a3a3640 JavaThread "Notification Thread"        daemon [_thread_blocked, id=8644, stack(0x000000e54ed00000,0x000000e54ee00000) (1024K)]
Total: 11

Other Threads:
  0x0000028960df1de0 VMThread "VM Thread"                           [id=8828, stack(0x000000e54e300000,0x000000e54e400000) (1024K)]
  0x000002897517cb00 WatcherThread "VM Periodic Task Thread"        [id=12112, stack(0x000000e54e200000,0x000000e54e300000) (1024K)]
  0x0000028960d72f80 WorkerThread "GC Thread#0"                     [id=14660, stack(0x000000e54e100000,0x000000e54e200000) (1024K)]
Total: 3

Threads with active compile tasks:
C2 CompilerThread0  3632  745       4       lombok.patcher.PatchScript::classMatches (41 bytes)
Total: 1

VM state: not at safepoint (normal execution)

VM Mutex/Monitor currently owned by a thread: None

Heap address: 0x00000000c0000000, size: 1024 MB, Compressed Oops mode: 32-bit

CDS archive(s) mapped at: [0x0000028900000000-0x0000028900ba0000-0x0000028900ba0000), size 12189696, SharedBaseAddress: 0x0000028900000000, ArchiveRelocationMode: 1.
Compressed class space mapped at: 0x0000028901000000-0x0000028941000000, reserved size: 1073741824
Narrow klass base: 0x0000028900000000, Narrow klass shift: 0, Narrow klass range: 0x100000000

GC Precious Log:
 CardTable entry size: 512
 CPUs: 4 total, 4 available
 Memory: 3858M
 Large Page Support: Disabled
 NUMA Support: Disabled
 Compressed Oops: Enabled (32-bit)
 Alignments: Space 512K, Generation 512K, Heap 2M
 Heap Min Capacity: 100M
 Heap Initial Capacity: 100M
 Heap Max Capacity: 1G
 Pre-touch: Disabled
 Parallel Workers: 4

Heap:
 PSYoungGen      total 29696K, used 15666K [0x00000000eab00000, 0x00000000ecc00000, 0x0000000100000000)
  eden space 25600K, 61% used [0x00000000eab00000,0x00000000eba4c9c8,0x00000000ec400000)
  from space 4096K, 0% used [0x00000000ec800000,0x00000000ec800000,0x00000000ecc00000)
  to   space 4096K, 0% used [0x00000000ec400000,0x00000000ec400000,0x00000000ec800000)
 ParOldGen       total 68608K, used 0K [0x00000000c0000000, 0x00000000c4300000, 0x00000000eab00000)
  object space 68608K, 0% used [0x00000000c0000000,0x00000000c0000000,0x00000000c4300000)
 Metaspace       used 3090K, committed 3264K, reserved 1114112K
  class space    used 306K, committed 384K, reserved 1048576K

Card table byte_map: [0x0000028960720000,0x0000028960930000] _byte_map_base: 0x0000028960120000

Marking Bits: (ParMarkBitMap*) 0x00007ffb735f2250
 Begin Bits: [0x00000289730a0000, 0x00000289740a0000)
 End Bits:   [0x00000289740a0000, 0x00000289750a0000)

Polling page: 0x0000028960510000

Metaspace:

Usage:
  Non-class:      2.72 MB used.
      Class:    306.19 KB used.
       Both:      3.02 MB used.

Virtual space:
  Non-class space:       64.00 MB reserved,       2.81 MB (  4%) committed,  1 nodes.
      Class space:        1.00 GB reserved,     384.00 KB ( <1%) committed,  1 nodes.
             Both:        1.06 GB reserved,       3.19 MB ( <1%) committed. 

Chunk freelists:
   Non-Class:  11.58 MB
       Class:  15.66 MB
        Both:  27.24 MB

MaxMetaspaceSize: unlimited
CompressedClassSpaceSize: 1.00 GB
Initial GC threshold: 21.00 MB
Current GC threshold: 21.00 MB
CDS: on
 - commit_granule_bytes: 65536.
 - commit_granule_words: 8192.
 - virtual_space_node_default_size: 8388608.
 - enlarge_chunks_in_place: 1.
 - use_allocation_guard: 0.


Internal statistics:

num_allocs_failed_limit: 0.
num_arena_births: 82.
num_arena_deaths: 0.
num_vsnodes_births: 2.
num_vsnodes_deaths: 0.
num_space_committed: 51.
num_space_uncommitted: 0.
num_chunks_returned_to_freelist: 0.
num_chunks_taken_from_freelist: 109.
num_chunk_merges: 0.
num_chunk_splits: 74.
num_chunks_enlarged: 48.
num_inconsistent_stats: 0.

CodeHeap 'non-profiled nmethods': size=120000Kb used=287Kb max_used=287Kb free=119712Kb
 bounds [0x000002896bb70000, 0x000002896bde0000, 0x00000289730a0000]
CodeHeap 'profiled nmethods': size=120000Kb used=1255Kb max_used=1255Kb free=118744Kb
 bounds [0x00000289640a0000, 0x0000028964310000, 0x000002896b5d0000]
CodeHeap 'non-nmethods': size=5760Kb used=1181Kb max_used=1194Kb free=4578Kb
 bounds [0x000002896b5d0000, 0x000002896b840000, 0x000002896bb70000]
 total_blobs=1221 nmethods=779 adapters=350
 compilation: enabled
              stopped_count=0, restarted_count=0
 full_count=0

Compilation events (20 events):
Event: 3.481 Thread 0x0000028975258c00  752       1       java.security.Provider$Service::getProvider (5 bytes)
Event: 3.482 Thread 0x0000028975258c00 nmethod 752 0x000002896bbb6590 code [0x000002896bbb6720, 0x000002896bbb67e8]
Event: 3.482 Thread 0x0000028975258c00  753       1       java.security.Provider$Service::getClassName (5 bytes)
Event: 3.482 Thread 0x0000028975258c00 nmethod 753 0x000002896bbb6890 code [0x000002896bbb6a20, 0x000002896bbb6ae8]
Event: 3.490 Thread 0x0000028975258c00  756       3       sun.security.provider.SHA2::implCompress0 (448 bytes)
Event: 3.492 Thread 0x0000028975258c00 nmethod 756 0x00000289641c0010 code [0x00000289641c0260, 0x00000289641c0e10]
Event: 3.493 Thread 0x0000028975258c00  757       3       sun.security.provider.ByteArrayAccess::b2iBig64 (231 bytes)
Event: 3.504 Thread 0x0000028975258c00 nmethod 757 0x00000289641c1510 code [0x00000289641c1d60, 0x00000289641c68f0]
Event: 3.504 Thread 0x0000028975258c00  758       3       sun.security.provider.SHA2::implCompress (13 bytes)
Event: 3.505 Thread 0x0000028975258c00 nmethod 758 0x00000289641c7d90 code [0x00000289641c7f80, 0x00000289641c83b8]
Event: 3.505 Thread 0x0000028975258c00  759       3       sun.security.provider.SHA2::implCompressCheck (18 bytes)
Event: 3.506 Thread 0x0000028975258c00 nmethod 759 0x00000289641c8610 code [0x00000289641c87e0, 0x00000289641c8b70]
Event: 3.533 Thread 0x0000028975258c00  762       3       java.lang.ClassLoader::findLoadedClass (15 bytes)
Event: 3.533 Thread 0x0000028975258c00 nmethod 762 0x00000289641c8d10 code [0x00000289641c8ee0, 0x00000289641c90c8]
Event: 3.549 Thread 0x0000028975258c00  764       3       java.util.ImmutableCollections$ListN::get (7 bytes)
Event: 3.549 Thread 0x0000028975258c00 nmethod 764 0x00000289641c9190 code [0x00000289641c9320, 0x00000289641c9458]
Event: 3.549 Thread 0x0000028975258c00  765       1       java.lang.Module::getDescriptor (5 bytes)
Event: 3.549 Thread 0x0000028975258c00 nmethod 765 0x000002896bbb7490 code [0x000002896bbb7620, 0x000002896bbb76e8]
Event: 3.549 Thread 0x0000028975258c00  766       3       java.util.ImmutableCollections$List12::get (35 bytes)
Event: 3.549 Thread 0x0000028975258c00 nmethod 766 0x00000289641c9510 code [0x00000289641c96c0, 0x00000289641c9958]

GC Heap History (0 events):
No events

Dll operation events (8 events):
Event: 0.075 Loaded shared library c:\Users\Jared Arias\.vscode\extensions\redhat.java-1.39.0-win32-x64\jre\21.0.5-win32-x86_64\bin\java.dll
Event: 0.663 Loaded shared library c:\Users\Jared Arias\.vscode\extensions\redhat.java-1.39.0-win32-x64\jre\21.0.5-win32-x86_64\bin\zip.dll
Event: 0.900 Loaded shared library C:\Users\Jared Arias\.vscode\extensions\redhat.java-1.39.0-win32-x64\jre\21.0.5-win32-x86_64\bin\instrument.dll
Event: 0.916 Loaded shared library C:\Users\Jared Arias\.vscode\extensions\redhat.java-1.39.0-win32-x64\jre\21.0.5-win32-x86_64\bin\net.dll
Event: 0.926 Loaded shared library C:\Users\Jared Arias\.vscode\extensions\redhat.java-1.39.0-win32-x64\jre\21.0.5-win32-x86_64\bin\nio.dll
Event: 0.961 Loaded shared library C:\Users\Jared Arias\.vscode\extensions\redhat.java-1.39.0-win32-x64\jre\21.0.5-win32-x86_64\bin\zip.dll
Event: 1.190 Loaded shared library C:\Users\Jared Arias\.vscode\extensions\redhat.java-1.39.0-win32-x64\jre\21.0.5-win32-x86_64\bin\jimage.dll
Event: 1.980 Loaded shared library c:\Users\Jared Arias\.vscode\extensions\redhat.java-1.39.0-win32-x64\jre\21.0.5-win32-x86_64\bin\verify.dll

Deoptimization events (20 events):
Event: 2.984 Thread 0x0000028960d55030 Uncommon trap: trap_request=0xffffff45 fr.pc=0x000002896bb92bd0 relative=0x00000000000000b0
Event: 2.984 Thread 0x0000028960d55030 Uncommon trap: reason=unstable_if action=reinterpret pc=0x000002896bb92bd0 method=java.net.URI.match(CJJ)Z @ 45 c2
Event: 2.984 Thread 0x0000028960d55030 DEOPT PACKING pc=0x000002896bb92bd0 sp=0x000000e54e0fcd50
Event: 2.984 Thread 0x0000028960d55030 DEOPT UNPACKING pc=0x000002896b623a9c sp=0x000000e54e0fccb8 mode 2
Event: 3.345 Thread 0x0000028960d55030 Uncommon trap: trap_request=0xffffff45 fr.pc=0x000002896bb92840 relative=0x00000000000001a0
Event: 3.345 Thread 0x0000028960d55030 Uncommon trap: reason=unstable_if action=reinterpret pc=0x000002896bb92840 method=java.lang.StringUTF16.compress([CI[BII)I @ 20 c2
Event: 3.345 Thread 0x0000028960d55030 DEOPT PACKING pc=0x000002896bb92840 sp=0x000000e54e0fb7c0
Event: 3.345 Thread 0x0000028960d55030 DEOPT UNPACKING pc=0x000002896b623a9c sp=0x000000e54e0fb730 mode 2
Event: 3.387 Thread 0x0000028960d55030 DEOPT PACKING pc=0x00000289641a9304 sp=0x000000e54e0fd3d0
Event: 3.387 Thread 0x0000028960d55030 DEOPT UNPACKING pc=0x000002896b624223 sp=0x000000e54e0fc828 mode 0
Event: 3.388 Thread 0x0000028960d55030 DEOPT PACKING pc=0x00000289641a9304 sp=0x000000e54e0fd350
Event: 3.388 Thread 0x0000028960d55030 DEOPT UNPACKING pc=0x000002896b624223 sp=0x000000e54e0fc7a8 mode 0
Event: 3.389 Thread 0x0000028960d55030 DEOPT PACKING pc=0x00000289641a9304 sp=0x000000e54e0fd3d0
Event: 3.389 Thread 0x0000028960d55030 DEOPT UNPACKING pc=0x000002896b624223 sp=0x000000e54e0fc828 mode 0
Event: 3.389 Thread 0x0000028960d55030 DEOPT PACKING pc=0x00000289641a9304 sp=0x000000e54e0fd3d0
Event: 3.389 Thread 0x0000028960d55030 DEOPT UNPACKING pc=0x000002896b624223 sp=0x000000e54e0fc828 mode 0
Event: 3.394 Thread 0x0000028960d55030 Uncommon trap: trap_request=0xffffff6e fr.pc=0x000002896bbb2eb0 relative=0x0000000000000190
Event: 3.394 Thread 0x0000028960d55030 Uncommon trap: reason=loop_limit_check action=maybe_recompile pc=0x000002896bbb2eb0 method=java.math.BigInteger.implMulAdd([I[IIII)I @ 26 c2
Event: 3.394 Thread 0x0000028960d55030 DEOPT PACKING pc=0x000002896bbb2eb0 sp=0x000000e54e0fd360
Event: 3.394 Thread 0x0000028960d55030 DEOPT UNPACKING pc=0x000002896b623a9c sp=0x000000e54e0fd2b0 mode 2

Classes loaded (20 events):
Event: 3.525 Loading class java/lang/NumberFormatException
Event: 3.525 Loading class java/lang/NumberFormatException done
Event: 3.526 Loading class java/lang/SecurityException
Event: 3.526 Loading class java/lang/SecurityException done
Event: 3.529 Loading class java/security/Policy
Event: 3.530 Loading class java/security/Policy done
Event: 3.533 Loading class java/nio/file/attribute/PosixFilePermissions
Event: 3.533 Loading class java/nio/file/attribute/PosixFilePermissions done
Event: 3.533 Loading class java/nio/file/attribute/PosixFilePermission
Event: 3.534 Loading class java/nio/file/attribute/PosixFilePermission done
Event: 3.535 Loading class java/lang/Thread$ThreadNumbering
Event: 3.535 Loading class java/lang/Thread$ThreadNumbering done
Event: 3.537 Loading class java/net/URL$ThreadTrackHolder
Event: 3.537 Loading class java/net/URL$ThreadTrackHolder done
Event: 3.537 Loading class java/net/URL$2
Event: 3.537 Loading class java/net/URL$2 done
Event: 3.537 Loading class java/net/URL$1
Event: 3.538 Loading class java/net/URL$1 done
Event: 3.538 Loading class java/net/spi/URLStreamHandlerProvider
Event: 3.538 Loading class java/net/spi/URLStreamHandlerProvider done

Classes unloaded (0 events):
No events

Classes redefined (0 events):
No events

Internal exceptions (13 events):
Event: 0.647 Thread 0x0000028960d55030 Exception <a 'java/lang/NoSuchMethodError'{0x00000000ead2bbd8}: 'void java.lang.invoke.DirectMethodHandle$Holder.invokeStatic(java.lang.Object, java.lang.Object, java.lang.Object)'> (0x00000000ead2bbd8) 
thrown [s\src\hotspot\share\interpreter\linkResolver.cpp, line 773]
Event: 1.128 Thread 0x0000028960d55030 Exception <a 'java/lang/NoSuchMethodError'{0x00000000eae9a208}: 'java.lang.Object java.lang.invoke.Invokers$Holder.invokeExact_MT(java.lang.Object, java.lang.Object, java.lang.Object, java.lang.Object, java.lang.Object)'> (0x00000000eae9a208) 
thrown [s\src\hotspot\share\interpreter\linkResolver.cpp, line 773]
Event: 1.506 Thread 0x0000028960d55030 Exception <a 'java/lang/NoSuchMethodError'{0x00000000eaf55aa0}: 'int java.lang.invoke.DirectMethodHandle$Holder.invokeSpecial(java.lang.Object, java.lang.Object, java.lang.Object, int)'> (0x00000000eaf55aa0) 
thrown [s\src\hotspot\share\interpreter\linkResolver.cpp, line 773]
Event: 1.589 Thread 0x0000028960d55030 Exception <a 'java/lang/NoSuchMethodError'{0x00000000eaf68488}: 'java.lang.Object java.lang.invoke.DirectMethodHandle$Holder.invokeStatic(java.lang.Object, java.lang.Object, java.lang.Object, java.lang.Object, int)'> (0x00000000eaf68488) 
thrown [s\src\hotspot\share\interpreter\linkResolver.cpp, line 773]
Event: 1.631 Thread 0x0000028960d55030 Exception <a 'java/lang/NoSuchMethodError'{0x00000000eaf73930}: 'void java.lang.invoke.DelegatingMethodHandle$Holder.reinvoke_L(java.lang.Object, java.lang.Object, java.lang.Object, int, java.lang.Object)'> (0x00000000eaf73930) 
thrown [s\src\hotspot\share\interpreter\linkResolver.cpp, line 773]
Event: 1.676 Thread 0x0000028960d55030 Exception <a 'java/lang/NoSuchMethodError'{0x00000000eaf844d0}: 'int java.lang.invoke.DirectMethodHandle$Holder.invokeSpecial(java.lang.Object, java.lang.Object, java.lang.Object)'> (0x00000000eaf844d0) 
thrown [s\src\hotspot\share\interpreter\linkResolver.cpp, line 773]
Event: 1.684 Thread 0x0000028960d55030 Exception <a 'java/lang/NoSuchMethodError'{0x00000000eaf90190}: 'java.lang.Object java.lang.invoke.DirectMethodHandle$Holder.invokeStatic(java.lang.Object, java.lang.Object, int)'> (0x00000000eaf90190) 
thrown [s\src\hotspot\share\interpreter\linkResolver.cpp, line 773]
Event: 1.691 Thread 0x0000028960d55030 Exception <a 'java/lang/NoSuchMethodError'{0x00000000eaf94ae0}: 'void java.lang.invoke.DirectMethodHandle$Holder.invokeStatic(java.lang.Object, java.lang.Object, int, java.lang.Object)'> (0x00000000eaf94ae0) 
thrown [s\src\hotspot\share\interpreter\linkResolver.cpp, line 773]
Event: 1.693 Thread 0x0000028960d55030 Exception <a 'java/lang/NoSuchMethodError'{0x00000000eaf98670}: 'void java.lang.invoke.DirectMethodHandle$Holder.invokeSpecial(java.lang.Object, java.lang.Object, java.lang.Object, int, java.lang.Object)'> (0x00000000eaf98670) 
thrown [s\src\hotspot\share\interpreter\linkResolver.cpp, line 773]
Event: 1.696 Thread 0x0000028960d55030 Exception <a 'java/lang/NoSuchMethodError'{0x00000000eaf9bae0}: 'void java.lang.invoke.DelegatingMethodHandle$Holder.delegate(java.lang.Object, java.lang.Object, int, java.lang.Object)'> (0x00000000eaf9bae0) 
thrown [s\src\hotspot\share\interpreter\linkResolver.cpp, line 773]
Event: 2.150 Thread 0x0000028960d55030 Exception <a 'java/lang/NoSuchMethodError'{0x00000000eb164e10}: 'void java.lang.invoke.DelegatingMethodHandle$Holder.reinvoke_L(java.lang.Object, java.lang.Object, java.lang.Object, int)'> (0x00000000eb164e10) 
thrown [s\src\hotspot\share\interpreter\linkResolver.cpp, line 773]
Event: 2.817 Thread 0x0000028960d55030 Exception <a 'java/lang/NoSuchMethodError'{0x00000000eb5f6b48}: 'void java.lang.invoke.DirectMethodHandle$Holder.invokeVirtual(java.lang.Object, java.lang.Object)'> (0x00000000eb5f6b48) 
thrown [s\src\hotspot\share\interpreter\linkResolver.cpp, line 773]
Event: 3.555 Thread 0x0000028960d55030 Exception <a 'java/lang/ClassNotFoundException'{0x00000000eb9e8048}: sun/net/www/protocol/c/Handler> (0x00000000eb9e8048) 
thrown [s\src\hotspot\share\classfile\systemDictionary.cpp, line 312]

ZGC Phase Switch (0 events):
No events

VM Operations (14 events):
Event: 0.660 Executing VM operation: HandshakeAllThreads (Deoptimize)
Event: 0.660 Executing VM operation: HandshakeAllThreads (Deoptimize) done
Event: 1.311 Executing VM operation: HandshakeAllThreads (Deoptimize)
Event: 1.311 Executing VM operation: HandshakeAllThreads (Deoptimize) done
Event: 1.311 Executing VM operation: Cleanup
Event: 1.311 Executing VM operation: Cleanup done
Event: 2.324 Executing VM operation: Cleanup
Event: 2.340 Executing VM operation: Cleanup done
Event: 3.351 Executing VM operation: Cleanup
Event: 3.367 Executing VM operation: Cleanup done
Event: 3.433 Executing VM operation: HandshakeAllThreads (Deoptimize)
Event: 3.433 Executing VM operation: HandshakeAllThreads (Deoptimize) done
Event: 3.528 Executing VM operation: HandshakeAllThreads (Deoptimize)
Event: 3.529 Executing VM operation: HandshakeAllThreads (Deoptimize) done

Memory protections (0 events):
No events

Nmethod flushes (0 events):
No events

Events (11 events):
Event: 0.183 Thread 0x0000028960d55030 Thread added: 0x0000028960d55030
Event: 0.307 Thread 0x0000028960d55030 Thread added: 0x0000028960e0d040
Event: 0.308 Thread 0x0000028960d55030 Thread added: 0x0000028960e0e870
Event: 0.309 Thread 0x0000028960d55030 Thread added: 0x00000289751e3410
Event: 0.309 Thread 0x0000028960d55030 Thread added: 0x00000289751e4060
Event: 0.310 Thread 0x0000028960d55030 Thread added: 0x00000289751e6bc0
Event: 0.311 Thread 0x0000028960d55030 Thread added: 0x00000289751e7610
Event: 0.311 Thread 0x0000028960d55030 Thread added: 0x00000289751e8440
Event: 0.324 Thread 0x0000028960d55030 Thread added: 0x0000028975258c00
Event: 0.483 Thread 0x0000028960d55030 Thread added: 0x000002897a13c2a0
Event: 2.458 Thread 0x0000028960d55030 Thread added: 0x000002897a3a3640


Dynamic libraries:
0x00007ff788960000 - 0x00007ff78896e000 	c:\Users\Jared Arias\.vscode\extensions\redhat.java-1.39.0-win32-x64\jre\21.0.5-win32-x86_64\bin\java.exe
0x00007ffbf5b30000 - 0x00007ffbf5d47000 	C:\WINDOWS\SYSTEM32\ntdll.dll
0x00007ffbf44e0000 - 0x00007ffbf45a4000 	C:\WINDOWS\System32\KERNEL32.DLL
0x00007ffbf3130000 - 0x00007ffbf34ea000 	C:\WINDOWS\System32\KERNELBASE.dll
0x00007ffbf34f0000 - 0x00007ffbf3601000 	C:\WINDOWS\System32\ucrtbase.dll
0x00007ffbecb40000 - 0x00007ffbecb58000 	c:\Users\Jared Arias\.vscode\extensions\redhat.java-1.39.0-win32-x64\jre\21.0.5-win32-x86_64\bin\jli.dll
0x00007ffbf5220000 - 0x00007ffbf53ce000 	C:\WINDOWS\System32\USER32.dll
0x00007ffbf3750000 - 0x00007ffbf3776000 	C:\WINDOWS\System32\win32u.dll
0x00007ffbf3ee0000 - 0x00007ffbf3f09000 	C:\WINDOWS\System32\GDI32.dll
0x00007ffbf2df0000 - 0x00007ffbf2f0b000 	C:\WINDOWS\System32\gdi32full.dll
0x00007ffbf3780000 - 0x00007ffbf381a000 	C:\WINDOWS\System32\msvcp_win.dll
0x00007ffbecb20000 - 0x00007ffbecb3e000 	c:\Users\Jared Arias\.vscode\extensions\redhat.java-1.39.0-win32-x64\jre\21.0.5-win32-x86_64\bin\VCRUNTIME140.dll
0x00007ffbde570000 - 0x00007ffbde802000 	C:\WINDOWS\WinSxS\amd64_microsoft.windows.common-controls_6595b64144ccf1df_6.0.22621.4541_none_2710d1c57384c085\COMCTL32.dll
0x00007ffbf5170000 - 0x00007ffbf5217000 	C:\WINDOWS\System32\msvcrt.dll
0x00007ffbf3bd0000 - 0x00007ffbf3c01000 	C:\WINDOWS\System32\IMM32.DLL
0x00007ffbef4e0000 - 0x00007ffbef4ec000 	c:\Users\Jared Arias\.vscode\extensions\redhat.java-1.39.0-win32-x64\jre\21.0.5-win32-x86_64\bin\vcruntime140_1.dll
0x00007ffb864b0000 - 0x00007ffb8653d000 	c:\Users\Jared Arias\.vscode\extensions\redhat.java-1.39.0-win32-x64\jre\21.0.5-win32-x86_64\bin\msvcp140.dll
0x00007ffb72940000 - 0x00007ffb736cf000 	c:\Users\Jared Arias\.vscode\extensions\redhat.java-1.39.0-win32-x64\jre\21.0.5-win32-x86_64\bin\server\jvm.dll
0x00007ffbf3ae0000 - 0x00007ffbf3b92000 	C:\WINDOWS\System32\ADVAPI32.dll
0x00007ffbf3a30000 - 0x00007ffbf3ad7000 	C:\WINDOWS\System32\sechost.dll
0x00007ffbf3080000 - 0x00007ffbf30a8000 	C:\WINDOWS\System32\bcrypt.dll
0x00007ffbf5050000 - 0x00007ffbf5164000 	C:\WINDOWS\System32\RPCRT4.dll
0x00007ffbf5a70000 - 0x00007ffbf5ae1000 	C:\WINDOWS\System32\WS2_32.dll
0x00007ffbf2cc0000 - 0x00007ffbf2d0d000 	C:\WINDOWS\SYSTEM32\POWRPROF.dll
0x00007ffbeec50000 - 0x00007ffbeec84000 	C:\WINDOWS\SYSTEM32\WINMM.dll
0x00007ffbeea50000 - 0x00007ffbeea5a000 	C:\WINDOWS\SYSTEM32\VERSION.dll
0x00007ffbf2ca0000 - 0x00007ffbf2cb3000 	C:\WINDOWS\SYSTEM32\UMPDC.dll
0x00007ffbf1e30000 - 0x00007ffbf1e48000 	C:\WINDOWS\SYSTEM32\kernel.appcore.dll
0x00007ffb86620000 - 0x00007ffb8662a000 	c:\Users\Jared Arias\.vscode\extensions\redhat.java-1.39.0-win32-x64\jre\21.0.5-win32-x86_64\bin\jimage.dll
0x00007ffbf06a0000 - 0x00007ffbf08d2000 	C:\WINDOWS\SYSTEM32\DBGHELP.DLL
0x00007ffbf3fc0000 - 0x00007ffbf4351000 	C:\WINDOWS\System32\combase.dll
0x00007ffbf4620000 - 0x00007ffbf46f7000 	C:\WINDOWS\System32\OLEAUT32.dll
0x00007ffbd1790000 - 0x00007ffbd17c2000 	C:\WINDOWS\SYSTEM32\dbgcore.DLL
0x00007ffbf30b0000 - 0x00007ffbf312b000 	C:\WINDOWS\System32\bcryptPrimitives.dll
0x00007ffbef4c0000 - 0x00007ffbef4cf000 	c:\Users\Jared Arias\.vscode\extensions\redhat.java-1.39.0-win32-x64\jre\21.0.5-win32-x86_64\bin\instrument.dll
0x00007ffb86480000 - 0x00007ffb8649f000 	c:\Users\Jared Arias\.vscode\extensions\redhat.java-1.39.0-win32-x64\jre\21.0.5-win32-x86_64\bin\java.dll
0x00007ffbf4780000 - 0x00007ffbf4ff9000 	C:\WINDOWS\System32\SHELL32.dll
0x00007ffbf0d30000 - 0x00007ffbf1639000 	C:\WINDOWS\SYSTEM32\windows.storage.dll
0x00007ffbf0bf0000 - 0x00007ffbf0d2f000 	C:\WINDOWS\SYSTEM32\wintypes.dll
0x00007ffbf3930000 - 0x00007ffbf3a2a000 	C:\WINDOWS\System32\SHCORE.dll
0x00007ffbf5850000 - 0x00007ffbf58ae000 	C:\WINDOWS\System32\shlwapi.dll
0x00007ffbf2d20000 - 0x00007ffbf2d4b000 	C:\WINDOWS\SYSTEM32\profapi.dll
0x00007ffb86460000 - 0x00007ffb86478000 	c:\Users\Jared Arias\.vscode\extensions\redhat.java-1.39.0-win32-x64\jre\21.0.5-win32-x86_64\bin\zip.dll
0x00007ffb86450000 - 0x00007ffb86460000 	C:\Users\Jared Arias\.vscode\extensions\redhat.java-1.39.0-win32-x64\jre\21.0.5-win32-x86_64\bin\net.dll
0x00007ffbec720000 - 0x00007ffbec856000 	C:\WINDOWS\SYSTEM32\WINHTTP.dll
0x00007ffbf22b0000 - 0x00007ffbf2319000 	C:\WINDOWS\system32\mswsock.dll
0x00007ffb86430000 - 0x00007ffb86446000 	C:\Users\Jared Arias\.vscode\extensions\redhat.java-1.39.0-win32-x64\jre\21.0.5-win32-x86_64\bin\nio.dll
0x00007ffb86420000 - 0x00007ffb86430000 	c:\Users\Jared Arias\.vscode\extensions\redhat.java-1.39.0-win32-x64\jre\21.0.5-win32-x86_64\bin\verify.dll

dbghelp: loaded successfully - version: 4.0.5 - missing functions: none
symbol engine: initialized successfully - sym options: 0x614 - pdb path: .;c:\Users\Jared Arias\.vscode\extensions\redhat.java-1.39.0-win32-x64\jre\21.0.5-win32-x86_64\bin;C:\WINDOWS\SYSTEM32;C:\WINDOWS\WinSxS\amd64_microsoft.windows.common-controls_6595b64144ccf1df_6.0.22621.4541_none_2710d1c57384c085;c:\Users\Jared Arias\.vscode\extensions\redhat.java-1.39.0-win32-x64\jre\21.0.5-win32-x86_64\bin\server

VM Arguments:
jvm_args: --add-modules=ALL-SYSTEM --add-opens=java.base/java.util=ALL-UNNAMED --add-opens=java.base/java.lang=ALL-UNNAMED --add-opens=java.base/sun.nio.fs=ALL-UNNAMED -Declipse.application=org.eclipse.jdt.ls.core.id1 -Dosgi.bundles.defaultStartLevel=4 -Declipse.product=org.eclipse.jdt.ls.core.product -Djava.import.generatesMetadataFilesAtProjectRoot=false -DDetectVMInstallationsJob.disabled=true -Dfile.encoding=utf8 -XX:+UseParallelGC -XX:GCTimeRatio=4 -XX:AdaptiveSizePolicyWeight=90 -Dsun.zip.disableMemoryMapping=true -Xmx1G -Xms100m -Xlog:disable -javaagent:c:\Users\Jared Arias\.vscode\extensions\redhat.java-1.39.0-win32-x64\lombok\lombok-1.18.34.jar -XX:+HeapDumpOnOutOfMemoryError -XX:HeapDumpPath=c:\Users\Jared Arias\AppData\Roaming\Code\User\workspaceStorage\96e26c5a8c5fd470c5a188db8a77b4dc\redhat.java -Daether.dependencyCollector.impl=bf 
java_command: c:\Users\Jared Arias\.vscode\extensions\redhat.java-1.39.0-win32-x64\server\plugins\org.eclipse.equinox.launcher_1.6.900.v20240613-2009.jar -configuration c:\Users\Jared Arias\AppData\Roaming\Code\User\globalStorage\redhat.java\1.39.0\config_win -data c:\Users\Jared Arias\AppData\Roaming\Code\User\workspaceStorage\96e26c5a8c5fd470c5a188db8a77b4dc\redhat.java\jdt_ws --pipe=\\.\pipe\lsp-800c3f0634c51cd992e84e6b6152f456-sock
java_class_path (initial): c:\Users\Jared Arias\.vscode\extensions\redhat.java-1.39.0-win32-x64\server\plugins\org.eclipse.equinox.launcher_1.6.900.v20240613-2009.jar
Launcher Type: SUN_STANDARD

[Global flags]
    uintx AdaptiveSizePolicyWeight                 = 90                                        {product} {command line}
     intx CICompilerCount                          = 3                                         {product} {ergonomic}
    uintx GCTimeRatio                              = 4                                         {product} {command line}
     bool HeapDumpOnOutOfMemoryError               = true                                   {manageable} {command line}
    ccstr HeapDumpPath                             = c:\Users\Jared Arias\AppData\Roaming\Code\User\workspaceStorage\96e26c5a8c5fd470c5a188db8a77b4dc\redhat.java         {manageable} {command line}
   size_t InitialHeapSize                          = 104857600                                 {product} {command line}
   size_t MaxHeapSize                              = 1073741824                                {product} {command line}
   size_t MaxNewSize                               = 357564416                                 {product} {ergonomic}
   size_t MinHeapDeltaBytes                        = 524288                                    {product} {ergonomic}
   size_t MinHeapSize                              = 104857600                                 {product} {command line}
   size_t NewSize                                  = 34603008                                  {product} {ergonomic}
    uintx NonNMethodCodeHeapSize                   = 5832780                                {pd product} {ergonomic}
    uintx NonProfiledCodeHeapSize                  = 122912730                              {pd product} {ergonomic}
   size_t OldSize                                  = 70254592                                  {product} {ergonomic}
    uintx ProfiledCodeHeapSize                     = 122912730                              {pd product} {ergonomic}
    uintx ReservedCodeCacheSize                    = 251658240                              {pd product} {ergonomic}
     bool SegmentedCodeCache                       = true                                      {product} {ergonomic}
   size_t SoftMaxHeapSize                          = 1073741824                             {manageable} {ergonomic}
     bool UseCompressedOops                        = true                           {product lp64_product} {ergonomic}
     bool UseLargePagesIndividualAllocation        = false                                  {pd product} {ergonomic}
     bool UseParallelGC                            = true                                      {product} {command line}

Logging:
Log output configuration:
 #0: stdout all=off uptime,level,tags foldmultilines=false
 #1: stderr all=off uptime,level,tags foldmultilines=false

Environment Variables:
JAVA_HOME="C:\dev\jdk-11.0.23_windows-x64_bin.exe"
PATH=C:\Program Files\Common Files\Oracle\Java\javapath;C:\WINDOWS\system32;C:\WINDOWS;C:\WINDOWS\System32\Wbem;C:\WINDOWS\System32\WindowsPowerShell\v1.0\;C:\WINDOWS\System32\OpenSSH\;C:\dev\flutter\bin;C:\dart-sdk\bin;C:\Program Files\Git\cmd;C:\dev\java-1.8.0-openjdk-1.8.0.422-1.b05.redhat.windows.x86_64\bin;C:\Program Files\nodejs\;C:\Program Files (x86)\Windows Kits\10\Windows Performance Toolkit\;C:\ProgramData\chocolatey\bin;C:\Program Files\MongoDB\Server\8.0\bin;C:\Program Files\MongoDB\mongosh-2.3.7-win32-x64\bin;C:\Users\Jared Arias\AppData\Local\Microsoft\WindowsApps;C:\Users\Jared Arias\AppData\Local\Programs\Microsoft VS Code\bin;C:\dev\flutter\bin;C:\dart-sdk\bin;C:\dev\java-1.8.0-openjdk-1.8.0.422-1.b05.redhat.windows.x86_64\bin;C:\Users\Jared Arias\AppData\Roaming\npm;C:\Users\Jared Arias\AppData\Local\Microsoft\WinGet\Packages\Schniz.fnm_Microsoft.Winget.Source_8wekyb3d8bbwe;C:\Program Files (x86)\MongoDB Atlas CLI\
USERNAME=Jared Arias
OS=Windows_NT
PROCESSOR_IDENTIFIER=Intel64 Family 6 Model 122 Stepping 8, GenuineIntel
TMP=C:\Users\JAREDA~1\AppData\Local\Temp
TEMP=C:\Users\JAREDA~1\AppData\Local\Temp




Periodic native trim disabled

---------------  S Y S T E M  ---------------

OS:
 Windows 11 , 64 bit Build 22621 (10.0.22621.4391)
OS uptime: 0 days 9:13 hours

CPU: total 4 (initial active 4) (4 cores per cpu, 1 threads per core) family 6 model 122 stepping 8 microcode 0x20, cx8, cmov, fxsr, mmx, 3dnowpref, sse, sse2, sse3, ssse3, sse4.1, sse4.2, popcnt, tsc, tscinvbit, aes, erms, clmul, sha, clflush, clflushopt, rdtscp, rdpid
Processor Information for all 4 processors :
  Max Mhz: 1101, Current Mhz: 1101, Mhz Limit: 1101

Memory: 4k page, system-wide physical 3858M (187M free)
TotalPageFile size 15634M (AvailPageFile size 5M)
current process WorkingSet (physical memory assigned to process): 59M, peak: 59M
current process commit charge ("private bytes"): 182M, peak: 183M

vm_info: OpenJDK 64-Bit Server VM (21.0.5+11-LTS) for windows-amd64 JRE (21.0.5+11-LTS), built on 2024-10-15T00:00:00Z by "admin" with MS VC++ 17.7 (VS2022)

END.
